
*** Running vivado
    with args -log RV64IM72F8SP_CORE.vds -m64 -product Vivado -mode batch -messageDb vivado.pb -notrace -source RV64IM72F8SP_CORE.tcl


****** Vivado v2025.2 (64-bit)
  **** SW Build 6299465 on Fri Nov 14 12:34:56 MST 2025
  **** IP Build 6300035 on Fri Nov 14 10:48:45 MST 2025
  **** SharedData Build 6298862 on Thu Nov 13 04:50:51 MST 2025
  **** Start of session at: Wed Feb 25 09:44:03 2026
    ** Copyright 1986-2022 Xilinx, Inc. All Rights Reserved.
    ** Copyright 2022-2025 Advanced Micro Devices, Inc. All Rights Reserved.

source RV64IM72F8SP_CORE.tcl -notrace
Command: read_checkpoint -auto_incremental -incremental /home/khwl/Desktop/RV-IM100/RV64s/RV64IM_8SP/RV64IM72F_8SP_100MHz.srcs/utils_1/imports/synth_1/RV64IM72F8SPSoCTOP.dcp
INFO: [Vivado 12-5825] Read reference checkpoint from /home/khwl/Desktop/RV-IM100/RV64s/RV64IM_8SP/RV64IM72F_8SP_100MHz.srcs/utils_1/imports/synth_1/RV64IM72F8SPSoCTOP.dcp for incremental synthesis
INFO: [Vivado 12-7989] Please ensure there are no constraint changes
Command: synth_design -top RV64IM72F8SP_CORE -part xc7a200tsbg484-1 -directive PerformanceOptimized -fsm_extraction one_hot -keep_equivalent_registers -resource_sharing off -no_lc -shreg_min_size 5 -mode out_of_context
Starting synth_design
Attempting to get a license for feature 'Synthesis' and/or device 'xc7a200t'
INFO: [Common 17-349] Got license for feature 'Synthesis' and/or device 'xc7a200t'
INFO: [Device 21-403] Loading part xc7a200tsbg484-1
INFO: [Synth 8-7079] Multithreading enabled for synth_design using a maximum of 7 processes.
INFO: [Synth 8-7078] Launching helper process for spawning children vivado processes
INFO: [Synth 8-7075] Helper process launched with PID 157531
---------------------------------------------------------------------------------
Starting RTL Elaboration : Time (s): cpu = 00:00:02 ; elapsed = 00:00:02 . Memory (MB): peak = 2241.254 ; gain = 481.844 ; free physical = 18786 ; free virtual = 32751
---------------------------------------------------------------------------------
INFO: [Synth 8-11241] undeclared symbol 'exr_data_stall', assumed default net type 'wire' [/home/khwl/Desktop/RV-IM100/RV64s/RV64IM_8SP/RV64IM72F_8SP_100MHz.srcs/sources_1/imports/100MHz_RV64IM72F_8SP/modules/RV64IM72F_8SP.v:716]
INFO: [Synth 8-11241] undeclared symbol 'instruction_pc', assumed default net type 'wire' [/home/khwl/Desktop/RV-IM100/RV64s/RV64IM_8SP/RV64IM72F_8SP_100MHz.srcs/sources_1/imports/100MHz_RV64IM72F_8SP/modules/RV64IM72F_8SP.v:874]
INFO: [Synth 8-11241] undeclared symbol 'instruction_pc_plus_4', assumed default net type 'wire' [/home/khwl/Desktop/RV-IM100/RV64s/RV64IM_8SP/RV64IM72F_8SP_100MHz.srcs/sources_1/imports/100MHz_RV64IM72F_8SP/modules/RV64IM72F_8SP.v:875]
WARNING: [Synth 8-8895] 'instruction_pc' is already implicitly declared on line 874 [/home/khwl/Desktop/RV-IM100/RV64s/RV64IM_8SP/RV64IM72F_8SP_100MHz.srcs/sources_1/imports/100MHz_RV64IM72F_8SP/modules/RV64IM72F_8SP.v:1194]
WARNING: [Synth 8-8895] 'instruction_pc_plus_4' is already implicitly declared on line 875 [/home/khwl/Desktop/RV-IM100/RV64s/RV64IM_8SP/RV64IM72F_8SP_100MHz.srcs/sources_1/imports/100MHz_RV64IM72F_8SP/modules/RV64IM72F_8SP.v:1195]
WARNING: [Synth 8-6901] identifier 'pc_stall' is used before its declaration [/home/khwl/Desktop/RV-IM100/RV64s/RV64IM_8SP/RV64IM72F_8SP_100MHz.srcs/sources_1/imports/100MHz_RV64IM72F_8SP/modules/RV64IM72F_8SP.v:49]
WARNING: [Synth 8-6901] identifier 'EX_MEM_stall' is used before its declaration [/home/khwl/Desktop/RV-IM100/RV64s/RV64IM_8SP/RV64IM72F_8SP_100MHz.srcs/sources_1/imports/100MHz_RV64IM72F_8SP/modules/RV64IM72F_8SP.v:50]
WARNING: [Synth 8-6901] identifier 'EX2_alu_result' is used before its declaration [/home/khwl/Desktop/RV-IM100/RV64s/RV64IM_8SP/RV64IM72F_8SP_100MHz.srcs/sources_1/imports/100MHz_RV64IM72F_8SP/modules/RV64IM72F_8SP.v:51]
WARNING: [Synth 8-6901] identifier 'IO_instruction' is used before its declaration [/home/khwl/Desktop/RV-IM100/RV64s/RV64IM_8SP/RV64IM72F_8SP_100MHz.srcs/sources_1/imports/100MHz_RV64IM72F_8SP/modules/RV64IM72F_8SP.v:53]
WARNING: [Synth 8-6901] identifier 'IO_instruction' is used before its declaration [/home/khwl/Desktop/RV-IM100/RV64s/RV64IM_8SP/RV64IM72F_8SP_100MHz.srcs/sources_1/imports/100MHz_RV64IM72F_8SP/modules/RV64IM72F_8SP.v:53]
WARNING: [Synth 8-6901] identifier 'IO_instruction' is used before its declaration [/home/khwl/Desktop/RV-IM100/RV64s/RV64IM_8SP/RV64IM72F_8SP_100MHz.srcs/sources_1/imports/100MHz_RV64IM72F_8SP/modules/RV64IM72F_8SP.v:53]
WARNING: [Synth 8-6901] identifier 'IO_instruction' is used before its declaration [/home/khwl/Desktop/RV-IM100/RV64s/RV64IM_8SP/RV64IM72F_8SP_100MHz.srcs/sources_1/imports/100MHz_RV64IM72F_8SP/modules/RV64IM72F_8SP.v:53]
WARNING: [Synth 8-6901] identifier 'IO_instruction' is used before its declaration [/home/khwl/Desktop/RV-IM100/RV64s/RV64IM_8SP/RV64IM72F_8SP_100MHz.srcs/sources_1/imports/100MHz_RV64IM72F_8SP/modules/RV64IM72F_8SP.v:53]
WARNING: [Synth 8-6901] identifier 'IO_instruction' is used before its declaration [/home/khwl/Desktop/RV-IM100/RV64s/RV64IM_8SP/RV64IM72F_8SP_100MHz.srcs/sources_1/imports/100MHz_RV64IM72F_8SP/modules/RV64IM72F_8SP.v:54]
WARNING: [Synth 8-6901] identifier 'EX2_opcode' is used before its declaration [/home/khwl/Desktop/RV-IM100/RV64s/RV64IM_8SP/RV64IM72F_8SP_100MHz.srcs/sources_1/imports/100MHz_RV64IM72F_8SP/modules/RV64IM72F_8SP.v:100]
WARNING: [Synth 8-6901] identifier 'EX2_instruction' is used before its declaration [/home/khwl/Desktop/RV-IM100/RV64s/RV64IM_8SP/RV64IM72F_8SP_100MHz.srcs/sources_1/imports/100MHz_RV64IM72F_8SP/modules/RV64IM72F_8SP.v:100]
WARNING: [Synth 8-6901] identifier 'EX2_alu_result' is used before its declaration [/home/khwl/Desktop/RV-IM100/RV64s/RV64IM_8SP/RV64IM72F_8SP_100MHz.srcs/sources_1/imports/100MHz_RV64IM72F_8SP/modules/RV64IM72F_8SP.v:101]
WARNING: [Synth 8-6901] identifier 'MEM_memory_write' is used before its declaration [/home/khwl/Desktop/RV-IM100/RV64s/RV64IM_8SP/RV64IM72F_8SP_100MHz.srcs/sources_1/imports/100MHz_RV64IM72F_8SP/modules/RV64IM72F_8SP.v:123]
WARNING: [Synth 8-6901] identifier 'MEM_alu_result' is used before its declaration [/home/khwl/Desktop/RV-IM100/RV64s/RV64IM_8SP/RV64IM72F_8SP_100MHz.srcs/sources_1/imports/100MHz_RV64IM72F_8SP/modules/RV64IM72F_8SP.v:123]
WARNING: [Synth 8-6901] identifier 'EX2_memory_read' is used before its declaration [/home/khwl/Desktop/RV-IM100/RV64s/RV64IM_8SP/RV64IM72F_8SP_100MHz.srcs/sources_1/imports/100MHz_RV64IM72F_8SP/modules/RV64IM72F_8SP.v:124]
WARNING: [Synth 8-6901] identifier 'EX2_alu_result' is used before its declaration [/home/khwl/Desktop/RV-IM100/RV64s/RV64IM_8SP/RV64IM72F_8SP_100MHz.srcs/sources_1/imports/100MHz_RV64IM72F_8SP/modules/RV64IM72F_8SP.v:124]
WARNING: [Synth 8-6901] identifier 'MEM_alu_result' is used before its declaration [/home/khwl/Desktop/RV-IM100/RV64s/RV64IM_8SP/RV64IM72F_8SP_100MHz.srcs/sources_1/imports/100MHz_RV64IM72F_8SP/modules/RV64IM72F_8SP.v:125]
WARNING: [Synth 8-6901] identifier 'MEM_memory_write' is used before its declaration [/home/khwl/Desktop/RV-IM100/RV64s/RV64IM_8SP/RV64IM72F_8SP_100MHz.srcs/sources_1/imports/100MHz_RV64IM72F_8SP/modules/RV64IM72F_8SP.v:129]
WARNING: [Synth 8-6901] identifier 'mmio_uart_status_hit_reg' is used before its declaration [/home/khwl/Desktop/RV-IM100/RV64s/RV64IM_8SP/RV64IM72F_8SP_100MHz.srcs/sources_1/imports/100MHz_RV64IM72F_8SP/modules/RV64IM72F_8SP.v:129]
WARNING: [Synth 8-6901] identifier 'EX_MEM_stall' is used before its declaration [/home/khwl/Desktop/RV-IM100/RV64s/RV64IM_8SP/RV64IM72F_8SP_100MHz.srcs/sources_1/imports/100MHz_RV64IM72F_8SP/modules/RV64IM72F_8SP.v:131]
INFO: [Synth 8-6157] synthesizing module 'RV64IM72F8SP_CORE' [/home/khwl/Desktop/RV-IM100/RV64s/RV64IM_8SP/RV64IM72F_8SP_100MHz.srcs/sources_1/imports/100MHz_RV64IM72F_8SP/modules/RV64IM72F_8SP.v:5]
INFO: [Synth 8-6157] synthesizing module 'ALU' [/home/khwl/Desktop/RV-IM100/RV64s/RV64IM_8SP/RV64IM72F_8SP_100MHz.srcs/sources_1/imports/100MHz_RV64IM72F_8SP/modules/ALU.v:3]
INFO: [Synth 8-6157] synthesizing module 'ALU_WORD' [/home/khwl/Desktop/RV-IM100/RV64s/RV64IM_8SP/RV64IM72F_8SP_100MHz.srcs/sources_1/imports/100MHz_RV64IM72F_8SP/modules/ALU_WORD.v:3]
INFO: [Synth 8-6155] done synthesizing module 'ALU_WORD' (0#1) [/home/khwl/Desktop/RV-IM100/RV64s/RV64IM_8SP/RV64IM72F_8SP_100MHz.srcs/sources_1/imports/100MHz_RV64IM72F_8SP/modules/ALU_WORD.v:3]
INFO: [Synth 8-6157] synthesizing module 'ALU_DWORD' [/home/khwl/Desktop/RV-IM100/RV64s/RV64IM_8SP/RV64IM72F_8SP_100MHz.srcs/sources_1/imports/100MHz_RV64IM72F_8SP/modules/ALU_DWORD.v:3]
INFO: [Synth 8-6155] done synthesizing module 'ALU_DWORD' (0#1) [/home/khwl/Desktop/RV-IM100/RV64s/RV64IM_8SP/RV64IM72F_8SP_100MHz.srcs/sources_1/imports/100MHz_RV64IM72F_8SP/modules/ALU_DWORD.v:3]
INFO: [Synth 8-6157] synthesizing module 'Multiplier_WORD' [/home/khwl/Desktop/RV-IM100/RV64s/RV64IM_8SP/RV64IM72F_8SP_100MHz.srcs/sources_1/imports/100MHz_RV64IM72F_8SP/modules/Multiplier_WORD.v:6]
INFO: [Synth 8-226] default block is never used [/home/khwl/Desktop/RV-IM100/RV64s/RV64IM_8SP/RV64IM72F_8SP_100MHz.srcs/sources_1/imports/100MHz_RV64IM72F_8SP/modules/Multiplier_WORD.v:58]
INFO: [Synth 8-6155] done synthesizing module 'Multiplier_WORD' (0#1) [/home/khwl/Desktop/RV-IM100/RV64s/RV64IM_8SP/RV64IM72F_8SP_100MHz.srcs/sources_1/imports/100MHz_RV64IM72F_8SP/modules/Multiplier_WORD.v:6]
INFO: [Synth 8-6157] synthesizing module 'Multiplier_DWORD' [/home/khwl/Desktop/RV-IM100/RV64s/RV64IM_8SP/RV64IM72F_8SP_100MHz.srcs/sources_1/imports/100MHz_RV64IM72F_8SP/modules/Multiplier_DWORD.v:7]
INFO: [Synth 8-226] default block is never used [/home/khwl/Desktop/RV-IM100/RV64s/RV64IM_8SP/RV64IM72F_8SP_100MHz.srcs/sources_1/imports/100MHz_RV64IM72F_8SP/modules/Multiplier_DWORD.v:73]
INFO: [Synth 8-6155] done synthesizing module 'Multiplier_DWORD' (0#1) [/home/khwl/Desktop/RV-IM100/RV64s/RV64IM_8SP/RV64IM72F_8SP_100MHz.srcs/sources_1/imports/100MHz_RV64IM72F_8SP/modules/Multiplier_DWORD.v:7]
INFO: [Synth 8-6157] synthesizing module 'Divider_WORD' [/home/khwl/Desktop/RV-IM100/RV64s/RV64IM_8SP/RV64IM72F_8SP_100MHz.srcs/sources_1/imports/100MHz_RV64IM72F_8SP/modules/Divider_WORD.v:3]
INFO: [Synth 8-6155] done synthesizing module 'Divider_WORD' (0#1) [/home/khwl/Desktop/RV-IM100/RV64s/RV64IM_8SP/RV64IM72F_8SP_100MHz.srcs/sources_1/imports/100MHz_RV64IM72F_8SP/modules/Divider_WORD.v:3]
INFO: [Synth 8-6157] synthesizing module 'Divider_DWORD' [/home/khwl/Desktop/RV-IM100/RV64s/RV64IM_8SP/RV64IM72F_8SP_100MHz.srcs/sources_1/imports/100MHz_RV64IM72F_8SP/modules/Divider_DWORD.v:3]
	Parameter XLEN bound to: 64 - type: integer 
INFO: [Synth 8-226] default block is never used [/home/khwl/Desktop/RV-IM100/RV64s/RV64IM_8SP/RV64IM72F_8SP_100MHz.srcs/sources_1/imports/100MHz_RV64IM72F_8SP/modules/Divider_DWORD.v:72]
INFO: [Synth 8-6155] done synthesizing module 'Divider_DWORD' (0#1) [/home/khwl/Desktop/RV-IM100/RV64s/RV64IM_8SP/RV64IM72F_8SP_100MHz.srcs/sources_1/imports/100MHz_RV64IM72F_8SP/modules/Divider_DWORD.v:3]
INFO: [Synth 8-6155] done synthesizing module 'ALU' (0#1) [/home/khwl/Desktop/RV-IM100/RV64s/RV64IM_8SP/RV64IM72F_8SP_100MHz.srcs/sources_1/imports/100MHz_RV64IM72F_8SP/modules/ALU.v:3]
INFO: [Synth 8-6157] synthesizing module 'ALUController' [/home/khwl/Desktop/RV-IM100/RV64s/RV64IM_8SP/RV64IM72F_8SP_100MHz.srcs/sources_1/imports/100MHz_RV64IM72F_8SP/modules/ALU_Controller.v:9]
INFO: [Synth 8-226] default block is never used [/home/khwl/Desktop/RV-IM100/RV64s/RV64IM_8SP/RV64IM72F_8SP_100MHz.srcs/sources_1/imports/100MHz_RV64IM72F_8SP/modules/ALU_Controller.v:116]
INFO: [Synth 8-226] default block is never used [/home/khwl/Desktop/RV-IM100/RV64s/RV64IM_8SP/RV64IM72F_8SP_100MHz.srcs/sources_1/imports/100MHz_RV64IM72F_8SP/modules/ALU_Controller.v:138]
INFO: [Synth 8-226] default block is never used [/home/khwl/Desktop/RV-IM100/RV64s/RV64IM_8SP/RV64IM72F_8SP_100MHz.srcs/sources_1/imports/100MHz_RV64IM72F_8SP/modules/ALU_Controller.v:152]
INFO: [Synth 8-6155] done synthesizing module 'ALUController' (0#1) [/home/khwl/Desktop/RV-IM100/RV64s/RV64IM_8SP/RV64IM72F_8SP_100MHz.srcs/sources_1/imports/100MHz_RV64IM72F_8SP/modules/ALU_Controller.v:9]
INFO: [Synth 8-6157] synthesizing module 'BranchLogic' [/home/khwl/Desktop/RV-IM100/RV64s/RV64IM_8SP/RV64IM72F_8SP_100MHz.srcs/sources_1/imports/100MHz_RV64IM72F_8SP/modules/Branch_Logic.v:3]
INFO: [Synth 8-6155] done synthesizing module 'BranchLogic' (0#1) [/home/khwl/Desktop/RV-IM100/RV64s/RV64IM_8SP/RV64IM72F_8SP_100MHz.srcs/sources_1/imports/100MHz_RV64IM72F_8SP/modules/Branch_Logic.v:3]
INFO: [Synth 8-6157] synthesizing module 'BranchPredictor' [/home/khwl/Desktop/RV-IM100/RV64s/RV64IM_8SP/RV64IM72F_8SP_100MHz.srcs/sources_1/imports/100MHz_RV64IM72F_8SP/modules/Branch_Predictor.v:3]
	Parameter XLEN bound to: 64 - type: integer 
INFO: [Synth 8-6155] done synthesizing module 'BranchPredictor' (0#1) [/home/khwl/Desktop/RV-IM100/RV64s/RV64IM_8SP/RV64IM72F_8SP_100MHz.srcs/sources_1/imports/100MHz_RV64IM72F_8SP/modules/Branch_Predictor.v:3]
INFO: [Synth 8-6157] synthesizing module 'ByteEnableLogic' [/home/khwl/Desktop/RV-IM100/RV64s/RV64IM_8SP/RV64IM72F_8SP_100MHz.srcs/sources_1/imports/100MHz_RV64IM72F_8SP/modules/Byte_Enable_Logic.v:4]
INFO: [Synth 8-6155] done synthesizing module 'ByteEnableLogic' (0#1) [/home/khwl/Desktop/RV-IM100/RV64s/RV64IM_8SP/RV64IM72F_8SP_100MHz.srcs/sources_1/imports/100MHz_RV64IM72F_8SP/modules/Byte_Enable_Logic.v:4]
INFO: [Synth 8-6157] synthesizing module 'ControlUnit' [/home/khwl/Desktop/RV-IM100/RV64s/RV64IM_8SP/RV64IM72F_8SP_100MHz.srcs/sources_1/imports/100MHz_RV64IM72F_8SP/modules/Control_Unit.v:7]
INFO: [Synth 8-6155] done synthesizing module 'ControlUnit' (0#1) [/home/khwl/Desktop/RV-IM100/RV64s/RV64IM_8SP/RV64IM72F_8SP_100MHz.srcs/sources_1/imports/100MHz_RV64IM72F_8SP/modules/Control_Unit.v:7]
INFO: [Synth 8-6157] synthesizing module 'CSRFile' [/home/khwl/Desktop/RV-IM100/RV64s/RV64IM_8SP/RV64IM72F_8SP_100MHz.srcs/sources_1/imports/100MHz_RV64IM72F_8SP/modules/CSR_File.v:3]
	Parameter XLEN bound to: 64 - type: integer 
INFO: [Synth 8-6155] done synthesizing module 'CSRFile' (0#1) [/home/khwl/Desktop/RV-IM100/RV64s/RV64IM_8SP/RV64IM72F_8SP_100MHz.srcs/sources_1/imports/100MHz_RV64IM72F_8SP/modules/CSR_File.v:3]
INFO: [Synth 8-6157] synthesizing module 'ExceptionDetector' [/home/khwl/Desktop/RV-IM100/RV64s/RV64IM_8SP/RV64IM72F_8SP_100MHz.srcs/sources_1/imports/100MHz_RV64IM72F_8SP/modules/Exception_Detector.v:6]
INFO: [Synth 8-6155] done synthesizing module 'ExceptionDetector' (0#1) [/home/khwl/Desktop/RV-IM100/RV64s/RV64IM_8SP/RV64IM72F_8SP_100MHz.srcs/sources_1/imports/100MHz_RV64IM72F_8SP/modules/Exception_Detector.v:6]
INFO: [Synth 8-6157] synthesizing module 'ForwardUnit' [/home/khwl/Desktop/RV-IM100/RV64s/RV64IM_8SP/RV64IM72F_8SP_100MHz.srcs/sources_1/imports/100MHz_RV64IM72F_8SP/modules/Forward_Unit.v:3]
INFO: [Synth 8-6155] done synthesizing module 'ForwardUnit' (0#1) [/home/khwl/Desktop/RV-IM100/RV64s/RV64IM_8SP/RV64IM72F_8SP_100MHz.srcs/sources_1/imports/100MHz_RV64IM72F_8SP/modules/Forward_Unit.v:3]
INFO: [Synth 8-6157] synthesizing module 'HazardUnit' [/home/khwl/Desktop/RV-IM100/RV64s/RV64IM_8SP/RV64IM72F_8SP_100MHz.srcs/sources_1/imports/100MHz_RV64IM72F_8SP/modules/Hazard_Unit.v:5]
INFO: [Synth 8-6155] done synthesizing module 'HazardUnit' (0#1) [/home/khwl/Desktop/RV-IM100/RV64s/RV64IM_8SP/RV64IM72F_8SP_100MHz.srcs/sources_1/imports/100MHz_RV64IM72F_8SP/modules/Hazard_Unit.v:5]
INFO: [Synth 8-6157] synthesizing module 'ImmediateGenerator' [/home/khwl/Desktop/RV-IM100/RV64s/RV64IM_8SP/RV64IM72F_8SP_100MHz.srcs/sources_1/imports/100MHz_RV64IM72F_8SP/modules/Immediate_Generator.v:3]
INFO: [Synth 8-6155] done synthesizing module 'ImmediateGenerator' (0#1) [/home/khwl/Desktop/RV-IM100/RV64s/RV64IM_8SP/RV64IM72F_8SP_100MHz.srcs/sources_1/imports/100MHz_RV64IM72F_8SP/modules/Immediate_Generator.v:3]
INFO: [Synth 8-6157] synthesizing module 'InstructionDecoder' [/home/khwl/Desktop/RV-IM100/RV64s/RV64IM_8SP/RV64IM72F_8SP_100MHz.srcs/sources_1/imports/100MHz_RV64IM72F_8SP/modules/Instruction_Decoder.v:5]
INFO: [Synth 8-6155] done synthesizing module 'InstructionDecoder' (0#1) [/home/khwl/Desktop/RV-IM100/RV64s/RV64IM_8SP/RV64IM72F_8SP_100MHz.srcs/sources_1/imports/100MHz_RV64IM72F_8SP/modules/Instruction_Decoder.v:5]
INFO: [Synth 8-6157] synthesizing module 'ProgramCounter' [/home/khwl/Desktop/RV-IM100/RV64s/RV64IM_8SP/RV64IM72F_8SP_100MHz.srcs/sources_1/imports/100MHz_RV64IM72F_8SP/modules/Program_Counter.v:1]
INFO: [Synth 8-6155] done synthesizing module 'ProgramCounter' (0#1) [/home/khwl/Desktop/RV-IM100/RV64s/RV64IM_8SP/RV64IM72F_8SP_100MHz.srcs/sources_1/imports/100MHz_RV64IM72F_8SP/modules/Program_Counter.v:1]
INFO: [Synth 8-6157] synthesizing module 'PCPlus4' [/home/khwl/Desktop/RV-IM100/RV64s/RV64IM_8SP/RV64IM72F_8SP_100MHz.srcs/sources_1/imports/100MHz_RV64IM72F_8SP/modules/PC_Plus_4.v:1]
INFO: [Synth 8-6155] done synthesizing module 'PCPlus4' (0#1) [/home/khwl/Desktop/RV-IM100/RV64s/RV64IM_8SP/RV64IM72F_8SP_100MHz.srcs/sources_1/imports/100MHz_RV64IM72F_8SP/modules/PC_Plus_4.v:1]
INFO: [Synth 8-6157] synthesizing module 'PCController' [/home/khwl/Desktop/RV-IM100/RV64s/RV64IM_8SP/RV64IM72F_8SP_100MHz.srcs/sources_1/imports/100MHz_RV64IM72F_8SP/modules/PC_Controller.v:1]
INFO: [Synth 8-6155] done synthesizing module 'PCController' (0#1) [/home/khwl/Desktop/RV-IM100/RV64s/RV64IM_8SP/RV64IM72F_8SP_100MHz.srcs/sources_1/imports/100MHz_RV64IM72F_8SP/modules/PC_Controller.v:1]
INFO: [Synth 8-6157] synthesizing module 'RegisterFile' [/home/khwl/Desktop/RV-IM100/RV64s/RV64IM_8SP/RV64IM72F_8SP_100MHz.srcs/sources_1/imports/100MHz_RV64IM72F_8SP/modules/Register_File.v:1]
INFO: [Synth 8-6155] done synthesizing module 'RegisterFile' (0#1) [/home/khwl/Desktop/RV-IM100/RV64s/RV64IM_8SP/RV64IM72F_8SP_100MHz.srcs/sources_1/imports/100MHz_RV64IM72F_8SP/modules/Register_File.v:1]
INFO: [Synth 8-6157] synthesizing module 'TrapController' [/home/khwl/Desktop/RV-IM100/RV64s/RV64IM_8SP/RV64IM72F_8SP_100MHz.srcs/sources_1/imports/100MHz_RV64IM72F_8SP/modules/Trap_Controller.v:3]
	Parameter XLEN bound to: 64 - type: integer 
INFO: [Synth 8-6155] done synthesizing module 'TrapController' (0#1) [/home/khwl/Desktop/RV-IM100/RV64s/RV64IM_8SP/RV64IM72F_8SP_100MHz.srcs/sources_1/imports/100MHz_RV64IM72F_8SP/modules/Trap_Controller.v:3]
WARNING: [Synth 8-7071] port 'ic_clean' of module 'TrapController' is unconnected for instance 'trap_controller' [/home/khwl/Desktop/RV-IM100/RV64s/RV64IM_8SP/RV64IM72F_8SP_100MHz.srcs/sources_1/imports/100MHz_RV64IM72F_8SP/modules/RV64IM72F_8SP.v:836]
WARNING: [Synth 8-7023] instance 'trap_controller' of module 'TrapController' has 21 connections declared, but only 20 given [/home/khwl/Desktop/RV-IM100/RV64s/RV64IM_8SP/RV64IM72F_8SP_100MHz.srcs/sources_1/imports/100MHz_RV64IM72F_8SP/modules/RV64IM72F_8SP.v:836]
INFO: [Synth 8-6157] synthesizing module 'IF_IO_Register' [/home/khwl/Desktop/RV-IM100/RV64s/RV64IM_8SP/RV64IM72F_8SP_100MHz.srcs/sources_1/imports/100MHz_RV64IM72F_8SP/modules/IF_IO_Register.v:3]
	Parameter XLEN bound to: 64 - type: integer 
INFO: [Synth 8-6155] done synthesizing module 'IF_IO_Register' (0#1) [/home/khwl/Desktop/RV-IM100/RV64s/RV64IM_8SP/RV64IM72F_8SP_100MHz.srcs/sources_1/imports/100MHz_RV64IM72F_8SP/modules/IF_IO_Register.v:3]
INFO: [Synth 8-6157] synthesizing module 'IO_ID_Register' [/home/khwl/Desktop/RV-IM100/RV64s/RV64IM_8SP/RV64IM72F_8SP_100MHz.srcs/sources_1/imports/100MHz_RV64IM72F_8SP/modules/IO_ID_Register.v:1]
	Parameter XLEN bound to: 64 - type: integer 
INFO: [Synth 8-6155] done synthesizing module 'IO_ID_Register' (0#1) [/home/khwl/Desktop/RV-IM100/RV64s/RV64IM_8SP/RV64IM72F_8SP_100MHz.srcs/sources_1/imports/100MHz_RV64IM72F_8SP/modules/IO_ID_Register.v:1]
INFO: [Synth 8-6157] synthesizing module 'ID_EX_Register' [/home/khwl/Desktop/RV-IM100/RV64s/RV64IM_8SP/RV64IM72F_8SP_100MHz.srcs/sources_1/imports/100MHz_RV64IM72F_8SP/modules/ID_EX_Register.v:1]
	Parameter XLEN bound to: 64 - type: integer 
INFO: [Synth 8-6155] done synthesizing module 'ID_EX_Register' (0#1) [/home/khwl/Desktop/RV-IM100/RV64s/RV64IM_8SP/RV64IM72F_8SP_100MHz.srcs/sources_1/imports/100MHz_RV64IM72F_8SP/modules/ID_EX_Register.v:1]
WARNING: [Synth 8-7071] port 'ID_is_store' of module 'ID_EX_Register' is unconnected for instance 'id_exr_register' [/home/khwl/Desktop/RV-IM100/RV64s/RV64IM_8SP/RV64IM72F_8SP_100MHz.srcs/sources_1/imports/100MHz_RV64IM72F_8SP/modules/RV64IM72F_8SP.v:907]
WARNING: [Synth 8-7071] port 'ID_uses_rs1' of module 'ID_EX_Register' is unconnected for instance 'id_exr_register' [/home/khwl/Desktop/RV-IM100/RV64s/RV64IM_8SP/RV64IM72F_8SP_100MHz.srcs/sources_1/imports/100MHz_RV64IM72F_8SP/modules/RV64IM72F_8SP.v:907]
WARNING: [Synth 8-7071] port 'ID_uses_rs2' of module 'ID_EX_Register' is unconnected for instance 'id_exr_register' [/home/khwl/Desktop/RV-IM100/RV64s/RV64IM_8SP/RV64IM72F_8SP_100MHz.srcs/sources_1/imports/100MHz_RV64IM72F_8SP/modules/RV64IM72F_8SP.v:907]
WARNING: [Synth 8-7071] port 'EX_is_store' of module 'ID_EX_Register' is unconnected for instance 'id_exr_register' [/home/khwl/Desktop/RV-IM100/RV64s/RV64IM_8SP/RV64IM72F_8SP_100MHz.srcs/sources_1/imports/100MHz_RV64IM72F_8SP/modules/RV64IM72F_8SP.v:907]
WARNING: [Synth 8-7071] port 'EX_uses_rs1' of module 'ID_EX_Register' is unconnected for instance 'id_exr_register' [/home/khwl/Desktop/RV-IM100/RV64s/RV64IM_8SP/RV64IM72F_8SP_100MHz.srcs/sources_1/imports/100MHz_RV64IM72F_8SP/modules/RV64IM72F_8SP.v:907]
WARNING: [Synth 8-7071] port 'EX_uses_rs2' of module 'ID_EX_Register' is unconnected for instance 'id_exr_register' [/home/khwl/Desktop/RV-IM100/RV64s/RV64IM_8SP/RV64IM72F_8SP_100MHz.srcs/sources_1/imports/100MHz_RV64IM72F_8SP/modules/RV64IM72F_8SP.v:907]
WARNING: [Synth 8-7023] instance 'id_exr_register' of module 'ID_EX_Register' has 58 connections declared, but only 52 given [/home/khwl/Desktop/RV-IM100/RV64s/RV64IM_8SP/RV64IM72F_8SP_100MHz.srcs/sources_1/imports/100MHz_RV64IM72F_8SP/modules/RV64IM72F_8SP.v:907]
INFO: [Synth 8-6157] synthesizing module 'EXR_EX_Register' [/home/khwl/Desktop/RV-IM100/RV64s/RV64IM_8SP/RV64IM72F_8SP_100MHz.srcs/sources_1/imports/100MHz_RV64IM72F_8SP/modules/EXR_EX_Register.v:1]
	Parameter XLEN bound to: 64 - type: integer 
INFO: [Synth 8-6155] done synthesizing module 'EXR_EX_Register' (0#1) [/home/khwl/Desktop/RV-IM100/RV64s/RV64IM_8SP/RV64IM72F_8SP_100MHz.srcs/sources_1/imports/100MHz_RV64IM72F_8SP/modules/EXR_EX_Register.v:1]
INFO: [Synth 8-6157] synthesizing module 'EX_EX2_Register' [/home/khwl/Desktop/RV-IM100/RV64s/RV64IM_8SP/RV64IM72F_8SP_100MHz.srcs/sources_1/imports/100MHz_RV64IM72F_8SP/modules/EX_EX2_Register.v:1]
	Parameter XLEN bound to: 64 - type: integer 
INFO: [Synth 8-6155] done synthesizing module 'EX_EX2_Register' (0#1) [/home/khwl/Desktop/RV-IM100/RV64s/RV64IM_8SP/RV64IM72F_8SP_100MHz.srcs/sources_1/imports/100MHz_RV64IM72F_8SP/modules/EX_EX2_Register.v:1]
WARNING: [Synth 8-7071] port 'EX_alu_zero' of module 'EX_EX2_Register' is unconnected for instance 'ex_ex2_register' [/home/khwl/Desktop/RV-IM100/RV64s/RV64IM_8SP/RV64IM72F_8SP_100MHz.srcs/sources_1/imports/100MHz_RV64IM72F_8SP/modules/RV64IM72F_8SP.v:1025]
WARNING: [Synth 8-7071] port 'EX2_alu_zero' of module 'EX_EX2_Register' is unconnected for instance 'ex_ex2_register' [/home/khwl/Desktop/RV-IM100/RV64s/RV64IM_8SP/RV64IM72F_8SP_100MHz.srcs/sources_1/imports/100MHz_RV64IM72F_8SP/modules/RV64IM72F_8SP.v:1025]
WARNING: [Synth 8-7023] instance 'ex_ex2_register' of module 'EX_EX2_Register' has 58 connections declared, but only 56 given [/home/khwl/Desktop/RV-IM100/RV64s/RV64IM_8SP/RV64IM72F_8SP_100MHz.srcs/sources_1/imports/100MHz_RV64IM72F_8SP/modules/RV64IM72F_8SP.v:1025]
INFO: [Synth 8-6157] synthesizing module 'EX_MEM_Register' [/home/khwl/Desktop/RV-IM100/RV64s/RV64IM_8SP/RV64IM72F_8SP_100MHz.srcs/sources_1/imports/100MHz_RV64IM72F_8SP/modules/EX_MEM_Register.v:1]
	Parameter XLEN bound to: 64 - type: integer 
INFO: [Synth 8-6155] done synthesizing module 'EX_MEM_Register' (0#1) [/home/khwl/Desktop/RV-IM100/RV64s/RV64IM_8SP/RV64IM72F_8SP_100MHz.srcs/sources_1/imports/100MHz_RV64IM72F_8SP/modules/EX_MEM_Register.v:1]
INFO: [Synth 8-6157] synthesizing module 'MEM_WB_Register' [/home/khwl/Desktop/RV-IM100/RV64s/RV64IM_8SP/RV64IM72F_8SP_100MHz.srcs/sources_1/imports/100MHz_RV64IM72F_8SP/modules/MEM_WB_Register.v:1]
	Parameter XLEN bound to: 64 - type: integer 
INFO: [Synth 8-6155] done synthesizing module 'MEM_WB_Register' (0#1) [/home/khwl/Desktop/RV-IM100/RV64s/RV64IM_8SP/RV64IM72F_8SP_100MHz.srcs/sources_1/imports/100MHz_RV64IM72F_8SP/modules/MEM_WB_Register.v:1]
INFO: [Synth 8-6155] done synthesizing module 'RV64IM72F8SP_CORE' (0#1) [/home/khwl/Desktop/RV-IM100/RV64s/RV64IM_8SP/RV64IM72F_8SP_100MHz.srcs/sources_1/imports/100MHz_RV64IM72F_8SP/modules/RV64IM72F_8SP.v:5]
WARNING: [Synth 8-6014] Unused sequential element branch_prediction_reg was removed.  [/home/khwl/Desktop/RV-IM100/RV64s/RV64IM_8SP/RV64IM72F_8SP_100MHz.srcs/sources_1/imports/100MHz_RV64IM72F_8SP/modules/Branch_Predictor.v:35]
WARNING: [Synth 8-6014] Unused sequential element retire_opcode_reg was removed.  [/home/khwl/Desktop/RV-IM100/RV64s/RV64IM_8SP/RV64IM72F_8SP_100MHz.srcs/sources_1/imports/100MHz_RV64IM72F_8SP/modules/RV64IM72F_8SP.v:1209]
WARNING: [Synth 8-6014] Unused sequential element retire_alu_result_reg was removed.  [/home/khwl/Desktop/RV-IM100/RV64s/RV64IM_8SP/RV64IM72F_8SP_100MHz.srcs/sources_1/imports/100MHz_RV64IM72F_8SP/modules/RV64IM72F_8SP.v:1210]
WARNING: [Synth 8-6014] Unused sequential element retire_imm_reg was removed.  [/home/khwl/Desktop/RV-IM100/RV64s/RV64IM_8SP/RV64IM72F_8SP_100MHz.srcs/sources_1/imports/100MHz_RV64IM72F_8SP/modules/RV64IM72F_8SP.v:1211]
WARNING: [Synth 8-6014] Unused sequential element retire_pc_plus_4_reg was removed.  [/home/khwl/Desktop/RV-IM100/RV64s/RV64IM_8SP/RV64IM72F_8SP_100MHz.srcs/sources_1/imports/100MHz_RV64IM72F_8SP/modules/RV64IM72F_8SP.v:1212]
WARNING: [Synth 8-6014] Unused sequential element retire_csr_read_data_reg was removed.  [/home/khwl/Desktop/RV-IM100/RV64s/RV64IM_8SP/RV64IM72F_8SP_100MHz.srcs/sources_1/imports/100MHz_RV64IM72F_8SP/modules/RV64IM72F_8SP.v:1213]
WARNING: [Synth 8-7129] Port ID_pc[63] in module TrapController is either unconnected or has no load
WARNING: [Synth 8-7129] Port ID_pc[62] in module TrapController is either unconnected or has no load
WARNING: [Synth 8-7129] Port ID_pc[61] in module TrapController is either unconnected or has no load
WARNING: [Synth 8-7129] Port ID_pc[60] in module TrapController is either unconnected or has no load
WARNING: [Synth 8-7129] Port ID_pc[59] in module TrapController is either unconnected or has no load
WARNING: [Synth 8-7129] Port ID_pc[58] in module TrapController is either unconnected or has no load
WARNING: [Synth 8-7129] Port ID_pc[57] in module TrapController is either unconnected or has no load
WARNING: [Synth 8-7129] Port ID_pc[56] in module TrapController is either unconnected or has no load
WARNING: [Synth 8-7129] Port ID_pc[55] in module TrapController is either unconnected or has no load
WARNING: [Synth 8-7129] Port ID_pc[54] in module TrapController is either unconnected or has no load
WARNING: [Synth 8-7129] Port ID_pc[53] in module TrapController is either unconnected or has no load
WARNING: [Synth 8-7129] Port ID_pc[52] in module TrapController is either unconnected or has no load
WARNING: [Synth 8-7129] Port ID_pc[51] in module TrapController is either unconnected or has no load
WARNING: [Synth 8-7129] Port ID_pc[50] in module TrapController is either unconnected or has no load
WARNING: [Synth 8-7129] Port ID_pc[49] in module TrapController is either unconnected or has no load
WARNING: [Synth 8-7129] Port ID_pc[48] in module TrapController is either unconnected or has no load
WARNING: [Synth 8-7129] Port ID_pc[47] in module TrapController is either unconnected or has no load
WARNING: [Synth 8-7129] Port ID_pc[46] in module TrapController is either unconnected or has no load
WARNING: [Synth 8-7129] Port ID_pc[45] in module TrapController is either unconnected or has no load
WARNING: [Synth 8-7129] Port ID_pc[44] in module TrapController is either unconnected or has no load
WARNING: [Synth 8-7129] Port ID_pc[43] in module TrapController is either unconnected or has no load
WARNING: [Synth 8-7129] Port ID_pc[42] in module TrapController is either unconnected or has no load
WARNING: [Synth 8-7129] Port ID_pc[41] in module TrapController is either unconnected or has no load
WARNING: [Synth 8-7129] Port ID_pc[40] in module TrapController is either unconnected or has no load
WARNING: [Synth 8-7129] Port ID_pc[39] in module TrapController is either unconnected or has no load
WARNING: [Synth 8-7129] Port ID_pc[38] in module TrapController is either unconnected or has no load
WARNING: [Synth 8-7129] Port ID_pc[37] in module TrapController is either unconnected or has no load
WARNING: [Synth 8-7129] Port ID_pc[36] in module TrapController is either unconnected or has no load
WARNING: [Synth 8-7129] Port ID_pc[35] in module TrapController is either unconnected or has no load
WARNING: [Synth 8-7129] Port ID_pc[34] in module TrapController is either unconnected or has no load
WARNING: [Synth 8-7129] Port ID_pc[33] in module TrapController is either unconnected or has no load
WARNING: [Synth 8-7129] Port ID_pc[32] in module TrapController is either unconnected or has no load
WARNING: [Synth 8-7129] Port ID_pc[31] in module TrapController is either unconnected or has no load
WARNING: [Synth 8-7129] Port ID_pc[30] in module TrapController is either unconnected or has no load
WARNING: [Synth 8-7129] Port ID_pc[29] in module TrapController is either unconnected or has no load
WARNING: [Synth 8-7129] Port ID_pc[28] in module TrapController is either unconnected or has no load
WARNING: [Synth 8-7129] Port ID_pc[27] in module TrapController is either unconnected or has no load
WARNING: [Synth 8-7129] Port ID_pc[26] in module TrapController is either unconnected or has no load
WARNING: [Synth 8-7129] Port ID_pc[25] in module TrapController is either unconnected or has no load
WARNING: [Synth 8-7129] Port ID_pc[24] in module TrapController is either unconnected or has no load
WARNING: [Synth 8-7129] Port ID_pc[23] in module TrapController is either unconnected or has no load
WARNING: [Synth 8-7129] Port ID_pc[22] in module TrapController is either unconnected or has no load
WARNING: [Synth 8-7129] Port ID_pc[21] in module TrapController is either unconnected or has no load
WARNING: [Synth 8-7129] Port ID_pc[20] in module TrapController is either unconnected or has no load
WARNING: [Synth 8-7129] Port ID_pc[19] in module TrapController is either unconnected or has no load
WARNING: [Synth 8-7129] Port ID_pc[18] in module TrapController is either unconnected or has no load
WARNING: [Synth 8-7129] Port ID_pc[17] in module TrapController is either unconnected or has no load
WARNING: [Synth 8-7129] Port ID_pc[16] in module TrapController is either unconnected or has no load
WARNING: [Synth 8-7129] Port ID_pc[15] in module TrapController is either unconnected or has no load
WARNING: [Synth 8-7129] Port ID_pc[14] in module TrapController is either unconnected or has no load
WARNING: [Synth 8-7129] Port ID_pc[13] in module TrapController is either unconnected or has no load
WARNING: [Synth 8-7129] Port ID_pc[12] in module TrapController is either unconnected or has no load
WARNING: [Synth 8-7129] Port ID_pc[11] in module TrapController is either unconnected or has no load
WARNING: [Synth 8-7129] Port ID_pc[10] in module TrapController is either unconnected or has no load
WARNING: [Synth 8-7129] Port ID_pc[9] in module TrapController is either unconnected or has no load
WARNING: [Synth 8-7129] Port ID_pc[8] in module TrapController is either unconnected or has no load
WARNING: [Synth 8-7129] Port ID_pc[7] in module TrapController is either unconnected or has no load
WARNING: [Synth 8-7129] Port ID_pc[6] in module TrapController is either unconnected or has no load
WARNING: [Synth 8-7129] Port ID_pc[5] in module TrapController is either unconnected or has no load
WARNING: [Synth 8-7129] Port ID_pc[4] in module TrapController is either unconnected or has no load
WARNING: [Synth 8-7129] Port ID_pc[3] in module TrapController is either unconnected or has no load
WARNING: [Synth 8-7129] Port ID_pc[2] in module TrapController is either unconnected or has no load
WARNING: [Synth 8-7129] Port ID_pc[1] in module TrapController is either unconnected or has no load
WARNING: [Synth 8-7129] Port ID_pc[0] in module TrapController is either unconnected or has no load
WARNING: [Synth 8-7129] Port EX2_pc[63] in module TrapController is either unconnected or has no load
WARNING: [Synth 8-7129] Port EX2_pc[62] in module TrapController is either unconnected or has no load
WARNING: [Synth 8-7129] Port EX2_pc[61] in module TrapController is either unconnected or has no load
WARNING: [Synth 8-7129] Port EX2_pc[60] in module TrapController is either unconnected or has no load
WARNING: [Synth 8-7129] Port EX2_pc[59] in module TrapController is either unconnected or has no load
WARNING: [Synth 8-7129] Port EX2_pc[58] in module TrapController is either unconnected or has no load
WARNING: [Synth 8-7129] Port EX2_pc[57] in module TrapController is either unconnected or has no load
WARNING: [Synth 8-7129] Port EX2_pc[56] in module TrapController is either unconnected or has no load
WARNING: [Synth 8-7129] Port EX2_pc[55] in module TrapController is either unconnected or has no load
WARNING: [Synth 8-7129] Port EX2_pc[54] in module TrapController is either unconnected or has no load
WARNING: [Synth 8-7129] Port EX2_pc[53] in module TrapController is either unconnected or has no load
WARNING: [Synth 8-7129] Port EX2_pc[52] in module TrapController is either unconnected or has no load
WARNING: [Synth 8-7129] Port EX2_pc[51] in module TrapController is either unconnected or has no load
WARNING: [Synth 8-7129] Port EX2_pc[50] in module TrapController is either unconnected or has no load
WARNING: [Synth 8-7129] Port EX2_pc[49] in module TrapController is either unconnected or has no load
WARNING: [Synth 8-7129] Port EX2_pc[48] in module TrapController is either unconnected or has no load
WARNING: [Synth 8-7129] Port EX2_pc[47] in module TrapController is either unconnected or has no load
WARNING: [Synth 8-7129] Port EX2_pc[46] in module TrapController is either unconnected or has no load
WARNING: [Synth 8-7129] Port EX2_pc[45] in module TrapController is either unconnected or has no load
WARNING: [Synth 8-7129] Port EX2_pc[44] in module TrapController is either unconnected or has no load
WARNING: [Synth 8-7129] Port EX2_pc[43] in module TrapController is either unconnected or has no load
WARNING: [Synth 8-7129] Port EX2_pc[42] in module TrapController is either unconnected or has no load
WARNING: [Synth 8-7129] Port EX2_pc[41] in module TrapController is either unconnected or has no load
WARNING: [Synth 8-7129] Port EX2_pc[40] in module TrapController is either unconnected or has no load
WARNING: [Synth 8-7129] Port EX2_pc[39] in module TrapController is either unconnected or has no load
WARNING: [Synth 8-7129] Port EX2_pc[38] in module TrapController is either unconnected or has no load
WARNING: [Synth 8-7129] Port EX2_pc[37] in module TrapController is either unconnected or has no load
WARNING: [Synth 8-7129] Port EX2_pc[36] in module TrapController is either unconnected or has no load
WARNING: [Synth 8-7129] Port EX2_pc[35] in module TrapController is either unconnected or has no load
WARNING: [Synth 8-7129] Port EX2_pc[34] in module TrapController is either unconnected or has no load
WARNING: [Synth 8-7129] Port EX2_pc[33] in module TrapController is either unconnected or has no load
WARNING: [Synth 8-7129] Port EX2_pc[32] in module TrapController is either unconnected or has no load
WARNING: [Synth 8-7129] Port EX2_pc[31] in module TrapController is either unconnected or has no load
WARNING: [Synth 8-7129] Port EX2_pc[30] in module TrapController is either unconnected or has no load
WARNING: [Synth 8-7129] Port EX2_pc[29] in module TrapController is either unconnected or has no load
WARNING: [Synth 8-7129] Port EX2_pc[28] in module TrapController is either unconnected or has no load
INFO: [Common 17-14] Message 'Synth 8-7129' appears 100 times and further instances of the messages will be disabled. Use the Tcl command set_msg_config to change the current settings.
---------------------------------------------------------------------------------
Finished RTL Elaboration : Time (s): cpu = 00:00:03 ; elapsed = 00:00:03 . Memory (MB): peak = 2359.191 ; gain = 599.781 ; free physical = 18642 ; free virtual = 32609
---------------------------------------------------------------------------------
---------------------------------------------------------------------------------
Start Handling Custom Attributes
---------------------------------------------------------------------------------
---------------------------------------------------------------------------------
Finished Handling Custom Attributes : Time (s): cpu = 00:00:03 ; elapsed = 00:00:03 . Memory (MB): peak = 2374.035 ; gain = 614.625 ; free physical = 18642 ; free virtual = 32609
---------------------------------------------------------------------------------
---------------------------------------------------------------------------------
Finished RTL Optimization Phase 1 : Time (s): cpu = 00:00:03 ; elapsed = 00:00:03 . Memory (MB): peak = 2374.035 ; gain = 614.625 ; free physical = 18642 ; free virtual = 32609
---------------------------------------------------------------------------------
Netlist sorting complete. Time (s): cpu = 00:00:00.05 ; elapsed = 00:00:00.04 . Memory (MB): peak = 2374.035 ; gain = 0.000 ; free physical = 18645 ; free virtual = 32612
INFO: [Project 1-570] Preparing netlist for logic optimization

Processing XDC Constraints
Initializing timing engine
Parsing XDC File [/home/khwl/Desktop/RV-IM100/RV64s/RV64IM_8SP/RV64IM72F_8SP_100MHz.srcs/constrs_1/imports/100MHz_RV64IM72F_8SP/RV64IM72F_5SP_Debug_XDC.xdc]
Finished Parsing XDC File [/home/khwl/Desktop/RV-IM100/RV64s/RV64IM_8SP/RV64IM72F_8SP_100MHz.srcs/constrs_1/imports/100MHz_RV64IM72F_8SP/RV64IM72F_5SP_Debug_XDC.xdc]
Completed Processing XDC Constraints

Netlist sorting complete. Time (s): cpu = 00:00:00 ; elapsed = 00:00:00 . Memory (MB): peak = 2476.836 ; gain = 0.000 ; free physical = 18636 ; free virtual = 32603
INFO: [Project 1-111] Unisim Transformation Summary:
No Unisim elements were transformed.

Constraint Validation Runtime : Time (s): cpu = 00:00:00.11 ; elapsed = 00:00:00.03 . Memory (MB): peak = 2476.871 ; gain = 0.000 ; free physical = 18636 ; free virtual = 32603
---------------------------------------------------------------------------------
Finished Constraint Validation : Time (s): cpu = 00:00:07 ; elapsed = 00:00:07 . Memory (MB): peak = 2476.871 ; gain = 717.461 ; free physical = 18638 ; free virtual = 32605
---------------------------------------------------------------------------------
---------------------------------------------------------------------------------
Start Loading Part and Timing Information
---------------------------------------------------------------------------------
Loading part: xc7a200tsbg484-1
---------------------------------------------------------------------------------
Finished Loading Part and Timing Information : Time (s): cpu = 00:00:07 ; elapsed = 00:00:07 . Memory (MB): peak = 2484.840 ; gain = 725.430 ; free physical = 18638 ; free virtual = 32605
---------------------------------------------------------------------------------
---------------------------------------------------------------------------------
Start Applying 'set_property' XDC Constraints
---------------------------------------------------------------------------------
---------------------------------------------------------------------------------
Finished applying 'set_property' XDC Constraints : Time (s): cpu = 00:00:07 ; elapsed = 00:00:07 . Memory (MB): peak = 2484.840 ; gain = 725.430 ; free physical = 18638 ; free virtual = 32605
---------------------------------------------------------------------------------
---------------------------------------------------------------------------------
Start Preparing Guide Design
---------------------------------------------------------------------------------
CRITICAL WARNING: [Synth 8-6895] The reference checkpoint /home/khwl/Desktop/RV-IM100/RV64s/RV64IM_8SP/RV64IM72F_8SP_100MHz.srcs/utils_1/imports/synth_1/RV64IM72F8SPSoCTOP.dcp is not suitable for use with incremental synthesis for this design. Please regenerate the checkpoint for this design with -incremental_synth switch in the same Vivado session that synth_design has been run. Synthesis will continue with the default flow
---------------------------------------------------------------------------------
Finished Doing Graph Differ : Time (s): cpu = 00:00:07 ; elapsed = 00:00:07 . Memory (MB): peak = 2484.840 ; gain = 725.430 ; free physical = 18638 ; free virtual = 32607
---------------------------------------------------------------------------------
---------------------------------------------------------------------------------
Finished Preparing Guide Design : Time (s): cpu = 00:00:07 ; elapsed = 00:00:07 . Memory (MB): peak = 2484.840 ; gain = 725.430 ; free physical = 18638 ; free virtual = 32607
---------------------------------------------------------------------------------
INFO: [Synth 8-802] inferred FSM for state register 'stage_reg' in module 'Multiplier_WORD'
INFO: [Synth 8-802] inferred FSM for state register 'stage_reg' in module 'Multiplier_DWORD'
INFO: [Synth 8-802] inferred FSM for state register 'state_reg' in module 'Divider_WORD'
INFO: [Synth 8-802] inferred FSM for state register 'state_reg' in module 'Divider_DWORD'
INFO: [Synth 8-802] inferred FSM for state register 'trap_handle_state_reg' in module 'TrapController'
---------------------------------------------------------------------------------------------------
                   State |                     New Encoding |                Previous Encoding 
---------------------------------------------------------------------------------------------------
                  iSTATE |                             0001 |                               00
                 iSTATE0 |                             0010 |                               01
                 iSTATE1 |                             0100 |                               10
                 iSTATE2 |                             1000 |                               11
---------------------------------------------------------------------------------------------------
INFO: [Synth 8-3354] encoded FSM with state register 'stage_reg' using encoding 'one-hot' in module 'Multiplier_WORD'
---------------------------------------------------------------------------------------------------
                   State |                     New Encoding |                Previous Encoding 
---------------------------------------------------------------------------------------------------
                  iSTATE |                             0001 |                               00
                 iSTATE0 |                             0010 |                               01
                 iSTATE1 |                             0100 |                               10
                 iSTATE2 |                             1000 |                               11
---------------------------------------------------------------------------------------------------
INFO: [Synth 8-3354] encoded FSM with state register 'stage_reg' using encoding 'one-hot' in module 'Multiplier_DWORD'
---------------------------------------------------------------------------------------------------
                   State |                     New Encoding |                Previous Encoding 
---------------------------------------------------------------------------------------------------
                    IDLE |                             0001 |                              000
              INITIALIZE |                             0010 |                              001
               CALCULATE |                             0100 |                              010
                FINALIZE |                             1000 |                              011
---------------------------------------------------------------------------------------------------
INFO: [Synth 8-3354] encoded FSM with state register 'state_reg' using encoding 'one-hot' in module 'Divider_WORD'
---------------------------------------------------------------------------------------------------
                   State |                     New Encoding |                Previous Encoding 
---------------------------------------------------------------------------------------------------
                    IDLE |                             0001 |                               00
              INITIALIZE |                             0010 |                               01
               CALCULATE |                             0100 |                               10
                FINALIZE |                             1000 |                               11
---------------------------------------------------------------------------------------------------
INFO: [Synth 8-3354] encoded FSM with state register 'state_reg' using encoding 'one-hot' in module 'Divider_DWORD'
---------------------------------------------------------------------------------------------------
                   State |                     New Encoding |                Previous Encoding 
---------------------------------------------------------------------------------------------------
                    IDLE |                      00000000001 |                             0000
               READ_MEPC |                      00000000010 |                             0100
             RETURN_MRET |                      00000000100 |                             0110
             MEM_STANDBY |                      00000001000 |                             0111
              WB_STANDBY |                      00000010000 |                             1000
            RTRE_STANDBY |                      00000100000 |                             1001
        ECALL_MEPC_WRITE |                      00001000000 |                             1010
              WRITE_MEPC |                      00010000000 |                             0001
            WRITE_MCAUSE |                      00100000000 |                             0010
              READ_MTVEC |                      01000000000 |                             0011
              GOTO_MTVEC |                      10000000000 |                             0101
---------------------------------------------------------------------------------------------------
INFO: [Synth 8-3354] encoded FSM with state register 'trap_handle_state_reg' using encoding 'one-hot' in module 'TrapController'
---------------------------------------------------------------------------------
Finished RTL Optimization Phase 2 : Time (s): cpu = 00:00:08 ; elapsed = 00:00:08 . Memory (MB): peak = 2484.840 ; gain = 725.430 ; free physical = 18646 ; free virtual = 32615
---------------------------------------------------------------------------------


Incremental Synthesis Report Summary:

1. Incremental synthesis run: no

   Reason for not running incremental synthesis : 


INFO: [Synth 8-7130] Flow is switching to default flow due to incremental criteria not met. If you would like to alter this behaviour and have the flow terminate instead, please set the following parameter config_implementation {autoIncr.Synth.RejectBehavior Terminate}
---------------------------------------------------------------------------------
Start RTL Component Statistics 
---------------------------------------------------------------------------------
Detailed RTL Component Info : 
+---Adders : 
	   4 Input  128 Bit       Adders := 1     
	   3 Input   65 Bit       Adders := 1     
	   2 Input   64 Bit       Adders := 10    
	   3 Input   64 Bit       Adders := 1     
	   3 Input   33 Bit       Adders := 1     
	   2 Input   32 Bit       Adders := 2     
	   3 Input   32 Bit       Adders := 1     
	   2 Input    7 Bit       Adders := 1     
	   2 Input    6 Bit       Adders := 1     
+---XORs : 
	   2 Input     64 Bit         XORs := 1     
	   2 Input      1 Bit         XORs := 4     
+---Registers : 
	              128 Bit    Registers := 1     
	               64 Bit    Registers := 62    
	               32 Bit    Registers := 16    
	               20 Bit    Registers := 5     
	                7 Bit    Registers := 8     
	                6 Bit    Registers := 3     
	                5 Bit    Registers := 13    
	                3 Bit    Registers := 13    
	                2 Bit    Registers := 2     
	                1 Bit    Registers := 65    
+---Multipliers : 
	              32x32  Multipliers := 5     
+---RAMs : 
	               2K Bit	(32 X 64 bit)          RAMs := 1     
+---Muxes : 
	   2 Input  128 Bit        Muxes := 2     
	   4 Input  128 Bit        Muxes := 1     
	   2 Input   64 Bit        Muxes := 43    
	   4 Input   64 Bit        Muxes := 7     
	   3 Input   64 Bit        Muxes := 5     
	  11 Input   64 Bit        Muxes := 2     
	   6 Input   64 Bit        Muxes := 2     
	   2 Input   32 Bit        Muxes := 14    
	   3 Input   32 Bit        Muxes := 2     
	   2 Input   20 Bit        Muxes := 2     
	   4 Input   16 Bit        Muxes := 1     
	   2 Input   12 Bit        Muxes := 2     
	  17 Input   11 Bit        Muxes := 1     
	   3 Input   10 Bit        Muxes := 2     
	   2 Input   10 Bit        Muxes := 1     
	  11 Input   10 Bit        Muxes := 1     
	   4 Input    8 Bit        Muxes := 1     
	   2 Input    8 Bit        Muxes := 4     
	   3 Input    8 Bit        Muxes := 1     
	   8 Input    8 Bit        Muxes := 1     
	   5 Input    8 Bit        Muxes := 1     
	   4 Input    7 Bit        Muxes := 1     
	   2 Input    7 Bit        Muxes := 1     
	   4 Input    6 Bit        Muxes := 1     
	   2 Input    6 Bit        Muxes := 2     
	   7 Input    5 Bit        Muxes := 2     
	   2 Input    5 Bit        Muxes := 3     
	   8 Input    5 Bit        Muxes := 1     
	   4 Input    4 Bit        Muxes := 2     
	   2 Input    4 Bit        Muxes := 3     
	   3 Input    4 Bit        Muxes := 1     
	   2 Input    3 Bit        Muxes := 6     
	   5 Input    3 Bit        Muxes := 2     
	   3 Input    3 Bit        Muxes := 3     
	   6 Input    3 Bit        Muxes := 2     
	   8 Input    2 Bit        Muxes := 1     
	   2 Input    2 Bit        Muxes := 7     
	   3 Input    2 Bit        Muxes := 2     
	   4 Input    1 Bit        Muxes := 18    
	   2 Input    1 Bit        Muxes := 49    
	   3 Input    1 Bit        Muxes := 16    
	   5 Input    1 Bit        Muxes := 1     
	  11 Input    1 Bit        Muxes := 6     
---------------------------------------------------------------------------------
Finished RTL Component Statistics 
---------------------------------------------------------------------------------
---------------------------------------------------------------------------------
Start Part Resource Summary
---------------------------------------------------------------------------------
Part Resources:
DSPs: 740 (col length:100)
BRAMs: 730 (col length: RAMB18 100 RAMB36 50)
---------------------------------------------------------------------------------
Finished Part Resource Summary
---------------------------------------------------------------------------------
---------------------------------------------------------------------------------
Start Cross Boundary and Area Optimization
---------------------------------------------------------------------------------
DSP Report: Generating DSP mult_AHBL, operation Mode is: A*B.
DSP Report: operator mult_AHBL is absorbed into DSP mult_AHBL.
DSP Report: operator mult_AHBL is absorbed into DSP mult_AHBL.
DSP Report: Generating DSP mult_AHBL, operation Mode is: (PCIN>>17)+A*B.
DSP Report: operator mult_AHBL is absorbed into DSP mult_AHBL.
DSP Report: operator mult_AHBL is absorbed into DSP mult_AHBL.
DSP Report: Generating DSP mult_AHBL, operation Mode is: A*B.
DSP Report: operator mult_AHBL is absorbed into DSP mult_AHBL.
DSP Report: operator mult_AHBL is absorbed into DSP mult_AHBL.
DSP Report: Generating DSP mult_AHBL, operation Mode is: (PCIN>>17)+A*B.
DSP Report: operator mult_AHBL is absorbed into DSP mult_AHBL.
DSP Report: operator mult_AHBL is absorbed into DSP mult_AHBL.
DSP Report: Generating DSP mult_ALBH, operation Mode is: A*B.
DSP Report: operator mult_ALBH is absorbed into DSP mult_ALBH.
DSP Report: operator mult_ALBH is absorbed into DSP mult_ALBH.
DSP Report: Generating DSP mult_ALBH, operation Mode is: (PCIN>>17)+A*B.
DSP Report: operator mult_ALBH is absorbed into DSP mult_ALBH.
DSP Report: operator mult_ALBH is absorbed into DSP mult_ALBH.
DSP Report: Generating DSP mult_ALBH, operation Mode is: A*B.
DSP Report: operator mult_ALBH is absorbed into DSP mult_ALBH.
DSP Report: operator mult_ALBH is absorbed into DSP mult_ALBH.
DSP Report: Generating DSP mult_ALBH, operation Mode is: (PCIN>>17)+A*B.
DSP Report: operator mult_ALBH is absorbed into DSP mult_ALBH.
DSP Report: operator mult_ALBH is absorbed into DSP mult_ALBH.
DSP Report: Generating DSP mult_ALBL, operation Mode is: A*B.
DSP Report: operator mult_ALBL is absorbed into DSP mult_ALBL.
DSP Report: operator mult_ALBL is absorbed into DSP mult_ALBL.
DSP Report: Generating DSP mult_ALBL, operation Mode is: (PCIN>>17)+A*B.
DSP Report: operator mult_ALBL is absorbed into DSP mult_ALBL.
DSP Report: operator mult_ALBL is absorbed into DSP mult_ALBL.
DSP Report: Generating DSP mult_ALBL, operation Mode is: A*B.
DSP Report: operator mult_ALBL is absorbed into DSP mult_ALBL.
DSP Report: operator mult_ALBL is absorbed into DSP mult_ALBL.
DSP Report: Generating DSP mult_ALBL, operation Mode is: (PCIN>>17)+A*B.
DSP Report: operator mult_ALBL is absorbed into DSP mult_ALBL.
DSP Report: operator mult_ALBL is absorbed into DSP mult_ALBL.
DSP Report: Generating DSP mult_AHBH, operation Mode is: A*B.
DSP Report: operator mult_AHBH is absorbed into DSP mult_AHBH.
DSP Report: operator mult_AHBH is absorbed into DSP mult_AHBH.
DSP Report: Generating DSP mult_AHBH, operation Mode is: (PCIN>>17)+A*B.
DSP Report: operator mult_AHBH is absorbed into DSP mult_AHBH.
DSP Report: operator mult_AHBH is absorbed into DSP mult_AHBH.
DSP Report: Generating DSP mult_AHBH, operation Mode is: A*B.
DSP Report: operator mult_AHBH is absorbed into DSP mult_AHBH.
DSP Report: operator mult_AHBH is absorbed into DSP mult_AHBH.
DSP Report: Generating DSP mult_AHBH, operation Mode is: (PCIN>>17)+A*B.
DSP Report: operator mult_AHBH is absorbed into DSP mult_AHBH.
DSP Report: operator mult_AHBH is absorbed into DSP mult_AHBH.
DSP Report: Generating DSP multiplier_word/mult_result, operation Mode is: A*B.
DSP Report: operator multiplier_word/mult_result is absorbed into DSP multiplier_word/mult_result.
DSP Report: operator multiplier_word/mult_result is absorbed into DSP multiplier_word/mult_result.
DSP Report: Generating DSP multiplier_word/mult_result, operation Mode is: (PCIN>>17)+A*B.
DSP Report: operator multiplier_word/mult_result is absorbed into DSP multiplier_word/mult_result.
DSP Report: operator multiplier_word/mult_result is absorbed into DSP multiplier_word/mult_result.
DSP Report: Generating DSP multiplier_word/mult_result, operation Mode is: A*B.
DSP Report: operator multiplier_word/mult_result is absorbed into DSP multiplier_word/mult_result.
DSP Report: operator multiplier_word/mult_result is absorbed into DSP multiplier_word/mult_result.
DSP Report: Generating DSP multiplier_word/mult_result, operation Mode is: (PCIN>>17)+A*B.
DSP Report: operator multiplier_word/mult_result is absorbed into DSP multiplier_word/mult_result.
DSP Report: operator multiplier_word/mult_result is absorbed into DSP multiplier_word/mult_result.
WARNING: [Synth 8-3332] Sequential element (prod_AHBL_s2_reg[47]) is unused and will be removed from module Multiplier_DWORD.
WARNING: [Synth 8-3332] Sequential element (prod_AHBL_s2_reg[46]) is unused and will be removed from module Multiplier_DWORD.
WARNING: [Synth 8-3332] Sequential element (prod_AHBL_s2_reg[45]) is unused and will be removed from module Multiplier_DWORD.
WARNING: [Synth 8-3332] Sequential element (prod_AHBL_s2_reg[44]) is unused and will be removed from module Multiplier_DWORD.
WARNING: [Synth 8-3332] Sequential element (prod_AHBL_s2_reg[43]) is unused and will be removed from module Multiplier_DWORD.
WARNING: [Synth 8-3332] Sequential element (prod_AHBL_s2_reg[42]) is unused and will be removed from module Multiplier_DWORD.
WARNING: [Synth 8-3332] Sequential element (prod_AHBL_s2_reg[41]) is unused and will be removed from module Multiplier_DWORD.
WARNING: [Synth 8-3332] Sequential element (prod_AHBL_s2_reg[40]) is unused and will be removed from module Multiplier_DWORD.
WARNING: [Synth 8-3332] Sequential element (prod_AHBL_s2_reg[39]) is unused and will be removed from module Multiplier_DWORD.
WARNING: [Synth 8-3332] Sequential element (prod_AHBL_s2_reg[38]) is unused and will be removed from module Multiplier_DWORD.
WARNING: [Synth 8-3332] Sequential element (prod_AHBL_s2_reg[37]) is unused and will be removed from module Multiplier_DWORD.
WARNING: [Synth 8-3332] Sequential element (prod_AHBL_s2_reg[36]) is unused and will be removed from module Multiplier_DWORD.
WARNING: [Synth 8-3332] Sequential element (prod_AHBL_s2_reg[35]) is unused and will be removed from module Multiplier_DWORD.
WARNING: [Synth 8-3332] Sequential element (prod_AHBL_s2_reg[34]) is unused and will be removed from module Multiplier_DWORD.
WARNING: [Synth 8-3332] Sequential element (prod_AHBL_s2_reg[33]) is unused and will be removed from module Multiplier_DWORD.
WARNING: [Synth 8-3332] Sequential element (prod_AHBL_s2_reg[32]) is unused and will be removed from module Multiplier_DWORD.
WARNING: [Synth 8-3332] Sequential element (prod_AHBL_s2_reg[31]) is unused and will be removed from module Multiplier_DWORD.
WARNING: [Synth 8-3332] Sequential element (prod_AHBL_s2_reg[30]) is unused and will be removed from module Multiplier_DWORD.
WARNING: [Synth 8-3332] Sequential element (prod_AHBL_s2_reg[29]) is unused and will be removed from module Multiplier_DWORD.
WARNING: [Synth 8-3332] Sequential element (prod_AHBL_s2_reg[28]) is unused and will be removed from module Multiplier_DWORD.
WARNING: [Synth 8-3332] Sequential element (prod_AHBL_s2_reg[27]) is unused and will be removed from module Multiplier_DWORD.
WARNING: [Synth 8-3332] Sequential element (prod_AHBL_s2_reg[26]) is unused and will be removed from module Multiplier_DWORD.
WARNING: [Synth 8-3332] Sequential element (prod_AHBL_s2_reg[25]) is unused and will be removed from module Multiplier_DWORD.
WARNING: [Synth 8-3332] Sequential element (prod_AHBL_s2_reg[24]) is unused and will be removed from module Multiplier_DWORD.
WARNING: [Synth 8-3332] Sequential element (prod_AHBL_s2_reg[23]) is unused and will be removed from module Multiplier_DWORD.
WARNING: [Synth 8-3332] Sequential element (prod_AHBL_s2_reg[22]) is unused and will be removed from module Multiplier_DWORD.
WARNING: [Synth 8-3332] Sequential element (prod_AHBL_s2_reg[21]) is unused and will be removed from module Multiplier_DWORD.
WARNING: [Synth 8-3332] Sequential element (prod_AHBL_s2_reg[20]) is unused and will be removed from module Multiplier_DWORD.
WARNING: [Synth 8-3332] Sequential element (prod_AHBL_s2_reg[19]) is unused and will be removed from module Multiplier_DWORD.
WARNING: [Synth 8-3332] Sequential element (prod_AHBL_s2_reg[18]) is unused and will be removed from module Multiplier_DWORD.
WARNING: [Synth 8-3332] Sequential element (prod_AHBL_s2_reg[17]) is unused and will be removed from module Multiplier_DWORD.
WARNING: [Synth 8-3332] Sequential element (prod_AHBL_s2_reg[47]__0) is unused and will be removed from module Multiplier_DWORD.
WARNING: [Synth 8-3332] Sequential element (prod_AHBL_s2_reg[46]__0) is unused and will be removed from module Multiplier_DWORD.
WARNING: [Synth 8-3332] Sequential element (prod_AHBL_s2_reg[45]__0) is unused and will be removed from module Multiplier_DWORD.
WARNING: [Synth 8-3332] Sequential element (prod_AHBL_s2_reg[44]__0) is unused and will be removed from module Multiplier_DWORD.
WARNING: [Synth 8-3332] Sequential element (prod_AHBL_s2_reg[43]__0) is unused and will be removed from module Multiplier_DWORD.
WARNING: [Synth 8-3332] Sequential element (prod_AHBL_s2_reg[42]__0) is unused and will be removed from module Multiplier_DWORD.
WARNING: [Synth 8-3332] Sequential element (prod_AHBL_s2_reg[41]__0) is unused and will be removed from module Multiplier_DWORD.
WARNING: [Synth 8-3332] Sequential element (prod_AHBL_s2_reg[40]__0) is unused and will be removed from module Multiplier_DWORD.
WARNING: [Synth 8-3332] Sequential element (prod_AHBL_s2_reg[39]__0) is unused and will be removed from module Multiplier_DWORD.
WARNING: [Synth 8-3332] Sequential element (prod_AHBL_s2_reg[38]__0) is unused and will be removed from module Multiplier_DWORD.
WARNING: [Synth 8-3332] Sequential element (prod_AHBL_s2_reg[37]__0) is unused and will be removed from module Multiplier_DWORD.
WARNING: [Synth 8-3332] Sequential element (prod_AHBL_s2_reg[36]__0) is unused and will be removed from module Multiplier_DWORD.
WARNING: [Synth 8-3332] Sequential element (prod_AHBL_s2_reg[35]__0) is unused and will be removed from module Multiplier_DWORD.
WARNING: [Synth 8-3332] Sequential element (prod_AHBL_s2_reg[34]__0) is unused and will be removed from module Multiplier_DWORD.
WARNING: [Synth 8-3332] Sequential element (prod_AHBL_s2_reg[33]__0) is unused and will be removed from module Multiplier_DWORD.
WARNING: [Synth 8-3332] Sequential element (prod_AHBL_s2_reg[32]__0) is unused and will be removed from module Multiplier_DWORD.
WARNING: [Synth 8-3332] Sequential element (prod_AHBL_s2_reg[31]__0) is unused and will be removed from module Multiplier_DWORD.
WARNING: [Synth 8-3332] Sequential element (prod_AHBL_s2_reg[30]__0) is unused and will be removed from module Multiplier_DWORD.
WARNING: [Synth 8-3332] Sequential element (prod_AHBL_s2_reg[47]__1) is unused and will be removed from module Multiplier_DWORD.
WARNING: [Synth 8-3332] Sequential element (prod_AHBL_s2_reg[46]__1) is unused and will be removed from module Multiplier_DWORD.
WARNING: [Synth 8-3332] Sequential element (prod_AHBL_s2_reg[45]__1) is unused and will be removed from module Multiplier_DWORD.
WARNING: [Synth 8-3332] Sequential element (prod_AHBL_s2_reg[44]__1) is unused and will be removed from module Multiplier_DWORD.
WARNING: [Synth 8-3332] Sequential element (prod_AHBL_s2_reg[43]__1) is unused and will be removed from module Multiplier_DWORD.
WARNING: [Synth 8-3332] Sequential element (prod_AHBL_s2_reg[42]__1) is unused and will be removed from module Multiplier_DWORD.
WARNING: [Synth 8-3332] Sequential element (prod_AHBL_s2_reg[41]__1) is unused and will be removed from module Multiplier_DWORD.
WARNING: [Synth 8-3332] Sequential element (prod_AHBL_s2_reg[40]__1) is unused and will be removed from module Multiplier_DWORD.
WARNING: [Synth 8-3332] Sequential element (prod_AHBL_s2_reg[39]__1) is unused and will be removed from module Multiplier_DWORD.
WARNING: [Synth 8-3332] Sequential element (prod_AHBL_s2_reg[38]__1) is unused and will be removed from module Multiplier_DWORD.
WARNING: [Synth 8-3332] Sequential element (prod_AHBL_s2_reg[37]__1) is unused and will be removed from module Multiplier_DWORD.
WARNING: [Synth 8-3332] Sequential element (prod_AHBL_s2_reg[36]__1) is unused and will be removed from module Multiplier_DWORD.
WARNING: [Synth 8-3332] Sequential element (prod_AHBL_s2_reg[35]__1) is unused and will be removed from module Multiplier_DWORD.
WARNING: [Synth 8-3332] Sequential element (prod_AHBL_s2_reg[34]__1) is unused and will be removed from module Multiplier_DWORD.
WARNING: [Synth 8-3332] Sequential element (prod_AHBL_s2_reg[33]__1) is unused and will be removed from module Multiplier_DWORD.
WARNING: [Synth 8-3332] Sequential element (prod_AHBL_s2_reg[32]__1) is unused and will be removed from module Multiplier_DWORD.
WARNING: [Synth 8-3332] Sequential element (prod_AHBL_s2_reg[31]__1) is unused and will be removed from module Multiplier_DWORD.
WARNING: [Synth 8-3332] Sequential element (prod_AHBL_s2_reg[30]__1) is unused and will be removed from module Multiplier_DWORD.
WARNING: [Synth 8-3332] Sequential element (prod_AHBL_s2_reg[29]__1) is unused and will be removed from module Multiplier_DWORD.
WARNING: [Synth 8-3332] Sequential element (prod_AHBL_s2_reg[28]__1) is unused and will be removed from module Multiplier_DWORD.
WARNING: [Synth 8-3332] Sequential element (prod_AHBL_s2_reg[27]__1) is unused and will be removed from module Multiplier_DWORD.
WARNING: [Synth 8-3332] Sequential element (prod_AHBL_s2_reg[26]__1) is unused and will be removed from module Multiplier_DWORD.
WARNING: [Synth 8-3332] Sequential element (prod_AHBL_s2_reg[25]__1) is unused and will be removed from module Multiplier_DWORD.
WARNING: [Synth 8-3332] Sequential element (prod_AHBL_s2_reg[24]__1) is unused and will be removed from module Multiplier_DWORD.
WARNING: [Synth 8-3332] Sequential element (prod_AHBL_s2_reg[23]__1) is unused and will be removed from module Multiplier_DWORD.
WARNING: [Synth 8-3332] Sequential element (prod_AHBL_s2_reg[22]__1) is unused and will be removed from module Multiplier_DWORD.
WARNING: [Synth 8-3332] Sequential element (prod_AHBL_s2_reg[21]__1) is unused and will be removed from module Multiplier_DWORD.
WARNING: [Synth 8-3332] Sequential element (prod_AHBL_s2_reg[20]__1) is unused and will be removed from module Multiplier_DWORD.
WARNING: [Synth 8-3332] Sequential element (prod_AHBL_s2_reg[19]__1) is unused and will be removed from module Multiplier_DWORD.
WARNING: [Synth 8-3332] Sequential element (prod_AHBL_s2_reg[18]__1) is unused and will be removed from module Multiplier_DWORD.
WARNING: [Synth 8-3332] Sequential element (prod_AHBL_s2_reg[17]__1) is unused and will be removed from module Multiplier_DWORD.
WARNING: [Synth 8-3332] Sequential element (prod_AHBL_s2_reg[47]__2) is unused and will be removed from module Multiplier_DWORD.
WARNING: [Synth 8-3332] Sequential element (prod_ALBH_s2_reg[47]) is unused and will be removed from module Multiplier_DWORD.
WARNING: [Synth 8-3332] Sequential element (prod_ALBH_s2_reg[46]) is unused and will be removed from module Multiplier_DWORD.
WARNING: [Synth 8-3332] Sequential element (prod_ALBH_s2_reg[45]) is unused and will be removed from module Multiplier_DWORD.
WARNING: [Synth 8-3332] Sequential element (prod_ALBH_s2_reg[44]) is unused and will be removed from module Multiplier_DWORD.
WARNING: [Synth 8-3332] Sequential element (prod_ALBH_s2_reg[43]) is unused and will be removed from module Multiplier_DWORD.
WARNING: [Synth 8-3332] Sequential element (prod_ALBH_s2_reg[42]) is unused and will be removed from module Multiplier_DWORD.
WARNING: [Synth 8-3332] Sequential element (prod_ALBH_s2_reg[41]) is unused and will be removed from module Multiplier_DWORD.
WARNING: [Synth 8-3332] Sequential element (prod_ALBH_s2_reg[40]) is unused and will be removed from module Multiplier_DWORD.
WARNING: [Synth 8-3332] Sequential element (prod_ALBH_s2_reg[39]) is unused and will be removed from module Multiplier_DWORD.
WARNING: [Synth 8-3332] Sequential element (prod_ALBH_s2_reg[38]) is unused and will be removed from module Multiplier_DWORD.
WARNING: [Synth 8-3332] Sequential element (prod_ALBH_s2_reg[37]) is unused and will be removed from module Multiplier_DWORD.
WARNING: [Synth 8-3332] Sequential element (prod_ALBH_s2_reg[36]) is unused and will be removed from module Multiplier_DWORD.
WARNING: [Synth 8-3332] Sequential element (prod_ALBH_s2_reg[35]) is unused and will be removed from module Multiplier_DWORD.
WARNING: [Synth 8-3332] Sequential element (prod_ALBH_s2_reg[34]) is unused and will be removed from module Multiplier_DWORD.
WARNING: [Synth 8-3332] Sequential element (prod_ALBH_s2_reg[33]) is unused and will be removed from module Multiplier_DWORD.
WARNING: [Synth 8-3332] Sequential element (prod_ALBH_s2_reg[32]) is unused and will be removed from module Multiplier_DWORD.
WARNING: [Synth 8-3332] Sequential element (prod_ALBH_s2_reg[31]) is unused and will be removed from module Multiplier_DWORD.
WARNING: [Synth 8-3332] Sequential element (prod_ALBH_s2_reg[30]) is unused and will be removed from module Multiplier_DWORD.
WARNING: [Synth 8-3332] Sequential element (prod_ALBH_s2_reg[29]) is unused and will be removed from module Multiplier_DWORD.
INFO: [Common 17-14] Message 'Synth 8-3332' appears 100 times and further instances of the messages will be disabled. Use the Tcl command set_msg_config to change the current settings.
---------------------------------------------------------------------------------
Finished Cross Boundary and Area Optimization : Time (s): cpu = 00:00:23 ; elapsed = 00:00:23 . Memory (MB): peak = 2600.684 ; gain = 841.273 ; free physical = 18596 ; free virtual = 32564
---------------------------------------------------------------------------------
 Sort Area is  mult_AHBH_0 : 0 0 : 3101 5879 : Used 1 time 100
 Sort Area is  mult_AHBH_0 : 0 1 : 2778 5879 : Used 1 time 100
 Sort Area is  mult_AHBL_a : 0 0 : 3101 5879 : Used 1 time 100
 Sort Area is  mult_AHBL_a : 0 1 : 2778 5879 : Used 1 time 100
 Sort Area is  mult_ALBH_8 : 0 0 : 3101 5879 : Used 1 time 100
 Sort Area is  mult_ALBH_8 : 0 1 : 2778 5879 : Used 1 time 100
 Sort Area is  mult_ALBL_6 : 0 0 : 3101 5879 : Used 1 time 100
 Sort Area is  mult_ALBL_6 : 0 1 : 2778 5879 : Used 1 time 100
 Sort Area is  multiplier_word/mult_result_c : 0 0 : 3101 5879 : Used 1 time 100
 Sort Area is  multiplier_word/mult_result_c : 0 1 : 2778 5879 : Used 1 time 100
 Sort Area is  mult_AHBH_3 : 0 0 : 2759 5418 : Used 1 time 100
 Sort Area is  mult_AHBH_3 : 0 1 : 2659 5418 : Used 1 time 100
 Sort Area is  mult_AHBL_b : 0 0 : 2759 5418 : Used 1 time 100
 Sort Area is  mult_AHBL_b : 0 1 : 2659 5418 : Used 1 time 100
 Sort Area is  mult_ALBH_9 : 0 0 : 2759 5418 : Used 1 time 100
 Sort Area is  mult_ALBH_9 : 0 1 : 2659 5418 : Used 1 time 100
 Sort Area is  mult_ALBL_7 : 0 0 : 2759 5418 : Used 1 time 100
 Sort Area is  mult_ALBL_7 : 0 1 : 2659 5418 : Used 1 time 100
 Sort Area is  multiplier_word/mult_result_d : 0 0 : 2759 5418 : Used 1 time 100
 Sort Area is  multiplier_word/mult_result_d : 0 1 : 2659 5418 : Used 1 time 100
---------------------------------------------------------------------------------
Start ROM, RAM, DSP, Shift Register and Retiming Reporting
---------------------------------------------------------------------------------

Distributed RAM: Preliminary Mapping Report (see note below)
+--------------+---------------+-----------+----------------------+--------------+
|Module Name   | RTL Object    | Inference | Size (Depth x Width) | Primitives   | 
+--------------+---------------+-----------+----------------------+--------------+
|register_file | registers_reg | Implied   | 32 x 64              | RAM32M x 22  | 
+--------------+---------------+-----------+----------------------+--------------+

Note: The table above is a preliminary report that shows the Distributed RAMs at the current stage of the synthesis flow. Some Distributed RAMs may be reimplemented as non Distributed RAM primitives later in the synthesis flow. Multiple instantiated RAMs are reported only once.

DSP: Preliminary Mapping Report (see note below. The ' indicates corresponding REG is set)
+-----------------+----------------+--------+--------+--------+--------+--------+------+------+------+------+-------+------+------+
|Module Name      | DSP Mapping    | A Size | B Size | C Size | D Size | P Size | AREG | BREG | CREG | DREG | ADREG | MREG | PREG | 
+-----------------+----------------+--------+--------+--------+--------+--------+------+------+------+------+-------+------+------+
|Multiplier_DWORD | A*B            | 18     | 16     | -      | -      | 48     | 0    | 0    | -    | -    | -     | 0    | 0    | 
|Multiplier_DWORD | (PCIN>>17)+A*B | 16     | 16     | -      | -      | 48     | 0    | 0    | -    | -    | -     | 0    | 0    | 
|Multiplier_DWORD | A*B            | 18     | 18     | -      | -      | 48     | 0    | 0    | -    | -    | -     | 0    | 0    | 
|Multiplier_DWORD | (PCIN>>17)+A*B | 18     | 16     | -      | -      | 48     | 0    | 0    | -    | -    | -     | 0    | 0    | 
|Multiplier_DWORD | A*B            | 18     | 16     | -      | -      | 48     | 0    | 0    | -    | -    | -     | 0    | 0    | 
|Multiplier_DWORD | (PCIN>>17)+A*B | 16     | 16     | -      | -      | 48     | 0    | 0    | -    | -    | -     | 0    | 0    | 
|Multiplier_DWORD | A*B            | 18     | 18     | -      | -      | 48     | 0    | 0    | -    | -    | -     | 0    | 0    | 
|Multiplier_DWORD | (PCIN>>17)+A*B | 18     | 16     | -      | -      | 48     | 0    | 0    | -    | -    | -     | 0    | 0    | 
|Multiplier_DWORD | A*B            | 18     | 16     | -      | -      | 48     | 0    | 0    | -    | -    | -     | 0    | 0    | 
|Multiplier_DWORD | (PCIN>>17)+A*B | 16     | 16     | -      | -      | 48     | 0    | 0    | -    | -    | -     | 0    | 0    | 
|Multiplier_DWORD | A*B            | 18     | 18     | -      | -      | 48     | 0    | 0    | -    | -    | -     | 0    | 0    | 
|Multiplier_DWORD | (PCIN>>17)+A*B | 18     | 16     | -      | -      | 48     | 0    | 0    | -    | -    | -     | 0    | 0    | 
|Multiplier_DWORD | A*B            | 18     | 16     | -      | -      | 48     | 0    | 0    | -    | -    | -     | 0    | 0    | 
|Multiplier_DWORD | (PCIN>>17)+A*B | 16     | 16     | -      | -      | 48     | 0    | 0    | -    | -    | -     | 0    | 0    | 
|Multiplier_DWORD | A*B            | 18     | 18     | -      | -      | 48     | 0    | 0    | -    | -    | -     | 0    | 0    | 
|Multiplier_DWORD | (PCIN>>17)+A*B | 18     | 16     | -      | -      | 48     | 0    | 0    | -    | -    | -     | 0    | 0    | 
|ALU              | A*B            | 18     | 16     | -      | -      | 48     | 0    | 0    | -    | -    | -     | 0    | 0    | 
|ALU              | (PCIN>>17)+A*B | 16     | 16     | -      | -      | 48     | 0    | 0    | -    | -    | -     | 0    | 0    | 
|ALU              | A*B            | 18     | 18     | -      | -      | 48     | 0    | 0    | -    | -    | -     | 0    | 0    | 
|ALU              | (PCIN>>17)+A*B | 18     | 16     | -      | -      | 48     | 0    | 0    | -    | -    | -     | 0    | 0    | 
+-----------------+----------------+--------+--------+--------+--------+--------+------+------+------+------+-------+------+------+

Note: The table above is a preliminary report that shows the DSPs inferred at the current stage of the synthesis flow. Some DSP may be reimplemented as non DSP primitives later in the synthesis flow. Multiple instantiated DSPs are reported only once.
---------------------------------------------------------------------------------
Finished ROM, RAM, DSP, Shift Register and Retiming Reporting
---------------------------------------------------------------------------------
---------------------------------------------------------------------------------
Start Applying XDC Timing Constraints
---------------------------------------------------------------------------------
---------------------------------------------------------------------------------
Finished Applying XDC Timing Constraints : Time (s): cpu = 00:00:25 ; elapsed = 00:00:26 . Memory (MB): peak = 2615.684 ; gain = 856.273 ; free physical = 18583 ; free virtual = 32552
---------------------------------------------------------------------------------
---------------------------------------------------------------------------------
Start Timing Optimization
---------------------------------------------------------------------------------
---------------------------------------------------------------------------------
Finished Timing Optimization : Time (s): cpu = 00:00:27 ; elapsed = 00:00:28 . Memory (MB): peak = 2642.699 ; gain = 883.289 ; free physical = 18556 ; free virtual = 32525
---------------------------------------------------------------------------------
---------------------------------------------------------------------------------
Start ROM, RAM, DSP, Shift Register and Retiming Reporting
---------------------------------------------------------------------------------

Distributed RAM: Final Mapping Report
+--------------+---------------+-----------+----------------------+--------------+
|Module Name   | RTL Object    | Inference | Size (Depth x Width) | Primitives   | 
+--------------+---------------+-----------+----------------------+--------------+
|register_file | registers_reg | Implied   | 32 x 64              | RAM32M x 22  | 
+--------------+---------------+-----------+----------------------+--------------+

---------------------------------------------------------------------------------
Finished ROM, RAM, DSP, Shift Register and Retiming Reporting
---------------------------------------------------------------------------------
---------------------------------------------------------------------------------
Start Technology Mapping
---------------------------------------------------------------------------------
---------------------------------------------------------------------------------
Finished Technology Mapping : Time (s): cpu = 00:00:29 ; elapsed = 00:00:30 . Memory (MB): peak = 2776.715 ; gain = 1017.305 ; free physical = 18427 ; free virtual = 32396
---------------------------------------------------------------------------------
---------------------------------------------------------------------------------
Start IO Insertion
---------------------------------------------------------------------------------
---------------------------------------------------------------------------------
Start Flattening Before IO Insertion
---------------------------------------------------------------------------------
---------------------------------------------------------------------------------
Finished Flattening Before IO Insertion
---------------------------------------------------------------------------------
---------------------------------------------------------------------------------
Start Final Netlist Cleanup
---------------------------------------------------------------------------------
---------------------------------------------------------------------------------
Finished Final Netlist Cleanup
---------------------------------------------------------------------------------
---------------------------------------------------------------------------------
Finished IO Insertion : Time (s): cpu = 00:00:31 ; elapsed = 00:00:31 . Memory (MB): peak = 2818.527 ; gain = 1059.117 ; free physical = 18416 ; free virtual = 32384
---------------------------------------------------------------------------------
---------------------------------------------------------------------------------
Start Renaming Generated Instances
---------------------------------------------------------------------------------
---------------------------------------------------------------------------------
Finished Renaming Generated Instances : Time (s): cpu = 00:00:31 ; elapsed = 00:00:31 . Memory (MB): peak = 2818.527 ; gain = 1059.117 ; free physical = 18416 ; free virtual = 32384
---------------------------------------------------------------------------------
---------------------------------------------------------------------------------
Start Rebuilding User Hierarchy
---------------------------------------------------------------------------------
---------------------------------------------------------------------------------
Finished Rebuilding User Hierarchy : Time (s): cpu = 00:00:31 ; elapsed = 00:00:32 . Memory (MB): peak = 2818.527 ; gain = 1059.117 ; free physical = 18408 ; free virtual = 32376
---------------------------------------------------------------------------------
---------------------------------------------------------------------------------
Start Renaming Generated Ports
---------------------------------------------------------------------------------
---------------------------------------------------------------------------------
Finished Renaming Generated Ports : Time (s): cpu = 00:00:31 ; elapsed = 00:00:32 . Memory (MB): peak = 2818.527 ; gain = 1059.117 ; free physical = 18408 ; free virtual = 32376
---------------------------------------------------------------------------------
---------------------------------------------------------------------------------
Start Handling Custom Attributes
---------------------------------------------------------------------------------
---------------------------------------------------------------------------------
Finished Handling Custom Attributes : Time (s): cpu = 00:00:31 ; elapsed = 00:00:32 . Memory (MB): peak = 2818.527 ; gain = 1059.117 ; free physical = 18408 ; free virtual = 32376
---------------------------------------------------------------------------------
---------------------------------------------------------------------------------
Start Renaming Generated Nets
---------------------------------------------------------------------------------
---------------------------------------------------------------------------------
Finished Renaming Generated Nets : Time (s): cpu = 00:00:31 ; elapsed = 00:00:32 . Memory (MB): peak = 2818.527 ; gain = 1059.117 ; free physical = 18408 ; free virtual = 32376
---------------------------------------------------------------------------------
---------------------------------------------------------------------------------
Start Writing Synthesis Report
---------------------------------------------------------------------------------

DSP Final Report (the ' indicates corresponding REG is set)
+-----------------+-----------------+--------+--------+--------+--------+--------+------+------+------+------+-------+------+------+
|Module Name      | DSP Mapping     | A Size | B Size | C Size | D Size | P Size | AREG | BREG | CREG | DREG | ADREG | MREG | PREG | 
+-----------------+-----------------+--------+--------+--------+--------+--------+------+------+------+------+-------+------+------+
|Multiplier_DWORD | A*B             | 17     | 15     | -      | -      | 48     | 0    | 0    | -    | -    | -     | 0    | 0    | 
|Multiplier_DWORD | (PCIN>>17+A*B)' | 15     | 15     | -      | -      | 48     | 0    | 0    | -    | -    | -     | 0    | 1    | 
|Multiplier_DWORD | A*B             | 17     | 17     | -      | -      | 48     | 0    | 0    | -    | -    | -     | 0    | 0    | 
|Multiplier_DWORD | (PCIN>>17+A*B)' | 17     | 15     | -      | -      | 48     | 0    | 0    | -    | -    | -     | 0    | 1    | 
|Multiplier_DWORD | A*B             | 17     | 15     | -      | -      | 48     | 0    | 0    | -    | -    | -     | 0    | 0    | 
|Multiplier_DWORD | (PCIN>>17+A*B)' | 15     | 15     | -      | -      | 48     | 0    | 0    | -    | -    | -     | 0    | 1    | 
|Multiplier_DWORD | A*B             | 17     | 17     | -      | -      | 48     | 0    | 0    | -    | -    | -     | 0    | 0    | 
|Multiplier_DWORD | (PCIN>>17+A*B)' | 17     | 15     | -      | -      | 48     | 0    | 0    | -    | -    | -     | 0    | 1    | 
|Multiplier_DWORD | A*B             | 17     | 15     | -      | -      | 48     | 0    | 0    | -    | -    | -     | 0    | 0    | 
|Multiplier_DWORD | (PCIN>>17+A*B)' | 15     | 15     | -      | -      | 48     | 0    | 0    | -    | -    | -     | 0    | 1    | 
|Multiplier_DWORD | A*B             | 17     | 17     | -      | -      | 48     | 0    | 0    | -    | -    | -     | 0    | 0    | 
|Multiplier_DWORD | (PCIN>>17+A*B)' | 17     | 15     | -      | -      | 48     | 0    | 0    | -    | -    | -     | 0    | 1    | 
|Multiplier_DWORD | A*B             | 17     | 15     | -      | -      | 48     | 0    | 0    | -    | -    | -     | 0    | 0    | 
|Multiplier_DWORD | (PCIN>>17+A*B)' | 15     | 15     | -      | -      | 48     | 0    | 0    | -    | -    | -     | 0    | 1    | 
|Multiplier_DWORD | A*B             | 17     | 17     | -      | -      | 48     | 0    | 0    | -    | -    | -     | 0    | 0    | 
|Multiplier_DWORD | (PCIN>>17+A*B)' | 17     | 15     | -      | -      | 48     | 0    | 0    | -    | -    | -     | 0    | 1    | 
|ALU              | A*B             | 17     | 15     | -      | -      | 48     | 0    | 0    | -    | -    | -     | 0    | 0    | 
|ALU              | (PCIN>>17+A*B)' | 15     | 15     | -      | -      | 48     | 0    | 0    | -    | -    | -     | 0    | 1    | 
|ALU              | A*B             | 17     | 17     | -      | -      | 48     | 0    | 0    | -    | -    | -     | 0    | 0    | 
|ALU              | (PCIN>>17+A*B)' | 0      | 15     | -      | -      | 48     | 0    | 0    | -    | -    | -     | 0    | 1    | 
+-----------------+-----------------+--------+--------+--------+--------+--------+------+------+------+------+-------+------+------+


Report BlackBoxes: 
+-+--------------+----------+
| |BlackBox name |Instances |
+-+--------------+----------+
+-+--------------+----------+

Report Cell Usage: 
+------+--------+------+
|      |Cell    |Count |
+------+--------+------+
|1     |CARRY4  |   508|
|2     |DSP48E1 |    20|
|4     |LUT1    |   670|
|5     |LUT2    |   658|
|6     |LUT3    |  1093|
|7     |LUT4    |  1193|
|8     |LUT5    |   823|
|9     |LUT6    |  2569|
|10    |MUXF7   |    77|
|11    |RAM32M  |    22|
|12    |FDCE    |  1780|
|13    |FDPE    |    12|
|14    |FDRE    |  2323|
|15    |FDSE    |    21|
+------+--------+------+
---------------------------------------------------------------------------------
Finished Writing Synthesis Report : Time (s): cpu = 00:00:31 ; elapsed = 00:00:32 . Memory (MB): peak = 2818.527 ; gain = 1059.117 ; free physical = 18408 ; free virtual = 32376
---------------------------------------------------------------------------------
Synthesis finished with 0 errors, 1 critical warnings and 721 warnings.
Synthesis Optimization Runtime : Time (s): cpu = 00:00:30 ; elapsed = 00:00:30 . Memory (MB): peak = 2818.527 ; gain = 956.281 ; free physical = 18408 ; free virtual = 32377
Synthesis Optimization Complete : Time (s): cpu = 00:00:31 ; elapsed = 00:00:32 . Memory (MB): peak = 2818.535 ; gain = 1059.117 ; free physical = 18408 ; free virtual = 32377
INFO: [Project 1-571] Translating synthesized netlist
Netlist sorting complete. Time (s): cpu = 00:00:00.04 ; elapsed = 00:00:00.04 . Memory (MB): peak = 2818.535 ; gain = 0.000 ; free physical = 18580 ; free virtual = 32548
INFO: [Netlist 29-17] Analyzing 627 Unisim elements for replacement
INFO: [Netlist 29-28] Unisim Transformation completed in 0 CPU seconds
INFO: [Project 1-570] Preparing netlist for logic optimization
INFO: [Opt 31-138] Pushed 0 inverter(s) to 0 load pin(s).
Netlist sorting complete. Time (s): cpu = 00:00:00 ; elapsed = 00:00:00 . Memory (MB): peak = 2818.535 ; gain = 0.000 ; free physical = 18584 ; free virtual = 32553
INFO: [Project 1-111] Unisim Transformation Summary:
  A total of 22 instances were transformed.
  RAM32M => RAM32M (RAMD32(x6), RAMS32(x2)): 22 instances

Synth Design complete | Checksum: 7245c55d
INFO: [Common 17-83] Releasing license: Synthesis
100 Infos, 240 Warnings, 1 Critical Warnings and 0 Errors encountered.
synth_design completed successfully
synth_design: Time (s): cpu = 00:00:36 ; elapsed = 00:00:35 . Memory (MB): peak = 2818.562 ; gain = 1194.332 ; free physical = 18584 ; free virtual = 32553
INFO: [Common 17-2834] synth_design peak Physical Memory [PSS] (MB): overall = 2165.062; main = 1967.306; forked = 283.136
INFO: [Common 17-2834] synth_design peak Virtual Memory [VSS] (MB): overall = 3774.773; main = 2818.531; forked = 998.055
INFO: [runtcl-6] Synthesis results are not added to the cache due to CRITICAL_WARNING
Write ShapeDB Complete: Time (s): cpu = 00:00:00.02 ; elapsed = 00:00:00 . Memory (MB): peak = 2842.539 ; gain = 0.000 ; free physical = 18584 ; free virtual = 32553
INFO: [Common 17-1381] The checkpoint '/home/khwl/Desktop/RV-IM100/RV64s/RV64IM_8SP/RV64IM72F_8SP_100MHz.runs/synth_1/RV64IM72F8SP_CORE.dcp' has been generated.
INFO: [Vivado 12-24828] Executing command : report_utilization -file RV64IM72F8SP_CORE_utilization_synth.rpt -pb RV64IM72F8SP_CORE_utilization_synth.pb
INFO: [Common 17-206] Exiting Vivado at Wed Feb 25 09:44:41 2026...
