
*** Running vivado
    with args -log clk_wiz_0.vds -m64 -product Vivado -mode batch -messageDb vivado.pb -notrace -source clk_wiz_0.tcl


****** Vivado v2025.2 (64-bit)
  **** SW Build 6299465 on Fri Nov 14 12:34:56 MST 2025
  **** IP Build 6300035 on Fri Nov 14 10:48:45 MST 2025
  **** SharedData Build 6298862 on Thu Nov 13 04:50:51 MST 2025
  **** Start of session at: Sun Mar  8 12:20:48 2026
    ** Copyright 1986-2022 Xilinx, Inc. All Rights Reserved.
    ** Copyright 2022-2025 Advanced Micro Devices, Inc. All Rights Reserved.

source clk_wiz_0.tcl -notrace
Command: synth_design -top clk_wiz_0 -part xc7a200tsbg484-1 -incremental_mode off -mode out_of_context
Starting synth_design
Attempting to get a license for feature 'Synthesis' and/or device 'xc7a200t'
INFO: [Common 17-349] Got license for feature 'Synthesis' and/or device 'xc7a200t'
INFO: [Device 21-403] Loading part xc7a200tsbg484-1
INFO: [Synth 8-7079] Multithreading enabled for synth_design using a maximum of 7 processes.
INFO: [Synth 8-7078] Launching helper process for spawning children vivado processes
INFO: [Synth 8-7075] Helper process launched with PID 136378
---------------------------------------------------------------------------------
Starting RTL Elaboration : Time (s): cpu = 00:00:02 ; elapsed = 00:00:03 . Memory (MB): peak = 2241.281 ; gain = 481.875 ; free physical = 236 ; free virtual = 9246
---------------------------------------------------------------------------------
INFO: [Synth 8-6157] synthesizing module 'clk_wiz_0' [/home/khwl/Desktop/RV-IM100/RV32s/SoCs/RV32IM_7SP_BRAM/RV64IM72F_7SP_FPGA.gen/sources_1/ip/clk_wiz_0/clk_wiz_0.v:65]
INFO: [Synth 8-6157] synthesizing module 'clk_wiz_0_clk_wiz' [/home/khwl/Desktop/RV-IM100/RV32s/SoCs/RV32IM_7SP_BRAM/RV64IM72F_7SP_FPGA.gen/sources_1/ip/clk_wiz_0/clk_wiz_0_clk_wiz.v:65]
INFO: [Synth 8-6157] synthesizing module 'IBUF' [/tools/Xilinx/2025.2/Vivado/scripts/rt/data/unisim_comp.v:82804]
INFO: [Synth 8-6155] done synthesizing module 'IBUF' (0#1) [/tools/Xilinx/2025.2/Vivado/scripts/rt/data/unisim_comp.v:82804]
INFO: [Synth 8-6157] synthesizing module 'PLLE2_ADV' [/tools/Xilinx/2025.2/Vivado/scripts/rt/data/unisim_comp.v:133907]
	Parameter BANDWIDTH bound to: OPTIMIZED - type: string 
	Parameter CLKFBOUT_MULT bound to: 54 - type: integer 
	Parameter CLKFBOUT_PHASE bound to: 0.000000e+00 - type: double 
	Parameter CLKIN1_PERIOD bound to: 1.000000e+01 - type: double 
	Parameter CLKOUT0_DIVIDE bound to: 15 - type: integer 
	Parameter CLKOUT0_DUTY_CYCLE bound to: 5.000000e-01 - type: double 
	Parameter CLKOUT0_PHASE bound to: 0.000000e+00 - type: double 
	Parameter COMPENSATION bound to: ZHOLD - type: string 
	Parameter DIVCLK_DIVIDE bound to: 5 - type: integer 
	Parameter STARTUP_WAIT bound to: FALSE - type: string 
INFO: [Synth 8-6155] done synthesizing module 'PLLE2_ADV' (0#1) [/tools/Xilinx/2025.2/Vivado/scripts/rt/data/unisim_comp.v:133907]
INFO: [Synth 8-6157] synthesizing module 'BUFG' [/tools/Xilinx/2025.2/Vivado/scripts/rt/data/unisim_comp.v:2678]
INFO: [Synth 8-6155] done synthesizing module 'BUFG' (0#1) [/tools/Xilinx/2025.2/Vivado/scripts/rt/data/unisim_comp.v:2678]
INFO: [Synth 8-6155] done synthesizing module 'clk_wiz_0_clk_wiz' (0#1) [/home/khwl/Desktop/RV-IM100/RV32s/SoCs/RV32IM_7SP_BRAM/RV64IM72F_7SP_FPGA.gen/sources_1/ip/clk_wiz_0/clk_wiz_0_clk_wiz.v:65]
INFO: [Synth 8-6155] done synthesizing module 'clk_wiz_0' (0#1) [/home/khwl/Desktop/RV-IM100/RV32s/SoCs/RV32IM_7SP_BRAM/RV64IM72F_7SP_FPGA.gen/sources_1/ip/clk_wiz_0/clk_wiz_0.v:65]
---------------------------------------------------------------------------------
Finished RTL Elaboration : Time (s): cpu = 00:00:03 ; elapsed = 00:00:04 . Memory (MB): peak = 2327.250 ; gain = 567.844 ; free physical = 199 ; free virtual = 9210
---------------------------------------------------------------------------------
---------------------------------------------------------------------------------
Start Handling Custom Attributes
---------------------------------------------------------------------------------
---------------------------------------------------------------------------------
Finished Handling Custom Attributes : Time (s): cpu = 00:00:03 ; elapsed = 00:00:04 . Memory (MB): peak = 2342.094 ; gain = 582.688 ; free physical = 180 ; free virtual = 9191
---------------------------------------------------------------------------------
---------------------------------------------------------------------------------
Finished RTL Optimization Phase 1 : Time (s): cpu = 00:00:03 ; elapsed = 00:00:04 . Memory (MB): peak = 2342.094 ; gain = 582.688 ; free physical = 180 ; free virtual = 9191
---------------------------------------------------------------------------------
Netlist sorting complete. Time (s): cpu = 00:00:00 ; elapsed = 00:00:00 . Memory (MB): peak = 2348.031 ; gain = 0.000 ; free physical = 176 ; free virtual = 9187
INFO: [Netlist 29-17] Analyzing 1 Unisim elements for replacement
INFO: [Netlist 29-28] Unisim Transformation completed in 0 CPU seconds
INFO: [Project 1-570] Preparing netlist for logic optimization

Processing XDC Constraints
Initializing timing engine
Parsing XDC File [/home/khwl/Desktop/RV-IM100/RV32s/SoCs/RV32IM_7SP_BRAM/RV64IM72F_7SP_FPGA.gen/sources_1/ip/clk_wiz_0/clk_wiz_0_ooc.xdc] for cell 'inst'
Finished Parsing XDC File [/home/khwl/Desktop/RV-IM100/RV32s/SoCs/RV32IM_7SP_BRAM/RV64IM72F_7SP_FPGA.gen/sources_1/ip/clk_wiz_0/clk_wiz_0_ooc.xdc] for cell 'inst'
Parsing XDC File [/home/khwl/Desktop/RV-IM100/RV32s/SoCs/RV32IM_7SP_BRAM/RV64IM72F_7SP_FPGA.gen/sources_1/ip/clk_wiz_0/clk_wiz_0_board.xdc] for cell 'inst'
Finished Parsing XDC File [/home/khwl/Desktop/RV-IM100/RV32s/SoCs/RV32IM_7SP_BRAM/RV64IM72F_7SP_FPGA.gen/sources_1/ip/clk_wiz_0/clk_wiz_0_board.xdc] for cell 'inst'
Parsing XDC File [/home/khwl/Desktop/RV-IM100/RV32s/SoCs/RV32IM_7SP_BRAM/RV64IM72F_7SP_FPGA.gen/sources_1/ip/clk_wiz_0/clk_wiz_0.xdc] for cell 'inst'
Finished Parsing XDC File [/home/khwl/Desktop/RV-IM100/RV32s/SoCs/RV32IM_7SP_BRAM/RV64IM72F_7SP_FPGA.gen/sources_1/ip/clk_wiz_0/clk_wiz_0.xdc] for cell 'inst'
INFO: [Project 1-236] Implementation specific constraints were found while reading constraint file [/home/khwl/Desktop/RV-IM100/RV32s/SoCs/RV32IM_7SP_BRAM/RV64IM72F_7SP_FPGA.gen/sources_1/ip/clk_wiz_0/clk_wiz_0.xdc]. These constraints will be ignored for synthesis but will be used in implementation. Impacted constraints are listed in the file [.Xil/clk_wiz_0_propImpl.xdc].
Resolution: To avoid this warning, move constraints listed in [.Xil/clk_wiz_0_propImpl.xdc] to another XDC file and exclude this new file from synthesis with the used_in_synthesis property (File Properties dialog in GUI) and re-run elaboration/synthesis.
INFO: [Timing 38-2] Deriving generated clocks
Parsing XDC File [/home/khwl/Desktop/RV-IM100/RV32s/SoCs/RV32IM_7SP_BRAM/RV64IM72F_7SP_FPGA.runs/clk_wiz_0_synth_1/dont_touch.xdc]
Finished Parsing XDC File [/home/khwl/Desktop/RV-IM100/RV32s/SoCs/RV32IM_7SP_BRAM/RV64IM72F_7SP_FPGA.runs/clk_wiz_0_synth_1/dont_touch.xdc]
Completed Processing XDC Constraints

Netlist sorting complete. Time (s): cpu = 00:00:00 ; elapsed = 00:00:00 . Memory (MB): peak = 2391.020 ; gain = 0.000 ; free physical = 222 ; free virtual = 9236
INFO: [Project 1-111] Unisim Transformation Summary:
No Unisim elements were transformed.

Constraint Validation Runtime : Time (s): cpu = 00:00:00 ; elapsed = 00:00:00.01 . Memory (MB): peak = 2391.055 ; gain = 0.000 ; free physical = 222 ; free virtual = 9236
INFO: [Designutils 20-5008] Incremental synthesis strategy off
---------------------------------------------------------------------------------
Finished Constraint Validation : Time (s): cpu = 00:00:08 ; elapsed = 00:00:08 . Memory (MB): peak = 2391.055 ; gain = 631.648 ; free physical = 219 ; free virtual = 9232
---------------------------------------------------------------------------------
---------------------------------------------------------------------------------
Start Loading Part and Timing Information
---------------------------------------------------------------------------------
Loading part: xc7a200tsbg484-1
---------------------------------------------------------------------------------
Finished Loading Part and Timing Information : Time (s): cpu = 00:00:08 ; elapsed = 00:00:08 . Memory (MB): peak = 2399.023 ; gain = 639.617 ; free physical = 219 ; free virtual = 9232
---------------------------------------------------------------------------------
---------------------------------------------------------------------------------
Start Applying 'set_property' XDC Constraints
---------------------------------------------------------------------------------
---------------------------------------------------------------------------------
Finished applying 'set_property' XDC Constraints : Time (s): cpu = 00:00:08 ; elapsed = 00:00:08 . Memory (MB): peak = 2399.023 ; gain = 639.617 ; free physical = 219 ; free virtual = 9232
---------------------------------------------------------------------------------
---------------------------------------------------------------------------------
Finished RTL Optimization Phase 2 : Time (s): cpu = 00:00:08 ; elapsed = 00:00:08 . Memory (MB): peak = 2399.023 ; gain = 639.617 ; free physical = 220 ; free virtual = 9235
---------------------------------------------------------------------------------
---------------------------------------------------------------------------------
Start RTL Component Statistics 
---------------------------------------------------------------------------------
Detailed RTL Component Info : 
---------------------------------------------------------------------------------
Finished RTL Component Statistics 
---------------------------------------------------------------------------------
---------------------------------------------------------------------------------
Start Part Resource Summary
---------------------------------------------------------------------------------
Part Resources:
DSPs: 740 (col length:100)
BRAMs: 730 (col length: RAMB18 100 RAMB36 50)
---------------------------------------------------------------------------------
Finished Part Resource Summary
---------------------------------------------------------------------------------
---------------------------------------------------------------------------------
Start Cross Boundary and Area Optimization
---------------------------------------------------------------------------------
---------------------------------------------------------------------------------
Finished Cross Boundary and Area Optimization : Time (s): cpu = 00:00:09 ; elapsed = 00:00:09 . Memory (MB): peak = 2399.023 ; gain = 639.617 ; free physical = 224 ; free virtual = 9239
---------------------------------------------------------------------------------
---------------------------------------------------------------------------------
Start Applying XDC Timing Constraints
---------------------------------------------------------------------------------
---------------------------------------------------------------------------------
Finished Applying XDC Timing Constraints : Time (s): cpu = 00:00:12 ; elapsed = 00:00:12 . Memory (MB): peak = 2490.023 ; gain = 730.617 ; free physical = 274 ; free virtual = 9195
---------------------------------------------------------------------------------
---------------------------------------------------------------------------------
Start Timing Optimization
---------------------------------------------------------------------------------
---------------------------------------------------------------------------------
Finished Timing Optimization : Time (s): cpu = 00:00:12 ; elapsed = 00:00:12 . Memory (MB): peak = 2490.023 ; gain = 730.617 ; free physical = 274 ; free virtual = 9195
---------------------------------------------------------------------------------
---------------------------------------------------------------------------------
Start Technology Mapping
---------------------------------------------------------------------------------
---------------------------------------------------------------------------------
Finished Technology Mapping : Time (s): cpu = 00:00:12 ; elapsed = 00:00:12 . Memory (MB): peak = 2499.039 ; gain = 739.633 ; free physical = 267 ; free virtual = 9187
---------------------------------------------------------------------------------
---------------------------------------------------------------------------------
Start IO Insertion
---------------------------------------------------------------------------------
---------------------------------------------------------------------------------
Start Flattening Before IO Insertion
---------------------------------------------------------------------------------
---------------------------------------------------------------------------------
Finished Flattening Before IO Insertion
---------------------------------------------------------------------------------
---------------------------------------------------------------------------------
Start Final Netlist Cleanup
---------------------------------------------------------------------------------
---------------------------------------------------------------------------------
Finished Final Netlist Cleanup
---------------------------------------------------------------------------------
---------------------------------------------------------------------------------
Finished IO Insertion : Time (s): cpu = 00:00:14 ; elapsed = 00:00:15 . Memory (MB): peak = 2685.852 ; gain = 926.445 ; free physical = 185 ; free virtual = 9011
---------------------------------------------------------------------------------
---------------------------------------------------------------------------------
Start Renaming Generated Instances
---------------------------------------------------------------------------------
---------------------------------------------------------------------------------
Finished Renaming Generated Instances : Time (s): cpu = 00:00:14 ; elapsed = 00:00:15 . Memory (MB): peak = 2685.852 ; gain = 926.445 ; free physical = 185 ; free virtual = 9011
---------------------------------------------------------------------------------
---------------------------------------------------------------------------------
Start Rebuilding User Hierarchy
---------------------------------------------------------------------------------
---------------------------------------------------------------------------------
Finished Rebuilding User Hierarchy : Time (s): cpu = 00:00:14 ; elapsed = 00:00:15 . Memory (MB): peak = 2685.852 ; gain = 926.445 ; free physical = 185 ; free virtual = 9011
---------------------------------------------------------------------------------
---------------------------------------------------------------------------------
Start Renaming Generated Ports
---------------------------------------------------------------------------------
---------------------------------------------------------------------------------
Finished Renaming Generated Ports : Time (s): cpu = 00:00:14 ; elapsed = 00:00:15 . Memory (MB): peak = 2685.852 ; gain = 926.445 ; free physical = 185 ; free virtual = 9011
---------------------------------------------------------------------------------
---------------------------------------------------------------------------------
Start Handling Custom Attributes
---------------------------------------------------------------------------------
---------------------------------------------------------------------------------
Finished Handling Custom Attributes : Time (s): cpu = 00:00:14 ; elapsed = 00:00:15 . Memory (MB): peak = 2685.852 ; gain = 926.445 ; free physical = 185 ; free virtual = 9011
---------------------------------------------------------------------------------
---------------------------------------------------------------------------------
Start Renaming Generated Nets
---------------------------------------------------------------------------------
---------------------------------------------------------------------------------
Finished Renaming Generated Nets : Time (s): cpu = 00:00:14 ; elapsed = 00:00:15 . Memory (MB): peak = 2685.852 ; gain = 926.445 ; free physical = 185 ; free virtual = 9011
---------------------------------------------------------------------------------
---------------------------------------------------------------------------------
Start Writing Synthesis Report
---------------------------------------------------------------------------------

Report BlackBoxes: 
+-+--------------+----------+
| |BlackBox name |Instances |
+-+--------------+----------+
+-+--------------+----------+

Report Cell Usage: 
+------+----------+------+
|      |Cell      |Count |
+------+----------+------+
|1     |BUFG      |     2|
|2     |PLLE2_ADV |     1|
|3     |IBUF      |     1|
+------+----------+------+
---------------------------------------------------------------------------------
Finished Writing Synthesis Report : Time (s): cpu = 00:00:14 ; elapsed = 00:00:15 . Memory (MB): peak = 2685.852 ; gain = 926.445 ; free physical = 185 ; free virtual = 9011
---------------------------------------------------------------------------------
Synthesis finished with 0 errors, 0 critical warnings and 0 warnings.
Synthesis Optimization Runtime : Time (s): cpu = 00:00:13 ; elapsed = 00:00:13 . Memory (MB): peak = 2685.852 ; gain = 877.484 ; free physical = 185 ; free virtual = 9011
Synthesis Optimization Complete : Time (s): cpu = 00:00:14 ; elapsed = 00:00:15 . Memory (MB): peak = 2685.859 ; gain = 926.445 ; free physical = 185 ; free virtual = 9011
INFO: [Project 1-571] Translating synthesized netlist
Netlist sorting complete. Time (s): cpu = 00:00:00 ; elapsed = 00:00:00 . Memory (MB): peak = 2685.859 ; gain = 0.000 ; free physical = 185 ; free virtual = 9011
INFO: [Netlist 29-17] Analyzing 1 Unisim elements for replacement
INFO: [Netlist 29-28] Unisim Transformation completed in 0 CPU seconds
INFO: [Project 1-570] Preparing netlist for logic optimization
INFO: [Opt 31-138] Pushed 0 inverter(s) to 0 load pin(s).
Netlist sorting complete. Time (s): cpu = 00:00:00 ; elapsed = 00:00:00 . Memory (MB): peak = 2685.859 ; gain = 0.000 ; free physical = 292 ; free virtual = 9118
INFO: [Project 1-111] Unisim Transformation Summary:
No Unisim elements were transformed.

Synth Design complete | Checksum: a1d89eaf
INFO: [Common 17-83] Releasing license: Synthesis
29 Infos, 0 Warnings, 0 Critical Warnings and 0 Errors encountered.
synth_design completed successfully
synth_design: Time (s): cpu = 00:00:19 ; elapsed = 00:00:18 . Memory (MB): peak = 2685.887 ; gain = 1068.660 ; free physical = 292 ; free virtual = 9118
INFO: [Common 17-2834] synth_design peak Physical Memory [PSS] (MB): overall = 1821.503; main = 1821.503; forked = 282.898
INFO: [Common 17-2834] synth_design peak Virtual Memory [VSS] (MB): overall = 3397.109; main = 2685.855; forked = 998.082
Write ShapeDB Complete: Time (s): cpu = 00:00:00 ; elapsed = 00:00:00 . Memory (MB): peak = 2709.863 ; gain = 0.000 ; free physical = 292 ; free virtual = 9117
INFO: [Common 17-1381] The checkpoint '/home/khwl/Desktop/RV-IM100/RV32s/SoCs/RV32IM_7SP_BRAM/RV64IM72F_7SP_FPGA.runs/clk_wiz_0_synth_1/clk_wiz_0.dcp' has been generated.
INFO: [Coretcl 2-1648] Added synthesis output to IP cache for IP clk_wiz_0, cache-ID = aa4612fa9342a608
Write ShapeDB Complete: Time (s): cpu = 00:00:00 ; elapsed = 00:00:00 . Memory (MB): peak = 2709.863 ; gain = 0.000 ; free physical = 280 ; free virtual = 9104
INFO: [Common 17-1381] The checkpoint '/home/khwl/Desktop/RV-IM100/RV32s/SoCs/RV32IM_7SP_BRAM/RV64IM72F_7SP_FPGA.runs/clk_wiz_0_synth_1/clk_wiz_0.dcp' has been generated.
INFO: [Vivado 12-24828] Executing command : report_utilization -file clk_wiz_0_utilization_synth.rpt -pb clk_wiz_0_utilization_synth.pb
INFO: [Common 17-206] Exiting Vivado at Sun Mar  8 12:21:09 2026...
