Copyright 1986-2022 Xilinx, Inc. All Rights Reserved. Copyright 2022-2025 Advanced Micro Devices, Inc. All Rights Reserved.
---------------------------------------------------------------------------------------------------------------------------------------------
| Tool Version : Vivado v.2025.2 (lin64) Build 6299465 Fri Nov 14 12:34:56 MST 2025
| Date         : Thu Feb 26 22:50:56 2026
| Host         : khwl-main-pc running 64-bit Ubuntu 24.04.4 LTS
| Command      : report_control_sets -verbose -file RV64IM72F5SPSoCTOP_control_sets_placed.rpt
| Design       : RV64IM72F5SPSoCTOP
| Device       : xc7a200t
---------------------------------------------------------------------------------------------------------------------------------------------

Control Set Information

Table of Contents
-----------------
1. Summary
2. Histogram
3. Flip-Flop Distribution
4. Detailed Control Set Information

1. Summary
----------

+----------------------------------------------------------+-------+
|                          Status                          | Count |
+----------------------------------------------------------+-------+
| Total control sets                                       |    64 |
|    Minimum number of control sets                        |    64 |
|    Addition due to synthesis replication                 |     0 |
|    Addition due to physical synthesis replication        |     0 |
| Unused register locations in slices containing registers |    96 |
+----------------------------------------------------------+-------+
* Control sets can be merged at opt_design using control_set_merge or merge_equivalent_drivers
** Run report_qor_suggestions for automated merging and remapping suggestions


2. Histogram
------------

+--------------------+-------+
|       Fanout       | Count |
+--------------------+-------+
| Total control sets |    64 |
| >= 0 to < 4        |     2 |
| >= 4 to < 6        |     5 |
| >= 6 to < 8        |     0 |
| >= 8 to < 10       |     3 |
| >= 10 to < 12      |     0 |
| >= 12 to < 14      |     0 |
| >= 14 to < 16      |     0 |
| >= 16              |    54 |
+--------------------+-------+
* Control sets can be remapped at either synth_design or opt_design


3. Flip-Flop Distribution
-------------------------

+--------------+-----------------------+------------------------+-----------------+--------------+
| Clock Enable | Synchronous Set/Reset | Asynchronous Set/Reset | Total Registers | Total Slices |
+--------------+-----------------------+------------------------+-----------------+--------------+
| No           | No                    | No                     |               0 |            0 |
| No           | No                    | Yes                    |              41 |           24 |
| No           | Yes                   | No                     |               0 |            0 |
| Yes          | No                    | No                     |               0 |            0 |
| Yes          | No                    | Yes                    |            3855 |         1657 |
| Yes          | Yes                   | No                     |               0 |            0 |
+--------------+-----------------------+------------------------+-----------------+--------------+


4. Detailed Control Set Information
-----------------------------------

+------------------------+--------------------------------------------------------+------------------+------------------+----------------+--------------+
|      Clock Signal      |                      Enable Signal                     | Set/Reset Signal | Slice Load Count | Bel Load Count | Bels / Slice |
+------------------------+--------------------------------------------------------+------------------+------------------+----------------+--------------+
|  clk_gen/inst/clk_out1 | tx_i_1_n_0                                             | internal_reset   |                1 |              1 |         1.00 |
|  clk_gen/inst/clk_out1 |                                                        | reset            |                1 |              3 |         3.00 |
|  clk_gen/inst/clk_out1 | bit_counter[3]_i_1__1_n_0                              | internal_reset   |                1 |              4 |         4.00 |
|  clk_gen/inst/clk_out1 | FSM_onehot_state[3]_i_1_n_0                            | internal_reset   |                4 |              4 |         1.00 |
|  clk_gen/inst/clk_out1 | FSM_onehot_state[3]_i_1__0_n_0                         | internal_reset   |                2 |              4 |         2.00 |
|  clk_gen/inst/clk_out1 | FSM_onehot_stage[3]_i_1_n_0                            | internal_reset   |                1 |              4 |         4.00 |
|  clk_gen/inst/clk_out1 | FSM_onehot_stage[3]_i_1__0_n_0                         | internal_reset   |                1 |              4 |         4.00 |
|  clk_gen/inst/clk_out1 | mmio_uart_tx_data[7]_i_1_n_0                           | internal_reset   |                2 |              8 |         4.00 |
|  clk_gen/inst/clk_out1 | baud_counter[8]_i_1_n_0                                | internal_reset   |                4 |              9 |         2.25 |
|  clk_gen/inst/clk_out1 | shift_reg[8]_i_1_n_0                                   | internal_reset   |                4 |              9 |         2.25 |
|  clk_gen/inst/clk_out1 | rv64im72f_5sp/alu/divider_word/quotient_sign2_out      | internal_reset   |               18 |             34 |         1.89 |
|  clk_gen/inst/clk_out1 | rv64im72f_5sp/alu/multiplier_word/result_sign_s22_out  | internal_reset   |               14 |             37 |         2.64 |
|  clk_gen/inst/clk_out1 |                                                        | internal_reset   |               23 |             38 |         1.65 |
|  clk_gen/inst/clk_out1 | rv64im72f_5sp/csr_file/minstret[0]                     | internal_reset   |               17 |             64 |         3.76 |
|  clk_gen/inst/clk_out1 | quotient_reg[31]_i_1_n_0                               | internal_reset   |               38 |             64 |         1.68 |
|  clk_gen/inst/clk_out1 | prod_low[31]_i_1__0_n_0                                | internal_reset   |               29 |             64 |         2.21 |
|  clk_gen/inst/clk_out1 | mtvec[63]_i_1_n_0                                      | internal_reset   |               20 |             64 |         3.20 |
|  clk_gen/inst/clk_out1 | mepc[63]_i_1_n_0                                       | internal_reset   |               22 |             64 |         2.91 |
|  clk_gen/inst/clk_out1 | mcause[63]_i_1_n_0                                     | internal_reset   |               21 |             64 |         3.05 |
|  clk_gen/inst/clk_out1 | csr_read_out[63]_i_1_n_0                               | internal_reset   |               27 |             64 |         2.37 |
|  clk_gen/inst/clk_out1 | rv64im72f_5sp/alu/multiplier_word/result_sign_s11_out  | internal_reset   |               27 |             65 |         2.41 |
|  clk_gen/inst/clk_out1 | rv64im72f_5sp/alu/divider_dword/quotient_sign4_out     | internal_reset   |               31 |             66 |         2.13 |
|  clk_gen/inst/clk_out1 | bit_counter[5]_i_1_n_0                                 | internal_reset   |               34 |             70 |         2.06 |
|  clk_gen/inst/clk_out1 | prod_high[63]_i_1_n_0                                  | internal_reset   |               44 |            128 |         2.91 |
|  clk_gen/inst/clk_out1 | quotient_reg[63]_i_1_n_0                               | internal_reset   |               38 |            128 |         3.37 |
|  clk_gen/inst/clk_out1 | rv64im72f_5sp/alu/multiplier_dword/result_sign_s11_out | internal_reset   |               66 |            129 |         1.95 |
|  clk_gen/inst/clk_out1 | bit_counter[6]_i_1_n_0                                 | internal_reset   |               64 |            135 |         2.11 |
|  clk_gen/inst/clk_out1 | rv64im72f_5sp/alu/multiplier_dword/result_sign_s22_out | internal_reset   |               50 |            145 |         2.90 |
|  clk_gen/inst/clk_out1 | rv64im72f_5sp/register_file/p_0_in2_out                |                  |               22 |            176 |         8.00 |
|  clk_gen/inst/clk_out1 | memory_reg_1792_2047_0_0_i_1_n_0                       |                  |               64 |            256 |         4.00 |
|  clk_gen/inst/clk_out1 | memory_reg_0_255_0_0_i_2_n_0                           |                  |               64 |            256 |         4.00 |
|  clk_gen/inst/clk_out1 | memory_reg_1024_1279_0_0_i_1_n_0                       |                  |               64 |            256 |         4.00 |
|  clk_gen/inst/clk_out1 | memory_reg_1280_1535_0_0_i_1_n_0                       |                  |               64 |            256 |         4.00 |
|  clk_gen/inst/clk_out1 | memory_reg_7936_8191_0_0_i_1_n_0                       |                  |               64 |            256 |         4.00 |
|  clk_gen/inst/clk_out1 | memory_reg_768_1023_0_0_i_1_n_0                        |                  |               64 |            256 |         4.00 |
|  clk_gen/inst/clk_out1 | memory_reg_7680_7935_0_0_i_1_n_0                       |                  |               64 |            256 |         4.00 |
|  clk_gen/inst/clk_out1 | memory_reg_7424_7679_0_0_i_1_n_0                       |                  |               64 |            256 |         4.00 |
|  clk_gen/inst/clk_out1 | memory_reg_7168_7423_0_0_i_1_n_0                       |                  |               64 |            256 |         4.00 |
|  clk_gen/inst/clk_out1 | memory_reg_6912_7167_0_0_i_1_n_0                       |                  |               64 |            256 |         4.00 |
|  clk_gen/inst/clk_out1 | memory_reg_6656_6911_0_0_i_1_n_0                       |                  |               64 |            256 |         4.00 |
|  clk_gen/inst/clk_out1 | memory_reg_6144_6399_0_0_i_1_n_0                       |                  |               64 |            256 |         4.00 |
|  clk_gen/inst/clk_out1 | memory_reg_1536_1791_0_0_i_1_n_0                       |                  |               64 |            256 |         4.00 |
|  clk_gen/inst/clk_out1 | memory_reg_2048_2303_0_0_i_1_n_0                       |                  |               64 |            256 |         4.00 |
|  clk_gen/inst/clk_out1 | memory_reg_2304_2559_0_0_i_1_n_0                       |                  |               64 |            256 |         4.00 |
|  clk_gen/inst/clk_out1 | memory_reg_2560_2815_0_0_i_1_n_0                       |                  |               64 |            256 |         4.00 |
|  clk_gen/inst/clk_out1 | memory_reg_256_511_0_0_i_1_n_0                         |                  |               64 |            256 |         4.00 |
|  clk_gen/inst/clk_out1 | memory_reg_2816_3071_0_0_i_1_n_0                       |                  |               64 |            256 |         4.00 |
|  clk_gen/inst/clk_out1 | memory_reg_3072_3327_0_0_i_1_n_0                       |                  |               64 |            256 |         4.00 |
|  clk_gen/inst/clk_out1 | memory_reg_3328_3583_0_0_i_1_n_0                       |                  |               64 |            256 |         4.00 |
|  clk_gen/inst/clk_out1 | memory_reg_3584_3839_0_0_i_1_n_0                       |                  |               64 |            256 |         4.00 |
|  clk_gen/inst/clk_out1 | memory_reg_3840_4095_0_0_i_1_n_0                       |                  |               64 |            256 |         4.00 |
|  clk_gen/inst/clk_out1 | memory_reg_4096_4351_0_0_i_1_n_0                       |                  |               64 |            256 |         4.00 |
|  clk_gen/inst/clk_out1 | memory_reg_4352_4607_0_0_i_1_n_0                       |                  |               64 |            256 |         4.00 |
|  clk_gen/inst/clk_out1 | memory_reg_4608_4863_0_0_i_1_n_0                       |                  |               64 |            256 |         4.00 |
|  clk_gen/inst/clk_out1 | memory_reg_4864_5119_0_0_i_1_n_0                       |                  |               64 |            256 |         4.00 |
|  clk_gen/inst/clk_out1 | memory_reg_5120_5375_0_0_i_1_n_0                       |                  |               64 |            256 |         4.00 |
|  clk_gen/inst/clk_out1 | memory_reg_512_767_0_0_i_1_n_0                         |                  |               64 |            256 |         4.00 |
|  clk_gen/inst/clk_out1 | memory_reg_5376_5631_0_0_i_1_n_0                       |                  |               64 |            256 |         4.00 |
|  clk_gen/inst/clk_out1 | memory_reg_5632_5887_0_0_i_1_n_0                       |                  |               64 |            256 |         4.00 |
|  clk_gen/inst/clk_out1 | memory_reg_5888_6143_0_0_i_1_n_0                       |                  |               64 |            256 |         4.00 |
|  clk_gen/inst/clk_out1 | memory_reg_6400_6655_0_0_i_1_n_0                       |                  |               64 |            256 |         4.00 |
|  clk_gen/inst/clk_out1 | ID_pc[63]_i_1_n_0                                      | internal_reset   |              173 |            631 |         3.65 |
|  clk_gen/inst/clk_out1 | cpu_clk_enable                                         | internal_reset   |              250 |            651 |         2.60 |
|  clk_gen/inst/clk_out1 | MEM_pc[63]_i_1_n_0                                     | internal_reset   |              654 |           1141 |         1.74 |
+------------------------+--------------------------------------------------------+------------------+------------------+----------------+--------------+


