Copyright 1986-2022 Xilinx, Inc. All Rights Reserved. Copyright 2022-2025 Advanced Micro Devices, Inc. All Rights Reserved.
---------------------------------------------------------------------------------------------------------------------------------------------
| Tool Version : Vivado v.2025.2 (lin64) Build 6299465 Fri Nov 14 12:34:56 MST 2025
| Date         : Thu Mar  5 20:36:40 2026
| Host         : khwl-ThinkPad-X1-Carbon-Gen-13 running 64-bit Ubuntu 24.04.3 LTS
| Command      : report_control_sets -verbose -file RV32IM72F5SPSoCTOP_control_sets_placed.rpt
| Design       : RV32IM72F5SPSoCTOP
| Device       : xc7a200t
---------------------------------------------------------------------------------------------------------------------------------------------

Control Set Information

Table of Contents
-----------------
1. Summary
2. Histogram
3. Flip-Flop Distribution
4. Detailed Control Set Information

1. Summary
----------

+----------------------------------------------------------+-------+
|                          Status                          | Count |
+----------------------------------------------------------+-------+
| Total control sets                                       |    56 |
|    Minimum number of control sets                        |    56 |
|    Addition due to synthesis replication                 |     0 |
|    Addition due to physical synthesis replication        |     0 |
| Unused register locations in slices containing registers |    66 |
+----------------------------------------------------------+-------+
* Control sets can be merged at opt_design using control_set_merge or merge_equivalent_drivers
** Run report_qor_suggestions for automated merging and remapping suggestions


2. Histogram
------------

+--------------------+-------+
|       Fanout       | Count |
+--------------------+-------+
| Total control sets |    56 |
| >= 0 to < 4        |     2 |
| >= 4 to < 6        |     3 |
| >= 6 to < 8        |     0 |
| >= 8 to < 10       |     3 |
| >= 10 to < 12      |     0 |
| >= 12 to < 14      |     0 |
| >= 14 to < 16      |     0 |
| >= 16              |    48 |
+--------------------+-------+
* Control sets can be remapped at either synth_design or opt_design


3. Flip-Flop Distribution
-------------------------

+--------------+-----------------------+------------------------+-----------------+--------------+
| Clock Enable | Synchronous Set/Reset | Asynchronous Set/Reset | Total Registers | Total Slices |
+--------------+-----------------------+------------------------+-----------------+--------------+
| No           | No                    | No                     |               0 |            0 |
| No           | No                    | Yes                    |              39 |           21 |
| No           | Yes                   | No                     |               0 |            0 |
| Yes          | No                    | No                     |               0 |            0 |
| Yes          | No                    | Yes                    |            2119 |          971 |
| Yes          | Yes                   | No                     |               0 |            0 |
+--------------+-----------------------+------------------------+-----------------+--------------+


4. Detailed Control Set Information
-----------------------------------

+------------------------+---------------------------------------------------------------+------------------+------------------+----------------+--------------+
|      Clock Signal      |                         Enable Signal                         | Set/Reset Signal | Slice Load Count | Bel Load Count | Bels / Slice |
+------------------------+---------------------------------------------------------------+------------------+------------------+----------------+--------------+
|  clk_gen/inst/clk_out1 | uart_tx/tx_i_1_n_0                                            | internal_reset   |                1 |              1 |         1.00 |
|  clk_gen/inst/clk_out1 |                                                               | reset            |                1 |              3 |         3.00 |
|  clk_gen/inst/clk_out1 | rv64im72f_5sp/alu/divider_word/FSM_onehot_state[3]_i_1_n_0    | internal_reset   |                2 |              4 |         2.00 |
|  clk_gen/inst/clk_out1 | rv64im72f_5sp/alu/multiplier_word/FSM_onehot_stage[3]_i_1_n_0 | internal_reset   |                1 |              4 |         4.00 |
|  clk_gen/inst/clk_out1 | uart_tx/bit_counter[3]_i_1_n_0                                | internal_reset   |                1 |              4 |         4.00 |
|  clk_gen/inst/clk_out1 | rv64im72f_5sp/mem_wb_register/WB_alu_result_reg[19]_0[0]      | internal_reset   |                2 |              8 |         4.00 |
|  clk_gen/inst/clk_out1 | uart_tx/shift_reg[8]_i_1_n_0                                  | internal_reset   |                3 |              9 |         3.00 |
|  clk_gen/inst/clk_out1 | mmio_interface/mmio_uart_tx_start_reg_0[0]                    | internal_reset   |                4 |              9 |         2.25 |
|  clk_gen/inst/clk_out1 | rv64im72f_5sp/mem_wb_register/WB_raw_imm_reg[4]_0[0]          | internal_reset   |                9 |             32 |         3.56 |
|  clk_gen/inst/clk_out1 | rv64im72f_5sp/exception_detector/csr_processing_reg[0]        | internal_reset   |               17 |             32 |         1.88 |
|  clk_gen/inst/clk_out1 | rv64im72f_5sp/mem_wb_register/WB_raw_imm_reg[4]_1[0]          | internal_reset   |               12 |             32 |         2.67 |
|  clk_gen/inst/clk_out1 | rv64im72f_5sp/mem_wb_register/WB_raw_imm_reg[7]_0[0]          | internal_reset   |               14 |             32 |         2.29 |
|  clk_gen/inst/clk_out1 | rv64im72f_5sp/alu/divider_word/quotient_sign2_out             | internal_reset   |               20 |             34 |         1.70 |
|  clk_gen/inst/clk_out1 |                                                               | internal_reset   |               20 |             36 |         1.80 |
|  clk_gen/inst/clk_out1 | rv64im72f_5sp/alu/multiplier_word/cpu_clk_enable_reg          | internal_reset   |               15 |             37 |         2.47 |
|  clk_gen/inst/clk_out1 | rv64im72f_5sp/alu/divider_word/quotient_reg[31]_i_1_n_0       | internal_reset   |               30 |             64 |         2.13 |
|  clk_gen/inst/clk_out1 | rv64im72f_5sp/alu/multiplier_word/prod_low[31]_i_1_n_0        | internal_reset   |               26 |             64 |         2.46 |
|  clk_gen/inst/clk_out1 | rv64im72f_5sp/csr_file/minstret[0]                            | internal_reset   |               17 |             64 |         3.76 |
|  clk_gen/inst/clk_out1 | rv64im72f_5sp/id_ex_register/cpu_clk_enable_reg[0]            | internal_reset   |               27 |             65 |         2.41 |
|  clk_gen/inst/clk_out1 | rv64im72f_5sp/alu/divider_word/bit_counter[5]_i_1_n_0         | internal_reset   |               27 |             70 |         2.59 |
|  clk_gen/inst/clk_out1 | rv64im72f_5sp/mem_wb_register/p_0_in2_out                     |                  |               11 |             88 |         8.00 |
|  clk_gen/inst/clk_out1 | rv64im72f_5sp/ex_mem_register/MEM_alu_result_reg[13]_0        |                  |               32 |            128 |         4.00 |
|  clk_gen/inst/clk_out1 | rv64im72f_5sp/ex_mem_register/MEM_alu_result_reg[13]_1        |                  |               32 |            128 |         4.00 |
|  clk_gen/inst/clk_out1 | rv64im72f_5sp/ex_mem_register/MEM_alu_result_reg[13]_2        |                  |               32 |            128 |         4.00 |
|  clk_gen/inst/clk_out1 | rv64im72f_5sp/ex_mem_register/MEM_alu_result_reg[13]_3        |                  |               32 |            128 |         4.00 |
|  clk_gen/inst/clk_out1 | rv64im72f_5sp/ex_mem_register/MEM_alu_result_reg[13]_4        |                  |               32 |            128 |         4.00 |
|  clk_gen/inst/clk_out1 | rv64im72f_5sp/ex_mem_register/MEM_alu_result_reg[13]_5        |                  |               32 |            128 |         4.00 |
|  clk_gen/inst/clk_out1 | rv64im72f_5sp/ex_mem_register/MEM_alu_result_reg[14]_0        |                  |               32 |            128 |         4.00 |
|  clk_gen/inst/clk_out1 | rv64im72f_5sp/ex_mem_register/MEM_alu_result_reg[14]_1        |                  |               32 |            128 |         4.00 |
|  clk_gen/inst/clk_out1 | rv64im72f_5sp/ex_mem_register/MEM_alu_result_reg[14]_2        |                  |               32 |            128 |         4.00 |
|  clk_gen/inst/clk_out1 | rv64im72f_5sp/ex_mem_register/MEM_alu_result_reg[14]_3        |                  |               32 |            128 |         4.00 |
|  clk_gen/inst/clk_out1 | rv64im72f_5sp/ex_mem_register/MEM_alu_result_reg[12]_3        |                  |               32 |            128 |         4.00 |
|  clk_gen/inst/clk_out1 | rv64im72f_5sp/ex_mem_register/MEM_alu_result_reg[12]_6        |                  |               32 |            128 |         4.00 |
|  clk_gen/inst/clk_out1 | rv64im72f_5sp/ex_mem_register/MEM_alu_result_reg[10]_rep__1_1 |                  |               32 |            128 |         4.00 |
|  clk_gen/inst/clk_out1 | rv64im72f_5sp/ex_mem_register/MEM_alu_result_reg[10]_rep__1_2 |                  |               32 |            128 |         4.00 |
|  clk_gen/inst/clk_out1 | rv64im72f_5sp/ex_mem_register/MEM_alu_result_reg[10]_rep__1_3 |                  |               32 |            128 |         4.00 |
|  clk_gen/inst/clk_out1 | rv64im72f_5sp/ex_mem_register/MEM_alu_result_reg[10]_rep__1_4 |                  |               32 |            128 |         4.00 |
|  clk_gen/inst/clk_out1 | rv64im72f_5sp/ex_mem_register/MEM_alu_result_reg[10]_rep__1_5 |                  |               32 |            128 |         4.00 |
|  clk_gen/inst/clk_out1 | rv64im72f_5sp/ex_mem_register/MEM_alu_result_reg[10]_rep__1_6 |                  |               32 |            128 |         4.00 |
|  clk_gen/inst/clk_out1 | rv64im72f_5sp/ex_mem_register/MEM_alu_result_reg[11]_rep_1    |                  |               32 |            128 |         4.00 |
|  clk_gen/inst/clk_out1 | rv64im72f_5sp/ex_mem_register/MEM_alu_result_reg[11]_rep_2    |                  |               32 |            128 |         4.00 |
|  clk_gen/inst/clk_out1 | rv64im72f_5sp/ex_mem_register/MEM_alu_result_reg[11]_rep_3    |                  |               32 |            128 |         4.00 |
|  clk_gen/inst/clk_out1 | rv64im72f_5sp/ex_mem_register/MEM_alu_result_reg[11]_rep_4    |                  |               32 |            128 |         4.00 |
|  clk_gen/inst/clk_out1 | rv64im72f_5sp/ex_mem_register/MEM_alu_result_reg[12]_7        |                  |               32 |            128 |         4.00 |
|  clk_gen/inst/clk_out1 | rv64im72f_5sp/ex_mem_register/MEM_alu_result_reg[11]_rep_5    |                  |               32 |            128 |         4.00 |
|  clk_gen/inst/clk_out1 | rv64im72f_5sp/ex_mem_register/MEM_alu_result_reg[11]_rep_6    |                  |               32 |            128 |         4.00 |
|  clk_gen/inst/clk_out1 | rv64im72f_5sp/ex_mem_register/MEM_alu_result_reg[11]_rep_7    |                  |               32 |            128 |         4.00 |
|  clk_gen/inst/clk_out1 | rv64im72f_5sp/ex_mem_register/MEM_alu_result_reg[11]_rep_8    |                  |               32 |            128 |         4.00 |
|  clk_gen/inst/clk_out1 | rv64im72f_5sp/ex_mem_register/MEM_alu_result_reg[12]_0        |                  |               32 |            128 |         4.00 |
|  clk_gen/inst/clk_out1 | rv64im72f_5sp/ex_mem_register/MEM_alu_result_reg[12]_1        |                  |               32 |            128 |         4.00 |
|  clk_gen/inst/clk_out1 | rv64im72f_5sp/ex_mem_register/MEM_alu_result_reg[12]_2        |                  |               32 |            128 |         4.00 |
|  clk_gen/inst/clk_out1 | rv64im72f_5sp/ex_mem_register/MEM_alu_result_reg[12]_4        |                  |               32 |            128 |         4.00 |
|  clk_gen/inst/clk_out1 | rv64im72f_5sp/ex_mem_register/MEM_alu_result_reg[12]_5        |                  |               32 |            128 |         4.00 |
|  clk_gen/inst/clk_out1 | rv64im72f_5sp/exception_detector/E[0]                         | internal_reset   |              145 |            375 |         2.59 |
|  clk_gen/inst/clk_out1 | cpu_clk_enable                                                | internal_reset   |              173 |            468 |         2.71 |
|  clk_gen/inst/clk_out1 | rv64im72f_5sp/exception_detector/cpu_clk_enable_reg[0]        | internal_reset   |              425 |            711 |         1.67 |
+------------------------+---------------------------------------------------------------+------------------+------------------+----------------+--------------+


