Vivado Simulator v2025.2
Copyright 1986-2022 Xilinx, Inc. All Rights Reserved.
Copyright 2022-2025 Advanced Micro Devices, Inc. All Rights Reserved.
Running: /tools/Xilinx/2025.2/Vivado/bin/unwrapped/lnx64.o/xelab --incr --debug typical --relax --mt 8 -L xil_defaultlib -L unisims_ver -L unimacro_ver -L secureip --snapshot RV64IM72F6SP_SoC_tb_behav xil_defaultlib.RV64IM72F6SP_SoC_tb xil_defaultlib.glbl -log elaborate.log 
Using 8 slave threads.
WARNING: [XSIM 43-3431] One or more environment variables have been detected which affect the operation of the C compiler. These are typically not set in standard installations and are not tested by AMD, however they may be appropriate for your system, so the flow will attempt to continue.  If errors occur, try running xelab with the "-mt off -v 1" switches to see more information from the C compiler. The following environment variables have been detected:
Starting static elaboration
Pass Through NonSizing Optimizer
Completed static elaboration
Starting simulation data flow analysis
WARNING: [XSIM 43-4099] "/home/khwl/Desktop/FPGA/RV64IM72F_6SP/RV64IM72F_6SP.srcs/sources_1/imports/RV64IM6SP_FPGA/modules/72F6SP_SoC_TOP.v" Line 6. Module RV64IM72F5SPSoCTOP doesn't have a timescale but at least one module in design has a timescale.
WARNING: [XSIM 43-4099] "/home/khwl/Desktop/FPGA/RV64IM72F_6SP/RV64IM72F_6SP.srcs/sources_1/imports/RV64IM6SP_FPGA/modules/Unified_UART_Controller.v" Line 1. Module UnifiedUARTController doesn't have a timescale but at least one module in design has a timescale.
WARNING: [XSIM 43-4099] "/home/khwl/Desktop/FPGA/RV64IM72F_6SP/RV64IM72F_6SP.srcs/sources_1/imports/RV64IM6SP_FPGA/modules/UART_TX.v" Line 1. Module UARTTX doesn't have a timescale but at least one module in design has a timescale.
WARNING: [XSIM 43-4099] "/home/khwl/Desktop/FPGA/RV64IM72F_6SP/RV64IM72F_6SP.srcs/sources_1/imports/RV64IM6SP_FPGA/modules/MMIO_Interface.v" Line 1. Module MMIOInterface doesn't have a timescale but at least one module in design has a timescale.
WARNING: [XSIM 43-4099] "/home/khwl/Desktop/FPGA/RV64IM72F_6SP/RV64IM72F_6SP.srcs/sources_1/imports/RV64IM6SP_FPGA/modules/RV64IM72F_6SP.v" Line 32. Module RV64IM72F6SP doesn't have a timescale but at least one module in design has a timescale.
WARNING: [XSIM 43-4099] "/home/khwl/Desktop/FPGA/RV64IM72F_6SP/RV64IM72F_6SP.srcs/sources_1/imports/RV64IM6SP_FPGA/modules/ALU.v" Line 9. Module ALU doesn't have a timescale but at least one module in design has a timescale.
WARNING: [XSIM 43-4099] "/home/khwl/Desktop/FPGA/RV64IM72F_6SP/RV64IM72F_6SP.srcs/sources_1/imports/RV64IM6SP_FPGA/modules/./ALU_WORD.v" Line 3. Module ALU_WORD doesn't have a timescale but at least one module in design has a timescale.
WARNING: [XSIM 43-4099] "/home/khwl/Desktop/FPGA/RV64IM72F_6SP/RV64IM72F_6SP.srcs/sources_1/imports/RV64IM6SP_FPGA/modules/./ALU_DWORD.v" Line 3. Module ALU_DWORD doesn't have a timescale but at least one module in design has a timescale.
WARNING: [XSIM 43-4099] "/home/khwl/Desktop/FPGA/RV64IM72F_6SP/RV64IM72F_6SP.srcs/sources_1/imports/RV64IM6SP_FPGA/modules/./Multiplier_WORD.v" Line 6. Module Multiplier_WORD doesn't have a timescale but at least one module in design has a timescale.
WARNING: [XSIM 43-4099] "/home/khwl/Desktop/FPGA/RV64IM72F_6SP/RV64IM72F_6SP.srcs/sources_1/imports/RV64IM6SP_FPGA/modules/./Multiplier_DWORD.v" Line 7. Module Multiplier_DWORD doesn't have a timescale but at least one module in design has a timescale.
WARNING: [XSIM 43-4099] "/home/khwl/Desktop/FPGA/RV64IM72F_6SP/RV64IM72F_6SP.srcs/sources_1/imports/RV64IM6SP_FPGA/modules/./Divider_WORD.v" Line 3. Module Divider_WORD doesn't have a timescale but at least one module in design has a timescale.
WARNING: [XSIM 43-4099] "/home/khwl/Desktop/FPGA/RV64IM72F_6SP/RV64IM72F_6SP.srcs/sources_1/imports/RV64IM6SP_FPGA/modules/./Divider_DWORD.v" Line 3. Module Divider_DWORD doesn't have a timescale but at least one module in design has a timescale.
WARNING: [XSIM 43-4099] "/home/khwl/Desktop/FPGA/RV64IM72F_6SP/RV64IM72F_6SP.srcs/sources_1/imports/RV64IM6SP_FPGA/modules/ALU_Controller.v" Line 9. Module ALUController doesn't have a timescale but at least one module in design has a timescale.
WARNING: [XSIM 43-4099] "/home/khwl/Desktop/FPGA/RV64IM72F_6SP/RV64IM72F_6SP.srcs/sources_1/imports/RV64IM6SP_FPGA/modules/Branch_Logic.v" Line 3. Module BranchLogic doesn't have a timescale but at least one module in design has a timescale.
WARNING: [XSIM 43-4099] "/home/khwl/Desktop/FPGA/RV64IM72F_6SP/RV64IM72F_6SP.srcs/sources_1/imports/RV64IM6SP_FPGA/modules/Branch_Predictor.v" Line 3. Module BranchPredictor doesn't have a timescale but at least one module in design has a timescale.
WARNING: [XSIM 43-4099] "/home/khwl/Desktop/FPGA/RV64IM72F_6SP/RV64IM72F_6SP.srcs/sources_1/imports/RV64IM6SP_FPGA/modules/Byte_Enable_Logic.v" Line 4. Module ByteEnableLogic doesn't have a timescale but at least one module in design has a timescale.
WARNING: [XSIM 43-4099] "/home/khwl/Desktop/FPGA/RV64IM72F_6SP/RV64IM72F_6SP.srcs/sources_1/imports/RV64IM6SP_FPGA/modules/Control_Unit.v" Line 7. Module ControlUnit doesn't have a timescale but at least one module in design has a timescale.
WARNING: [XSIM 43-4099] "/home/khwl/Desktop/FPGA/RV64IM72F_6SP/RV64IM72F_6SP.srcs/sources_1/imports/RV64IM6SP_FPGA/modules/CSR_File.v" Line 3. Module CSRFile_default doesn't have a timescale but at least one module in design has a timescale.
WARNING: [XSIM 43-4099] "/home/khwl/Desktop/FPGA/RV64IM72F_6SP/RV64IM72F_6SP.srcs/sources_1/imports/RV64IM6SP_FPGA/modules/Data_Memory.v" Line 1. Module DataMemory doesn't have a timescale but at least one module in design has a timescale.
WARNING: [XSIM 43-4099] "/home/khwl/Desktop/FPGA/RV64IM72F_6SP/RV64IM72F_6SP.srcs/sources_1/imports/RV64IM6SP_FPGA/modules/Exception_Detector.v" Line 6. Module ExceptionDetector doesn't have a timescale but at least one module in design has a timescale.
WARNING: [XSIM 43-4099] "/home/khwl/Desktop/FPGA/RV64IM72F_6SP/RV64IM72F_6SP.srcs/sources_1/imports/RV64IM6SP_FPGA/modules/Forward_Unit.v" Line 3. Module ForwardUnit doesn't have a timescale but at least one module in design has a timescale.
WARNING: [XSIM 43-4099] "/home/khwl/Desktop/FPGA/RV64IM72F_6SP/RV64IM72F_6SP.srcs/sources_1/imports/RV64IM6SP_FPGA/modules/Hazard_Unit.v" Line 5. Module HazardUnit doesn't have a timescale but at least one module in design has a timescale.
WARNING: [XSIM 43-4099] "/home/khwl/Desktop/FPGA/RV64IM72F_6SP/RV64IM72F_6SP.srcs/sources_1/imports/RV64IM6SP_FPGA/modules/Immediate_Generator.v" Line 3. Module ImmediateGenerator doesn't have a timescale but at least one module in design has a timescale.
WARNING: [XSIM 43-4099] "/home/khwl/Desktop/FPGA/RV64IM72F_6SP/RV64IM72F_6SP.srcs/sources_1/imports/RV64IM6SP_FPGA/modules/Instruction_Decoder.v" Line 5. Module InstructionDecoder doesn't have a timescale but at least one module in design has a timescale.
WARNING: [XSIM 43-4099] "/home/khwl/Desktop/FPGA/RV64IM72F_6SP/RV64IM72F_6SP.srcs/sources_1/imports/RV64IM6SP_FPGA/modules/Instruction_Memory.v" Line 10. Module InstructionMemory doesn't have a timescale but at least one module in design has a timescale.
WARNING: [XSIM 43-4099] "/home/khwl/Desktop/FPGA/RV64IM72F_6SP/RV64IM72F_6SP.srcs/sources_1/imports/RV64IM6SP_FPGA/modules/Program_Counter.v" Line 1. Module ProgramCounter doesn't have a timescale but at least one module in design has a timescale.
WARNING: [XSIM 43-4099] "/home/khwl/Desktop/FPGA/RV64IM72F_6SP/RV64IM72F_6SP.srcs/sources_1/imports/RV64IM6SP_FPGA/modules/PC_Plus_4.v" Line 1. Module PCPlus4 doesn't have a timescale but at least one module in design has a timescale.
WARNING: [XSIM 43-4099] "/home/khwl/Desktop/FPGA/RV64IM72F_6SP/RV64IM72F_6SP.srcs/sources_1/imports/RV64IM6SP_FPGA/modules/PC_Controller.v" Line 1. Module PCController doesn't have a timescale but at least one module in design has a timescale.
WARNING: [XSIM 43-4099] "/home/khwl/Desktop/FPGA/RV64IM72F_6SP/RV64IM72F_6SP.srcs/sources_1/imports/RV64IM6SP_FPGA/modules/./Register_File.v" Line 1. Module RegisterFile doesn't have a timescale but at least one module in design has a timescale.
WARNING: [XSIM 43-4099] "/home/khwl/Desktop/FPGA/RV64IM72F_6SP/RV64IM72F_6SP.srcs/sources_1/imports/RV64IM6SP_FPGA/modules/./Trap_Controller.v" Line 3. Module TrapController doesn't have a timescale but at least one module in design has a timescale.
WARNING: [XSIM 43-4099] "/home/khwl/Desktop/FPGA/RV64IM72F_6SP/RV64IM72F_6SP.srcs/sources_1/imports/RV64IM6SP_FPGA/modules/IF_ID_Register.v" Line 1. Module IF_ID_Register doesn't have a timescale but at least one module in design has a timescale.
WARNING: [XSIM 43-4099] "/home/khwl/Desktop/FPGA/RV64IM72F_6SP/RV64IM72F_6SP.srcs/sources_1/imports/RV64IM6SP_FPGA/modules/ID_EX_Register.v" Line 1. Module ID_EX_Register doesn't have a timescale but at least one module in design has a timescale.
WARNING: [XSIM 43-4099] "/home/khwl/Desktop/FPGA/RV64IM72F_6SP/RV64IM72F_6SP.srcs/sources_1/imports/RV64IM6SP_FPGA/modules/EX_EX2_Register.v" Line 1. Module EX_EX2_Register doesn't have a timescale but at least one module in design has a timescale.
WARNING: [XSIM 43-4099] "/home/khwl/Desktop/FPGA/RV64IM72F_6SP/RV64IM72F_6SP.srcs/sources_1/imports/RV64IM6SP_FPGA/modules/EX_MEM_Register.v" Line 1. Module EX_MEM_Register doesn't have a timescale but at least one module in design has a timescale.
WARNING: [XSIM 43-4099] "/home/khwl/Desktop/FPGA/RV64IM72F_6SP/RV64IM72F_6SP.srcs/sources_1/imports/RV64IM6SP_FPGA/modules/MEM_WB_Register.v" Line 1. Module MEM_WB_Register doesn't have a timescale but at least one module in design has a timescale.
Completed simulation data flow analysis
Time Resolution for simulation is 1ps
Compiling module unisims_ver.BUFG
Compiling module xil_defaultlib.UnifiedUARTController
Compiling module xil_defaultlib.UARTTX
Compiling module xil_defaultlib.MMIOInterface
Compiling module xil_defaultlib.ALU_WORD
Compiling module xil_defaultlib.ALU_DWORD
Compiling module xil_defaultlib.Multiplier_WORD
Compiling module xil_defaultlib.Multiplier_DWORD
Compiling module xil_defaultlib.Divider_WORD
Compiling module xil_defaultlib.Divider_DWORD
Compiling module xil_defaultlib.ALU
Compiling module xil_defaultlib.ALUController
Compiling module xil_defaultlib.BranchLogic
Compiling module xil_defaultlib.BranchPredictor
Compiling module xil_defaultlib.ByteEnableLogic
Compiling module xil_defaultlib.ControlUnit
Compiling module xil_defaultlib.CSRFile_default
Compiling module xil_defaultlib.DataMemory
Compiling module xil_defaultlib.ExceptionDetector
Compiling module xil_defaultlib.ForwardUnit
Compiling module xil_defaultlib.HazardUnit
Compiling module xil_defaultlib.ImmediateGenerator
Compiling module xil_defaultlib.InstructionDecoder
Compiling module xil_defaultlib.InstructionMemory
Compiling module xil_defaultlib.ProgramCounter
Compiling module xil_defaultlib.PCPlus4
Compiling module xil_defaultlib.PCController
Compiling module xil_defaultlib.RegisterFile
Compiling module xil_defaultlib.TrapController
Compiling module xil_defaultlib.IF_ID_Register
Compiling module xil_defaultlib.ID_EX_Register
Compiling module xil_defaultlib.EX_EX2_Register
Compiling module xil_defaultlib.EX_MEM_Register
Compiling module xil_defaultlib.MEM_WB_Register
Compiling module xil_defaultlib.RV64IM72F6SP
Compiling module xil_defaultlib.RV64IM72F5SPSoCTOP
Compiling module xil_defaultlib.RV64IM72F6SP_SoC_tb
Compiling module xil_defaultlib.glbl
Built simulation snapshot RV64IM72F6SP_SoC_tb_behav
