
*** Running vivado
    with args -log RV64IM72F8SPSoCTOP.vdi -applog -m64 -product Vivado -messageDb vivado.pb -mode batch -source RV64IM72F8SPSoCTOP.tcl -notrace


****** Vivado v2025.2 (64-bit)
  **** SW Build 6299465 on Fri Nov 14 12:34:56 MST 2025
  **** IP Build 6300035 on Fri Nov 14 10:48:45 MST 2025
  **** SharedData Build 6298862 on Thu Nov 13 04:50:51 MST 2025
  **** Start of session at: Wed Feb 25 10:54:48 2026
    ** Copyright 1986-2022 Xilinx, Inc. All Rights Reserved.
    ** Copyright 2022-2025 Advanced Micro Devices, Inc. All Rights Reserved.

source RV64IM72F8SPSoCTOP.tcl -notrace
Command: link_design -top RV64IM72F8SPSoCTOP -part xc7a200tsbg484-1
Design is defaulting to srcset: sources_1
Design is defaulting to constrset: constrs_1
INFO: [Device 21-403] Loading part xc7a200tsbg484-1
Netlist sorting complete. Time (s): cpu = 00:00:00.04 ; elapsed = 00:00:00.04 . Memory (MB): peak = 1790.164 ; gain = 0.000 ; free physical = 15844 ; free virtual = 32241
INFO: [Netlist 29-17] Analyzing 1794 Unisim elements for replacement
INFO: [Netlist 29-28] Unisim Transformation completed in 0 CPU seconds
INFO: [Project 1-479] Netlist was created with Vivado 2025.2
INFO: [Project 1-570] Preparing netlist for logic optimization
Parsing XDC File [/home/khwl/Desktop/RV-IM100/RV64s/SoCs/RV64IM_8SP/RV64IM72F_8SP_100MHz.srcs/constrs_1/imports/100MHz_RV64IM72F_8SP/RV64IM72F_5SP_Debug_XDC.xdc]
Finished Parsing XDC File [/home/khwl/Desktop/RV-IM100/RV64s/SoCs/RV64IM_8SP/RV64IM72F_8SP_100MHz.srcs/constrs_1/imports/100MHz_RV64IM72F_8SP/RV64IM72F_5SP_Debug_XDC.xdc]
INFO: [Opt 31-138] Pushed 0 inverter(s) to 0 load pin(s).
Netlist sorting complete. Time (s): cpu = 00:00:00 ; elapsed = 00:00:00 . Memory (MB): peak = 2002.582 ; gain = 0.000 ; free physical = 15715 ; free virtual = 32110
INFO: [Project 1-111] Unisim Transformation Summary:
  A total of 22 instances were transformed.
  RAM32M => RAM32M (RAMD32(x6), RAMS32(x2)): 22 instances

7 Infos, 0 Warnings, 0 Critical Warnings and 0 Errors encountered.
link_design completed successfully
Command: opt_design -directive Explore
INFO: [Vivado_Tcl 4-136] Directive used for opt_design is: Explore
Attempting to get a license for feature 'Implementation' and/or device 'xc7a200t'
INFO: [Common 17-349] Got license for feature 'Implementation' and/or device 'xc7a200t'
Running DRC as a precondition to command opt_design

Starting DRC Task
INFO: [DRC 23-27] Running DRC with 8 threads
INFO: [Project 1-461] DRC finished with 0 Errors
INFO: [Project 1-462] Please refer to the DRC report (report_drc) for more information.

Time (s): cpu = 00:00:00.58 ; elapsed = 00:00:00.22 . Memory (MB): peak = 2093.660 ; gain = 91.043 ; free physical = 15674 ; free virtual = 32069

Starting Logic Optimization Task

Phase 1 Initialization

Phase 1.1 Core Generation And Design Setup
Phase 1.1 Core Generation And Design Setup | Checksum: 1cd2f6333

Time (s): cpu = 00:00:00.01 ; elapsed = 00:00:00.01 . Memory (MB): peak = 2392.473 ; gain = 0.000 ; free physical = 15337 ; free virtual = 31732

Phase 1.2 Setup Constraints And Sort Netlist
Phase 1.2 Setup Constraints And Sort Netlist | Checksum: 1cd2f6333

Time (s): cpu = 00:00:00.01 ; elapsed = 00:00:00.01 . Memory (MB): peak = 2392.473 ; gain = 0.000 ; free physical = 15337 ; free virtual = 31732
Phase 1 Initialization | Checksum: 1cd2f6333

Time (s): cpu = 00:00:00.01 ; elapsed = 00:00:00.01 . Memory (MB): peak = 2392.473 ; gain = 0.000 ; free physical = 15337 ; free virtual = 31732

Phase 2 Timer Update And Timing Data Collection

Phase 2.1 Detect if minReqCache needed
Phase 2.1 Detect if minReqCache needed | Checksum: 1cd2f6333

Time (s): cpu = 00:00:00.02 ; elapsed = 00:00:00.02 . Memory (MB): peak = 2392.473 ; gain = 0.000 ; free physical = 15337 ; free virtual = 31732

Phase 2.2 Timer Update
INFO: [Timing 38-35] Done setting XDC timing constraints.
Phase 2.2 Timer Update | Checksum: 1cd2f6333

Time (s): cpu = 00:00:03 ; elapsed = 00:00:03 . Memory (MB): peak = 2887.465 ; gain = 494.992 ; free physical = 14949 ; free virtual = 31344

Phase 2.3 Timing Data Collection
Phase 2.3 Timing Data Collection | Checksum: 1cd2f6333

Time (s): cpu = 00:00:03 ; elapsed = 00:00:03 . Memory (MB): peak = 2887.465 ; gain = 494.992 ; free physical = 14946 ; free virtual = 31340
Phase 2 Timer Update And Timing Data Collection | Checksum: 1cd2f6333

Time (s): cpu = 00:00:03 ; elapsed = 00:00:03 . Memory (MB): peak = 2887.465 ; gain = 494.992 ; free physical = 14946 ; free virtual = 31340

Phase 3 Retarget
INFO: [Opt 31-1851] Number of loadless carry chains removed were: 0
INFO: [Opt 31-1834] Total Chains To Be Transformed Were: 0 AND Number of Transformed insts Created are: 0
INFO: [Opt 31-138] Pushed 0 inverter(s) to 0 load pin(s).
INFO: [Opt 31-49] Retargeted 0 cell(s).
Phase 3 Retarget | Checksum: 1ec22cc61

Time (s): cpu = 00:00:03 ; elapsed = 00:00:03 . Memory (MB): peak = 2887.465 ; gain = 494.992 ; free physical = 14945 ; free virtual = 31339
Retarget | Checksum: 1ec22cc61
INFO: [Opt 31-389] Phase Retarget created 0 cells and removed 2 cells

Phase 4 Constant propagation
INFO: [Opt 31-138] Pushed 0 inverter(s) to 0 load pin(s).
Phase 4 Constant propagation | Checksum: 27ba436b7

Time (s): cpu = 00:00:03 ; elapsed = 00:00:03 . Memory (MB): peak = 2887.465 ; gain = 494.992 ; free physical = 14945 ; free virtual = 31339
Constant propagation | Checksum: 27ba436b7
INFO: [Opt 31-389] Phase Constant propagation created 0 cells and removed 0 cells

Phase 5 Sweep
INFO: [Constraints 18-11670] Building netlist checker database with flags, 0x8
Done building netlist checker database: Time (s): cpu = 00:00:00 ; elapsed = 00:00:00.01 . Memory (MB): peak = 2887.465 ; gain = 0.000 ; free physical = 14945 ; free virtual = 31339
Phase 5 Sweep | Checksum: 27254bb2b

Time (s): cpu = 00:00:03 ; elapsed = 00:00:03 . Memory (MB): peak = 2887.465 ; gain = 494.992 ; free physical = 14945 ; free virtual = 31339
Sweep | Checksum: 27254bb2b
INFO: [Opt 31-389] Phase Sweep created 7 cells and removed 0 cells

Phase 6 BUFG optimization
Phase 6 BUFG optimization | Checksum: 27254bb2b

Time (s): cpu = 00:00:03 ; elapsed = 00:00:03 . Memory (MB): peak = 2919.480 ; gain = 527.008 ; free physical = 14946 ; free virtual = 31340
BUFG optimization | Checksum: 27254bb2b
INFO: [Opt 31-662] Phase BUFG optimization created 0 cells of which 0 are BUFGs and removed 0 cells.

Phase 7 Shift Register Optimization
INFO: [Opt 31-1064] SRL Remap converted 0 SRLs to 0 registers and converted 0 registers of register chains to 0 SRLs
Phase 7 Shift Register Optimization | Checksum: 27254bb2b

Time (s): cpu = 00:00:03 ; elapsed = 00:00:03 . Memory (MB): peak = 2919.480 ; gain = 527.008 ; free physical = 14946 ; free virtual = 31340
Shift Register Optimization | Checksum: 27254bb2b
INFO: [Opt 31-389] Phase Shift Register Optimization created 0 cells and removed 0 cells
INFO: [Opt 31-1555] control_set_opt supports Versal devices only, and device 7a200t is unsupported

Phase 8 Post Processing Netlist
Phase 8 Post Processing Netlist | Checksum: 257b71036

Time (s): cpu = 00:00:03 ; elapsed = 00:00:03 . Memory (MB): peak = 2919.480 ; gain = 527.008 ; free physical = 14946 ; free virtual = 31340
Post Processing Netlist | Checksum: 257b71036
INFO: [Opt 31-389] Phase Post Processing Netlist created 0 cells and removed 0 cells

Phase 9 Finalization

Phase 9.1 Finalizing Design Cores and Updating Shapes
Phase 9.1 Finalizing Design Cores and Updating Shapes | Checksum: 1e46c1925

Time (s): cpu = 00:00:03 ; elapsed = 00:00:03 . Memory (MB): peak = 2919.480 ; gain = 527.008 ; free physical = 14946 ; free virtual = 31340

Phase 9.2 Verifying Netlist Connectivity

Starting Connectivity Check Task

Time (s): cpu = 00:00:00.01 ; elapsed = 00:00:00.01 . Memory (MB): peak = 2919.480 ; gain = 0.000 ; free physical = 14946 ; free virtual = 31340
Phase 9.2 Verifying Netlist Connectivity | Checksum: 1e46c1925

Time (s): cpu = 00:00:03 ; elapsed = 00:00:03 . Memory (MB): peak = 2919.480 ; gain = 527.008 ; free physical = 14946 ; free virtual = 31340
Phase 9 Finalization | Checksum: 1e46c1925

Time (s): cpu = 00:00:03 ; elapsed = 00:00:03 . Memory (MB): peak = 2919.480 ; gain = 527.008 ; free physical = 14946 ; free virtual = 31340
Opt_design Change Summary
=========================


-------------------------------------------------------------------------------------------------------------------------
|  Phase                        |  #Cells created  |  #Cells Removed  |  #Constrained objects preventing optimizations  |
-------------------------------------------------------------------------------------------------------------------------
|  Retarget                     |               0  |               2  |                                              0  |
|  Constant propagation         |               0  |               0  |                                              0  |
|  Sweep                        |               7  |               0  |                                              0  |
|  BUFG optimization            |               0  |               0  |                                              0  |
|  Shift Register Optimization  |               0  |               0  |                                              0  |
|  Post Processing Netlist      |               0  |               0  |                                              0  |
-------------------------------------------------------------------------------------------------------------------------


Ending Logic Optimization Task | Checksum: 1e46c1925

Time (s): cpu = 00:00:03 ; elapsed = 00:00:03 . Memory (MB): peak = 2919.480 ; gain = 527.008 ; free physical = 14946 ; free virtual = 31340
Netlist sorting complete. Time (s): cpu = 00:00:00 ; elapsed = 00:00:00 . Memory (MB): peak = 2919.480 ; gain = 0.000 ; free physical = 14946 ; free virtual = 31340
INFO: [Common 17-83] Releasing license: Implementation
28 Infos, 0 Warnings, 0 Critical Warnings and 0 Errors encountered.
opt_design completed successfully
INFO: [Vivado 12-24828] Executing command : report_drc -file RV64IM72F8SPSoCTOP_drc_opted.rpt -pb RV64IM72F8SPSoCTOP_drc_opted.pb -rpx RV64IM72F8SPSoCTOP_drc_opted.rpx
Command: report_drc -file RV64IM72F8SPSoCTOP_drc_opted.rpt -pb RV64IM72F8SPSoCTOP_drc_opted.pb -rpx RV64IM72F8SPSoCTOP_drc_opted.rpx
INFO: [IP_Flow 19-234] Refreshing IP repositories
INFO: [IP_Flow 19-1704] No user IP repositories specified
INFO: [IP_Flow 19-2313] Loaded Vivado IP repository '/tools/Xilinx/2025.2/data/ip'.
INFO: [DRC 23-27] Running DRC with 8 threads
INFO: [Vivado_Tcl 2-168] The results of DRC are in file /home/khwl/Desktop/RV-IM100/RV64s/SoCs/RV64IM_8SP/RV64IM72F_8SP_100MHz.runs/impl_1/RV64IM72F8SPSoCTOP_drc_opted.rpt.
report_drc completed successfully
INFO: [Timing 38-480] Writing timing data to binary archive.
Wrote PlaceDB: Time (s): cpu = 00:00:00 ; elapsed = 00:00:00 . Memory (MB): peak = 2919.480 ; gain = 0.000 ; free physical = 14937 ; free virtual = 31332
Wrote PulsedLatchDB: Time (s): cpu = 00:00:00 ; elapsed = 00:00:00 . Memory (MB): peak = 2919.480 ; gain = 0.000 ; free physical = 14937 ; free virtual = 31332
Writing XDEF routing.
Write ShapeDB Complete: Time (s): cpu = 00:00:00.04 ; elapsed = 00:00:00.01 . Memory (MB): peak = 2919.480 ; gain = 0.000 ; free physical = 14937 ; free virtual = 31332
Writing XDEF routing logical nets.
Writing XDEF routing special nets.
Wrote RouteStorage: Time (s): cpu = 00:00:00.07 ; elapsed = 00:00:00.02 . Memory (MB): peak = 2919.480 ; gain = 0.000 ; free physical = 14937 ; free virtual = 31332
Wrote PlaceStorage: Time (s): cpu = 00:00:00 ; elapsed = 00:00:00 . Memory (MB): peak = 2919.480 ; gain = 0.000 ; free physical = 14937 ; free virtual = 31332
Wrote Netlist Cache: Time (s): cpu = 00:00:00 ; elapsed = 00:00:00 . Memory (MB): peak = 2919.480 ; gain = 0.000 ; free physical = 14937 ; free virtual = 31332
Wrote Device Cache: Time (s): cpu = 00:00:00.01 ; elapsed = 00:00:00 . Memory (MB): peak = 2919.480 ; gain = 0.000 ; free physical = 14937 ; free virtual = 31332
Write Physdb Complete: Time (s): cpu = 00:00:00.08 ; elapsed = 00:00:00.02 . Memory (MB): peak = 2919.480 ; gain = 0.000 ; free physical = 14937 ; free virtual = 31332
INFO: [Common 17-1381] The checkpoint '/home/khwl/Desktop/RV-IM100/RV64s/SoCs/RV64IM_8SP/RV64IM72F_8SP_100MHz.runs/impl_1/RV64IM72F8SPSoCTOP_opt.dcp' has been generated.
Command: place_design -directive Explore
Attempting to get a license for feature 'Implementation' and/or device 'xc7a200t'
INFO: [Common 17-349] Got license for feature 'Implementation' and/or device 'xc7a200t'
INFO: [Common 17-83] Releasing license: Implementation
INFO: [DRC 23-27] Running DRC with 8 threads
INFO: [Vivado_Tcl 4-198] DRC finished with 0 Errors
INFO: [Vivado_Tcl 4-199] Please refer to the DRC report (report_drc) for more information.
INFO: [Timing 38-35] Done setting XDC timing constraints.
INFO: [Vivado_Tcl 4-2302] The placer was invoked with the 'Explore' directive.
Running DRC as a precondition to command place_design
INFO: [DRC 23-27] Running DRC with 8 threads
INFO: [Vivado_Tcl 4-198] DRC finished with 0 Errors, 21 Warnings
INFO: [Vivado_Tcl 4-199] Please refer to the DRC report (report_drc) for more information.
INFO: [Place 30-611] Multithreading enabled for place_design using a maximum of 8 CPUs

Starting Placer Task

Phase 1 Placer Initialization

Phase 1.1 Placer Initialization Netlist Sorting
Netlist sorting complete. Time (s): cpu = 00:00:00.01 ; elapsed = 00:00:00 . Memory (MB): peak = 2919.480 ; gain = 0.000 ; free physical = 14929 ; free virtual = 31325
Phase 1.1 Placer Initialization Netlist Sorting | Checksum: 1d80227ed

Time (s): cpu = 00:00:00.01 ; elapsed = 00:00:00.01 . Memory (MB): peak = 2919.480 ; gain = 0.000 ; free physical = 14929 ; free virtual = 31325
Netlist sorting complete. Time (s): cpu = 00:00:00 ; elapsed = 00:00:00 . Memory (MB): peak = 2919.480 ; gain = 0.000 ; free physical = 14929 ; free virtual = 31325

Phase 1.2 IO Placement/ Clock Placement/ Build Placer Device
Phase 1.2 IO Placement/ Clock Placement/ Build Placer Device | Checksum: 1ce01c807

Time (s): cpu = 00:00:00.56 ; elapsed = 00:00:00.23 . Memory (MB): peak = 2919.480 ; gain = 0.000 ; free physical = 14928 ; free virtual = 31325

Phase 1.3 Build Placer Netlist Model
Phase 1.3 Build Placer Netlist Model | Checksum: 24df4126c

Time (s): cpu = 00:00:03 ; elapsed = 00:00:01 . Memory (MB): peak = 2958.523 ; gain = 39.043 ; free physical = 14924 ; free virtual = 31323

Phase 1.4 Constrain Clocks/Macros
Phase 1.4 Constrain Clocks/Macros | Checksum: 24df4126c

Time (s): cpu = 00:00:03 ; elapsed = 00:00:01 . Memory (MB): peak = 2958.523 ; gain = 39.043 ; free physical = 14924 ; free virtual = 31323
Phase 1 Placer Initialization | Checksum: 24df4126c

Time (s): cpu = 00:00:03 ; elapsed = 00:00:01 . Memory (MB): peak = 2958.523 ; gain = 39.043 ; free physical = 14924 ; free virtual = 31323

Phase 2 Global Placement

Phase 2.1 Floorplanning
Phase 2.1 Floorplanning | Checksum: 20fbf3359

Time (s): cpu = 00:00:05 ; elapsed = 00:00:02 . Memory (MB): peak = 2958.523 ; gain = 39.043 ; free physical = 14948 ; free virtual = 31347

Phase 2.2 Update Timing before SLR Path Opt
Phase 2.2 Update Timing before SLR Path Opt | Checksum: 2a2cbbab1

Time (s): cpu = 00:00:06 ; elapsed = 00:00:02 . Memory (MB): peak = 2958.523 ; gain = 39.043 ; free physical = 14951 ; free virtual = 31350

Phase 2.3 Post-Processing in Floorplanning
Phase 2.3 Post-Processing in Floorplanning | Checksum: 29c8043c5

Time (s): cpu = 00:00:06 ; elapsed = 00:00:02 . Memory (MB): peak = 2958.523 ; gain = 39.043 ; free physical = 14951 ; free virtual = 31350

Phase 2.4 Global Place Phase1
Phase 2.4 Global Place Phase1 | Checksum: 2bd46c951

Time (s): cpu = 00:00:17 ; elapsed = 00:00:05 . Memory (MB): peak = 2966.527 ; gain = 47.047 ; free physical = 14964 ; free virtual = 31361

Phase 2.5 Global Place Phase2

Phase 2.5.1 UpdateTiming Before Physical Synthesis
Phase 2.5.1 UpdateTiming Before Physical Synthesis | Checksum: 2a466f5cd

Time (s): cpu = 00:00:18 ; elapsed = 00:00:06 . Memory (MB): peak = 2966.527 ; gain = 47.047 ; free physical = 14963 ; free virtual = 31360

Phase 2.5.2 Physical Synthesis In Placer
INFO: [Physopt 32-1035] Found 0 LUTNM shape to break, 1325 LUT instances to create LUTNM shape
INFO: [Physopt 32-1044] Break lutnm for timing: one critical 0, two critical 0, total 0, new lutff created 0
INFO: [Physopt 32-1138] End 1 Pass. Optimized 593 nets or LUTs. Breaked 0 LUT, combined 593 existing LUTs and moved 0 existing LUT
INFO: [Physopt 32-1408] Pass 1. Identified 1 candidate net for high-fanout optimization.
INFO: [Physopt 32-81] Processed net internal_reset. Replicated 13 times.
INFO: [Physopt 32-232] Optimized 1 net. Created 13 new instances.
INFO: [Physopt 32-775] End 1 Pass. Optimized 1 net or cell. Created 13 new cells, deleted 0 existing cell and moved 0 existing cell
Netlist sorting complete. Time (s): cpu = 00:00:00.01 ; elapsed = 00:00:00.02 . Memory (MB): peak = 2966.527 ; gain = 0.000 ; free physical = 14963 ; free virtual = 31360
INFO: [Physopt 32-457] Pass 1. Identified 1 candidate cell for DSP register optimization.
INFO: [Physopt 32-665] Processed cell rv64im72f_6sp/alu/multiplier_dword/mult_ALBL__2. 47 registers were pushed out.
INFO: [Physopt 32-775] End 2 Pass. Optimized 1 net or cell. Created 47 new cells, deleted 0 existing cell and moved 0 existing cell
Netlist sorting complete. Time (s): cpu = 00:00:00.01 ; elapsed = 00:00:00 . Memory (MB): peak = 2966.527 ; gain = 0.000 ; free physical = 14963 ; free virtual = 31360
INFO: [Physopt 32-1123] No candidate cells found for Shift Register to Pipeline optimization
INFO: [Physopt 32-775] End 2 Pass. Optimized 0 net or cell. Created 0 new cell, deleted 0 existing cell and moved 0 existing cell
INFO: [Physopt 32-1401] No candidate cells found for Shift Register optimization.
INFO: [Physopt 32-677] No candidate cells for Shift Register optimization found in the design
INFO: [Physopt 32-775] End 1 Pass. Optimized 0 net or cell. Created 0 new cell, deleted 0 existing cell and moved 0 existing cell
INFO: [Physopt 32-526] No candidate cells for BRAM register optimization found in the design
INFO: [Physopt 32-775] End 1 Pass. Optimized 0 net or cell. Created 0 new cell, deleted 0 existing cell and moved 0 existing cell
INFO: [Physopt 32-846] No candidate cells for URAM register optimization found in the design
INFO: [Physopt 32-775] End 1 Pass. Optimized 0 net or cell. Created 0 new cell, deleted 0 existing cell and moved 0 existing cell
INFO: [Physopt 32-846] No candidate cells for URAM register optimization found in the design
INFO: [Physopt 32-775] End 1 Pass. Optimized 0 net or cell. Created 0 new cell, deleted 0 existing cell and moved 0 existing cell
INFO: [Physopt 32-949] No candidate nets found for dynamic/static region interface net replication
INFO: [Physopt 32-775] End 1 Pass. Optimized 0 net or cell. Created 0 new cell, deleted 0 existing cell and moved 0 existing cell
Netlist sorting complete. Time (s): cpu = 00:00:00 ; elapsed = 00:00:00 . Memory (MB): peak = 2966.527 ; gain = 0.000 ; free physical = 14963 ; free virtual = 31360

Summary of Physical Synthesis Optimizations
============================================


-----------------------------------------------------------------------------------------------------------------------------------------------------------
|  Optimization                                     |  Added Cells  |  Removed Cells  |  Optimized Cells/Nets  |  Dont Touch  |  Iterations  |  Elapsed   |
-----------------------------------------------------------------------------------------------------------------------------------------------------------
|  LUT Combining                                    |            0  |            593  |                   593  |           0  |           1  |  00:00:00  |
|  Retime                                           |            0  |              0  |                     0  |           0  |           1  |  00:00:00  |
|  Very High Fanout                                 |           13  |              0  |                     1  |           0  |           1  |  00:00:00  |
|  DSP Register                                     |           47  |              0  |                     1  |           0  |           1  |  00:00:00  |
|  Shift Register to Pipeline                       |            0  |              0  |                     0  |           0  |           1  |  00:00:00  |
|  Shift Register                                   |            0  |              0  |                     0  |           0  |           1  |  00:00:00  |
|  BRAM Register                                    |            0  |              0  |                     0  |           0  |           1  |  00:00:00  |
|  URAM Register                                    |            0  |              0  |                     0  |           0  |           1  |  00:00:00  |
|  Dynamic/Static Region Interface Net Replication  |            0  |              0  |                     0  |           0  |           1  |  00:00:00  |
|  Total                                            |           60  |            593  |                   595  |           0  |           9  |  00:00:00  |
-----------------------------------------------------------------------------------------------------------------------------------------------------------


Phase 2.5.2 Physical Synthesis In Placer | Checksum: 1f91b046e

Time (s): cpu = 00:00:20 ; elapsed = 00:00:07 . Memory (MB): peak = 2966.527 ; gain = 47.047 ; free physical = 14963 ; free virtual = 31360
Phase 2.5 Global Place Phase2 | Checksum: 231ab98f6

Time (s): cpu = 00:00:21 ; elapsed = 00:00:07 . Memory (MB): peak = 2966.527 ; gain = 47.047 ; free physical = 14963 ; free virtual = 31360
Phase 2 Global Placement | Checksum: 231ab98f6

Time (s): cpu = 00:00:21 ; elapsed = 00:00:07 . Memory (MB): peak = 2966.527 ; gain = 47.047 ; free physical = 14963 ; free virtual = 31360

Phase 3 Detail Placement

Phase 3.1 Commit Multi Column Macros
Phase 3.1 Commit Multi Column Macros | Checksum: 1653c8cec

Time (s): cpu = 00:00:22 ; elapsed = 00:00:07 . Memory (MB): peak = 2966.527 ; gain = 47.047 ; free physical = 14962 ; free virtual = 31359

Phase 3.2 Commit Most Macros & LUTRAMs
Phase 3.2 Commit Most Macros & LUTRAMs | Checksum: 2ba357a0c

Time (s): cpu = 00:00:25 ; elapsed = 00:00:08 . Memory (MB): peak = 2966.527 ; gain = 47.047 ; free physical = 14963 ; free virtual = 31360

Phase 3.3 Area Swap Optimization
Phase 3.3 Area Swap Optimization | Checksum: 20939d8fa

Time (s): cpu = 00:00:25 ; elapsed = 00:00:08 . Memory (MB): peak = 2966.527 ; gain = 47.047 ; free physical = 14963 ; free virtual = 31360

Phase 3.4 Pipeline Register Optimization
Phase 3.4 Pipeline Register Optimization | Checksum: 1e03c3365

Time (s): cpu = 00:00:25 ; elapsed = 00:00:08 . Memory (MB): peak = 2966.527 ; gain = 47.047 ; free physical = 14963 ; free virtual = 31360

Phase 3.5 Fast Optimization
Phase 3.5 Fast Optimization | Checksum: 2aae60b91

Time (s): cpu = 00:00:28 ; elapsed = 00:00:09 . Memory (MB): peak = 2966.527 ; gain = 47.047 ; free physical = 14969 ; free virtual = 31366

Phase 3.6 Small Shape Detail Placement
Phase 3.6 Small Shape Detail Placement | Checksum: 2cc68dd4b

Time (s): cpu = 00:00:31 ; elapsed = 00:00:11 . Memory (MB): peak = 2966.527 ; gain = 47.047 ; free physical = 14958 ; free virtual = 31355

Phase 3.7 Re-assign LUT pins
Phase 3.7 Re-assign LUT pins | Checksum: 2bd796a77

Time (s): cpu = 00:00:31 ; elapsed = 00:00:11 . Memory (MB): peak = 2966.527 ; gain = 47.047 ; free physical = 14958 ; free virtual = 31355

Phase 3.8 Pipeline Register Optimization
Phase 3.8 Pipeline Register Optimization | Checksum: 2f55513cd

Time (s): cpu = 00:00:31 ; elapsed = 00:00:11 . Memory (MB): peak = 2966.527 ; gain = 47.047 ; free physical = 14958 ; free virtual = 31355
Phase 3 Detail Placement | Checksum: 2f55513cd

Time (s): cpu = 00:00:31 ; elapsed = 00:00:11 . Memory (MB): peak = 2966.527 ; gain = 47.047 ; free physical = 14958 ; free virtual = 31355

Phase 4 Post Placement Optimization and Clean-Up

Phase 4.1 Post Commit Optimization
INFO: [Timing 38-35] Done setting XDC timing constraints.

Phase 4.1.1 Post Placement Optimization
Post Placement Optimization Initialization | Checksum: 26f5c458f

Phase 4.1.1.1 BUFG Insertion

Starting Physical Synthesis Task

Phase 1 Physical Synthesis Initialization
INFO: [Physopt 32-721] Multithreading enabled for phys_opt_design using a maximum of 8 CPUs
INFO: [Physopt 32-619] Estimated Timing Summary | WNS=-0.895 | TNS=-2.986 |
Phase 1 Physical Synthesis Initialization | Checksum: fe8dd4c9

Time (s): cpu = 00:00:00.25 ; elapsed = 00:00:00.07 . Memory (MB): peak = 2966.527 ; gain = 0.000 ; free physical = 14957 ; free virtual = 31354
INFO: [Place 46-33] Processed net rv64im72f_6sp/exception_detector/cpu_clk_enable_reg_0, BUFG insertion was skipped due to placement/routing conflicts.
INFO: [Place 46-56] BUFG insertion identified 1 candidate nets. Inserted BUFG: 0, Replicated BUFG Driver: 0, Skipped due to Placement/Routing Conflicts: 1, Skipped due to Timing Degradation: 0, Skipped due to netlist editing failed: 0.
Ending Physical Synthesis Task | Checksum: 233ec6380

Time (s): cpu = 00:00:00.34 ; elapsed = 00:00:00.14 . Memory (MB): peak = 2966.527 ; gain = 0.000 ; free physical = 14957 ; free virtual = 31354
Phase 4.1.1.1 BUFG Insertion | Checksum: 26f5c458f

Time (s): cpu = 00:00:35 ; elapsed = 00:00:12 . Memory (MB): peak = 2966.527 ; gain = 47.047 ; free physical = 14957 ; free virtual = 31354

Phase 4.1.1.2 Post Placement Timing Optimization
INFO: [Place 30-746] Post Placement Timing Summary WNS=0.431. For the most accurate timing information please run report_timing.
Phase 4.1.1.2 Post Placement Timing Optimization | Checksum: 21a957231

Time (s): cpu = 00:00:52 ; elapsed = 00:00:24 . Memory (MB): peak = 2966.527 ; gain = 47.047 ; free physical = 14958 ; free virtual = 31355

Time (s): cpu = 00:00:52 ; elapsed = 00:00:24 . Memory (MB): peak = 2966.527 ; gain = 47.047 ; free physical = 14958 ; free virtual = 31355
Phase 4.1 Post Commit Optimization | Checksum: 21a957231

Time (s): cpu = 00:00:52 ; elapsed = 00:00:24 . Memory (MB): peak = 2966.527 ; gain = 47.047 ; free physical = 14958 ; free virtual = 31355

Phase 4.2 Post Placement Cleanup
Phase 4.2 Post Placement Cleanup | Checksum: 21a957231

Time (s): cpu = 00:00:52 ; elapsed = 00:00:24 . Memory (MB): peak = 2966.527 ; gain = 47.047 ; free physical = 14958 ; free virtual = 31355

Phase 4.3 Placer Reporting

Phase 4.3.1 Print Estimated Congestion
INFO: [Place 30-612] Post-Placement Estimated Congestion 
 ____________________________________________________
|           | Global Congestion | Short Congestion  |
| Direction | Region Size       | Region Size       |
|___________|___________________|___________________|
|      North|                1x1|                4x4|
|___________|___________________|___________________|
|      South|                1x1|                2x2|
|___________|___________________|___________________|
|       East|                1x1|                1x1|
|___________|___________________|___________________|
|       West|                1x1|                1x1|
|___________|___________________|___________________|

Phase 4.3.1 Print Estimated Congestion | Checksum: 21a957231

Time (s): cpu = 00:00:52 ; elapsed = 00:00:24 . Memory (MB): peak = 2966.527 ; gain = 47.047 ; free physical = 14958 ; free virtual = 31355
Phase 4.3 Placer Reporting | Checksum: 21a957231

Time (s): cpu = 00:00:53 ; elapsed = 00:00:24 . Memory (MB): peak = 2966.527 ; gain = 47.047 ; free physical = 14958 ; free virtual = 31355

Phase 4.4 Final Placement Cleanup
Netlist sorting complete. Time (s): cpu = 00:00:00 ; elapsed = 00:00:00 . Memory (MB): peak = 2966.527 ; gain = 0.000 ; free physical = 14958 ; free virtual = 31355

Time (s): cpu = 00:00:53 ; elapsed = 00:00:24 . Memory (MB): peak = 2966.527 ; gain = 47.047 ; free physical = 14958 ; free virtual = 31355
Phase 4 Post Placement Optimization and Clean-Up | Checksum: 231e4a91b

Time (s): cpu = 00:00:53 ; elapsed = 00:00:24 . Memory (MB): peak = 2966.527 ; gain = 47.047 ; free physical = 14958 ; free virtual = 31355
Ending Placer Task | Checksum: 16a0c8ce7

Time (s): cpu = 00:00:53 ; elapsed = 00:00:24 . Memory (MB): peak = 2966.527 ; gain = 47.047 ; free physical = 14958 ; free virtual = 31355
77 Infos, 0 Warnings, 0 Critical Warnings and 0 Errors encountered.
place_design completed successfully
place_design: Time (s): cpu = 00:00:54 ; elapsed = 00:00:25 . Memory (MB): peak = 2966.527 ; gain = 47.047 ; free physical = 14958 ; free virtual = 31355
INFO: [Vivado 12-24838] Running report commands "report_control_sets, report_io, report_utilization" in parallel.
Running report generation with 3 threads.
INFO: [Vivado 12-24828] Executing command : report_control_sets -verbose -file RV64IM72F8SPSoCTOP_control_sets_placed.rpt
report_control_sets: Time (s): cpu = 00:00:00.09 ; elapsed = 00:00:00.04 . Memory (MB): peak = 2966.527 ; gain = 0.000 ; free physical = 14953 ; free virtual = 31350
INFO: [Vivado 12-24828] Executing command : report_io -file RV64IM72F8SPSoCTOP_io_placed.rpt
report_io: Time (s): cpu = 00:00:00.15 ; elapsed = 00:00:00.09 . Memory (MB): peak = 2966.527 ; gain = 0.000 ; free physical = 14954 ; free virtual = 31351
INFO: [Vivado 12-24828] Executing command : report_utilization -file RV64IM72F8SPSoCTOP_utilization_placed.rpt -pb RV64IM72F8SPSoCTOP_utilization_placed.pb
INFO: [Timing 38-480] Writing timing data to binary archive.
Wrote PlaceDB: Time (s): cpu = 00:00:00 ; elapsed = 00:00:00 . Memory (MB): peak = 2966.527 ; gain = 0.000 ; free physical = 14955 ; free virtual = 31352
Wrote PulsedLatchDB: Time (s): cpu = 00:00:00 ; elapsed = 00:00:00 . Memory (MB): peak = 2966.527 ; gain = 0.000 ; free physical = 14955 ; free virtual = 31352
Writing XDEF routing.
Writing XDEF routing logical nets.
Write ShapeDB Complete: Time (s): cpu = 00:00:00.07 ; elapsed = 00:00:00.01 . Memory (MB): peak = 2966.527 ; gain = 0.000 ; free physical = 14952 ; free virtual = 31350
Writing XDEF routing special nets.
Wrote RouteStorage: Time (s): cpu = 00:00:00.08 ; elapsed = 00:00:00.01 . Memory (MB): peak = 2966.527 ; gain = 0.000 ; free physical = 14952 ; free virtual = 31350
Wrote PlaceStorage: Time (s): cpu = 00:00:00.52 ; elapsed = 00:00:00.22 . Memory (MB): peak = 2966.527 ; gain = 0.000 ; free physical = 14925 ; free virtual = 31336
Wrote Netlist Cache: Time (s): cpu = 00:00:00.01 ; elapsed = 00:00:00.01 . Memory (MB): peak = 2966.527 ; gain = 0.000 ; free physical = 14917 ; free virtual = 31329
Wrote Device Cache: Time (s): cpu = 00:00:00 ; elapsed = 00:00:00 . Memory (MB): peak = 2966.527 ; gain = 0.000 ; free physical = 14917 ; free virtual = 31330
Write Physdb Complete: Time (s): cpu = 00:00:00.62 ; elapsed = 00:00:00.25 . Memory (MB): peak = 2966.527 ; gain = 0.000 ; free physical = 14917 ; free virtual = 31330
INFO: [Common 17-1381] The checkpoint '/home/khwl/Desktop/RV-IM100/RV64s/SoCs/RV64IM_8SP/RV64IM72F_8SP_100MHz.runs/impl_1/RV64IM72F8SPSoCTOP_placed.dcp' has been generated.
Command: phys_opt_design -directive Explore
Attempting to get a license for feature 'Implementation' and/or device 'xc7a200t'
INFO: [Common 17-349] Got license for feature 'Implementation' and/or device 'xc7a200t'
INFO: [Vivado_Tcl 4-137] Directive used for phys_opt_design is: Explore

Starting Initial Update Timing Task

Time (s): cpu = 00:00:04 ; elapsed = 00:00:00.69 . Memory (MB): peak = 2966.527 ; gain = 0.000 ; free physical = 14918 ; free virtual = 31320
INFO: [Vivado_Tcl 4-2279] Estimated Timing Summary | WNS= 0.431 | TNS= 0.000 | 
INFO: [Vivado_Tcl 4-383] Design worst setup slack (WNS) is greater than or equal to 0.000 ns. All physical synthesis setup optimizations will be skipped.
INFO: [Vivado_Tcl 4-232] No setup violation found. The netlist was not modified.
INFO: [Common 17-83] Releasing license: Implementation
89 Infos, 0 Warnings, 0 Critical Warnings and 0 Errors encountered.
phys_opt_design completed successfully
INFO: [Timing 38-480] Writing timing data to binary archive.
Wrote PlaceDB: Time (s): cpu = 00:00:00 ; elapsed = 00:00:00 . Memory (MB): peak = 2966.527 ; gain = 0.000 ; free physical = 14918 ; free virtual = 31320
Wrote PulsedLatchDB: Time (s): cpu = 00:00:00 ; elapsed = 00:00:00 . Memory (MB): peak = 2966.527 ; gain = 0.000 ; free physical = 14918 ; free virtual = 31320
Writing XDEF routing.
Writing XDEF routing logical nets.
Write ShapeDB Complete: Time (s): cpu = 00:00:00.06 ; elapsed = 00:00:00.02 . Memory (MB): peak = 2966.527 ; gain = 0.000 ; free physical = 14918 ; free virtual = 31320
Writing XDEF routing special nets.
Wrote RouteStorage: Time (s): cpu = 00:00:00.07 ; elapsed = 00:00:00.02 . Memory (MB): peak = 2966.527 ; gain = 0.000 ; free physical = 14918 ; free virtual = 31320
Wrote PlaceStorage: Time (s): cpu = 00:00:00.52 ; elapsed = 00:00:00.22 . Memory (MB): peak = 2966.527 ; gain = 0.000 ; free physical = 14909 ; free virtual = 31324
Wrote Netlist Cache: Time (s): cpu = 00:00:00 ; elapsed = 00:00:00.01 . Memory (MB): peak = 2966.527 ; gain = 0.000 ; free physical = 14909 ; free virtual = 31325
Wrote Device Cache: Time (s): cpu = 00:00:00.01 ; elapsed = 00:00:00 . Memory (MB): peak = 2966.527 ; gain = 0.000 ; free physical = 14901 ; free virtual = 31318
Write Physdb Complete: Time (s): cpu = 00:00:00.6 ; elapsed = 00:00:00.25 . Memory (MB): peak = 2966.527 ; gain = 0.000 ; free physical = 14901 ; free virtual = 31318
INFO: [Common 17-1381] The checkpoint '/home/khwl/Desktop/RV-IM100/RV64s/SoCs/RV64IM_8SP/RV64IM72F_8SP_100MHz.runs/impl_1/RV64IM72F8SPSoCTOP_physopt.dcp' has been generated.
Command: route_design -directive Explore -tns_cleanup
Attempting to get a license for feature 'Implementation' and/or device 'xc7a200t'
INFO: [Common 17-349] Got license for feature 'Implementation' and/or device 'xc7a200t'


Starting Routing Task
INFO: [Route 35-270] Using Router directive 'Explore'.
INFO: [Route 35-254] Multithreading enabled for route_design using a maximum of 8 CPUs

Phase 1 Build RT Design
Checksum: PlaceDB: 19791865 ConstDB: 0 ShapeSum: b878891e RouteDB: 981aeb64
Post Restoration Checksum: NetGraph: 93fc6df4 | NumContArr: 7168702b | Constraints: c2a8fa9d | Timing: c2a8fa9d
Phase 1 Build RT Design | Checksum: 28ab6d359

Time (s): cpu = 00:00:27 ; elapsed = 00:00:19 . Memory (MB): peak = 3026.578 ; gain = 60.051 ; free physical = 14769 ; free virtual = 31176

Phase 2 Router Initialization

Phase 2.1 Fix Topology Constraints
Phase 2.1 Fix Topology Constraints | Checksum: 28ab6d359

Time (s): cpu = 00:00:27 ; elapsed = 00:00:19 . Memory (MB): peak = 3026.578 ; gain = 60.051 ; free physical = 14769 ; free virtual = 31176

Phase 2.2 Pre Route Cleanup
Phase 2.2 Pre Route Cleanup | Checksum: 28ab6d359

Time (s): cpu = 00:00:27 ; elapsed = 00:00:19 . Memory (MB): peak = 3026.578 ; gain = 60.051 ; free physical = 14769 ; free virtual = 31176
 Number of Nodes with overlaps = 0

Phase 2.3 Update Timing
Phase 2.3 Update Timing | Checksum: 2ab36f38d

Time (s): cpu = 00:00:34 ; elapsed = 00:00:20 . Memory (MB): peak = 3095.336 ; gain = 128.809 ; free physical = 14695 ; free virtual = 31101
INFO: [Route 35-416] Intermediate Timing Summary | WNS=0.468  | TNS=0.000  | WHS=-0.194 | THS=-58.475|


Phase 2.4 Soft Constraint Pins - Fast Budgeting
Phase 2.4 Soft Constraint Pins - Fast Budgeting | Checksum: 27bae2ef5

Time (s): cpu = 00:00:35 ; elapsed = 00:00:20 . Memory (MB): peak = 3095.336 ; gain = 128.809 ; free physical = 14695 ; free virtual = 31102

Router Utilization Summary
  Global Vertical Routing Utilization    = 0 %
  Global Horizontal Routing Utilization  = 0 %
  Routable Net Status*
  *Does not include unroutable nets such as driverless and loadless.
  Run report_route_status for detailed report.
  Number of Failed Nets               = 13273
    (Failed Nets is the sum of unrouted and partially routed nets)
  Number of Unrouted Nets             = 13273
  Number of Partially Routed Nets     = 0
  Number of Node Overlaps             = 0

Phase 2 Router Initialization | Checksum: 1d9e4b366

Time (s): cpu = 00:00:36 ; elapsed = 00:00:21 . Memory (MB): peak = 3113.812 ; gain = 147.285 ; free physical = 14680 ; free virtual = 31086

Phase 3 Global Routing
Phase 3 Global Routing | Checksum: 1d9e4b366

Time (s): cpu = 00:00:36 ; elapsed = 00:00:21 . Memory (MB): peak = 3113.812 ; gain = 147.285 ; free physical = 14680 ; free virtual = 31086

Phase 4 Initial Routing

Phase 4.1 Initial Net Routing Pass
Phase 4.1 Initial Net Routing Pass | Checksum: 27e7bcd0d

Time (s): cpu = 00:00:39 ; elapsed = 00:00:21 . Memory (MB): peak = 3113.812 ; gain = 147.285 ; free physical = 14679 ; free virtual = 31086
Phase 4 Initial Routing | Checksum: 27e7bcd0d

Time (s): cpu = 00:00:39 ; elapsed = 00:00:21 . Memory (MB): peak = 3113.812 ; gain = 147.285 ; free physical = 14679 ; free virtual = 31086

Phase 5 Rip-up And Reroute

Phase 5.1 Global Iteration 0
 Number of Nodes with overlaps = 4310
 Number of Nodes with overlaps = 946
 Number of Nodes with overlaps = 291
 Number of Nodes with overlaps = 107
 Number of Nodes with overlaps = 49
 Number of Nodes with overlaps = 22
 Number of Nodes with overlaps = 9
 Number of Nodes with overlaps = 1
 Number of Nodes with overlaps = 1
 Number of Nodes with overlaps = 0
INFO: [Route 35-416] Intermediate Timing Summary | WNS=0.107  | TNS=0.000  | WHS=N/A    | THS=N/A    |

Phase 5.1 Global Iteration 0 | Checksum: 1dce31b31

Time (s): cpu = 00:00:58 ; elapsed = 00:00:33 . Memory (MB): peak = 3113.812 ; gain = 147.285 ; free physical = 14684 ; free virtual = 31090
Phase 5 Rip-up And Reroute | Checksum: 1dce31b31

Time (s): cpu = 00:00:58 ; elapsed = 00:00:33 . Memory (MB): peak = 3113.812 ; gain = 147.285 ; free physical = 14684 ; free virtual = 31090

Phase 6 Delay and Skew Optimization

Phase 6.1 TNS Cleanup

Phase 6.1.1 Delay CleanUp

Phase 6.1.1.1 Update Timing
Phase 6.1.1.1 Update Timing | Checksum: 211d7a634

Time (s): cpu = 00:00:58 ; elapsed = 00:00:34 . Memory (MB): peak = 3113.812 ; gain = 147.285 ; free physical = 14684 ; free virtual = 31090
INFO: [Route 35-416] Intermediate Timing Summary | WNS=0.187  | TNS=0.000  | WHS=N/A    | THS=N/A    |

Phase 6.1.1 Delay CleanUp | Checksum: 211d7a634

Time (s): cpu = 00:00:58 ; elapsed = 00:00:34 . Memory (MB): peak = 3113.812 ; gain = 147.285 ; free physical = 14684 ; free virtual = 31090
Phase 6.1 TNS Cleanup | Checksum: 211d7a634

Time (s): cpu = 00:00:58 ; elapsed = 00:00:34 . Memory (MB): peak = 3113.812 ; gain = 147.285 ; free physical = 14684 ; free virtual = 31090

Phase 6.2 Clock Skew Optimization
Phase 6.2 Clock Skew Optimization | Checksum: 211d7a634

Time (s): cpu = 00:00:58 ; elapsed = 00:00:34 . Memory (MB): peak = 3113.812 ; gain = 147.285 ; free physical = 14684 ; free virtual = 31090
Phase 6 Delay and Skew Optimization | Checksum: 211d7a634

Time (s): cpu = 00:00:59 ; elapsed = 00:00:34 . Memory (MB): peak = 3113.812 ; gain = 147.285 ; free physical = 14684 ; free virtual = 31090

Phase 7 Post Hold Fix

Phase 7.1 Hold Fix Iter
INFO: [Route 35-416] Intermediate Timing Summary | WNS=0.187  | TNS=0.000  | WHS=-1.555 | THS=-1.555 |

Phase 7.1 Hold Fix Iter | Checksum: 26483e1ca

Time (s): cpu = 00:00:59 ; elapsed = 00:00:34 . Memory (MB): peak = 3113.812 ; gain = 147.285 ; free physical = 14684 ; free virtual = 31090

Phase 7.2 Non Free Resource Hold Fix Iter
Phase 7.2 Non Free Resource Hold Fix Iter | Checksum: 1ca3d56de

Time (s): cpu = 00:00:59 ; elapsed = 00:00:34 . Memory (MB): peak = 3113.812 ; gain = 147.285 ; free physical = 14684 ; free virtual = 31090
Phase 7 Post Hold Fix | Checksum: 1ca3d56de

Time (s): cpu = 00:00:59 ; elapsed = 00:00:34 . Memory (MB): peak = 3113.812 ; gain = 147.285 ; free physical = 14684 ; free virtual = 31090

Phase 8 Timing Verification

Phase 8.1 Update Timing
Phase 8.1 Update Timing | Checksum: 250976fb6

Time (s): cpu = 00:01:00 ; elapsed = 00:00:34 . Memory (MB): peak = 3113.812 ; gain = 147.285 ; free physical = 14684 ; free virtual = 31090
INFO: [Route 35-416] Intermediate Timing Summary | WNS=0.187  | TNS=0.000  | WHS=0.050  | THS=0.000  |

Phase 8 Timing Verification | Checksum: 250976fb6

Time (s): cpu = 00:01:00 ; elapsed = 00:00:34 . Memory (MB): peak = 3113.812 ; gain = 147.285 ; free physical = 14684 ; free virtual = 31090

Phase 9 Route finalize

Router Utilization Summary
  Global Vertical Routing Utilization    = 2.04363 %
  Global Horizontal Routing Utilization  = 2.32016 %
  Routable Net Status*
  *Does not include unroutable nets such as driverless and loadless.
  Run report_route_status for detailed report.
  Number of Failed Nets               = 0
    (Failed Nets is the sum of unrouted and partially routed nets)
  Number of Unrouted Nets             = 0
  Number of Partially Routed Nets     = 0
  Number of Node Overlaps             = 0

Phase 9 Route finalize | Checksum: 250976fb6

Time (s): cpu = 00:01:00 ; elapsed = 00:00:34 . Memory (MB): peak = 3113.812 ; gain = 147.285 ; free physical = 14684 ; free virtual = 31090

Phase 10 Verifying routed nets

 Verification completed successfully
Phase 10 Verifying routed nets | Checksum: 250976fb6

Time (s): cpu = 00:01:00 ; elapsed = 00:00:34 . Memory (MB): peak = 3113.812 ; gain = 147.285 ; free physical = 14684 ; free virtual = 31090

Phase 11 Depositing Routes
Phase 11 Depositing Routes | Checksum: 2373a1b58

Time (s): cpu = 00:01:01 ; elapsed = 00:00:34 . Memory (MB): peak = 3113.812 ; gain = 147.285 ; free physical = 14684 ; free virtual = 31090

Phase 12 Post Process Routing
Phase 12 Post Process Routing | Checksum: 2373a1b58

Time (s): cpu = 00:01:01 ; elapsed = 00:00:34 . Memory (MB): peak = 3113.812 ; gain = 147.285 ; free physical = 14684 ; free virtual = 31090

Phase 13 Post Router Timing
INFO: [Route 35-20] Post Routing Timing Summary | WNS=0.189  | TNS=0.000  | WHS=0.050  | THS=0.000  |

Phase 13 Post Router Timing | Checksum: 267a0edb5

Time (s): cpu = 00:01:07 ; elapsed = 00:00:35 . Memory (MB): peak = 3113.812 ; gain = 147.285 ; free physical = 14685 ; free virtual = 31091
INFO: [Route 35-61] The design met the timing requirement.
Total Elapsed time in route_design: 35.37 secs

Phase 14 Post-Route Event Processing
Phase 14 Post-Route Event Processing | Checksum: 17235fa98

Time (s): cpu = 00:01:07 ; elapsed = 00:00:35 . Memory (MB): peak = 3113.812 ; gain = 147.285 ; free physical = 14685 ; free virtual = 31091
INFO: [Route 35-16] Router Completed Successfully
Ending Routing Task | Checksum: 17235fa98

Time (s): cpu = 00:01:07 ; elapsed = 00:00:35 . Memory (MB): peak = 3113.812 ; gain = 147.285 ; free physical = 14685 ; free virtual = 31091

Routing Is Done.
INFO: [Common 17-83] Releasing license: Implementation
103 Infos, 0 Warnings, 0 Critical Warnings and 0 Errors encountered.
route_design completed successfully
route_design: Time (s): cpu = 00:01:07 ; elapsed = 00:00:36 . Memory (MB): peak = 3113.812 ; gain = 147.285 ; free physical = 14685 ; free virtual = 31092
INFO: [Vivado 12-24828] Executing command : report_drc -file RV64IM72F8SPSoCTOP_drc_routed.rpt -pb RV64IM72F8SPSoCTOP_drc_routed.pb -rpx RV64IM72F8SPSoCTOP_drc_routed.rpx
Command: report_drc -file RV64IM72F8SPSoCTOP_drc_routed.rpt -pb RV64IM72F8SPSoCTOP_drc_routed.pb -rpx RV64IM72F8SPSoCTOP_drc_routed.rpx
INFO: [IP_Flow 19-1839] IP Catalog is up to date.
INFO: [DRC 23-27] Running DRC with 8 threads
INFO: [Vivado_Tcl 2-168] The results of DRC are in file /home/khwl/Desktop/RV-IM100/RV64s/SoCs/RV64IM_8SP/RV64IM72F_8SP_100MHz.runs/impl_1/RV64IM72F8SPSoCTOP_drc_routed.rpt.
report_drc completed successfully
INFO: [Vivado 12-24828] Executing command : report_methodology -file RV64IM72F8SPSoCTOP_methodology_drc_routed.rpt -pb RV64IM72F8SPSoCTOP_methodology_drc_routed.pb -rpx RV64IM72F8SPSoCTOP_methodology_drc_routed.rpx
Command: report_methodology -file RV64IM72F8SPSoCTOP_methodology_drc_routed.rpt -pb RV64IM72F8SPSoCTOP_methodology_drc_routed.pb -rpx RV64IM72F8SPSoCTOP_methodology_drc_routed.rpx
INFO: [Timing 38-35] Done setting XDC timing constraints.
INFO: [DRC 23-133] Running Methodology with 8 threads
INFO: [Vivado_Tcl 2-1520] The results of Report Methodology are in file /home/khwl/Desktop/RV-IM100/RV64s/SoCs/RV64IM_8SP/RV64IM72F_8SP_100MHz.runs/impl_1/RV64IM72F8SPSoCTOP_methodology_drc_routed.rpt.
report_methodology completed successfully
INFO: [Vivado 12-24828] Executing command : report_timing_summary -max_paths 10 -routable_nets -report_unconstrained -file RV64IM72F8SPSoCTOP_timing_summary_routed.rpt -pb RV64IM72F8SPSoCTOP_timing_summary_routed.pb -rpx RV64IM72F8SPSoCTOP_timing_summary_routed.rpx
INFO: [Timing 38-35] Done setting XDC timing constraints.
INFO: [Timing 38-91] UpdateTimingParams: Speed grade: -1, Delay Type: min_max.
INFO: [Timing 38-191] Multithreading enabled for timing update using a maximum of 8 CPUs
INFO: [Vivado 12-24838] Running report commands "report_bus_skew, report_incremental_reuse, report_route_status" in parallel.
Running report generation with 3 threads.
INFO: [Vivado 12-24828] Executing command : report_incremental_reuse -file RV64IM72F8SPSoCTOP_incremental_reuse_routed.rpt
INFO: [Vivado_Tcl 4-1062] Incremental flow is disabled. No incremental reuse Info to report.
INFO: [Vivado 12-24828] Executing command : report_bus_skew -warn_on_violation -file RV64IM72F8SPSoCTOP_bus_skew_routed.rpt -pb RV64IM72F8SPSoCTOP_bus_skew_routed.pb -rpx RV64IM72F8SPSoCTOP_bus_skew_routed.rpx
INFO: [Timing 38-91] UpdateTimingParams: Speed grade: -1, Delay Type: min_max.
INFO: [Timing 38-191] Multithreading enabled for timing update using a maximum of 8 CPUs
INFO: [Vivado 12-24828] Executing command : report_route_status -file RV64IM72F8SPSoCTOP_route_status.rpt -pb RV64IM72F8SPSoCTOP_route_status.pb
INFO: [Vivado 12-24828] Executing command : report_power -file RV64IM72F8SPSoCTOP_power_routed.rpt -pb RV64IM72F8SPSoCTOP_power_summary_routed.pb -rpx RV64IM72F8SPSoCTOP_power_routed.rpx
Command: report_power -file RV64IM72F8SPSoCTOP_power_routed.rpt -pb RV64IM72F8SPSoCTOP_power_summary_routed.pb -rpx RV64IM72F8SPSoCTOP_power_routed.rpx
Running Vector-less Activity Propagation...

Finished Running Vector-less Activity Propagation
123 Infos, 0 Warnings, 0 Critical Warnings and 0 Errors encountered.
report_power completed successfully
INFO: [Vivado 12-24828] Executing command : report_clock_utilization -file RV64IM72F8SPSoCTOP_clock_utilization_routed.rpt
INFO: [Timing 38-480] Writing timing data to binary archive.
Wrote PlaceDB: Time (s): cpu = 00:00:00 ; elapsed = 00:00:00 . Memory (MB): peak = 3153.859 ; gain = 0.000 ; free physical = 14684 ; free virtual = 31098
Wrote PulsedLatchDB: Time (s): cpu = 00:00:00 ; elapsed = 00:00:00 . Memory (MB): peak = 3153.859 ; gain = 0.000 ; free physical = 14684 ; free virtual = 31098
Writing XDEF routing.
Writing XDEF routing logical nets.
Write ShapeDB Complete: Time (s): cpu = 00:00:00.07 ; elapsed = 00:00:00.01 . Memory (MB): peak = 3153.859 ; gain = 0.000 ; free physical = 14683 ; free virtual = 31098
Writing XDEF routing special nets.
Wrote RouteStorage: Time (s): cpu = 00:00:00.32 ; elapsed = 00:00:00.06 . Memory (MB): peak = 3153.859 ; gain = 0.000 ; free physical = 14679 ; free virtual = 31099
Wrote PlaceStorage: Time (s): cpu = 00:00:00.38 ; elapsed = 00:00:00.22 . Memory (MB): peak = 3153.859 ; gain = 0.000 ; free physical = 14670 ; free virtual = 31101
Wrote Netlist Cache: Time (s): cpu = 00:00:00.01 ; elapsed = 00:00:00.01 . Memory (MB): peak = 3153.859 ; gain = 0.000 ; free physical = 14670 ; free virtual = 31102
Wrote Device Cache: Time (s): cpu = 00:00:00 ; elapsed = 00:00:00 . Memory (MB): peak = 3153.859 ; gain = 0.000 ; free physical = 14670 ; free virtual = 31102
Write Physdb Complete: Time (s): cpu = 00:00:00.71 ; elapsed = 00:00:00.3 . Memory (MB): peak = 3153.859 ; gain = 0.000 ; free physical = 14670 ; free virtual = 31102
INFO: [Common 17-1381] The checkpoint '/home/khwl/Desktop/RV-IM100/RV64s/SoCs/RV64IM_8SP/RV64IM72F_8SP_100MHz.runs/impl_1/RV64IM72F8SPSoCTOP_routed.dcp' has been generated.
Command: phys_opt_design -directive Explore
Attempting to get a license for feature 'Implementation' and/or device 'xc7a200t'
INFO: [Common 17-349] Got license for feature 'Implementation' and/or device 'xc7a200t'
INFO: [Vivado_Tcl 4-241] Physical synthesis in post route mode 
INFO: [Vivado_Tcl 4-137] Directive used for phys_opt_design is: Explore
INFO: [Vivado_Tcl 4-2279] Estimated Timing Summary | WNS= 0.189 | TNS= 0.000 | 
INFO: [Vivado_Tcl 4-383] Design worst setup slack (WNS) is greater than or equal to 0.000 ns. All physical synthesis setup optimizations will be skipped.
INFO: [Vivado_Tcl 4-232] No setup violation found. The netlist was not modified.
INFO: [Common 17-83] Releasing license: Implementation
133 Infos, 0 Warnings, 0 Critical Warnings and 0 Errors encountered.
phys_opt_design completed successfully
INFO: [Vivado 12-24828] Executing command : report_timing_summary -max_paths 10 -report_unconstrained -warn_on_violation -file RV64IM72F8SPSoCTOP_timing_summary_postroute_physopted.rpt -pb RV64IM72F8SPSoCTOP_timing_summary_postroute_physopted.pb -rpx RV64IM72F8SPSoCTOP_timing_summary_postroute_physopted.rpx
INFO: [Timing 38-91] UpdateTimingParams: Speed grade: -1, Delay Type: min_max.
INFO: [Timing 38-191] Multithreading enabled for timing update using a maximum of 8 CPUs
INFO: [Vivado 12-24828] Executing command : report_bus_skew -warn_on_violation -file RV64IM72F8SPSoCTOP_bus_skew_postroute_physopted.rpt -pb RV64IM72F8SPSoCTOP_bus_skew_postroute_physopted.pb -rpx RV64IM72F8SPSoCTOP_bus_skew_postroute_physopted.rpx
INFO: [Timing 38-91] UpdateTimingParams: Speed grade: -1, Delay Type: min_max.
INFO: [Timing 38-191] Multithreading enabled for timing update using a maximum of 8 CPUs
INFO: [Timing 38-480] Writing timing data to binary archive.
Wrote PlaceDB: Time (s): cpu = 00:00:00 ; elapsed = 00:00:00 . Memory (MB): peak = 3153.859 ; gain = 0.000 ; free physical = 14655 ; free virtual = 31075
Wrote PulsedLatchDB: Time (s): cpu = 00:00:00 ; elapsed = 00:00:00 . Memory (MB): peak = 3153.859 ; gain = 0.000 ; free physical = 14655 ; free virtual = 31075
Writing XDEF routing.
Writing XDEF routing logical nets.
Write ShapeDB Complete: Time (s): cpu = 00:00:00.07 ; elapsed = 00:00:00.01 . Memory (MB): peak = 3153.859 ; gain = 0.000 ; free physical = 14654 ; free virtual = 31075
Writing XDEF routing special nets.
Wrote RouteStorage: Time (s): cpu = 00:00:00.34 ; elapsed = 00:00:00.07 . Memory (MB): peak = 3153.859 ; gain = 0.000 ; free physical = 14654 ; free virtual = 31081
Wrote PlaceStorage: Time (s): cpu = 00:00:00.38 ; elapsed = 00:00:00.21 . Memory (MB): peak = 3153.859 ; gain = 0.000 ; free physical = 14645 ; free virtual = 31082
Wrote Netlist Cache: Time (s): cpu = 00:00:00.01 ; elapsed = 00:00:00.01 . Memory (MB): peak = 3153.859 ; gain = 0.000 ; free physical = 14637 ; free virtual = 31076
Wrote Device Cache: Time (s): cpu = 00:00:00 ; elapsed = 00:00:00 . Memory (MB): peak = 3153.859 ; gain = 0.000 ; free physical = 14637 ; free virtual = 31076
Write Physdb Complete: Time (s): cpu = 00:00:00.73 ; elapsed = 00:00:00.3 . Memory (MB): peak = 3153.859 ; gain = 0.000 ; free physical = 14637 ; free virtual = 31076
INFO: [Common 17-1381] The checkpoint '/home/khwl/Desktop/RV-IM100/RV64s/SoCs/RV64IM_8SP/RV64IM72F_8SP_100MHz.runs/impl_1/RV64IM72F8SPSoCTOP_postroute_physopt.dcp' has been generated.
INFO: [Common 17-206] Exiting Vivado at Wed Feb 25 10:56:07 2026...

*** Running vivado
    with args -log RV64IM72F8SPSoCTOP.vdi -applog -m64 -product Vivado -messageDb vivado.pb -mode batch -source RV64IM72F8SPSoCTOP.tcl -notrace


****** Vivado v2025.2 (64-bit)
  **** SW Build 6299465 on Fri Nov 14 12:34:56 MST 2025
  **** IP Build 6300035 on Fri Nov 14 10:48:45 MST 2025
  **** SharedData Build 6298862 on Thu Nov 13 04:50:51 MST 2025
  **** Start of session at: Wed Feb 25 10:56:58 2026
    ** Copyright 1986-2022 Xilinx, Inc. All Rights Reserved.
    ** Copyright 2022-2025 Advanced Micro Devices, Inc. All Rights Reserved.

source RV64IM72F8SPSoCTOP.tcl -notrace
Command: open_checkpoint RV64IM72F8SPSoCTOP_postroute_physopt.dcp
INFO: [Device 21-403] Loading part xc7a200tsbg484-1
Netlist sorting complete. Time (s): cpu = 00:00:00.03 ; elapsed = 00:00:00.03 . Memory (MB): peak = 1791.844 ; gain = 0.000 ; free physical = 15827 ; free virtual = 32330
INFO: [Netlist 29-17] Analyzing 1794 Unisim elements for replacement
INFO: [Netlist 29-28] Unisim Transformation completed in 0 CPU seconds
INFO: [Project 1-479] Netlist was created with Vivado 2025.2
INFO: [Project 1-570] Preparing netlist for logic optimization
Read ShapeDB Complete: Time (s): cpu = 00:00:00.01 ; elapsed = 00:00:00.01 . Memory (MB): peak = 1879.562 ; gain = 3.000 ; free physical = 15641 ; free virtual = 32155
INFO: [Timing 38-478] Restoring timing data from binary archive.
INFO: [Timing 38-479] Binary timing data restore complete.
INFO: [Project 1-856] Restoring constraints from binary archive.
INFO: [Project 1-853] Binary constraint restore complete.
INFO: [Designutils 20-5722] Start Reading Physical Databases.
Reading placement.
Read Netlist Cache: Time (s): cpu = 00:00:00.01 ; elapsed = 00:00:00.01 . Memory (MB): peak = 2497.195 ; gain = 0.000 ; free physical = 15056 ; free virtual = 31490
Reading placer database...
Read Device Cache: Time (s): cpu = 00:00:00 ; elapsed = 00:00:00 . Memory (MB): peak = 2497.195 ; gain = 0.000 ; free physical = 15056 ; free virtual = 31490
Read PlaceDB: Time (s): cpu = 00:00:00 ; elapsed = 00:00:00 . Memory (MB): peak = 2497.195 ; gain = 0.000 ; free physical = 15056 ; free virtual = 31490
Read placeStorage: Time (s): cpu = 00:00:00.14 ; elapsed = 00:00:00.14 . Memory (MB): peak = 2497.195 ; gain = 0.000 ; free physical = 15048 ; free virtual = 31483
Read PulsedLatchDB: Time (s): cpu = 00:00:00 ; elapsed = 00:00:00 . Memory (MB): peak = 2497.195 ; gain = 0.000 ; free physical = 15048 ; free virtual = 31483
Reading routing.
Read RouteStorage: Time (s): cpu = 00:00:00.14 ; elapsed = 00:00:00.04 . Memory (MB): peak = 2497.195 ; gain = 0.000 ; free physical = 15040 ; free virtual = 31475
Read Physdb Files: Time (s): cpu = 00:00:00.29 ; elapsed = 00:00:00.2 . Memory (MB): peak = 2497.195 ; gain = 0.000 ; free physical = 15040 ; free virtual = 31475
Restored from archive | CPU: 0.300000 secs | Memory: 14.632736 MB |
Finished XDEF File Restore: Time (s): cpu = 00:00:00.3 ; elapsed = 00:00:00.22 . Memory (MB): peak = 2497.195 ; gain = 5.938 ; free physical = 15040 ; free virtual = 31475
Netlist sorting complete. Time (s): cpu = 00:00:00 ; elapsed = 00:00:00 . Memory (MB): peak = 2497.195 ; gain = 0.000 ; free physical = 15040 ; free virtual = 31474
INFO: [Project 1-111] Unisim Transformation Summary:
  A total of 22 instances were transformed.
  RAM32M => RAM32M (RAMD32(x6), RAMS32(x2)): 22 instances

INFO: [Project 1-604] Checkpoint was created with Vivado v2025.2 (64-bit) build 6299465
open_checkpoint: Time (s): cpu = 00:00:09 ; elapsed = 00:00:06 . Memory (MB): peak = 2505.230 ; gain = 1008.414 ; free physical = 15037 ; free virtual = 31471
Command: write_bitstream -force RV64IM72F8SPSoCTOP.bit
Attempting to get a license for feature 'Implementation' and/or device 'xc7a200t'
INFO: [Common 17-349] Got license for feature 'Implementation' and/or device 'xc7a200t'
Running DRC as a precondition to command write_bitstream
INFO: [IP_Flow 19-234] Refreshing IP repositories
INFO: [IP_Flow 19-1704] No user IP repositories specified
INFO: [IP_Flow 19-2313] Loaded Vivado IP repository '/tools/Xilinx/2025.2/data/ip'.
INFO: [DRC 23-27] Running DRC with 8 threads
INFO: [Vivado 12-3199] DRC finished with 0 Errors
INFO: [Vivado 12-3200] Please refer to the DRC report (report_drc) for more information.
Integrating Hard IP ELF/MEM with the PDI.
INFO: [Designutils 20-2272] Running write_bitstream with 8 threads.
Loading data files...
Loading site data...
Loading route data...
Processing options...
Creating bitmap...
Creating bitstream...
Bitstream compression saved 63096416 bits.
Writing bitstream ./RV64IM72F8SPSoCTOP.bit...
INFO: [Vivado 12-1842] Bitgen Completed Successfully.
INFO: [Common 17-83] Releasing license: Implementation
22 Infos, 0 Warnings, 0 Critical Warnings and 0 Errors encountered.
write_bitstream completed successfully
write_bitstream: Time (s): cpu = 00:00:13 ; elapsed = 00:00:25 . Memory (MB): peak = 3058.719 ; gain = 553.488 ; free physical = 14565 ; free virtual = 30994
INFO: [Common 17-206] Exiting Vivado at Wed Feb 25 10:57:30 2026...
