Copyright 1986-2022 Xilinx, Inc. All Rights Reserved. Copyright 2022-2025 Advanced Micro Devices, Inc. All Rights Reserved.
---------------------------------------------------------------------------------------------------------------------------------------------
| Tool Version : Vivado v.2025.2 (lin64) Build 6299465 Fri Nov 14 12:34:56 MST 2025
| Date         : Wed Feb 25 10:55:23 2026
| Host         : khwl-ThinkPad-X1-Carbon-Gen-13 running 64-bit Ubuntu 24.04.3 LTS
| Command      : report_control_sets -verbose -file RV64IM72F8SPSoCTOP_control_sets_placed.rpt
| Design       : RV64IM72F8SPSoCTOP
| Device       : xc7a200t
---------------------------------------------------------------------------------------------------------------------------------------------

Control Set Information

Table of Contents
-----------------
1. Summary
2. Histogram
3. Flip-Flop Distribution
4. Detailed Control Set Information

1. Summary
----------

+----------------------------------------------------------+-------+
|                          Status                          | Count |
+----------------------------------------------------------+-------+
| Total control sets                                       |    97 |
|    Minimum number of control sets                        |    14 |
|    Addition due to synthesis replication                 |     0 |
|    Addition due to physical synthesis replication        |    83 |
| Unused register locations in slices containing registers |   339 |
+----------------------------------------------------------+-------+
* Control sets can be merged at opt_design using control_set_merge or merge_equivalent_drivers
** Run report_qor_suggestions for automated merging and remapping suggestions


2. Histogram
------------

+--------------------+-------+
|       Fanout       | Count |
+--------------------+-------+
| Total control sets |    97 |
| >= 0 to < 4        |    12 |
| >= 4 to < 6        |     7 |
| >= 6 to < 8        |     5 |
| >= 8 to < 10       |     7 |
| >= 10 to < 12      |     3 |
| >= 12 to < 14      |     3 |
| >= 14 to < 16      |     7 |
| >= 16              |    53 |
+--------------------+-------+
* Control sets can be remapped at either synth_design or opt_design


3. Flip-Flop Distribution
-------------------------

+--------------+-----------------------+------------------------+-----------------+--------------+
| Clock Enable | Synchronous Set/Reset | Asynchronous Set/Reset | Total Registers | Total Slices |
+--------------+-----------------------+------------------------+-----------------+--------------+
| No           | No                    | No                     |               6 |            4 |
| No           | No                    | Yes                    |              63 |           40 |
| No           | Yes                   | No                     |               0 |            0 |
| Yes          | No                    | No                     |              68 |           21 |
| Yes          | No                    | Yes                    |            1804 |          727 |
| Yes          | Yes                   | No                     |            2488 |          773 |
+--------------+-----------------------+------------------------+-----------------+--------------+


4. Detailed Control Set Information
-----------------------------------

+----------------+------------------------------------------------------------------+--------------------------------------------------------------+------------------+----------------+--------------+
|  Clock Signal  |                           Enable Signal                          |                       Set/Reset Signal                       | Slice Load Count | Bel Load Count | Bels / Slice |
+----------------+------------------------------------------------------------------+--------------------------------------------------------------+------------------+----------------+--------------+
|  clk_IBUF_BUFG | uart_tx/tx_i_1_n_0                                               | internal_reset_repN_9                                        |                1 |              1 |         1.00 |
|  clk_IBUF_BUFG | cpu_clk_enable                                                   | internal_reset                                               |                1 |              1 |         1.00 |
|  clk_IBUF_BUFG | rv64im72f_6sp/exr_ex_register/cpu_clk_enable_reg_0[0]            | internal_reset_repN                                          |                1 |              1 |         1.00 |
|  clk_IBUF_BUFG | rv64im72f_6sp/csr_file/minstret[0]                               | internal_reset_repN_9                                        |                1 |              1 |         1.00 |
|  clk_IBUF_BUFG | rv64im72f_6sp/alu/multiplier_word/FSM_onehot_stage[3]_i_1__0_n_0 | internal_reset_repN_12                                       |                1 |              1 |         1.00 |
|  clk_IBUF_BUFG | rv64im72f_6sp/exr_ex_register/E[0]                               | internal_reset_repN_12                                       |                1 |              2 |         2.00 |
|  clk_IBUF_BUFG | rv64im72f_6sp/exr_ex_register/cpu_clk_enable_reg[0]              | internal_reset_repN_11                                       |                2 |              2 |         1.00 |
|  clk_IBUF_BUFG | rv64im72f_6sp/exr_ex_register/cpu_clk_enable_reg_0[0]            | internal_reset_repN_6                                        |                2 |              2 |         1.00 |
|  clk_IBUF_BUFG | cpu_clk_enable                                                   | internal_reset_repN_12                                       |                1 |              2 |         2.00 |
|  clk_IBUF_BUFG |                                                                  | internal_reset_repN_7                                        |                1 |              2 |         2.00 |
|  clk_IBUF_BUFG | rv64im72f_6sp/alu/divider_dword/quotient_reg[63]_i_1_n_0         | internal_reset_repN_6                                        |                2 |              3 |         1.50 |
|  clk_IBUF_BUFG | rv64im72f_6sp/alu/multiplier_word/FSM_onehot_stage[3]_i_1__0_n_0 | internal_reset_repN_11                                       |                1 |              3 |         3.00 |
|  clk_IBUF_BUFG | rv64im72f_6sp/alu/divider_dword/FSM_onehot_state[3]_i_1__0_n_0   | internal_reset_repN_2                                        |                2 |              4 |         2.00 |
|  clk_IBUF_BUFG | rv64im72f_6sp/alu/multiplier_dword/FSM_onehot_stage[3]_i_1_n_0   | internal_reset_repN_12                                       |                1 |              4 |         4.00 |
|  clk_IBUF_BUFG | rv64im72f_6sp/alu/divider_word/FSM_onehot_state[3]_i_1_n_0       | internal_reset_repN_12                                       |                1 |              4 |         4.00 |
|  clk_IBUF_BUFG |                                                                  | internal_reset_repN_12                                       |                3 |              4 |         1.33 |
|  clk_IBUF_BUFG | uart_tx/bit_counter[3]_i_1__1_n_0                                | internal_reset_repN_9                                        |                1 |              4 |         4.00 |
|  clk_IBUF_BUFG | rv64im72f_6sp/exr_ex_register/cpu_clk_enable_reg_0[0]            | internal_reset_repN_4                                        |                4 |              4 |         1.00 |
|  clk_IBUF_BUFG |                                                                  | internal_reset_repN                                          |                4 |              5 |         1.25 |
|  clk_IBUF_BUFG | rv64im72f_6sp/exr_ex_register/cpu_clk_enable_reg_1[0]            | internal_reset_repN_12                                       |                2 |              6 |         3.00 |
|  clk_IBUF_BUFG | rv64im72f_6sp/alu/divider_dword/quotient_sign4_out               | internal_reset_repN_4                                        |                3 |              6 |         2.00 |
|  clk_IBUF_BUFG | rv64im72f_6sp/alu/divider_word/bit_counter[5]_i_1_n_0            | internal_reset_repN_8                                        |                3 |              6 |         2.00 |
|  clk_IBUF_BUFG |                                                                  |                                                              |                4 |              6 |         1.50 |
|  clk_IBUF_BUFG | rv64im72f_6sp/exr_ex_register/E[0]                               | internal_reset_repN_1                                        |                3 |              7 |         2.33 |
|  clk_IBUF_BUFG | rv64im72f_6sp/exception_detector/trapped_reg_rep_2[0]            | internal_reset_repN_9                                        |                3 |              8 |         2.67 |
|  clk_IBUF_BUFG | rv64im72f_6sp/exception_detector/trapped_reg_rep_1[0]            | internal_reset_repN_9                                        |                2 |              8 |         4.00 |
|  clk_IBUF_BUFG | rv64im72f_6sp/exception_detector/E[0]                            | internal_reset_repN_9                                        |                3 |              8 |         2.67 |
|  clk_IBUF_BUFG | rv64im72f_6sp/exception_detector/cpu_clk_enable_reg_1[0]         | internal_reset_repN_9                                        |                5 |              8 |         1.60 |
|  clk_IBUF_BUFG | cpu_clk_enable                                                   | rv64im72f_6sp/ex_ex2_register/ID_branch_estimation0_out      |                4 |              9 |         2.25 |
|  clk_IBUF_BUFG | uart_tx/shift_reg[8]_i_1_n_0                                     | internal_reset_repN_9                                        |                3 |              9 |         3.00 |
|  clk_IBUF_BUFG | cpu_clk_enable                                                   | internal_reset_repN_3                                        |                7 |              9 |         1.29 |
|  clk_IBUF_BUFG | mmio_interface/E[0]                                              | internal_reset_repN_9                                        |                4 |             10 |         2.50 |
|  clk_IBUF_BUFG | rv64im72f_6sp/exr_ex_register/cpu_clk_enable_reg_0[0]            | internal_reset_repN_12                                       |                6 |             11 |         1.83 |
|  clk_IBUF_BUFG |                                                                  | internal_reset_repN_9                                        |                6 |             11 |         1.83 |
|  clk_IBUF_BUFG | rv64im72f_6sp/alu/divider_word/bit_counter[5]_i_1_n_0            | internal_reset_repN_10                                       |                4 |             12 |         3.00 |
|  clk_IBUF_BUFG | rv64im72f_6sp/exception_detector/trapped_reg_rep_2[0]            | internal_reset_repN_7                                        |                7 |             13 |         1.86 |
|  clk_IBUF_BUFG | rv64im72f_6sp/exception_detector/cpu_clk_enable_reg_1[0]         | internal_reset_repN_3                                        |                6 |             13 |         2.17 |
|  clk_IBUF_BUFG | rv64im72f_6sp/exception_detector/trapped_reg_rep_1[0]            | internal_reset_repN_7                                        |                5 |             14 |         2.80 |
|  clk_IBUF_BUFG | rv64im72f_6sp/exception_detector/E[0]                            | internal_reset_repN_7                                        |                6 |             14 |         2.33 |
|  clk_IBUF_BUFG | rv64im72f_6sp/alu/divider_dword/quotient_sign4_out               | internal_reset_repN_6                                        |                5 |             14 |         2.80 |
|  clk_IBUF_BUFG | rv64im72f_6sp/exr_ex_register/cpu_clk_enable_reg_0[0]            | internal_reset_repN_10                                       |                6 |             15 |         2.50 |
|  clk_IBUF_BUFG | rv64im72f_6sp/alu/divider_word/quotient_sign4_out                | internal_reset_repN_10                                       |                5 |             15 |         3.00 |
|  clk_IBUF_BUFG | rv64im72f_6sp/exr_ex_register/cpu_clk_enable_reg[0]              | internal_reset_repN_12                                       |               12 |             15 |         1.25 |
|  clk_IBUF_BUFG | rv64im72f_6sp/exr_ex_register/E[0]                               | internal_reset_repN_10                                       |                5 |             15 |         3.00 |
|  clk_IBUF_BUFG | cpu_clk_enable                                                   | internal_reset_repN_4                                        |               11 |             16 |         1.45 |
|  clk_IBUF_BUFG | rv64im72f_6sp/exception_detector/cpu_clk_enable_reg_1[0]         | internal_reset_repN_7                                        |               12 |             16 |         1.33 |
|  clk_IBUF_BUFG |                                                                  | reset                                                        |               14 |             16 |         1.14 |
|  clk_IBUF_BUFG | rv64im72f_6sp/exception_detector/E[0]                            | internal_reset_repN_3                                        |                4 |             16 |         4.00 |
|  clk_IBUF_BUFG | rv64im72f_6sp/exr_ex_register/cpu_clk_enable_reg[0]              | internal_reset_repN_10                                       |               12 |             17 |         1.42 |
|  clk_IBUF_BUFG | rv64im72f_6sp/exception_detector/trapped_reg_rep_2[0]            | internal_reset_repN_3                                        |                4 |             18 |         4.50 |
|  clk_IBUF_BUFG | rv64im72f_6sp/exception_detector/trapped_reg_rep_1[0]            | internal_reset_repN_3                                        |                4 |             18 |         4.50 |
|  clk_IBUF_BUFG | rv64im72f_6sp/alu/divider_word/quotient_sign4_out                | internal_reset_repN_12                                       |                7 |             19 |         2.71 |
|  clk_IBUF_BUFG | rv64im72f_6sp/alu/divider_word/quotient_reg[31]_i_1_n_0          | internal_reset_repN_12                                       |               10 |             19 |         1.90 |
|  clk_IBUF_BUFG | cpu_clk_enable                                                   |                                                              |                9 |             21 |         2.33 |
|  clk_IBUF_BUFG | rv64im72f_6sp/alu/divider_dword/quotient_sign4_out               | internal_reset_repN_2                                        |                8 |             21 |         2.62 |
|  clk_IBUF_BUFG | rv64im72f_6sp/alu/divider_dword/bit_counter[6]_i_1_n_0           | internal_reset_repN_10                                       |                7 |             23 |         3.29 |
|  clk_IBUF_BUFG | rv64im72f_6sp/exception_detector/trapped_reg_rep_1[0]            | internal_reset_repN_5                                        |                8 |             24 |         3.00 |
|  clk_IBUF_BUFG | rv64im72f_6sp/alu/divider_word/bit_counter[5]_i_1_n_0            | internal_reset_repN_11                                       |               10 |             24 |         2.40 |
|  clk_IBUF_BUFG |                                                                  | internal_reset_repN_1                                        |               12 |             25 |         2.08 |
|  clk_IBUF_BUFG | rv64im72f_6sp/alu/divider_dword/quotient_sign4_out               | internal_reset_repN_10                                       |                9 |             25 |         2.78 |
|  clk_IBUF_BUFG | rv64im72f_6sp/exception_detector/trapped_reg_rep_2[0]            | internal_reset_repN_5                                        |                7 |             25 |         3.57 |
|  clk_IBUF_BUFG | rv64im72f_6sp/alu/divider_dword/quotient_reg[63]_i_1_n_0         | internal_reset_repN_10                                       |               10 |             26 |         2.60 |
|  clk_IBUF_BUFG | rv64im72f_6sp/exception_detector/E[0]                            | internal_reset_repN_5                                        |                5 |             26 |         5.20 |
|  clk_IBUF_BUFG | rv64im72f_6sp/exception_detector/cpu_clk_enable_reg_1[0]         | internal_reset_repN_5                                        |               14 |             27 |         1.93 |
|  clk_IBUF_BUFG | rv64im72f_6sp/alu/divider_dword/quotient_reg[63]_i_1_n_0         | internal_reset_repN_2                                        |               12 |             28 |         2.33 |
|  clk_IBUF_BUFG | rv64im72f_6sp/alu/divider_word/bit_counter[5]_i_1_n_0            | internal_reset_repN_12                                       |                8 |             28 |         3.50 |
|  clk_IBUF_BUFG | rv64im72f_6sp/data_memory/E[0]                                   | internal_reset_repN_7                                        |                9 |             31 |         3.44 |
|  clk_IBUF_BUFG | rv64im72f_6sp/exr_ex_register/cpu_clk_enable_reg_0[0]            | internal_reset_repN_2                                        |               25 |             33 |         1.32 |
|  clk_IBUF_BUFG | rv64im72f_6sp/data_memory/E[0]                                   | internal_reset_repN_9                                        |                8 |             33 |         4.12 |
|  clk_IBUF_BUFG | rv64im72f_6sp/exr_ex_register/E[0]                               | internal_reset_repN_8                                        |               11 |             34 |         3.09 |
|  clk_IBUF_BUFG | rv64im72f_6sp/alu/multiplier_dword/prod_high[63]_i_1_n_0         | internal_reset_repN_8                                        |               15 |             36 |         2.40 |
|  clk_IBUF_BUFG | rv64im72f_6sp/alu/multiplier_dword/result_sign_s22_out           | internal_reset_repN_8                                        |               10 |             36 |         3.60 |
|  clk_IBUF_BUFG | rv64im72f_6sp/alu/multiplier_word/result_sign_s22_out            | internal_reset_repN_11                                       |               14 |             37 |         2.64 |
|  clk_IBUF_BUFG | rv64im72f_6sp/alu/multiplier_dword/prod_high[63]_i_1_n_0         | internal_reset_repN_1                                        |               18 |             44 |         2.44 |
|  clk_IBUF_BUFG | rv64im72f_6sp/alu/divider_dword/bit_counter[6]_i_1_n_0           | internal_reset_repN_4                                        |               17 |             44 |         2.59 |
|  clk_IBUF_BUFG | cpu_clk_enable                                                   | internal_reset_repN_9                                        |               28 |             45 |         1.61 |
|  clk_IBUF_BUFG | rv64im72f_6sp/alu/divider_word/quotient_reg[31]_i_1_n_0          | internal_reset_repN_10                                       |               16 |             45 |         2.81 |
|  clk_IBUF_BUFG | cpu_clk_enable                                                   | internal_reset_repN                                          |               30 |             46 |         1.53 |
|  clk_IBUF_BUFG | rv64im72f_6sp/alu/multiplier_dword/result_sign_s22_out           | internal_reset_repN_1                                        |               19 |             46 |         2.42 |
|  clk_IBUF_BUFG | rv64im72f_6sp/alu/multiplier_dword/result_sign_s22_out           |                                                              |               12 |             47 |         3.92 |
|  clk_IBUF_BUFG | rv64im72f_6sp/alu/multiplier_dword/prod_high[63]_i_1_n_0         | internal_reset_repN_6                                        |               22 |             48 |         2.18 |
|  clk_IBUF_BUFG | rv64im72f_6sp/exr_ex_register/cpu_clk_enable_reg_1[0]            | internal_reset_repN_11                                       |               23 |             59 |         2.57 |
|  clk_IBUF_BUFG | rv64im72f_6sp/csr_file/minstret[0]                               | internal_reset_repN_3                                        |               16 |             63 |         3.94 |
|  clk_IBUF_BUFG | rv64im72f_6sp/alu/multiplier_dword/result_sign_s22_out           | internal_reset_repN_6                                        |               23 |             63 |         2.74 |
|  clk_IBUF_BUFG | rv64im72f_6sp/alu/multiplier_word/prod_low[31]_i_1__0_n_0        | internal_reset_repN_11                                       |               23 |             64 |         2.78 |
|  clk_IBUF_BUFG | rv64im72f_6sp/exception_detector/cpu_clk_enable_reg_0            | rv64im72f_6sp/exception_detector/SR[0]                       |               58 |             64 |         1.10 |
|  clk_IBUF_BUFG | rv64im72f_6sp/exception_detector/cpu_clk_enable_reg_0            | rv64im72f_6sp/exception_detector/EX_MEM_flush                |               52 |             65 |         1.25 |
|  clk_IBUF_BUFG | rv64im72f_6sp/alu/divider_dword/bit_counter[6]_i_1_n_0           | internal_reset_repN_2                                        |               26 |             68 |         2.62 |
|  clk_IBUF_BUFG | rv64im72f_6sp/exr_ex_register/E[0]                               | internal_reset_repN_6                                        |               21 |             71 |         3.38 |
|  clk_IBUF_BUFG | rv64im72f_6sp/alu/divider_dword/quotient_reg[63]_i_1_n_0         | internal_reset_repN_4                                        |               21 |             71 |         3.38 |
|  clk_IBUF_BUFG | cpu_clk_enable                                                   | internal_reset_repN_7                                        |               42 |             96 |         2.29 |
|  clk_IBUF_BUFG | rv64im72f_6sp/ex_ex2_register/E[0]                               | rv64im72f_6sp/ex_ex2_register/SR[0]                          |               35 |            160 |         4.57 |
|  clk_IBUF_BUFG | rv64im72f_6sp/mem_wb_register/p_0_in2_out                        |                                                              |               22 |            176 |         8.00 |
|  clk_IBUF_BUFG | rv64im72f_6sp/exception_detector/cpu_clk_enable_reg_0            | rv64im72f_6sp/exception_detector/cpu_clk_enable_reg_2[0]     |              131 |            446 |         3.40 |
|  clk_IBUF_BUFG | rv64im72f_6sp/exception_detector/cpu_clk_enable_reg_0            | rv64im72f_6sp/ex_ex2_register/cpu_clk_enable_reg_1           |              167 |            542 |         3.25 |
|  clk_IBUF_BUFG | rv64im72f_6sp/exception_detector/cpu_clk_enable_reg_0            | rv64im72f_6sp/ex_ex2_register/EX2_register_write_enable0_out |              180 |            593 |         3.29 |
|  clk_IBUF_BUFG | rv64im72f_6sp/ex_ex2_register/cpu_clk_enable_reg_2[0]            | rv64im72f_6sp/ex_ex2_register/ID_branch_estimation0_out      |              146 |            609 |         4.17 |
+----------------+------------------------------------------------------------------+--------------------------------------------------------------+------------------+----------------+--------------+


