Copyright 1986-2022 Xilinx, Inc. All Rights Reserved. Copyright 2022-2025 Advanced Micro Devices, Inc. All Rights Reserved.
---------------------------------------------------------------------------------------------------------------------------------------------
| Tool Version : Vivado v.2025.2 (lin64) Build 6299465 Fri Nov 14 12:34:56 MST 2025
| Date         : Tue Mar  3 21:02:06 2026
| Host         : khwl-ThinkPad-X1-Carbon-Gen-13 running 64-bit Ubuntu 24.04.3 LTS
| Command      : report_control_sets -verbose -file RV64IM72F5SPSoCTOP_control_sets_placed.rpt
| Design       : RV64IM72F5SPSoCTOP
| Device       : xc7a200t
---------------------------------------------------------------------------------------------------------------------------------------------

Control Set Information

Table of Contents
-----------------
1. Summary
2. Histogram
3. Flip-Flop Distribution
4. Detailed Control Set Information

1. Summary
----------

+----------------------------------------------------------+-------+
|                          Status                          | Count |
+----------------------------------------------------------+-------+
| Total control sets                                       |    40 |
|    Minimum number of control sets                        |    40 |
|    Addition due to synthesis replication                 |     0 |
|    Addition due to physical synthesis replication        |     0 |
| Unused register locations in slices containing registers |   118 |
+----------------------------------------------------------+-------+
* Control sets can be merged at opt_design using control_set_merge or merge_equivalent_drivers
** Run report_qor_suggestions for automated merging and remapping suggestions


2. Histogram
------------

+--------------------+-------+
|       Fanout       | Count |
+--------------------+-------+
| Total control sets |    40 |
| >= 0 to < 4        |     2 |
| >= 4 to < 6        |     6 |
| >= 6 to < 8        |     0 |
| >= 8 to < 10       |     2 |
| >= 10 to < 12      |     0 |
| >= 12 to < 14      |     0 |
| >= 14 to < 16      |     0 |
| >= 16              |    30 |
+--------------------+-------+
* Control sets can be remapped at either synth_design or opt_design


3. Flip-Flop Distribution
-------------------------

+--------------+-----------------------+------------------------+-----------------+--------------+
| Clock Enable | Synchronous Set/Reset | Asynchronous Set/Reset | Total Registers | Total Slices |
+--------------+-----------------------+------------------------+-----------------+--------------+
| No           | No                    | No                     |               5 |            4 |
| No           | No                    | Yes                    |              49 |           26 |
| No           | Yes                   | No                     |               0 |            0 |
| Yes          | No                    | No                     |               0 |            0 |
| Yes          | No                    | Yes                    |            2068 |          748 |
| Yes          | Yes                   | No                     |            2160 |          796 |
+--------------+-----------------------+------------------------+-----------------+--------------+


4. Detailed Control Set Information
-----------------------------------

+------------------------+------------------------------------------------------------------+----------------------------------------------------------+------------------+----------------+--------------+
|      Clock Signal      |                           Enable Signal                          |                     Set/Reset Signal                     | Slice Load Count | Bel Load Count | Bels / Slice |
+------------------------+------------------------------------------------------------------+----------------------------------------------------------+------------------+----------------+--------------+
|  clk_gen/inst/clk_out1 | uart_tx/tx_i_1_n_0                                               | internal_reset                                           |                1 |              1 |         1.00 |
|  clk_gen/inst/clk_out1 |                                                                  | reset                                                    |                1 |              3 |         3.00 |
|  clk_gen/inst/clk_out1 | rv64im72f_6sp/alu/divider_dword/FSM_onehot_state[3]_i_1__0_n_0   | internal_reset                                           |                1 |              4 |         4.00 |
|  clk_gen/inst/clk_out1 | rv64im72f_6sp/alu/divider_word/FSM_onehot_state[3]_i_1_n_0       | internal_reset                                           |                1 |              4 |         4.00 |
|  clk_gen/inst/clk_out1 | uart_tx/bit_counter[3]_i_1__1_n_0                                | internal_reset                                           |                1 |              4 |         4.00 |
|  clk_gen/inst/clk_out1 | rv64im72f_6sp/alu/multiplier_word/FSM_onehot_stage[3]_i_1__0_n_0 | internal_reset                                           |                1 |              4 |         4.00 |
|  clk_gen/inst/clk_out1 | rv64im72f_6sp/alu/multiplier_dword/FSM_onehot_stage[3]_i_1_n_0   | internal_reset                                           |                1 |              4 |         4.00 |
|  clk_gen/inst/clk_out1 |                                                                  |                                                          |                4 |              5 |         1.25 |
|  clk_gen/inst/clk_out1 | mmio_interface/E[0]                                              | internal_reset                                           |                4 |              9 |         2.25 |
|  clk_gen/inst/clk_out1 | uart_tx/shift_reg[8]_i_1_n_0                                     | internal_reset                                           |                3 |              9 |         3.00 |
|  clk_gen/inst/clk_out1 | rv64im72f_6sp/alu/divider_word/quotient_sign4_out                | internal_reset                                           |               16 |             34 |         2.12 |
|  clk_gen/inst/clk_out1 | rv64im72f_6sp/id_ex_register/cpu_clk_enable_reg_0[0]             | internal_reset                                           |               21 |             34 |         1.62 |
|  clk_gen/inst/clk_out1 | rv64im72f_6sp/alu/multiplier_word/result_sign_s22_out            | internal_reset                                           |               13 |             37 |         2.85 |
|  clk_gen/inst/clk_out1 |                                                                  | internal_reset                                           |               25 |             46 |         1.84 |
|  clk_gen/inst/clk_out1 | rv64im72f_6sp/io_id_register/cpu_clk_enable_reg_1[0]             | rv64im72f_6sp/io_id_register/cpu_clk_enable_reg_0[0]     |               60 |             64 |         1.07 |
|  clk_gen/inst/clk_out1 | rv64im72f_6sp/exception_detector/trapped_reg_3[0]                | internal_reset                                           |               22 |             64 |         2.91 |
|  clk_gen/inst/clk_out1 | rv64im72f_6sp/exception_detector/cpu_clk_enable_reg[0]           | internal_reset                                           |               23 |             64 |         2.78 |
|  clk_gen/inst/clk_out1 | rv64im72f_6sp/io_id_register/cpu_clk_enable_reg_2[0]             | internal_reset                                           |               16 |             64 |         4.00 |
|  clk_gen/inst/clk_out1 | rv64im72f_6sp/exception_detector/WB_csr_write_enable_reg[0]      | internal_reset                                           |               25 |             64 |         2.56 |
|  clk_gen/inst/clk_out1 | rv64im72f_6sp/alu/multiplier_word/prod_low[31]_i_1__0_n_0        | internal_reset                                           |               25 |             64 |         2.56 |
|  clk_gen/inst/clk_out1 | rv64im72f_6sp/exception_detector/E[0]                            | internal_reset                                           |               30 |             64 |         2.13 |
|  clk_gen/inst/clk_out1 | rv64im72f_6sp/alu/divider_word/quotient_reg[31]_i_1_n_0          | internal_reset                                           |               22 |             64 |         2.91 |
|  clk_gen/inst/clk_out1 | rv64im72f_6sp/csr_file/minstret[0]                               | internal_reset                                           |               17 |             64 |         3.76 |
|  clk_gen/inst/clk_out1 | rv64im72f_6sp/id_ex_register/cpu_clk_enable_reg_2[0]             | internal_reset                                           |               26 |             65 |         2.50 |
|  clk_gen/inst/clk_out1 | rv64im72f_6sp/alu/divider_dword/quotient_sign4_out               | internal_reset                                           |               24 |             66 |         2.75 |
|  clk_gen/inst/clk_out1 | rv64im72f_6sp/id_ex_register/cpu_clk_enable_reg_1[0]             | internal_reset                                           |               33 |             68 |         2.06 |
|  clk_gen/inst/clk_out1 | rv64im72f_6sp/alu/divider_word/bit_counter[5]_i_1_n_0            | internal_reset                                           |               25 |             70 |         2.80 |
|  clk_gen/inst/clk_out1 | rv64im72f_6sp/alu/multiplier_dword/prod_high[63]_i_1_n_0         | internal_reset                                           |               47 |            128 |         2.72 |
|  clk_gen/inst/clk_out1 | rv64im72f_6sp/alu/divider_dword/quotient_reg[63]_i_1_n_0         | internal_reset                                           |               39 |            128 |         3.28 |
|  clk_gen/inst/clk_out1 | rv64im72f_6sp/id_ex_register/cpu_clk_enable_reg[0]               | internal_reset                                           |               47 |            129 |         2.74 |
|  clk_gen/inst/clk_out1 | rv64im72f_6sp/alu/divider_dword/bit_counter[6]_i_1_n_0           | internal_reset                                           |               52 |            135 |         2.60 |
|  clk_gen/inst/clk_out1 | rv64im72f_6sp/alu/multiplier_dword/result_sign_s22_out           | internal_reset                                           |               52 |            145 |         2.79 |
|  clk_gen/inst/clk_out1 | rv64im72f_6sp/if_io_register/IO_pc[63]_i_2_n_0                   | rv64im72f_6sp/id_ex_register/cpu_clk_enable_reg_5[0]     |               40 |            160 |         4.00 |
|  clk_gen/inst/clk_out1 | rv64im72f_6sp/id_ex_register/E[0]                                | rv64im72f_6sp/exception_detector/cpu_clk_enable_reg_1[0] |               52 |            161 |         3.10 |
|  clk_gen/inst/clk_out1 | rv64im72f_6sp/mem_wb_register/p_0_in2_out                        |                                                          |               22 |            176 |         8.00 |
|  clk_gen/inst/clk_out1 | rv64im72f_6sp/io_id_register/cpu_clk_enable_reg_1[0]             | rv64im72f_6sp/mem_wb_register/WB_pc_plus_4[63]_i_1_n_0   |              138 |            388 |         2.81 |
|  clk_gen/inst/clk_out1 | rv64im72f_6sp/io_id_register/cpu_clk_enable_reg_1[0]             | rv64im72f_6sp/trap_controller/SR[0]                      |              136 |            391 |         2.88 |
|  clk_gen/inst/clk_out1 | rv64im72f_6sp/id_ex_register/E[0]                                | rv64im72f_6sp/exception_detector/SR[0]                   |              139 |            470 |         3.38 |
|  clk_gen/inst/clk_out1 | cpu_clk_enable                                                   | internal_reset                                           |              160 |            478 |         2.99 |
|  clk_gen/inst/clk_out1 | rv64im72f_6sp/io_id_register/cpu_clk_enable_reg_1[0]             | rv64im72f_6sp/exception_detector/cpu_clk_enable_reg_0    |              231 |            526 |         2.28 |
+------------------------+------------------------------------------------------------------+----------------------------------------------------------+------------------+----------------+--------------+


