Copyright 1986-2022 Xilinx, Inc. All Rights Reserved. Copyright 2022-2025 Advanced Micro Devices, Inc. All Rights Reserved.
---------------------------------------------------------------------------------------------------------------------------------------------
| Tool Version : Vivado v.2025.2 (lin64) Build 6299465 Fri Nov 14 12:34:56 MST 2025
| Date         : Tue Feb 24 10:57:43 2026
| Host         : khwl-ThinkPad-X1-Carbon-Gen-13 running 64-bit Ubuntu 24.04.3 LTS
| Command      : report_control_sets -verbose -file RV64IM72F8SPSoCTOP_control_sets_placed.rpt
| Design       : RV64IM72F8SPSoCTOP
| Device       : xc7a200t
---------------------------------------------------------------------------------------------------------------------------------------------

Control Set Information

Table of Contents
-----------------
1. Summary
2. Histogram
3. Flip-Flop Distribution
4. Detailed Control Set Information

1. Summary
----------

+----------------------------------------------------------+-------+
|                          Status                          | Count |
+----------------------------------------------------------+-------+
| Total control sets                                       |   115 |
|    Minimum number of control sets                        |    13 |
|    Addition due to synthesis replication                 |     0 |
|    Addition due to physical synthesis replication        |   102 |
| Unused register locations in slices containing registers |   464 |
+----------------------------------------------------------+-------+
* Control sets can be merged at opt_design using control_set_merge or merge_equivalent_drivers
** Run report_qor_suggestions for automated merging and remapping suggestions


2. Histogram
------------

+--------------------+-------+
|       Fanout       | Count |
+--------------------+-------+
| Total control sets |   115 |
| >= 0 to < 4        |    21 |
| >= 4 to < 6        |    12 |
| >= 6 to < 8        |     5 |
| >= 8 to < 10       |     7 |
| >= 10 to < 12      |     7 |
| >= 12 to < 14      |     4 |
| >= 14 to < 16      |     4 |
| >= 16              |    55 |
+--------------------+-------+
* Control sets can be remapped at either synth_design or opt_design


3. Flip-Flop Distribution
-------------------------

+--------------+-----------------------+------------------------+-----------------+--------------+
| Clock Enable | Synchronous Set/Reset | Asynchronous Set/Reset | Total Registers | Total Slices |
+--------------+-----------------------+------------------------+-----------------+--------------+
| No           | No                    | No                     |               6 |            5 |
| No           | No                    | Yes                    |              65 |           39 |
| No           | Yes                   | No                     |               0 |            0 |
| Yes          | No                    | No                     |             145 |           49 |
| Yes          | No                    | Yes                    |            1804 |          709 |
| Yes          | Yes                   | No                     |            2740 |          861 |
+--------------+-----------------------+------------------------+-----------------+--------------+


4. Detailed Control Set Information
-----------------------------------

+----------------+------------------------------------------------------------------+--------------------------------------------------------------+------------------+----------------+--------------+
|  Clock Signal  |                           Enable Signal                          |                       Set/Reset Signal                       | Slice Load Count | Bel Load Count | Bels / Slice |
+----------------+------------------------------------------------------------------+--------------------------------------------------------------+------------------+----------------+--------------+
|  clk_IBUF_BUFG | rv64im72f_6sp/exr_ex_register/cpu_clk_enable_reg_0[0]            | internal_reset_repN_8                                        |                1 |              1 |         1.00 |
|  clk_IBUF_BUFG | rv64im72f_6sp/alu/divider_dword/bit_counter[6]_i_1_n_0           | internal_reset_repN_13                                       |                1 |              1 |         1.00 |
|  clk_IBUF_BUFG | rv64im72f_6sp/alu/divider_word/bit_counter[5]_i_1_n_0            | internal_reset_repN_7                                        |                1 |              1 |         1.00 |
|  clk_IBUF_BUFG | rv64im72f_6sp/alu/multiplier_dword/prod_high[63]_i_1_n_0         | internal_reset_repN_4                                        |                1 |              1 |         1.00 |
|  clk_IBUF_BUFG | uart_tx/tx_i_1_n_0                                               | internal_reset_repN_5                                        |                1 |              1 |         1.00 |
|  clk_IBUF_BUFG | rv64im72f_6sp/alu/divider_dword/quotient_sign4_out               | internal_reset_repN_7                                        |                1 |              1 |         1.00 |
|  clk_IBUF_BUFG | rv64im72f_6sp/alu/divider_dword/quotient_sign4_out               | internal_reset_repN_3                                        |                1 |              2 |         2.00 |
|  clk_IBUF_BUFG | rv64im72f_6sp/alu/divider_word/quotient_reg[31]_i_1_n_0          | internal_reset_repN_14                                       |                2 |              2 |         1.00 |
|  clk_IBUF_BUFG | rv64im72f_6sp/alu/divider_dword/quotient_reg[63]_i_1_n_0         | internal_reset_repN_14                                       |                2 |              2 |         1.00 |
|  clk_IBUF_BUFG | rv64im72f_6sp/alu/divider_dword/FSM_onehot_state[3]_i_1__0_n_0   | internal_reset_repN_4                                        |                1 |              2 |         2.00 |
|  clk_IBUF_BUFG | rv64im72f_6sp/alu/divider_dword/FSM_onehot_state[3]_i_1__0_n_0   | internal_reset_repN_14                                       |                1 |              2 |         2.00 |
|  clk_IBUF_BUFG | rv64im72f_6sp/exr_ex_register/cpu_clk_enable_reg_0[0]            | internal_reset_repN_14                                       |                2 |              2 |         1.00 |
|  clk_IBUF_BUFG | rv64im72f_6sp/alu/multiplier_dword/prod_high[63]_i_1_n_0         | internal_reset_repN_14                                       |                2 |              2 |         1.00 |
|  clk_IBUF_BUFG | rv64im72f_6sp/exr_ex_register/cpu_clk_enable_reg_1[0]            | internal_reset_repN_5                                        |                1 |              2 |         2.00 |
|  clk_IBUF_BUFG | rv64im72f_6sp/alu/multiplier_dword/prod_high[63]_i_1_n_0         | internal_reset_repN_6                                        |                3 |              3 |         1.00 |
|  clk_IBUF_BUFG | rv64im72f_6sp/exr_ex_register/cpu_clk_enable_reg_1[0]            | internal_reset_repN_13                                       |                2 |              3 |         1.50 |
|  clk_IBUF_BUFG | rv64im72f_6sp/exr_ex_register/cpu_clk_enable_reg_0[0]            | internal_reset_repN_13                                       |                3 |              3 |         1.00 |
|  clk_IBUF_BUFG | rv64im72f_6sp/alu/divider_dword/quotient_reg[63]_i_1_n_0         | internal_reset_repN_3                                        |                3 |              3 |         1.00 |
|  clk_IBUF_BUFG | cpu_clk_enable                                                   | internal_reset_repN_4                                        |                2 |              3 |         1.50 |
|  clk_IBUF_BUFG |                                                                  | internal_reset_repN_12                                       |                2 |              3 |         1.50 |
|  clk_IBUF_BUFG | rv64im72f_6sp/exception_detector/cpu_clk_enable_reg_1[0]         | internal_reset_repN                                          |                2 |              3 |         1.50 |
|  clk_IBUF_BUFG | rv64im72f_6sp/alu/multiplier_word/prod_low[31]_i_1__0_n_0        | internal_reset_repN_14                                       |                3 |              4 |         1.33 |
|  clk_IBUF_BUFG | rv64im72f_6sp/alu/multiplier_word/FSM_onehot_stage[3]_i_1__0_n_0 | internal_reset_repN_8                                        |                1 |              4 |         4.00 |
|  clk_IBUF_BUFG | rv64im72f_6sp/exr_ex_register/cpu_clk_enable_reg[0]              | internal_reset_repN_6                                        |                4 |              4 |         1.00 |
|  clk_IBUF_BUFG | rv64im72f_6sp/alu/divider_word/FSM_onehot_state[3]_i_1_n_0       | internal_reset_repN_8                                        |                1 |              4 |         4.00 |
|  clk_IBUF_BUFG | rv64im72f_6sp/alu/multiplier_dword/FSM_onehot_stage[3]_i_1_n_0   | internal_reset_repN_6                                        |                1 |              4 |         4.00 |
|  clk_IBUF_BUFG |                                                                  | internal_reset_repN_14                                       |                4 |              4 |         1.00 |
|  clk_IBUF_BUFG | rv64im72f_6sp/alu/multiplier_dword/result_sign_s22_out           | internal_reset_repN_13                                       |                3 |              4 |         1.33 |
|  clk_IBUF_BUFG | uart_tx/bit_counter[3]_i_1__1_n_0                                | internal_reset_repN_5                                        |                2 |              4 |         2.00 |
|  clk_IBUF_BUFG | rv64im72f_6sp/alu/multiplier_word/prod_low[31]_i_1__0_n_0        | internal_reset_repN_5                                        |                2 |              5 |         2.50 |
|  clk_IBUF_BUFG | rv64im72f_6sp/exception_detector/trapped_reg_rep_1[0]            | internal_reset_repN_11                                       |                3 |              5 |         1.67 |
|  clk_IBUF_BUFG | rv64im72f_6sp/alu/multiplier_dword/result_sign_s22_out           | internal_reset_repN_4                                        |                3 |              5 |         1.67 |
|  clk_IBUF_BUFG | cpu_clk_enable                                                   | internal_reset_repN_14                                       |                5 |              5 |         1.00 |
|  clk_IBUF_BUFG | rv64im72f_6sp/exception_detector/E[0]                            | internal_reset_repN_11                                       |                2 |              6 |         3.00 |
|  clk_IBUF_BUFG |                                                                  | internal_reset_repN                                          |                5 |              6 |         1.20 |
|  clk_IBUF_BUFG |                                                                  |                                                              |                5 |              6 |         1.20 |
|  clk_IBUF_BUFG | rv64im72f_6sp/exception_detector/trapped_reg_rep_2[0]            | internal_reset_repN_11                                       |                2 |              6 |         3.00 |
|  clk_IBUF_BUFG | rv64im72f_6sp/exception_detector/E[0]                            | internal_reset_repN                                          |                3 |              7 |         2.33 |
|  clk_IBUF_BUFG | rv64im72f_6sp/exr_ex_register/cpu_clk_enable_reg[0]              | internal_reset_repN_13                                       |                6 |              8 |         1.33 |
|  clk_IBUF_BUFG | rv64im72f_6sp/alu/multiplier_dword/result_sign_s22_out           | internal_reset_repN_2                                        |                5 |              8 |         1.60 |
|  clk_IBUF_BUFG |                                                                  | internal_reset_repN_5                                        |                3 |              9 |         3.00 |
|  clk_IBUF_BUFG | uart_tx/shift_reg[8]_i_1_n_0                                     | internal_reset_repN_5                                        |                3 |              9 |         3.00 |
|  clk_IBUF_BUFG | rv64im72f_6sp/alu/multiplier_dword/prod_high[63]_i_1_n_0         | internal_reset_repN_13                                       |                3 |              9 |         3.00 |
|  clk_IBUF_BUFG | cpu_clk_enable                                                   | rv64im72f_6sp/ex_ex2_register/ID_branch_estimation0_out      |                3 |              9 |         3.00 |
|  clk_IBUF_BUFG | rv64im72f_6sp/alu/divider_dword/quotient_reg[63]_i_1_n_0         | internal_reset_repN_7                                        |                4 |              9 |         2.25 |
|  clk_IBUF_BUFG | rv64im72f_6sp/alu/multiplier_dword/result_sign_s22_out           | internal_reset_repN_8                                        |                4 |             10 |         2.50 |
|  clk_IBUF_BUFG | rv64im72f_6sp/exr_ex_register/cpu_clk_enable_reg[0]              | internal_reset_repN_8                                        |                6 |             10 |         1.67 |
|  clk_IBUF_BUFG | rv64im72f_6sp/exr_ex_register/cpu_clk_enable_reg_0[0]            | internal_reset_repN_6                                        |                5 |             10 |         2.00 |
|  clk_IBUF_BUFG | mmio_interface/E[0]                                              | internal_reset_repN_5                                        |                4 |             10 |         2.50 |
|  clk_IBUF_BUFG | rv64im72f_6sp/exception_detector/trapped_reg_rep_2[0]            | internal_reset_repN                                          |                4 |             11 |         2.75 |
|  clk_IBUF_BUFG | rv64im72f_6sp/alu/multiplier_word/result_sign_s22_out            | internal_reset_repN_5                                        |                5 |             11 |         2.20 |
|  clk_IBUF_BUFG | rv64im72f_6sp/alu/multiplier_dword/prod_high[63]_i_1_n_0         | internal_reset_repN_8                                        |                5 |             11 |         2.20 |
|  clk_IBUF_BUFG | rv64im72f_6sp/alu/divider_dword/bit_counter[6]_i_1_n_0           | internal_reset_repN_3                                        |                6 |             12 |         2.00 |
|  clk_IBUF_BUFG | rv64im72f_6sp/exr_ex_register/cpu_clk_enable_reg[0]              | internal_reset_repN_14                                       |                9 |             12 |         1.33 |
|  clk_IBUF_BUFG | rv64im72f_6sp/alu/multiplier_word/result_sign_s22_out            | internal_reset_repN_13                                       |                4 |             13 |         3.25 |
|  clk_IBUF_BUFG | rv64im72f_6sp/alu/multiplier_word/result_sign_s22_out            | internal_reset_repN_8                                        |                5 |             13 |         2.60 |
|  clk_IBUF_BUFG | rv64im72f_6sp/exception_detector/cpu_clk_enable_reg_1[0]         | internal_reset_repN_11                                       |                7 |             14 |         2.00 |
|  clk_IBUF_BUFG | rv64im72f_6sp/alu/divider_word/quotient_sign4_out                | internal_reset_repN_6                                        |                5 |             14 |         2.80 |
|  clk_IBUF_BUFG | rv64im72f_6sp/alu/divider_word/quotient_reg[31]_i_1_n_0          | internal_reset_repN_6                                        |                5 |             15 |         3.00 |
|  clk_IBUF_BUFG | rv64im72f_6sp/alu/divider_word/quotient_reg[31]_i_1_n_0          | internal_reset_repN_8                                        |                5 |             15 |         3.00 |
|  clk_IBUF_BUFG | rv64im72f_6sp/alu/divider_word/bit_counter[5]_i_1_n_0            | internal_reset_repN_6                                        |                5 |             16 |         3.20 |
|  clk_IBUF_BUFG | rv64im72f_6sp/exception_detector/cpu_clk_enable_reg_1[0]         | internal_reset_repN_10                                       |                8 |             16 |         2.00 |
|  clk_IBUF_BUFG | rv64im72f_6sp/exception_detector/trapped_reg_rep_1[0]            | internal_reset_repN_9                                        |                4 |             16 |         4.00 |
|  clk_IBUF_BUFG | rv64im72f_6sp/exception_detector/trapped_reg_rep_1[0]            | internal_reset_repN                                          |                5 |             16 |         3.20 |
|  clk_IBUF_BUFG | rv64im72f_6sp/exr_ex_register/cpu_clk_enable_reg_0[0]            | internal_reset_repN_7                                        |               12 |             16 |         1.33 |
|  clk_IBUF_BUFG | rv64im72f_6sp/alu/divider_word/bit_counter[5]_i_1_n_0            | internal_reset_repN_13                                       |               10 |             17 |         1.70 |
|  clk_IBUF_BUFG |                                                                  | reset                                                        |               14 |             18 |         1.29 |
|  clk_IBUF_BUFG | rv64im72f_6sp/exr_ex_register/E[0]                               | internal_reset_repN_2                                        |                8 |             20 |         2.50 |
|  clk_IBUF_BUFG | rv64im72f_6sp/alu/divider_dword/quotient_reg[63]_i_1_n_0         | internal_reset_repN_2                                        |                6 |             20 |         3.33 |
|  clk_IBUF_BUFG | rv64im72f_6sp/alu/multiplier_dword/result_sign_s22_out           | internal_reset_repN_6                                        |                8 |             20 |         2.50 |
|  clk_IBUF_BUFG | rv64im72f_6sp/alu/divider_word/quotient_sign4_out                | internal_reset_repN_8                                        |                8 |             20 |         2.50 |
|  clk_IBUF_BUFG | rv64im72f_6sp/alu/divider_dword/quotient_sign4_out               | internal_reset_repN_6                                        |                7 |             20 |         2.86 |
|  clk_IBUF_BUFG | rv64im72f_6sp/alu/divider_dword/quotient_reg[63]_i_1_n_0         | internal_reset_repN_6                                        |                8 |             21 |         2.62 |
|  clk_IBUF_BUFG | cpu_clk_enable                                                   |                                                              |                8 |             21 |         2.62 |
|  clk_IBUF_BUFG | rv64im72f_6sp/exception_detector/trapped_reg_rep_2[0]            | internal_reset_repN_9                                        |                7 |             22 |         3.14 |
|  clk_IBUF_BUFG | rv64im72f_6sp/alu/multiplier_dword/prod_high[63]_i_1_n_0         | internal_reset_repN_2                                        |                9 |             22 |         2.44 |
|  clk_IBUF_BUFG | rv64im72f_6sp/exception_detector/E[0]                            | internal_reset_repN_10                                       |                7 |             25 |         3.57 |
|  clk_IBUF_BUFG | rv64im72f_6sp/exception_detector/trapped_reg_rep_2[0]            | internal_reset_repN_10                                       |                6 |             25 |         4.17 |
|  clk_IBUF_BUFG | rv64im72f_6sp/alu/divider_dword/bit_counter[6]_i_1_n_0           | internal_reset_repN_2                                        |                7 |             25 |         3.57 |
|  clk_IBUF_BUFG | rv64im72f_6sp/alu/multiplier_word/prod_low[31]_i_1__0_n_0        | internal_reset_repN_8                                        |                9 |             25 |         2.78 |
|  clk_IBUF_BUFG | rv64im72f_6sp/alu/multiplier_dword/prod_high[63]_i_1_n_0         | internal_reset_repN_3                                        |               10 |             25 |         2.50 |
|  clk_IBUF_BUFG |                                                                  | internal_reset_repN_1                                        |               11 |             25 |         2.27 |
|  clk_IBUF_BUFG | rv64im72f_6sp/exception_detector/E[0]                            | internal_reset_repN_9                                        |                6 |             26 |         4.33 |
|  clk_IBUF_BUFG | rv64im72f_6sp/exception_detector/trapped_reg_rep_1[0]            | internal_reset_repN_10                                       |                7 |             27 |         3.86 |
|  clk_IBUF_BUFG | rv64im72f_6sp/alu/multiplier_word/prod_low[31]_i_1__0_n_0        | internal_reset_repN_13                                       |               13 |             30 |         2.31 |
|  clk_IBUF_BUFG | rv64im72f_6sp/exr_ex_register/E[0]                               | internal_reset_repN_7                                        |               11 |             31 |         2.82 |
|  clk_IBUF_BUFG | rv64im72f_6sp/exception_detector/cpu_clk_enable_reg_1[0]         | internal_reset_repN_9                                        |               15 |             31 |         2.07 |
|  clk_IBUF_BUFG | rv64im72f_6sp/alu/divider_dword/bit_counter[6]_i_1_n_0           | internal_reset_repN_6                                        |               13 |             31 |         2.38 |
|  clk_IBUF_BUFG | rv64im72f_6sp/alu/divider_word/quotient_reg[31]_i_1_n_0          | internal_reset_repN_13                                       |                8 |             32 |         4.00 |
|  clk_IBUF_BUFG | rv64im72f_6sp/exr_ex_register/E[0]                               | internal_reset_repN_6                                        |               17 |             32 |         1.88 |
|  clk_IBUF_BUFG | rv64im72f_6sp/alu/divider_dword/bit_counter[6]_i_1_n_0           | internal_reset_repN_7                                        |               15 |             33 |         2.20 |
|  clk_IBUF_BUFG | rv64im72f_6sp/alu/divider_dword/bit_counter[6]_i_1_n_0           | internal_reset_repN_4                                        |               15 |             33 |         2.20 |
|  clk_IBUF_BUFG | rv64im72f_6sp/exr_ex_register/cpu_clk_enable_reg_0[0]            | internal_reset_repN_4                                        |               21 |             34 |         1.62 |
|  clk_IBUF_BUFG | rv64im72f_6sp/alu/divider_word/bit_counter[5]_i_1_n_0            | internal_reset_repN_8                                        |               16 |             36 |         2.25 |
|  clk_IBUF_BUFG | rv64im72f_6sp/alu/divider_dword/quotient_sign4_out               | internal_reset_repN_2                                        |               12 |             43 |         3.58 |
|  clk_IBUF_BUFG | rv64im72f_6sp/exr_ex_register/E[0]                               | internal_reset_repN_3                                        |               15 |             46 |         3.07 |
|  clk_IBUF_BUFG | rv64im72f_6sp/alu/multiplier_dword/result_sign_s22_out           | internal_reset_repN_7                                        |               21 |             49 |         2.33 |
|  clk_IBUF_BUFG | rv64im72f_6sp/alu/multiplier_dword/result_sign_s22_out           | internal_reset_repN_3                                        |               21 |             49 |         2.33 |
|  clk_IBUF_BUFG | rv64im72f_6sp/alu/multiplier_dword/prod_high[63]_i_1_n_0         | internal_reset_repN_7                                        |               18 |             55 |         3.06 |
|  clk_IBUF_BUFG | rv64im72f_6sp/exr_ex_register/cpu_clk_enable_reg_1[0]            | internal_reset_repN_8                                        |               24 |             60 |         2.50 |
|  clk_IBUF_BUFG | rv64im72f_6sp/data_memory/E[0]                                   | internal_reset_repN_12                                       |               10 |             64 |         6.40 |
|  clk_IBUF_BUFG | rv64im72f_6sp/csr_file/minstret[0]                               | internal_reset_repN_11                                       |               17 |             64 |         3.76 |
|  clk_IBUF_BUFG | rv64im72f_6sp/exception_detector/cpu_clk_enable_reg_0            | rv64im72f_6sp/exception_detector/SR[0]                       |               58 |             64 |         1.10 |
|  clk_IBUF_BUFG | cpu_clk_enable                                                   | internal_reset_repN_11                                       |               17 |             64 |         3.76 |
|  clk_IBUF_BUFG | cpu_clk_enable                                                   | internal_reset_repN_12                                       |               33 |             65 |         1.97 |
|  clk_IBUF_BUFG | rv64im72f_6sp/exception_detector/cpu_clk_enable_reg_0            | rv64im72f_6sp/exception_detector/EX_MEM_flush                |               41 |             65 |         1.59 |
|  clk_IBUF_BUFG | rv64im72f_6sp/alu/divider_dword/quotient_reg[63]_i_1_n_0         | internal_reset_repN_4                                        |               19 |             73 |         3.84 |
|  clk_IBUF_BUFG | cpu_clk_enable                                                   | internal_reset_repN                                          |               33 |             78 |         2.36 |
|  clk_IBUF_BUFG | rv64im72f_6sp/alu/multiplier_dword/result_sign_s22_out           |                                                              |               41 |            124 |         3.02 |
|  clk_IBUF_BUFG | rv64im72f_6sp/ex_ex2_register/E[0]                               | rv64im72f_6sp/ex_ex2_register/SR[0]                          |               37 |            160 |         4.32 |
|  clk_IBUF_BUFG | rv64im72f_6sp/mem_wb_register/p_0_in2_out                        |                                                              |               22 |            176 |         8.00 |
|  clk_IBUF_BUFG | rv64im72f_6sp/exception_detector/cpu_clk_enable_reg_0            | rv64im72f_6sp/exception_detector/cpu_clk_enable_reg_2[0]     |              135 |            446 |         3.30 |
|  clk_IBUF_BUFG | rv64im72f_6sp/exception_detector/cpu_clk_enable_reg_0            | rv64im72f_6sp/ex_ex2_register/cpu_clk_enable_reg_1           |              182 |            542 |         2.98 |
|  clk_IBUF_BUFG | rv64im72f_6sp/ex_ex2_register/cpu_clk_enable_reg_2[0]            | rv64im72f_6sp/ex_ex2_register/ID_branch_estimation0_out      |              120 |            609 |         5.07 |
|  clk_IBUF_BUFG | rv64im72f_6sp/exception_detector/cpu_clk_enable_reg_0            | rv64im72f_6sp/ex_ex2_register/EX2_register_write_enable0_out |              285 |            845 |         2.96 |
+----------------+------------------------------------------------------------------+--------------------------------------------------------------+------------------+----------------+--------------+


