Copyright 1986-2022 Xilinx, Inc. All Rights Reserved. Copyright 2022-2025 Advanced Micro Devices, Inc. All Rights Reserved.
---------------------------------------------------------------------------------------------------------------------------------------------
| Tool Version : Vivado v.2025.2 (lin64) Build 6299465 Fri Nov 14 12:34:56 MST 2025
| Date         : Wed Feb 25 10:04:43 2026
| Host         : khwl-ThinkPad-X1-Carbon-Gen-13 running 64-bit Ubuntu 24.04.3 LTS
| Command      : report_control_sets -verbose -file RV64IM72F5SP_CORE_control_sets_placed.rpt
| Design       : RV64IM72F5SP_CORE
| Device       : xc7a200t
---------------------------------------------------------------------------------------------------------------------------------------------

Control Set Information

Table of Contents
-----------------
1. Summary
2. Histogram
3. Flip-Flop Distribution
4. Detailed Control Set Information

1. Summary
----------

+----------------------------------------------------------+-------+
|                          Status                          | Count |
+----------------------------------------------------------+-------+
| Total control sets                                       |    26 |
|    Minimum number of control sets                        |    26 |
|    Addition due to synthesis replication                 |     0 |
|    Addition due to physical synthesis replication        |     0 |
| Unused register locations in slices containing registers |    67 |
+----------------------------------------------------------+-------+
* Control sets can be merged at opt_design using control_set_merge or merge_equivalent_drivers
** Run report_qor_suggestions for automated merging and remapping suggestions


2. Histogram
------------

+--------------------+-------+
|       Fanout       | Count |
+--------------------+-------+
| Total control sets |    26 |
| >= 0 to < 4        |     0 |
| >= 4 to < 6        |     4 |
| >= 6 to < 8        |     0 |
| >= 8 to < 10       |     0 |
| >= 10 to < 12      |     1 |
| >= 12 to < 14      |     0 |
| >= 14 to < 16      |     0 |
| >= 16              |    21 |
+--------------------+-------+
* Control sets can be remapped at either synth_design or opt_design


3. Flip-Flop Distribution
-------------------------

+--------------+-----------------------+------------------------+-----------------+--------------+
| Clock Enable | Synchronous Set/Reset | Asynchronous Set/Reset | Total Registers | Total Slices |
+--------------+-----------------------+------------------------+-----------------+--------------+
| No           | No                    | No                     |               0 |            0 |
| No           | No                    | Yes                    |              10 |            9 |
| No           | Yes                   | No                     |               0 |            0 |
| Yes          | No                    | No                     |               0 |            0 |
| Yes          | No                    | Yes                    |            3411 |         1367 |
| Yes          | Yes                   | No                     |               0 |            0 |
+--------------+-----------------------+------------------------+-----------------+--------------+


4. Detailed Control Set Information
-----------------------------------

+--------------+----------------------------------------------------+------------------+------------------+----------------+--------------+
| Clock Signal |                    Enable Signal                   | Set/Reset Signal | Slice Load Count | Bel Load Count | Bels / Slice |
+--------------+----------------------------------------------------+------------------+------------------+----------------+--------------+
|  clk         | alu/divider_dword/FSM_onehot_state[3]_i_1__0_n_0   | reset            |                2 |              4 |         2.00 |
|  clk         | alu/multiplier_dword/FSM_onehot_stage[3]_i_1_n_0   | reset            |                1 |              4 |         4.00 |
|  clk         | alu/divider_word/FSM_onehot_state[3]_i_1_n_0       | reset            |                2 |              4 |         2.00 |
|  clk         | alu/multiplier_word/FSM_onehot_stage[3]_i_1__0_n_0 | reset            |                1 |              4 |         4.00 |
|  clk         |                                                    | reset            |                9 |             10 |         1.11 |
|  clk         | alu/divider_word/quotient_sign2_out                | reset            |               11 |             34 |         3.09 |
|  clk         | alu/multiplier_word/E[0]                           | reset            |               17 |             37 |         2.18 |
|  clk         | alu/multiplier_word/prod_low[31]_i_1__0_n_0        | reset            |               22 |             64 |         2.91 |
|  clk         | csr_file/minstret[0]                               | reset            |               17 |             64 |         3.76 |
|  clk         | id_ex_register/clk_enable_1[0]                     | reset            |               34 |             64 |         1.88 |
|  clk         | exception_detector/trapped_reg_0[0]                | reset            |               24 |             64 |         2.67 |
|  clk         | exception_detector/clk_enable_0[0]                 | reset            |               27 |             64 |         2.37 |
|  clk         | exception_detector/E[0]                            | reset            |               24 |             64 |         2.67 |
|  clk         | exception_detector/WB_csr_write_enable_reg[0]      | reset            |               30 |             64 |         2.13 |
|  clk         | id_ex_register/clk_enable_2[0]                     | reset            |               23 |             65 |         2.83 |
|  clk         | alu/divider_dword/quotient_sign4_out               | reset            |               30 |             66 |         2.20 |
|  clk         | alu/divider_word/bit_counter[5]_i_1_n_0            | reset            |               25 |             70 |         2.80 |
|  clk         | alu/multiplier_dword/prod_high[63]_i_1_n_0         | reset            |               37 |            128 |         3.46 |
|  clk         | alu/divider_dword/quotient_reg[63]_i_1_n_0         | reset            |               41 |            128 |         3.12 |
|  clk         | id_ex_register/clk_enable_0[0]                     | reset            |               60 |            129 |         2.15 |
|  clk         | alu/divider_dword/bit_counter[6]_i_1_n_0           | reset            |               54 |            135 |         2.50 |
|  clk         | alu/multiplier_dword/E[0]                          | reset            |               54 |            145 |         2.69 |
|  clk         | mem_wb_register/p_0_in2_out                        |                  |               22 |            176 |         8.00 |
|  clk         | clk_enable                                         | reset            |              196 |            478 |         2.44 |
|  clk         | id_ex_register/E[0]                                | reset            |              161 |            631 |         3.92 |
|  clk         | exception_detector/clk_enable_2                    | reset            |              474 |            901 |         1.90 |
+--------------+----------------------------------------------------+------------------+------------------+----------------+--------------+


