Copyright 1986-2022 Xilinx, Inc. All Rights Reserved. Copyright 2022-2025 Advanced Micro Devices, Inc. All Rights Reserved.
---------------------------------------------------------------------------------------------------------------------------------------------
| Tool Version : Vivado v.2025.2 (lin64) Build 6299465 Fri Nov 14 12:34:56 MST 2025
| Date         : Tue Mar  3 20:34:22 2026
| Host         : khwl-ThinkPad-X1-Carbon-Gen-13 running 64-bit Ubuntu 24.04.3 LTS
| Command      : report_control_sets -verbose -file RV64IM72F8SPSoCTOP_control_sets_placed.rpt
| Design       : RV64IM72F8SPSoCTOP
| Device       : xc7a200t
---------------------------------------------------------------------------------------------------------------------------------------------

Control Set Information

Table of Contents
-----------------
1. Summary
2. Histogram
3. Flip-Flop Distribution
4. Detailed Control Set Information

1. Summary
----------

+----------------------------------------------------------+-------+
|                          Status                          | Count |
+----------------------------------------------------------+-------+
| Total control sets                                       |   110 |
|    Minimum number of control sets                        |    22 |
|    Addition due to synthesis replication                 |     0 |
|    Addition due to physical synthesis replication        |    88 |
| Unused register locations in slices containing registers |   446 |
+----------------------------------------------------------+-------+
* Control sets can be merged at opt_design using control_set_merge or merge_equivalent_drivers
** Run report_qor_suggestions for automated merging and remapping suggestions


2. Histogram
------------

+--------------------+-------+
|       Fanout       | Count |
+--------------------+-------+
| Total control sets |   110 |
| >= 0 to < 4        |    26 |
| >= 4 to < 6        |     8 |
| >= 6 to < 8        |     5 |
| >= 8 to < 10       |     8 |
| >= 10 to < 12      |     3 |
| >= 12 to < 14      |     4 |
| >= 14 to < 16      |     4 |
| >= 16              |    52 |
+--------------------+-------+
* Control sets can be remapped at either synth_design or opt_design


3. Flip-Flop Distribution
-------------------------

+--------------+-----------------------+------------------------+-----------------+--------------+
| Clock Enable | Synchronous Set/Reset | Asynchronous Set/Reset | Total Registers | Total Slices |
+--------------+-----------------------+------------------------+-----------------+--------------+
| No           | No                    | No                     |               6 |            5 |
| No           | No                    | Yes                    |              62 |           41 |
| No           | Yes                   | No                     |               0 |            0 |
| Yes          | No                    | No                     |             162 |           62 |
| Yes          | No                    | Yes                    |            1804 |          745 |
| Yes          | Yes                   | No                     |            2488 |          816 |
+--------------+-----------------------+------------------------+-----------------+--------------+


4. Detailed Control Set Information
-----------------------------------

+----------------+------------------------------------------------------------------+--------------------------------------------------------------+------------------+----------------+--------------+
|  Clock Signal  |                           Enable Signal                          |                       Set/Reset Signal                       | Slice Load Count | Bel Load Count | Bels / Slice |
+----------------+------------------------------------------------------------------+--------------------------------------------------------------+------------------+----------------+--------------+
|  clk_IBUF_BUFG | rv64im72f_6sp/exr_ex_register/cpu_clk_enable_reg[0]              | internal_reset_repN_11                                       |                1 |              1 |         1.00 |
|  clk_IBUF_BUFG | rv64im72f_6sp/alu/divider_dword/bit_counter[6]_i_1_n_0           | internal_reset_repN_2                                        |                1 |              1 |         1.00 |
|  clk_IBUF_BUFG | rv64im72f_6sp/exr_ex_register/cpu_clk_enable_reg_1[0]            | internal_reset_repN_1                                        |                1 |              1 |         1.00 |
|  clk_IBUF_BUFG | rv64im72f_6sp/alu/multiplier_dword/prod_high[63]_i_1_n_0         | internal_reset_repN_10                                       |                1 |              1 |         1.00 |
|  clk_IBUF_BUFG | rv64im72f_6sp/alu/divider_word/quotient_reg[31]_i_1_n_0          | internal_reset_repN_9                                        |                1 |              1 |         1.00 |
|  clk_IBUF_BUFG | rv64im72f_6sp/exr_ex_register/cpu_clk_enable_reg_0[0]            | internal_reset_repN_2                                        |                1 |              1 |         1.00 |
|  clk_IBUF_BUFG | uart_tx/tx_i_1_n_0                                               | internal_reset_repN_6                                        |                1 |              1 |         1.00 |
|  clk_IBUF_BUFG |                                                                  | internal_reset_repN_11                                       |                1 |              1 |         1.00 |
|  clk_IBUF_BUFG | rv64im72f_6sp/alu/divider_dword/quotient_sign4_out               | internal_reset_repN_2                                        |                1 |              1 |         1.00 |
|  clk_IBUF_BUFG |                                                                  | internal_reset                                               |                1 |              2 |         2.00 |
|  clk_IBUF_BUFG | rv64im72f_6sp/alu/divider_dword/quotient_sign4_out               | internal_reset_repN_1                                        |                1 |              2 |         2.00 |
|  clk_IBUF_BUFG | rv64im72f_6sp/alu/divider_word/quotient_sign4_out                | internal_reset_repN_9                                        |                2 |              2 |         1.00 |
|  clk_IBUF_BUFG |                                                                  | internal_reset_repN_1                                        |                2 |              2 |         1.00 |
|  clk_IBUF_BUFG | rv64im72f_6sp/exr_ex_register/cpu_clk_enable_reg_0[0]            | internal_reset_repN_10                                       |                1 |              2 |         2.00 |
|  clk_IBUF_BUFG | rv64im72f_6sp/alu/divider_word/bit_counter[5]_i_1_n_0            | internal_reset_repN_4                                        |                1 |              2 |         2.00 |
|  clk_IBUF_BUFG | rv64im72f_6sp/alu/multiplier_word/result_sign_s22_out            | internal_reset_repN_9                                        |                2 |              2 |         1.00 |
|  clk_IBUF_BUFG | rv64im72f_6sp/alu/divider_word/bit_counter[5]_i_1_n_0            | internal_reset_repN_10                                       |                2 |              2 |         1.00 |
|  clk_IBUF_BUFG | rv64im72f_6sp/exr_ex_register/cpu_clk_enable_reg[0]              | internal_reset_repN                                          |                1 |              2 |         2.00 |
|  clk_IBUF_BUFG | rv64im72f_6sp/alu/divider_word/FSM_onehot_state[3]_i_1_n_0       | internal_reset_repN_11                                       |                1 |              2 |         2.00 |
|  clk_IBUF_BUFG | rv64im72f_6sp/alu/divider_word/FSM_onehot_state[3]_i_1_n_0       | internal_reset_repN                                          |                1 |              2 |         2.00 |
|  clk_IBUF_BUFG | rv64im72f_6sp/alu/divider_word/quotient_sign4_out                | internal_reset_repN_10                                       |                3 |              3 |         1.00 |
|  clk_IBUF_BUFG | rv64im72f_6sp/exr_ex_register/cpu_clk_enable_reg_0[0]            | internal_reset_repN_8                                        |                3 |              3 |         1.00 |
|  clk_IBUF_BUFG | cpu_clk_enable                                                   | internal_reset_repN_11                                       |                2 |              3 |         1.50 |
|  clk_IBUF_BUFG | rv64im72f_6sp/alu/divider_dword/quotient_reg[63]_i_1_n_0         | internal_reset_repN_1                                        |                1 |              3 |         3.00 |
|  clk_IBUF_BUFG | rv64im72f_6sp/exception_detector/cpu_clk_enable_reg_1[0]         | internal_reset_repN                                          |                2 |              3 |         1.50 |
|  clk_IBUF_BUFG | rv64im72f_6sp/exception_detector/E[0]                            | internal_reset_repN                                          |                1 |              3 |         3.00 |
|  clk_IBUF_BUFG | rv64im72f_6sp/alu/divider_dword/FSM_onehot_state[3]_i_1__0_n_0   | internal_reset_repN_7                                        |                2 |              4 |         2.00 |
|  clk_IBUF_BUFG | rv64im72f_6sp/alu/multiplier_word/FSM_onehot_stage[3]_i_1__0_n_0 | internal_reset_repN_9                                        |                1 |              4 |         4.00 |
|  clk_IBUF_BUFG | rv64im72f_6sp/exr_ex_register/cpu_clk_enable_reg_0[0]            | internal_reset_repN_1                                        |                4 |              4 |         1.00 |
|  clk_IBUF_BUFG | rv64im72f_6sp/alu/multiplier_dword/FSM_onehot_stage[3]_i_1_n_0   | internal_reset_repN_9                                        |                1 |              4 |         4.00 |
|  clk_IBUF_BUFG | uart_tx/bit_counter[3]_i_1__1_n_0                                | internal_reset_repN_6                                        |                2 |              4 |         2.00 |
|  clk_IBUF_BUFG | rv64im72f_6sp/alu/multiplier_word/result_sign_s22_out            | internal_reset_repN_1                                        |                2 |              5 |         2.50 |
|  clk_IBUF_BUFG | rv64im72f_6sp/exr_ex_register/cpu_clk_enable_reg[0]              | internal_reset_repN_1                                        |                3 |              5 |         1.67 |
|  clk_IBUF_BUFG | rv64im72f_6sp/alu/multiplier_dword/prod_high[63]_i_1_n_0         | internal_reset_repN_8                                        |                3 |              5 |         1.67 |
|  clk_IBUF_BUFG | rv64im72f_6sp/exr_ex_register/cpu_clk_enable_reg[0]              | internal_reset_repN_10                                       |                5 |              6 |         1.20 |
|  clk_IBUF_BUFG |                                                                  |                                                              |                5 |              6 |         1.20 |
|  clk_IBUF_BUFG | rv64im72f_6sp/alu/divider_word/bit_counter[5]_i_1_n_0            | internal_reset_repN_11                                       |                3 |              6 |         2.00 |
|  clk_IBUF_BUFG | rv64im72f_6sp/exception_detector/trapped_reg_rep_1[0]            | internal_reset_repN                                          |                2 |              7 |         3.50 |
|  clk_IBUF_BUFG | rv64im72f_6sp/alu/divider_dword/bit_counter[6]_i_1_n_0           | internal_reset_repN_10                                       |                3 |              7 |         2.33 |
|  clk_IBUF_BUFG | rv64im72f_6sp/exr_ex_register/cpu_clk_enable_reg_0[0]            | internal_reset                                               |                6 |              8 |         1.33 |
|  clk_IBUF_BUFG |                                                                  | internal_reset_repN                                          |                7 |              8 |         1.14 |
|  clk_IBUF_BUFG | cpu_clk_enable                                                   | internal_reset_repN_6                                        |                3 |              8 |         2.67 |
|  clk_IBUF_BUFG | rv64im72f_6sp/exception_detector/trapped_reg_rep_2[0]            | internal_reset_repN                                          |                1 |              8 |         8.00 |
|  clk_IBUF_BUFG | rv64im72f_6sp/alu/multiplier_dword/prod_high[63]_i_1_n_0         | internal_reset_repN_2                                        |                6 |              8 |         1.33 |
|  clk_IBUF_BUFG | uart_tx/shift_reg[8]_i_1_n_0                                     | internal_reset_repN_3                                        |                3 |              9 |         3.00 |
|  clk_IBUF_BUFG | cpu_clk_enable                                                   | rv64im72f_6sp/ex_ex2_register/ID_branch_estimation0_out      |                3 |              9 |         3.00 |
|  clk_IBUF_BUFG |                                                                  | internal_reset_repN_3                                        |                6 |              9 |         1.50 |
|  clk_IBUF_BUFG | rv64im72f_6sp/exception_detector/trapped_reg_rep_2[0]            | internal_reset_repN_6                                        |                3 |             10 |         3.33 |
|  clk_IBUF_BUFG | mmio_interface/E[0]                                              | internal_reset_repN_6                                        |                4 |             10 |         2.50 |
|  clk_IBUF_BUFG | rv64im72f_6sp/exception_detector/trapped_reg_rep_1[0]            | internal_reset_repN_6                                        |                2 |             11 |         5.50 |
|  clk_IBUF_BUFG | rv64im72f_6sp/alu/multiplier_dword/result_sign_s22_out           | internal_reset_repN_8                                        |                6 |             12 |         2.00 |
|  clk_IBUF_BUFG | rv64im72f_6sp/alu/multiplier_word/prod_low[31]_i_1__0_n_0        | internal_reset                                               |                6 |             12 |         2.00 |
|  clk_IBUF_BUFG | rv64im72f_6sp/exr_ex_register/cpu_clk_enable_reg_1[0]            | internal_reset_repN_9                                        |                4 |             12 |         3.00 |
|  clk_IBUF_BUFG | cpu_clk_enable                                                   | internal_reset_repN_5                                        |                8 |             13 |         1.62 |
|  clk_IBUF_BUFG | rv64im72f_6sp/alu/divider_word/bit_counter[5]_i_1_n_0            | internal_reset                                               |                8 |             14 |         1.75 |
|  clk_IBUF_BUFG |                                                                  | reset                                                        |               11 |             15 |         1.36 |
|  clk_IBUF_BUFG | rv64im72f_6sp/exception_detector/cpu_clk_enable_reg_1[0]         | internal_reset_repN_6                                        |                8 |             15 |         1.88 |
|  clk_IBUF_BUFG | rv64im72f_6sp/exception_detector/E[0]                            | internal_reset_repN_6                                        |                5 |             15 |         3.00 |
|  clk_IBUF_BUFG | cpu_clk_enable                                                   | internal_reset_repN_1                                        |               10 |             16 |         1.60 |
|  clk_IBUF_BUFG | rv64im72f_6sp/exr_ex_register/cpu_clk_enable_reg_0[0]            | internal_reset_repN_11                                       |               11 |             16 |         1.45 |
|  clk_IBUF_BUFG | rv64im72f_6sp/data_memory/E[0]                                   | internal_reset_repN_11                                       |                7 |             17 |         2.43 |
|  clk_IBUF_BUFG | rv64im72f_6sp/exception_detector/trapped_reg_rep_1[0]            | internal_reset_repN_3                                        |                7 |             17 |         2.43 |
|  clk_IBUF_BUFG | rv64im72f_6sp/exception_detector/E[0]                            | internal_reset_repN_3                                        |                9 |             18 |         2.00 |
|  clk_IBUF_BUFG | rv64im72f_6sp/exception_detector/trapped_reg_rep_2[0]            | internal_reset_repN_3                                        |                6 |             18 |         3.00 |
|  clk_IBUF_BUFG | rv64im72f_6sp/exception_detector/cpu_clk_enable_reg_1[0]         | internal_reset_repN_3                                        |               10 |             18 |         1.80 |
|  clk_IBUF_BUFG | rv64im72f_6sp/alu/divider_word/bit_counter[5]_i_1_n_0            | internal_reset_repN_1                                        |                9 |             19 |         2.11 |
|  clk_IBUF_BUFG | rv64im72f_6sp/data_memory/E[0]                                   | internal_reset_repN                                          |                9 |             20 |         2.22 |
|  clk_IBUF_BUFG | rv64im72f_6sp/exr_ex_register/cpu_clk_enable_reg[0]              | internal_reset                                               |               15 |             20 |         1.33 |
|  clk_IBUF_BUFG | cpu_clk_enable                                                   |                                                              |                6 |             21 |         3.50 |
|  clk_IBUF_BUFG | rv64im72f_6sp/alu/multiplier_dword/result_sign_s22_out           | internal_reset_repN_10                                       |               11 |             25 |         2.27 |
|  clk_IBUF_BUFG |                                                                  | internal_reset_repN_2                                        |               13 |             25 |         1.92 |
|  clk_IBUF_BUFG | rv64im72f_6sp/alu/divider_word/quotient_reg[31]_i_1_n_0          | internal_reset                                               |                9 |             25 |         2.78 |
|  clk_IBUF_BUFG | rv64im72f_6sp/alu/divider_dword/quotient_reg[63]_i_1_n_0         | internal_reset_repN_11                                       |                8 |             26 |         3.25 |
|  clk_IBUF_BUFG | rv64im72f_6sp/data_memory/E[0]                                   | internal_reset_repN_1                                        |               12 |             27 |         2.25 |
|  clk_IBUF_BUFG | rv64im72f_6sp/alu/divider_word/bit_counter[5]_i_1_n_0            | internal_reset_repN_9                                        |                8 |             27 |         3.38 |
|  clk_IBUF_BUFG | rv64im72f_6sp/exception_detector/cpu_clk_enable_reg_1[0]         | internal_reset_repN_5                                        |               15 |             28 |         1.87 |
|  clk_IBUF_BUFG | rv64im72f_6sp/exception_detector/trapped_reg_rep_2[0]            | internal_reset_repN_5                                        |               14 |             28 |         2.00 |
|  clk_IBUF_BUFG | rv64im72f_6sp/exception_detector/E[0]                            | internal_reset_repN_5                                        |               10 |             28 |         2.80 |
|  clk_IBUF_BUFG | rv64im72f_6sp/exception_detector/trapped_reg_rep_1[0]            | internal_reset_repN_5                                        |                9 |             29 |         3.22 |
|  clk_IBUF_BUFG | rv64im72f_6sp/alu/divider_word/quotient_sign4_out                | internal_reset                                               |                9 |             29 |         3.22 |
|  clk_IBUF_BUFG | rv64im72f_6sp/alu/divider_dword/quotient_sign4_out               | internal_reset_repN_11                                       |               11 |             29 |         2.64 |
|  clk_IBUF_BUFG | rv64im72f_6sp/alu/divider_dword/bit_counter[6]_i_1_n_0           | internal_reset_repN_8                                        |               13 |             30 |         2.31 |
|  clk_IBUF_BUFG | rv64im72f_6sp/alu/multiplier_word/result_sign_s22_out            | internal_reset                                               |               15 |             30 |         2.00 |
|  clk_IBUF_BUFG | rv64im72f_6sp/exr_ex_register/cpu_clk_enable_reg_0[0]            | internal_reset_repN_7                                        |               24 |             32 |         1.33 |
|  clk_IBUF_BUFG | rv64im72f_6sp/alu/divider_dword/quotient_sign4_out               | internal_reset_repN_7                                        |               10 |             34 |         3.40 |
|  clk_IBUF_BUFG | rv64im72f_6sp/alu/divider_dword/quotient_reg[63]_i_1_n_0         | internal_reset_repN_7                                        |               16 |             35 |         2.19 |
|  clk_IBUF_BUFG | rv64im72f_6sp/alu/multiplier_dword/result_sign_s22_out           | internal_reset_repN_9                                        |               13 |             37 |         2.85 |
|  clk_IBUF_BUFG | rv64im72f_6sp/alu/divider_word/quotient_reg[31]_i_1_n_0          | internal_reset_repN_10                                       |               10 |             38 |         3.80 |
|  clk_IBUF_BUFG | rv64im72f_6sp/alu/multiplier_dword/prod_high[63]_i_1_n_0         | internal_reset_repN_9                                        |               17 |             39 |         2.29 |
|  clk_IBUF_BUFG | rv64im72f_6sp/alu/divider_dword/bit_counter[6]_i_1_n_0           | internal_reset_repN_7                                        |               16 |             44 |         2.75 |
|  clk_IBUF_BUFG | rv64im72f_6sp/alu/multiplier_word/prod_low[31]_i_1__0_n_0        | internal_reset_repN_9                                        |               17 |             52 |         3.06 |
|  clk_IBUF_BUFG | rv64im72f_6sp/exr_ex_register/cpu_clk_enable_reg_1[0]            | internal_reset                                               |               19 |             52 |         2.74 |
|  clk_IBUF_BUFG | rv64im72f_6sp/alu/divider_dword/bit_counter[6]_i_1_n_0           | internal_reset_repN_11                                       |               19 |             53 |         2.79 |
|  clk_IBUF_BUFG | rv64im72f_6sp/exr_ex_register/E[0]                               | internal_reset_repN_8                                        |               18 |             57 |         3.17 |
|  clk_IBUF_BUFG | rv64im72f_6sp/alu/divider_dword/quotient_reg[63]_i_1_n_0         | internal_reset_repN_10                                       |               16 |             64 |         4.00 |
|  clk_IBUF_BUFG | rv64im72f_6sp/csr_file/minstret[0]                               | internal_reset_repN_3                                        |               17 |             64 |         3.76 |
|  clk_IBUF_BUFG | rv64im72f_6sp/exception_detector/cpu_clk_enable_reg_0            | rv64im72f_6sp/exception_detector/SR[0]                       |               63 |             64 |         1.02 |
|  clk_IBUF_BUFG | rv64im72f_6sp/exception_detector/cpu_clk_enable_reg_0            | rv64im72f_6sp/exception_detector/EX_MEM_flush                |               44 |             65 |         1.48 |
|  clk_IBUF_BUFG | rv64im72f_6sp/alu/multiplier_dword/result_sign_s22_out           | internal_reset_repN_4                                        |               31 |             71 |         2.29 |
|  clk_IBUF_BUFG | rv64im72f_6sp/exr_ex_register/E[0]                               | internal_reset_repN_10                                       |               20 |             72 |         3.60 |
|  clk_IBUF_BUFG | rv64im72f_6sp/alu/multiplier_dword/prod_high[63]_i_1_n_0         | internal_reset_repN_4                                        |               29 |             75 |         2.59 |
|  clk_IBUF_BUFG | cpu_clk_enable                                                   | internal_reset_repN                                          |               48 |             85 |         1.77 |
|  clk_IBUF_BUFG | cpu_clk_enable                                                   | internal_reset_repN_3                                        |               32 |             90 |         2.81 |
|  clk_IBUF_BUFG | rv64im72f_6sp/alu/multiplier_dword/result_sign_s22_out           |                                                              |               56 |            141 |         2.52 |
|  clk_IBUF_BUFG | rv64im72f_6sp/ex_ex2_register/E[0]                               | rv64im72f_6sp/ex_ex2_register/SR[0]                          |               39 |            160 |         4.10 |
|  clk_IBUF_BUFG | rv64im72f_6sp/mem_wb_register/p_0_in2_out                        |                                                              |               22 |            176 |         8.00 |
|  clk_IBUF_BUFG | rv64im72f_6sp/exception_detector/cpu_clk_enable_reg_0            | rv64im72f_6sp/exception_detector/cpu_clk_enable_reg_2[0]     |              142 |            446 |         3.14 |
|  clk_IBUF_BUFG | rv64im72f_6sp/exception_detector/cpu_clk_enable_reg_0            | rv64im72f_6sp/ex_ex2_register/cpu_clk_enable_reg_1           |              167 |            542 |         3.25 |
|  clk_IBUF_BUFG | rv64im72f_6sp/exception_detector/cpu_clk_enable_reg_0            | rv64im72f_6sp/ex_ex2_register/EX2_register_write_enable0_out |              211 |            593 |         2.81 |
|  clk_IBUF_BUFG | rv64im72f_6sp/ex_ex2_register/cpu_clk_enable_reg_2[0]            | rv64im72f_6sp/ex_ex2_register/ID_branch_estimation0_out      |              147 |            609 |         4.14 |
+----------------+------------------------------------------------------------------+--------------------------------------------------------------+------------------+----------------+--------------+


