
*** Running vivado
    with args -log RV64IM72F5SPSoCTOP.vdi -applog -m64 -product Vivado -messageDb vivado.pb -mode batch -source RV64IM72F5SPSoCTOP.tcl -notrace


****** Vivado v2025.2 (64-bit)
  **** SW Build 6299465 on Fri Nov 14 12:34:56 MST 2025
  **** IP Build 6300035 on Fri Nov 14 10:48:45 MST 2025
  **** SharedData Build 6298862 on Thu Nov 13 04:50:51 MST 2025
  **** Start of session at: Thu Feb 26 17:52:20 2026
    ** Copyright 1986-2022 Xilinx, Inc. All Rights Reserved.
    ** Copyright 2022-2025 Advanced Micro Devices, Inc. All Rights Reserved.

source RV64IM72F5SPSoCTOP.tcl -notrace
Command: link_design -top RV64IM72F5SPSoCTOP -part xc7a200tsbg484-1
Design is defaulting to srcset: sources_1
Design is defaulting to constrset: constrs_1
INFO: [Device 21-403] Loading part xc7a200tsbg484-1
INFO: [Project 1-5699] Read binary netlist with skipMacroContent - 1
INFO: [Project 1-454] Reading design checkpoint '/home/khwl/Desktop/RV-IM100/RV64s/SoCs/RV64IM_6SP/RV64IM72F_6SP.gen/sources_1/ip/clk_wiz_0/clk_wiz_0.dcp' for cell 'clk_gen'
Netlist sorting complete. Time (s): cpu = 00:00:00.04 ; elapsed = 00:00:00.04 . Memory (MB): peak = 1814.027 ; gain = 0.000 ; free physical = 19307 ; free virtual = 33896
INFO: [Netlist 29-17] Analyzing 3992 Unisim elements for replacement
INFO: [Netlist 29-28] Unisim Transformation completed in 0 CPU seconds
INFO: [Project 1-479] Netlist was created with Vivado 2025.2
INFO: [Project 1-570] Preparing netlist for logic optimization
Parsing XDC File [/home/khwl/Desktop/RV-IM100/RV64s/SoCs/RV64IM_6SP/RV64IM72F_6SP.gen/sources_1/ip/clk_wiz_0/clk_wiz_0_board.xdc] for cell 'clk_gen/inst'
Finished Parsing XDC File [/home/khwl/Desktop/RV-IM100/RV64s/SoCs/RV64IM_6SP/RV64IM72F_6SP.gen/sources_1/ip/clk_wiz_0/clk_wiz_0_board.xdc] for cell 'clk_gen/inst'
Parsing XDC File [/home/khwl/Desktop/RV-IM100/RV64s/SoCs/RV64IM_6SP/RV64IM72F_6SP.gen/sources_1/ip/clk_wiz_0/clk_wiz_0.xdc] for cell 'clk_gen/inst'
INFO: [Timing 38-35] Done setting XDC timing constraints. [/home/khwl/Desktop/RV-IM100/RV64s/SoCs/RV64IM_6SP/RV64IM72F_6SP.gen/sources_1/ip/clk_wiz_0/clk_wiz_0.xdc:54]
INFO: [Timing 38-2] Deriving generated clocks [/home/khwl/Desktop/RV-IM100/RV64s/SoCs/RV64IM_6SP/RV64IM72F_6SP.gen/sources_1/ip/clk_wiz_0/clk_wiz_0.xdc:54]
Finished Parsing XDC File [/home/khwl/Desktop/RV-IM100/RV64s/SoCs/RV64IM_6SP/RV64IM72F_6SP.gen/sources_1/ip/clk_wiz_0/clk_wiz_0.xdc] for cell 'clk_gen/inst'
Parsing XDC File [/home/khwl/Desktop/RV-IM100/RV64s/SoCs/RV64IM_6SP/RV64IM72F_6SP.srcs/constrs_1/imports/RV64IM6SP_FPGA/RV32I46F_5SP_Debug_XDC.xdc]
Finished Parsing XDC File [/home/khwl/Desktop/RV-IM100/RV64s/SoCs/RV64IM_6SP/RV64IM72F_6SP.srcs/constrs_1/imports/RV64IM6SP_FPGA/RV32I46F_5SP_Debug_XDC.xdc]
INFO: [Opt 31-138] Pushed 0 inverter(s) to 0 load pin(s).
Netlist sorting complete. Time (s): cpu = 00:00:00 ; elapsed = 00:00:00 . Memory (MB): peak = 2622.625 ; gain = 0.000 ; free physical = 18662 ; free virtual = 33246
INFO: [Project 1-111] Unisim Transformation Summary:
  A total of 2070 instances were transformed.
  RAM256X1S => RAM256X1S (MUXF7(x2), MUXF8, RAMS64E(x4)): 2048 instances
  RAM32M => RAM32M (RAMD32(x6), RAMS32(x2)): 22 instances

11 Infos, 0 Warnings, 0 Critical Warnings and 0 Errors encountered.
link_design completed successfully
link_design: Time (s): cpu = 00:00:07 ; elapsed = 00:00:06 . Memory (MB): peak = 2622.660 ; gain = 999.422 ; free physical = 18662 ; free virtual = 33246
Command: opt_design -directive Explore
INFO: [Vivado_Tcl 4-136] Directive used for opt_design is: Explore
Attempting to get a license for feature 'Implementation' and/or device 'xc7a200t'
INFO: [Common 17-349] Got license for feature 'Implementation' and/or device 'xc7a200t'
Running DRC as a precondition to command opt_design

Starting DRC Task
INFO: [DRC 23-27] Running DRC with 8 threads
INFO: [Project 1-461] DRC finished with 0 Errors
INFO: [Project 1-462] Please refer to the DRC report (report_drc) for more information.

Time (s): cpu = 00:00:00.68 ; elapsed = 00:00:00.24 . Memory (MB): peak = 2631.531 ; gain = 8.871 ; free physical = 18629 ; free virtual = 33214

Starting Logic Optimization Task

Phase 1 Initialization

Phase 1.1 Core Generation And Design Setup
Phase 1.1 Core Generation And Design Setup | Checksum: 163bcd9ea

Time (s): cpu = 00:00:00.01 ; elapsed = 00:00:00.01 . Memory (MB): peak = 2900.344 ; gain = 0.000 ; free physical = 18329 ; free virtual = 32914

Phase 1.2 Setup Constraints And Sort Netlist
Phase 1.2 Setup Constraints And Sort Netlist | Checksum: 163bcd9ea

Time (s): cpu = 00:00:00.02 ; elapsed = 00:00:00.02 . Memory (MB): peak = 2900.344 ; gain = 0.000 ; free physical = 18329 ; free virtual = 32914
Phase 1 Initialization | Checksum: 163bcd9ea

Time (s): cpu = 00:00:00.02 ; elapsed = 00:00:00.02 . Memory (MB): peak = 2900.344 ; gain = 0.000 ; free physical = 18329 ; free virtual = 32914

Phase 2 Timer Update And Timing Data Collection

Phase 2.1 Detect if minReqCache needed
Phase 2.1 Detect if minReqCache needed | Checksum: 163bcd9ea

Time (s): cpu = 00:00:00.03 ; elapsed = 00:00:00.03 . Memory (MB): peak = 2900.344 ; gain = 0.000 ; free physical = 18322 ; free virtual = 32906

Phase 2.2 Timer Update
INFO: [Timing 38-35] Done setting XDC timing constraints.
Phase 2.2 Timer Update | Checksum: 163bcd9ea

Time (s): cpu = 00:00:02 ; elapsed = 00:00:00.68 . Memory (MB): peak = 3013.156 ; gain = 112.812 ; free physical = 18262 ; free virtual = 32847

Phase 2.3 Timing Data Collection
Phase 2.3 Timing Data Collection | Checksum: 163bcd9ea

Time (s): cpu = 00:00:02 ; elapsed = 00:00:00.69 . Memory (MB): peak = 3013.156 ; gain = 112.812 ; free physical = 18255 ; free virtual = 32840
Phase 2 Timer Update And Timing Data Collection | Checksum: 163bcd9ea

Time (s): cpu = 00:00:02 ; elapsed = 00:00:00.69 . Memory (MB): peak = 3013.156 ; gain = 112.812 ; free physical = 18255 ; free virtual = 32840

Phase 3 Retarget
INFO: [Opt 31-1851] Number of loadless carry chains removed were: 0
INFO: [Opt 31-1834] Total Chains To Be Transformed Were: 0 AND Number of Transformed insts Created are: 0
INFO: [Opt 31-1566] Pulled 64 inverters resulting in an inversion of 1242 pins
INFO: [Opt 31-138] Pushed 1 inverter(s) to 1 load pin(s).
INFO: [Opt 31-49] Retargeted 0 cell(s).
Phase 3 Retarget | Checksum: 235cbc4ca

Time (s): cpu = 00:00:02 ; elapsed = 00:00:00.83 . Memory (MB): peak = 3013.156 ; gain = 112.812 ; free physical = 18254 ; free virtual = 32840
Retarget | Checksum: 235cbc4ca
INFO: [Opt 31-389] Phase Retarget created 0 cells and removed 192 cells
INFO: [Opt 31-1021] In phase Retarget, 1 netlist objects are constrained preventing optimization. Please run opt_design with -debug_log to get more detail. 

Phase 4 Constant propagation
INFO: [Opt 31-138] Pushed 0 inverter(s) to 0 load pin(s).
Phase 4 Constant propagation | Checksum: 1ff08cda4

Time (s): cpu = 00:00:02 ; elapsed = 00:00:00.9 . Memory (MB): peak = 3013.156 ; gain = 112.812 ; free physical = 18254 ; free virtual = 32840
Constant propagation | Checksum: 1ff08cda4
INFO: [Opt 31-389] Phase Constant propagation created 0 cells and removed 0 cells

Phase 5 Sweep
INFO: [Constraints 18-11670] Building netlist checker database with flags, 0x8
Done building netlist checker database: Time (s): cpu = 00:00:00 ; elapsed = 00:00:00 . Memory (MB): peak = 3013.156 ; gain = 0.000 ; free physical = 18254 ; free virtual = 32840
INFO: [Constraints 18-11670] Building netlist checker database with flags, 0x8
Done building netlist checker database: Time (s): cpu = 00:00:00 ; elapsed = 00:00:00 . Memory (MB): peak = 3013.156 ; gain = 0.000 ; free physical = 18254 ; free virtual = 32840
Phase 5 Sweep | Checksum: 1e84243e6

Time (s): cpu = 00:00:03 ; elapsed = 00:00:01 . Memory (MB): peak = 3013.156 ; gain = 112.812 ; free physical = 18254 ; free virtual = 32840
Sweep | Checksum: 1e84243e6
INFO: [Opt 31-389] Phase Sweep created 7 cells and removed 0 cells

Phase 6 BUFG optimization
Phase 6 BUFG optimization | Checksum: 1e84243e6

Time (s): cpu = 00:00:03 ; elapsed = 00:00:01 . Memory (MB): peak = 3045.172 ; gain = 144.828 ; free physical = 18254 ; free virtual = 32840
BUFG optimization | Checksum: 1e84243e6
INFO: [Opt 31-662] Phase BUFG optimization created 0 cells of which 0 are BUFGs and removed 0 cells.

Phase 7 Shift Register Optimization
INFO: [Opt 31-1064] SRL Remap converted 0 SRLs to 0 registers and converted 0 registers of register chains to 0 SRLs
Phase 7 Shift Register Optimization | Checksum: 1e84243e6

Time (s): cpu = 00:00:03 ; elapsed = 00:00:01 . Memory (MB): peak = 3045.172 ; gain = 144.828 ; free physical = 18254 ; free virtual = 32840
Shift Register Optimization | Checksum: 1e84243e6
INFO: [Opt 31-389] Phase Shift Register Optimization created 0 cells and removed 0 cells
INFO: [Opt 31-1555] control_set_opt supports Versal devices only, and device 7a200t is unsupported

Phase 8 Post Processing Netlist
Phase 8 Post Processing Netlist | Checksum: 2391b56db

Time (s): cpu = 00:00:03 ; elapsed = 00:00:01 . Memory (MB): peak = 3045.172 ; gain = 144.828 ; free physical = 18254 ; free virtual = 32840
Post Processing Netlist | Checksum: 2391b56db
INFO: [Opt 31-389] Phase Post Processing Netlist created 0 cells and removed 0 cells

Phase 9 Finalization

Phase 9.1 Finalizing Design Cores and Updating Shapes
Phase 9.1 Finalizing Design Cores and Updating Shapes | Checksum: 1057787cd

Time (s): cpu = 00:00:03 ; elapsed = 00:00:01 . Memory (MB): peak = 3045.172 ; gain = 144.828 ; free physical = 18254 ; free virtual = 32840

Phase 9.2 Verifying Netlist Connectivity

Starting Connectivity Check Task

Time (s): cpu = 00:00:00.02 ; elapsed = 00:00:00.01 . Memory (MB): peak = 3045.172 ; gain = 0.000 ; free physical = 18254 ; free virtual = 32840
Phase 9.2 Verifying Netlist Connectivity | Checksum: 1057787cd

Time (s): cpu = 00:00:03 ; elapsed = 00:00:01 . Memory (MB): peak = 3045.172 ; gain = 144.828 ; free physical = 18254 ; free virtual = 32840
Phase 9 Finalization | Checksum: 1057787cd

Time (s): cpu = 00:00:03 ; elapsed = 00:00:01 . Memory (MB): peak = 3045.172 ; gain = 144.828 ; free physical = 18254 ; free virtual = 32840
Opt_design Change Summary
=========================


-------------------------------------------------------------------------------------------------------------------------
|  Phase                        |  #Cells created  |  #Cells Removed  |  #Constrained objects preventing optimizations  |
-------------------------------------------------------------------------------------------------------------------------
|  Retarget                     |               0  |             192  |                                              1  |
|  Constant propagation         |               0  |               0  |                                              0  |
|  Sweep                        |               7  |               0  |                                              0  |
|  BUFG optimization            |               0  |               0  |                                              0  |
|  Shift Register Optimization  |               0  |               0  |                                              0  |
|  Post Processing Netlist      |               0  |               0  |                                              0  |
-------------------------------------------------------------------------------------------------------------------------


Ending Logic Optimization Task | Checksum: 1057787cd

Time (s): cpu = 00:00:03 ; elapsed = 00:00:01 . Memory (MB): peak = 3045.172 ; gain = 144.828 ; free physical = 18254 ; free virtual = 32840
Netlist sorting complete. Time (s): cpu = 00:00:00 ; elapsed = 00:00:00.01 . Memory (MB): peak = 3045.172 ; gain = 0.000 ; free physical = 18254 ; free virtual = 32840
INFO: [Common 17-83] Releasing license: Implementation
35 Infos, 0 Warnings, 0 Critical Warnings and 0 Errors encountered.
opt_design completed successfully
INFO: [Vivado 12-24828] Executing command : report_drc -file RV64IM72F5SPSoCTOP_drc_opted.rpt -pb RV64IM72F5SPSoCTOP_drc_opted.pb -rpx RV64IM72F5SPSoCTOP_drc_opted.rpx
Command: report_drc -file RV64IM72F5SPSoCTOP_drc_opted.rpt -pb RV64IM72F5SPSoCTOP_drc_opted.pb -rpx RV64IM72F5SPSoCTOP_drc_opted.rpx
INFO: [IP_Flow 19-1839] IP Catalog is up to date.
INFO: [DRC 23-27] Running DRC with 8 threads
INFO: [Vivado_Tcl 2-168] The results of DRC are in file /home/khwl/Desktop/RV-IM100/RV64s/SoCs/RV64IM_6SP/RV64IM72F_6SP.runs/impl_1/RV64IM72F5SPSoCTOP_drc_opted.rpt.
report_drc completed successfully
INFO: [Timing 38-480] Writing timing data to binary archive.
Wrote PlaceDB: Time (s): cpu = 00:00:00 ; elapsed = 00:00:00 . Memory (MB): peak = 3045.172 ; gain = 0.000 ; free physical = 18255 ; free virtual = 32840
Wrote PulsedLatchDB: Time (s): cpu = 00:00:00 ; elapsed = 00:00:00 . Memory (MB): peak = 3045.172 ; gain = 0.000 ; free physical = 18255 ; free virtual = 32840
Writing XDEF routing.
Writing XDEF routing logical nets.
Writing XDEF routing special nets.
Wrote RouteStorage: Time (s): cpu = 00:00:00.11 ; elapsed = 00:00:00.02 . Memory (MB): peak = 3045.172 ; gain = 0.000 ; free physical = 18252 ; free virtual = 32839
Wrote PlaceStorage: Time (s): cpu = 00:00:00.01 ; elapsed = 00:00:00.01 . Memory (MB): peak = 3045.172 ; gain = 0.000 ; free physical = 18252 ; free virtual = 32840
Wrote Netlist Cache: Time (s): cpu = 00:00:00 ; elapsed = 00:00:00 . Memory (MB): peak = 3045.172 ; gain = 0.000 ; free physical = 18252 ; free virtual = 32840
Wrote Device Cache: Time (s): cpu = 00:00:00.01 ; elapsed = 00:00:00 . Memory (MB): peak = 3045.172 ; gain = 0.000 ; free physical = 18250 ; free virtual = 32839
Write Physdb Complete: Time (s): cpu = 00:00:00.13 ; elapsed = 00:00:00.03 . Memory (MB): peak = 3045.172 ; gain = 0.000 ; free physical = 18250 ; free virtual = 32839
Write ShapeDB Complete: Time (s): cpu = 00:00:00.14 ; elapsed = 00:00:00.03 . Memory (MB): peak = 3045.172 ; gain = 0.000 ; free physical = 18250 ; free virtual = 32839
INFO: [Common 17-1381] The checkpoint '/home/khwl/Desktop/RV-IM100/RV64s/SoCs/RV64IM_6SP/RV64IM72F_6SP.runs/impl_1/RV64IM72F5SPSoCTOP_opt.dcp' has been generated.
Command: place_design -directive Explore
Attempting to get a license for feature 'Implementation' and/or device 'xc7a200t'
INFO: [Common 17-349] Got license for feature 'Implementation' and/or device 'xc7a200t'
INFO: [Common 17-83] Releasing license: Implementation
INFO: [DRC 23-27] Running DRC with 8 threads
INFO: [Vivado_Tcl 4-198] DRC finished with 0 Errors
INFO: [Vivado_Tcl 4-199] Please refer to the DRC report (report_drc) for more information.
INFO: [Timing 38-35] Done setting XDC timing constraints.
INFO: [Vivado_Tcl 4-2302] The placer was invoked with the 'Explore' directive.
Running DRC as a precondition to command place_design
INFO: [DRC 23-27] Running DRC with 8 threads
INFO: [Vivado_Tcl 4-198] DRC finished with 0 Errors
INFO: [Vivado_Tcl 4-199] Please refer to the DRC report (report_drc) for more information.
INFO: [Place 30-611] Multithreading enabled for place_design using a maximum of 8 CPUs

Starting Placer Task

Phase 1 Placer Initialization

Phase 1.1 Placer Initialization Netlist Sorting
Netlist sorting complete. Time (s): cpu = 00:00:00 ; elapsed = 00:00:00 . Memory (MB): peak = 3045.172 ; gain = 0.000 ; free physical = 18254 ; free virtual = 32842
Phase 1.1 Placer Initialization Netlist Sorting | Checksum: f247f2ca

Time (s): cpu = 00:00:00 ; elapsed = 00:00:00.01 . Memory (MB): peak = 3045.172 ; gain = 0.000 ; free physical = 18254 ; free virtual = 32842
Netlist sorting complete. Time (s): cpu = 00:00:00 ; elapsed = 00:00:00 . Memory (MB): peak = 3045.172 ; gain = 0.000 ; free physical = 18254 ; free virtual = 32842

Phase 1.2 IO Placement/ Clock Placement/ Build Placer Device
Phase 1.2 IO Placement/ Clock Placement/ Build Placer Device | Checksum: 145b551b5

Time (s): cpu = 00:00:00.83 ; elapsed = 00:00:00.44 . Memory (MB): peak = 3045.172 ; gain = 0.000 ; free physical = 18255 ; free virtual = 32844

Phase 1.3 Build Placer Netlist Model
Phase 1.3 Build Placer Netlist Model | Checksum: 1b2818234

Time (s): cpu = 00:00:08 ; elapsed = 00:00:04 . Memory (MB): peak = 3084.215 ; gain = 39.043 ; free physical = 18258 ; free virtual = 32846

Phase 1.4 Constrain Clocks/Macros
Phase 1.4 Constrain Clocks/Macros | Checksum: 1b2818234

Time (s): cpu = 00:00:08 ; elapsed = 00:00:04 . Memory (MB): peak = 3084.215 ; gain = 39.043 ; free physical = 18258 ; free virtual = 32846
Phase 1 Placer Initialization | Checksum: 1b2818234

Time (s): cpu = 00:00:08 ; elapsed = 00:00:04 . Memory (MB): peak = 3084.215 ; gain = 39.043 ; free physical = 18258 ; free virtual = 32846

Phase 2 Global Placement

Phase 2.1 Floorplanning
Phase 2.1 Floorplanning | Checksum: 14c86b295

Time (s): cpu = 00:00:12 ; elapsed = 00:00:05 . Memory (MB): peak = 3095.215 ; gain = 50.043 ; free physical = 18176 ; free virtual = 32764

Phase 2.2 Update Timing before SLR Path Opt
Phase 2.2 Update Timing before SLR Path Opt | Checksum: 22824999a

Time (s): cpu = 00:00:15 ; elapsed = 00:00:06 . Memory (MB): peak = 3095.215 ; gain = 50.043 ; free physical = 18178 ; free virtual = 32766

Phase 2.3 Post-Processing in Floorplanning
Phase 2.3 Post-Processing in Floorplanning | Checksum: 22824999a

Time (s): cpu = 00:00:15 ; elapsed = 00:00:06 . Memory (MB): peak = 3095.215 ; gain = 50.043 ; free physical = 18178 ; free virtual = 32766

Phase 2.4 Global Place Phase1
Phase 2.4 Global Place Phase1 | Checksum: 202bb254d

Time (s): cpu = 00:00:49 ; elapsed = 00:00:16 . Memory (MB): peak = 3220.215 ; gain = 175.043 ; free physical = 18044 ; free virtual = 32632

Phase 2.5 Global Place Phase2

Phase 2.5.1 UpdateTiming Before Physical Synthesis
Phase 2.5.1 UpdateTiming Before Physical Synthesis | Checksum: 2488e6127

Time (s): cpu = 00:00:54 ; elapsed = 00:00:18 . Memory (MB): peak = 3220.215 ; gain = 175.043 ; free physical = 18046 ; free virtual = 32634

Phase 2.5.2 Physical Synthesis In Placer
INFO: [Physopt 32-1035] Found 0 LUTNM shape to break, 828 LUT instances to create LUTNM shape
INFO: [Physopt 32-1044] Break lutnm for timing: one critical 0, two critical 0, total 0, new lutff created 0
INFO: [Physopt 32-1138] End 1 Pass. Optimized 380 nets or LUTs. Breaked 0 LUT, combined 380 existing LUTs and moved 0 existing LUT
INFO: [Physopt 32-1408] Pass 1. Identified 8 candidate nets for high-fanout optimization.
INFO: [Physopt 32-81] Processed net rv64im72f_6sp/ex_mem_register/MEM_alu_result_reg[63]_0[4]. Replicated 23 times.
INFO: [Physopt 32-81] Processed net rv64im72f_6sp/ex_mem_register/MEM_alu_result_reg[63]_0[5]. Replicated 25 times.
INFO: [Physopt 32-81] Processed net rv64im72f_6sp/ex_mem_register/MEM_alu_result_reg[63]_0[6]. Replicated 23 times.
INFO: [Physopt 32-81] Processed net rv64im72f_6sp/ex_mem_register/MEM_alu_result_reg[63]_0[3]. Replicated 16 times.
INFO: [Physopt 32-81] Processed net rv64im72f_6sp/ex_mem_register/MEM_alu_result_reg[63]_0[9]. Replicated 20 times.
INFO: [Physopt 32-81] Processed net rv64im72f_6sp/ex_mem_register/MEM_alu_result_reg[63]_0[10]. Replicated 26 times.
INFO: [Physopt 32-81] Processed net rv64im72f_6sp/ex_mem_register/MEM_alu_result_reg[63]_0[7]. Replicated 22 times.
INFO: [Physopt 32-81] Processed net rv64im72f_6sp/ex_mem_register/MEM_alu_result_reg[63]_0[8]. Replicated 27 times.
INFO: [Physopt 32-232] Optimized 8 nets. Created 182 new instances.
INFO: [Physopt 32-775] End 1 Pass. Optimized 8 nets or cells. Created 182 new cells, deleted 0 existing cell and moved 0 existing cell
Netlist sorting complete. Time (s): cpu = 00:00:00.04 ; elapsed = 00:00:00.04 . Memory (MB): peak = 3220.215 ; gain = 0.000 ; free physical = 18043 ; free virtual = 32632
INFO: [Physopt 32-456] No candidate cells for DSP register optimization found in the design.
INFO: [Physopt 32-775] End 2 Pass. Optimized 0 net or cell. Created 0 new cell, deleted 0 existing cell and moved 0 existing cell
INFO: [Physopt 32-1123] No candidate cells found for Shift Register to Pipeline optimization
INFO: [Physopt 32-775] End 2 Pass. Optimized 0 net or cell. Created 0 new cell, deleted 0 existing cell and moved 0 existing cell
INFO: [Physopt 32-1401] No candidate cells found for Shift Register optimization.
INFO: [Physopt 32-677] No candidate cells for Shift Register optimization found in the design
INFO: [Physopt 32-775] End 1 Pass. Optimized 0 net or cell. Created 0 new cell, deleted 0 existing cell and moved 0 existing cell
INFO: [Physopt 32-526] No candidate cells for BRAM register optimization found in the design
INFO: [Physopt 32-775] End 1 Pass. Optimized 0 net or cell. Created 0 new cell, deleted 0 existing cell and moved 0 existing cell
INFO: [Physopt 32-846] No candidate cells for URAM register optimization found in the design
INFO: [Physopt 32-775] End 1 Pass. Optimized 0 net or cell. Created 0 new cell, deleted 0 existing cell and moved 0 existing cell
INFO: [Physopt 32-846] No candidate cells for URAM register optimization found in the design
INFO: [Physopt 32-775] End 1 Pass. Optimized 0 net or cell. Created 0 new cell, deleted 0 existing cell and moved 0 existing cell
INFO: [Physopt 32-949] No candidate nets found for dynamic/static region interface net replication
INFO: [Physopt 32-775] End 1 Pass. Optimized 0 net or cell. Created 0 new cell, deleted 0 existing cell and moved 0 existing cell
Netlist sorting complete. Time (s): cpu = 00:00:00.01 ; elapsed = 00:00:00.01 . Memory (MB): peak = 3220.215 ; gain = 0.000 ; free physical = 18043 ; free virtual = 32632

Summary of Physical Synthesis Optimizations
============================================


-----------------------------------------------------------------------------------------------------------------------------------------------------------
|  Optimization                                     |  Added Cells  |  Removed Cells  |  Optimized Cells/Nets  |  Dont Touch  |  Iterations  |  Elapsed   |
-----------------------------------------------------------------------------------------------------------------------------------------------------------
|  LUT Combining                                    |            0  |            380  |                   380  |           0  |           1  |  00:00:00  |
|  Retime                                           |            0  |              0  |                     0  |           0  |           1  |  00:00:00  |
|  Very High Fanout                                 |          182  |              0  |                     8  |           0  |           1  |  00:00:06  |
|  DSP Register                                     |            0  |              0  |                     0  |           0  |           1  |  00:00:00  |
|  Shift Register to Pipeline                       |            0  |              0  |                     0  |           0  |           1  |  00:00:00  |
|  Shift Register                                   |            0  |              0  |                     0  |           0  |           1  |  00:00:00  |
|  BRAM Register                                    |            0  |              0  |                     0  |           0  |           1  |  00:00:00  |
|  URAM Register                                    |            0  |              0  |                     0  |           0  |           1  |  00:00:00  |
|  Dynamic/Static Region Interface Net Replication  |            0  |              0  |                     0  |           0  |           1  |  00:00:00  |
|  Total                                            |          182  |            380  |                   388  |           0  |           9  |  00:00:06  |
-----------------------------------------------------------------------------------------------------------------------------------------------------------


Phase 2.5.2 Physical Synthesis In Placer | Checksum: 2fbba55ed

Time (s): cpu = 00:01:04 ; elapsed = 00:00:26 . Memory (MB): peak = 3220.215 ; gain = 175.043 ; free physical = 18044 ; free virtual = 32632
Phase 2.5 Global Place Phase2 | Checksum: 2b0f6e625

Time (s): cpu = 00:01:10 ; elapsed = 00:00:28 . Memory (MB): peak = 3220.215 ; gain = 175.043 ; free physical = 18045 ; free virtual = 32633
Phase 2 Global Placement | Checksum: 2b0f6e625

Time (s): cpu = 00:01:10 ; elapsed = 00:00:28 . Memory (MB): peak = 3220.215 ; gain = 175.043 ; free physical = 18045 ; free virtual = 32633

Phase 3 Detail Placement

Phase 3.1 Commit Multi Column Macros
Phase 3.1 Commit Multi Column Macros | Checksum: 2e7dcc2c3

Time (s): cpu = 00:01:14 ; elapsed = 00:00:29 . Memory (MB): peak = 3220.215 ; gain = 175.043 ; free physical = 18047 ; free virtual = 32635

Phase 3.2 Commit Most Macros & LUTRAMs
Phase 3.2 Commit Most Macros & LUTRAMs | Checksum: 32e937bb5

Time (s): cpu = 00:01:26 ; elapsed = 00:00:35 . Memory (MB): peak = 3220.215 ; gain = 175.043 ; free physical = 18054 ; free virtual = 32642

Phase 3.3 Area Swap Optimization
Phase 3.3 Area Swap Optimization | Checksum: 2b12864f4

Time (s): cpu = 00:01:26 ; elapsed = 00:00:35 . Memory (MB): peak = 3220.215 ; gain = 175.043 ; free physical = 18054 ; free virtual = 32642

Phase 3.4 Pipeline Register Optimization
Phase 3.4 Pipeline Register Optimization | Checksum: 344b50171

Time (s): cpu = 00:01:26 ; elapsed = 00:00:35 . Memory (MB): peak = 3220.215 ; gain = 175.043 ; free physical = 18053 ; free virtual = 32641

Phase 3.5 Fast Optimization
Phase 3.5 Fast Optimization | Checksum: 2e4135e56

Time (s): cpu = 00:01:41 ; elapsed = 00:00:40 . Memory (MB): peak = 3220.215 ; gain = 175.043 ; free physical = 18052 ; free virtual = 32640

Phase 3.6 Small Shape Detail Placement
Phase 3.6 Small Shape Detail Placement | Checksum: 24dcd5f33

Time (s): cpu = 00:01:45 ; elapsed = 00:00:44 . Memory (MB): peak = 3228.219 ; gain = 183.047 ; free physical = 18053 ; free virtual = 32641

Phase 3.7 Re-assign LUT pins
Phase 3.7 Re-assign LUT pins | Checksum: 290722391

Time (s): cpu = 00:01:46 ; elapsed = 00:00:45 . Memory (MB): peak = 3228.219 ; gain = 183.047 ; free physical = 18053 ; free virtual = 32641

Phase 3.8 Pipeline Register Optimization
Phase 3.8 Pipeline Register Optimization | Checksum: 23b7fe5fd

Time (s): cpu = 00:01:46 ; elapsed = 00:00:45 . Memory (MB): peak = 3228.219 ; gain = 183.047 ; free physical = 18053 ; free virtual = 32641
Phase 3 Detail Placement | Checksum: 23b7fe5fd

Time (s): cpu = 00:01:46 ; elapsed = 00:00:45 . Memory (MB): peak = 3228.219 ; gain = 183.047 ; free physical = 18053 ; free virtual = 32641

Phase 4 Post Placement Optimization and Clean-Up

Phase 4.1 Post Commit Optimization
INFO: [Timing 38-35] Done setting XDC timing constraints.

Phase 4.1.1 Post Placement Optimization
Post Placement Optimization Initialization | Checksum: 297a3f733

Phase 4.1.1.1 BUFG Insertion

Starting Physical Synthesis Task

Phase 1 Physical Synthesis Initialization
INFO: [Physopt 32-721] Multithreading enabled for phys_opt_design using a maximum of 8 CPUs
INFO: [Physopt 32-619] Estimated Timing Summary | WNS=-1.745 | TNS=-13.342 |
Phase 1 Physical Synthesis Initialization | Checksum: 1fdb1f61f

Time (s): cpu = 00:00:01 ; elapsed = 00:00:00.32 . Memory (MB): peak = 3228.219 ; gain = 0.000 ; free physical = 18053 ; free virtual = 32641
INFO: [Place 46-33] Processed net internal_reset, BUFG insertion was skipped due to placement/routing conflicts.
INFO: [Place 46-56] BUFG insertion identified 1 candidate nets. Inserted BUFG: 0, Replicated BUFG Driver: 0, Skipped due to Placement/Routing Conflicts: 1, Skipped due to Timing Degradation: 0, Skipped due to netlist editing failed: 0.
Ending Physical Synthesis Task | Checksum: 2c62b2894

Time (s): cpu = 00:00:02 ; elapsed = 00:00:00.58 . Memory (MB): peak = 3228.219 ; gain = 0.000 ; free physical = 18053 ; free virtual = 32641
Phase 4.1.1.1 BUFG Insertion | Checksum: 297a3f733

Time (s): cpu = 00:01:58 ; elapsed = 00:00:48 . Memory (MB): peak = 3228.219 ; gain = 183.047 ; free physical = 18053 ; free virtual = 32641

Phase 4.1.1.2 Post Placement Timing Optimization
INFO: [Place 30-746] Post Placement Timing Summary WNS=0.458. For the most accurate timing information please run report_timing.
Phase 4.1.1.2 Post Placement Timing Optimization | Checksum: 2520dacfb

Time (s): cpu = 00:03:04 ; elapsed = 00:01:38 . Memory (MB): peak = 3228.219 ; gain = 183.047 ; free physical = 18057 ; free virtual = 32646

Time (s): cpu = 00:03:04 ; elapsed = 00:01:38 . Memory (MB): peak = 3228.219 ; gain = 183.047 ; free physical = 18057 ; free virtual = 32646
Phase 4.1 Post Commit Optimization | Checksum: 2520dacfb

Time (s): cpu = 00:03:04 ; elapsed = 00:01:38 . Memory (MB): peak = 3228.219 ; gain = 183.047 ; free physical = 18057 ; free virtual = 32646

Phase 4.2 Post Placement Cleanup
Phase 4.2 Post Placement Cleanup | Checksum: 2520dacfb

Time (s): cpu = 00:03:04 ; elapsed = 00:01:38 . Memory (MB): peak = 3228.219 ; gain = 183.047 ; free physical = 18057 ; free virtual = 32646

Phase 4.3 Placer Reporting

Phase 4.3.1 Print Estimated Congestion
INFO: [Place 30-612] Post-Placement Estimated Congestion 
 ____________________________________________________
|           | Global Congestion | Short Congestion  |
| Direction | Region Size       | Region Size       |
|___________|___________________|___________________|
|      North|                1x1|                4x4|
|___________|___________________|___________________|
|      South|                1x1|              16x16|
|___________|___________________|___________________|
|       East|                2x2|                1x1|
|___________|___________________|___________________|
|       West|                2x2|                4x4|
|___________|___________________|___________________|

Phase 4.3.1 Print Estimated Congestion | Checksum: 2520dacfb

Time (s): cpu = 00:03:04 ; elapsed = 00:01:38 . Memory (MB): peak = 3228.219 ; gain = 183.047 ; free physical = 18057 ; free virtual = 32646
Phase 4.3 Placer Reporting | Checksum: 2520dacfb

Time (s): cpu = 00:03:04 ; elapsed = 00:01:38 . Memory (MB): peak = 3228.219 ; gain = 183.047 ; free physical = 18057 ; free virtual = 32646

Phase 4.4 Final Placement Cleanup
Netlist sorting complete. Time (s): cpu = 00:00:00 ; elapsed = 00:00:00.01 . Memory (MB): peak = 3228.219 ; gain = 0.000 ; free physical = 18057 ; free virtual = 32646

Time (s): cpu = 00:03:04 ; elapsed = 00:01:38 . Memory (MB): peak = 3228.219 ; gain = 183.047 ; free physical = 18057 ; free virtual = 32646
Phase 4 Post Placement Optimization and Clean-Up | Checksum: dc767e30

Time (s): cpu = 00:03:04 ; elapsed = 00:01:38 . Memory (MB): peak = 3228.219 ; gain = 183.047 ; free physical = 18058 ; free virtual = 32646
Ending Placer Task | Checksum: ce419de2

Time (s): cpu = 00:03:04 ; elapsed = 00:01:38 . Memory (MB): peak = 3228.219 ; gain = 183.047 ; free physical = 18058 ; free virtual = 32646
88 Infos, 0 Warnings, 0 Critical Warnings and 0 Errors encountered.
place_design completed successfully
place_design: Time (s): cpu = 00:03:06 ; elapsed = 00:01:39 . Memory (MB): peak = 3228.219 ; gain = 183.047 ; free physical = 18058 ; free virtual = 32646
INFO: [Vivado 12-24838] Running report commands "report_control_sets, report_io, report_utilization" in parallel.
Running report generation with 3 threads.
INFO: [Vivado 12-24828] Executing command : report_control_sets -verbose -file RV64IM72F5SPSoCTOP_control_sets_placed.rpt
report_control_sets: Time (s): cpu = 00:00:00.13 ; elapsed = 00:00:00.08 . Memory (MB): peak = 3228.219 ; gain = 0.000 ; free physical = 18040 ; free virtual = 32628
INFO: [Vivado 12-24828] Executing command : report_io -file RV64IM72F5SPSoCTOP_io_placed.rpt
report_io: Time (s): cpu = 00:00:00.17 ; elapsed = 00:00:00.11 . Memory (MB): peak = 3228.219 ; gain = 0.000 ; free physical = 18044 ; free virtual = 32632
INFO: [Vivado 12-24828] Executing command : report_utilization -file RV64IM72F5SPSoCTOP_utilization_placed.rpt -pb RV64IM72F5SPSoCTOP_utilization_placed.pb
INFO: [Timing 38-480] Writing timing data to binary archive.
Wrote PlaceDB: Time (s): cpu = 00:00:00 ; elapsed = 00:00:00 . Memory (MB): peak = 3228.219 ; gain = 0.000 ; free physical = 18042 ; free virtual = 32630
Wrote PulsedLatchDB: Time (s): cpu = 00:00:00 ; elapsed = 00:00:00 . Memory (MB): peak = 3228.219 ; gain = 0.000 ; free physical = 18042 ; free virtual = 32630
Writing XDEF routing.
Writing XDEF routing logical nets.
Writing XDEF routing special nets.
Wrote RouteStorage: Time (s): cpu = 00:00:00.13 ; elapsed = 00:00:00.03 . Memory (MB): peak = 3228.219 ; gain = 0.000 ; free physical = 18040 ; free virtual = 32630
Write ShapeDB Complete: Time (s): cpu = 00:00:00.17 ; elapsed = 00:00:00.04 . Memory (MB): peak = 3228.219 ; gain = 0.000 ; free physical = 18037 ; free virtual = 32630
Wrote PlaceStorage: Time (s): cpu = 00:00:00.98 ; elapsed = 00:00:00.48 . Memory (MB): peak = 3228.219 ; gain = 0.000 ; free physical = 18004 ; free virtual = 32623
Wrote Netlist Cache: Time (s): cpu = 00:00:00.01 ; elapsed = 00:00:00.02 . Memory (MB): peak = 3228.219 ; gain = 0.000 ; free physical = 18001 ; free virtual = 32623
Wrote Device Cache: Time (s): cpu = 00:00:00 ; elapsed = 00:00:00 . Memory (MB): peak = 3228.219 ; gain = 0.000 ; free physical = 18000 ; free virtual = 32622
Write Physdb Complete: Time (s): cpu = 00:00:01 ; elapsed = 00:00:00.54 . Memory (MB): peak = 3228.219 ; gain = 0.000 ; free physical = 18000 ; free virtual = 32622
INFO: [Common 17-1381] The checkpoint '/home/khwl/Desktop/RV-IM100/RV64s/SoCs/RV64IM_6SP/RV64IM72F_6SP.runs/impl_1/RV64IM72F5SPSoCTOP_placed.dcp' has been generated.
Command: phys_opt_design -directive Explore
Attempting to get a license for feature 'Implementation' and/or device 'xc7a200t'
INFO: [Common 17-349] Got license for feature 'Implementation' and/or device 'xc7a200t'
INFO: [Vivado_Tcl 4-137] Directive used for phys_opt_design is: Explore

Starting Initial Update Timing Task

Time (s): cpu = 00:00:10 ; elapsed = 00:00:02 . Memory (MB): peak = 3228.219 ; gain = 0.000 ; free physical = 18028 ; free virtual = 32626
INFO: [Vivado_Tcl 4-2279] Estimated Timing Summary | WNS= 0.458 | TNS= 0.000 | 
INFO: [Vivado_Tcl 4-383] Design worst setup slack (WNS) is greater than or equal to 0.000 ns. All physical synthesis setup optimizations will be skipped.
INFO: [Vivado_Tcl 4-232] No setup violation found. The netlist was not modified.
INFO: [Common 17-83] Releasing license: Implementation
100 Infos, 0 Warnings, 0 Critical Warnings and 0 Errors encountered.
phys_opt_design completed successfully
INFO: [Timing 38-480] Writing timing data to binary archive.
Wrote PlaceDB: Time (s): cpu = 00:00:00 ; elapsed = 00:00:00 . Memory (MB): peak = 3228.219 ; gain = 0.000 ; free physical = 18027 ; free virtual = 32625
Wrote PulsedLatchDB: Time (s): cpu = 00:00:00 ; elapsed = 00:00:00 . Memory (MB): peak = 3228.219 ; gain = 0.000 ; free physical = 18027 ; free virtual = 32625
Writing XDEF routing.
Writing XDEF routing logical nets.
Writing XDEF routing special nets.
Wrote RouteStorage: Time (s): cpu = 00:00:00.13 ; elapsed = 00:00:00.03 . Memory (MB): peak = 3228.219 ; gain = 0.000 ; free physical = 18024 ; free virtual = 32625
Write ShapeDB Complete: Time (s): cpu = 00:00:00.15 ; elapsed = 00:00:00.03 . Memory (MB): peak = 3228.219 ; gain = 0.000 ; free physical = 18021 ; free virtual = 32623
Wrote PlaceStorage: Time (s): cpu = 00:00:00.94 ; elapsed = 00:00:00.47 . Memory (MB): peak = 3228.219 ; gain = 0.000 ; free physical = 17991 ; free virtual = 32620
Wrote Netlist Cache: Time (s): cpu = 00:00:00.01 ; elapsed = 00:00:00.01 . Memory (MB): peak = 3228.219 ; gain = 0.000 ; free physical = 17986 ; free virtual = 32619
Wrote Device Cache: Time (s): cpu = 00:00:00 ; elapsed = 00:00:00.01 . Memory (MB): peak = 3228.219 ; gain = 0.000 ; free physical = 17986 ; free virtual = 32619
Write Physdb Complete: Time (s): cpu = 00:00:01 ; elapsed = 00:00:00.52 . Memory (MB): peak = 3228.219 ; gain = 0.000 ; free physical = 17986 ; free virtual = 32619
INFO: [Common 17-1381] The checkpoint '/home/khwl/Desktop/RV-IM100/RV64s/SoCs/RV64IM_6SP/RV64IM72F_6SP.runs/impl_1/RV64IM72F5SPSoCTOP_physopt.dcp' has been generated.
Command: route_design -directive Explore -tns_cleanup
Attempting to get a license for feature 'Implementation' and/or device 'xc7a200t'
INFO: [Common 17-349] Got license for feature 'Implementation' and/or device 'xc7a200t'


Starting Routing Task
INFO: [Route 35-270] Using Router directive 'Explore'.
INFO: [Route 35-254] Multithreading enabled for route_design using a maximum of 8 CPUs

Phase 1 Build RT Design
Checksum: PlaceDB: 116ab94a ConstDB: 0 ShapeSum: 24bbf934 RouteDB: 981aeb64
Post Restoration Checksum: NetGraph: 776dd63b | NumContArr: e8f9ac04 | Constraints: c2a8fa9d | Timing: c2a8fa9d
Phase 1 Build RT Design | Checksum: 2e5b97779

Time (s): cpu = 00:00:41 ; elapsed = 00:00:21 . Memory (MB): peak = 3228.219 ; gain = 0.000 ; free physical = 18012 ; free virtual = 32620

Phase 2 Router Initialization

Phase 2.1 Fix Topology Constraints
Phase 2.1 Fix Topology Constraints | Checksum: 2e5b97779

Time (s): cpu = 00:00:41 ; elapsed = 00:00:21 . Memory (MB): peak = 3228.219 ; gain = 0.000 ; free physical = 18012 ; free virtual = 32620

Phase 2.2 Pre Route Cleanup
Phase 2.2 Pre Route Cleanup | Checksum: 2e5b97779

Time (s): cpu = 00:00:41 ; elapsed = 00:00:21 . Memory (MB): peak = 3228.219 ; gain = 0.000 ; free physical = 18012 ; free virtual = 32620
 Number of Nodes with overlaps = 0

Phase 2.3 Update Timing
Phase 2.3 Update Timing | Checksum: 1af352218

Time (s): cpu = 00:01:03 ; elapsed = 00:00:26 . Memory (MB): peak = 3270.230 ; gain = 42.012 ; free physical = 17948 ; free virtual = 32556
INFO: [Route 35-416] Intermediate Timing Summary | WNS=0.753  | TNS=0.000  | WHS=-0.257 | THS=-1634.167|


Phase 2.4 Soft Constraint Pins - Fast Budgeting
Phase 2.4 Soft Constraint Pins - Fast Budgeting | Checksum: 1bc0b3c4a

Time (s): cpu = 00:01:06 ; elapsed = 00:00:27 . Memory (MB): peak = 3270.230 ; gain = 42.012 ; free physical = 17949 ; free virtual = 32556

Router Utilization Summary
  Global Vertical Routing Utilization    = 0 %
  Global Horizontal Routing Utilization  = 0 %
  Routable Net Status*
  *Does not include unroutable nets such as driverless and loadless.
  Run report_route_status for detailed report.
  Number of Failed Nets               = 19693
    (Failed Nets is the sum of unrouted and partially routed nets)
  Number of Unrouted Nets             = 19693
  Number of Partially Routed Nets     = 0
  Number of Node Overlaps             = 0

Phase 2 Router Initialization | Checksum: 2097fa48d

Time (s): cpu = 00:01:07 ; elapsed = 00:00:27 . Memory (MB): peak = 3285.012 ; gain = 56.793 ; free physical = 17941 ; free virtual = 32548

Phase 3 Global Routing
Phase 3 Global Routing | Checksum: 2097fa48d

Time (s): cpu = 00:01:07 ; elapsed = 00:00:27 . Memory (MB): peak = 3285.012 ; gain = 56.793 ; free physical = 17941 ; free virtual = 32548

Phase 4 Initial Routing

Phase 4.1 Initial Net Routing Pass
Phase 4.1 Initial Net Routing Pass | Checksum: 2cf66f3f0

Time (s): cpu = 00:01:48 ; elapsed = 00:00:40 . Memory (MB): peak = 3503.941 ; gain = 275.723 ; free physical = 17709 ; free virtual = 32316
Phase 4 Initial Routing | Checksum: 2cf66f3f0

Time (s): cpu = 00:01:48 ; elapsed = 00:00:40 . Memory (MB): peak = 3503.941 ; gain = 275.723 ; free physical = 17709 ; free virtual = 32316

Phase 5 Rip-up And Reroute

Phase 5.1 Global Iteration 0
 Number of Nodes with overlaps = 9611
 Number of Nodes with overlaps = 2396
 Number of Nodes with overlaps = 961
 Number of Nodes with overlaps = 460
 Number of Nodes with overlaps = 191
 Number of Nodes with overlaps = 78
 Number of Nodes with overlaps = 28
 Number of Nodes with overlaps = 11
 Number of Nodes with overlaps = 9
 Number of Nodes with overlaps = 6
 Number of Nodes with overlaps = 3
 Number of Nodes with overlaps = 0
INFO: [Route 35-416] Intermediate Timing Summary | WNS=-2.379 | TNS=-5545.812| WHS=N/A    | THS=N/A    |

Phase 5.1 Global Iteration 0 | Checksum: 229e6ef99

Time (s): cpu = 00:03:23 ; elapsed = 00:01:40 . Memory (MB): peak = 3798.941 ; gain = 570.723 ; free physical = 17428 ; free virtual = 32035

Phase 5.2 Global Iteration 1
 Number of Nodes with overlaps = 5079
 Number of Nodes with overlaps = 3242
 Number of Nodes with overlaps = 2176
 Number of Nodes with overlaps = 1456
 Number of Nodes with overlaps = 774
 Number of Nodes with overlaps = 448
 Number of Nodes with overlaps = 214
 Number of Nodes with overlaps = 123
 Number of Nodes with overlaps = 69
 Number of Nodes with overlaps = 45
 Number of Nodes with overlaps = 23
 Number of Nodes with overlaps = 17
 Number of Nodes with overlaps = 4
 Number of Nodes with overlaps = 3
 Number of Nodes with overlaps = 5
 Number of Nodes with overlaps = 1
 Number of Nodes with overlaps = 2
 Number of Nodes with overlaps = 2
 Number of Nodes with overlaps = 1
 Number of Nodes with overlaps = 2
 Number of Nodes with overlaps = 0
INFO: [Route 35-416] Intermediate Timing Summary | WNS=-1.344 | TNS=-149.048| WHS=N/A    | THS=N/A    |

Phase 5.2 Global Iteration 1 | Checksum: 2d1e5a98c

Time (s): cpu = 00:05:23 ; elapsed = 00:02:25 . Memory (MB): peak = 3798.941 ; gain = 570.723 ; free physical = 17468 ; free virtual = 32075

Phase 5.3 Global Iteration 2
 Number of Nodes with overlaps = 3930
 Number of Nodes with overlaps = 4280
 Number of Nodes with overlaps = 2079
 Number of Nodes with overlaps = 1062
 Number of Nodes with overlaps = 471
 Number of Nodes with overlaps = 272
 Number of Nodes with overlaps = 180
 Number of Nodes with overlaps = 35
 Number of Nodes with overlaps = 22
 Number of Nodes with overlaps = 11
 Number of Nodes with overlaps = 7
 Number of Nodes with overlaps = 4
 Number of Nodes with overlaps = 4
 Number of Nodes with overlaps = 2
 Number of Nodes with overlaps = 2
 Number of Nodes with overlaps = 2
 Number of Nodes with overlaps = 2
 Number of Nodes with overlaps = 1
 Number of Nodes with overlaps = 0
INFO: [Route 35-416] Intermediate Timing Summary | WNS=-0.692 | TNS=-19.062| WHS=N/A    | THS=N/A    |

Phase 5.3 Global Iteration 2 | Checksum: 2ac36e9f6

Time (s): cpu = 00:07:34 ; elapsed = 00:03:11 . Memory (MB): peak = 3798.941 ; gain = 570.723 ; free physical = 17467 ; free virtual = 32075

Phase 5.4 Global Iteration 3
 Number of Nodes with overlaps = 6205
 Number of Nodes with overlaps = 4963
 Number of Nodes with overlaps = 1755
 Number of Nodes with overlaps = 974
 Number of Nodes with overlaps = 466
 Number of Nodes with overlaps = 130
 Number of Nodes with overlaps = 51
 Number of Nodes with overlaps = 18
 Number of Nodes with overlaps = 7
 Number of Nodes with overlaps = 3
 Number of Nodes with overlaps = 0
INFO: [Route 35-416] Intermediate Timing Summary | WNS=-0.727 | TNS=-20.633| WHS=N/A    | THS=N/A    |

Phase 5.4 Global Iteration 3 | Checksum: 3090574d0

Time (s): cpu = 00:09:38 ; elapsed = 00:03:53 . Memory (MB): peak = 3798.941 ; gain = 570.723 ; free physical = 17474 ; free virtual = 32081
Phase 5 Rip-up And Reroute | Checksum: 3090574d0

Time (s): cpu = 00:09:38 ; elapsed = 00:03:53 . Memory (MB): peak = 3798.941 ; gain = 570.723 ; free physical = 17474 ; free virtual = 32081

Phase 6 Delay and Skew Optimization

Phase 6.1 TNS Cleanup

Phase 6.1.1 Delay CleanUp

Phase 6.1.1.1 Update Timing
Phase 6.1.1.1 Update Timing | Checksum: 28cde6a8c

Time (s): cpu = 00:09:40 ; elapsed = 00:03:54 . Memory (MB): peak = 3798.941 ; gain = 570.723 ; free physical = 17474 ; free virtual = 32081
INFO: [Route 35-416] Intermediate Timing Summary | WNS=-0.605 | TNS=-12.216| WHS=N/A    | THS=N/A    |

 Number of Nodes with overlaps = 0

Phase 6.1.1.2 Update Timing
Phase 6.1.1.2 Update Timing | Checksum: 295d730ee

Time (s): cpu = 00:09:42 ; elapsed = 00:03:54 . Memory (MB): peak = 3798.941 ; gain = 570.723 ; free physical = 17474 ; free virtual = 32081
INFO: [Route 35-416] Intermediate Timing Summary | WNS=-0.519 | TNS=-12.820| WHS=N/A    | THS=N/A    |

 Number of Nodes with overlaps = 0

Phase 6.1.1.3 Update Timing
Phase 6.1.1.3 Update Timing | Checksum: 1b55da70f

Time (s): cpu = 00:09:42 ; elapsed = 00:03:54 . Memory (MB): peak = 3798.941 ; gain = 570.723 ; free physical = 17474 ; free virtual = 32081
INFO: [Route 35-416] Intermediate Timing Summary | WNS=-0.499 | TNS=-12.457| WHS=N/A    | THS=N/A    |

 Number of Nodes with overlaps = 0

Phase 6.1.1.4 Update Timing
Phase 6.1.1.4 Update Timing | Checksum: 20833c8e5

Time (s): cpu = 00:09:43 ; elapsed = 00:03:54 . Memory (MB): peak = 3798.941 ; gain = 570.723 ; free physical = 17474 ; free virtual = 32081
INFO: [Route 35-416] Intermediate Timing Summary | WNS=-0.499 | TNS=-11.999| WHS=N/A    | THS=N/A    |

 Number of Nodes with overlaps = 0

Phase 6.1.1.5 Update Timing
Phase 6.1.1.5 Update Timing | Checksum: 26eb2017b

Time (s): cpu = 00:09:44 ; elapsed = 00:03:55 . Memory (MB): peak = 3798.941 ; gain = 570.723 ; free physical = 17474 ; free virtual = 32081
INFO: [Route 35-416] Intermediate Timing Summary | WNS=-0.499 | TNS=-11.999| WHS=N/A    | THS=N/A    |

 Number of Nodes with overlaps = 0

Phase 6.1.1.6 Update Timing
Phase 6.1.1.6 Update Timing | Checksum: 28297f707

Time (s): cpu = 00:09:45 ; elapsed = 00:03:55 . Memory (MB): peak = 3798.941 ; gain = 570.723 ; free physical = 17474 ; free virtual = 32081
INFO: [Route 35-416] Intermediate Timing Summary | WNS=-0.499 | TNS=-11.999| WHS=N/A    | THS=N/A    |

 Number of Nodes with overlaps = 0

Phase 6.1.1.7 Update Timing
Phase 6.1.1.7 Update Timing | Checksum: 250461c80

Time (s): cpu = 00:09:45 ; elapsed = 00:03:55 . Memory (MB): peak = 3798.941 ; gain = 570.723 ; free physical = 17474 ; free virtual = 32081
INFO: [Route 35-416] Intermediate Timing Summary | WNS=-0.499 | TNS=-11.999| WHS=N/A    | THS=N/A    |

Phase 6.1.1 Delay CleanUp | Checksum: 218ca76d5

Time (s): cpu = 00:09:46 ; elapsed = 00:03:56 . Memory (MB): peak = 3798.941 ; gain = 570.723 ; free physical = 17474 ; free virtual = 32081
Phase 6.1 TNS Cleanup | Checksum: 218ca76d5

Time (s): cpu = 00:09:46 ; elapsed = 00:03:56 . Memory (MB): peak = 3798.941 ; gain = 570.723 ; free physical = 17474 ; free virtual = 32081

Phase 6.2 Clock Skew Optimization
Phase 6.2 Clock Skew Optimization | Checksum: 218ca76d5

Time (s): cpu = 00:09:46 ; elapsed = 00:03:56 . Memory (MB): peak = 3798.941 ; gain = 570.723 ; free physical = 17474 ; free virtual = 32081
Phase 6 Delay and Skew Optimization | Checksum: 218ca76d5

Time (s): cpu = 00:09:46 ; elapsed = 00:03:56 . Memory (MB): peak = 3798.941 ; gain = 570.723 ; free physical = 17474 ; free virtual = 32081

Phase 7 Post Hold Fix

Phase 7.1 Hold Fix Iter
INFO: [Route 35-416] Intermediate Timing Summary | WNS=-0.499 | TNS=-11.999| WHS=0.063  | THS=0.000  |

Phase 7.1 Hold Fix Iter | Checksum: 2b4c495f7

Time (s): cpu = 00:09:49 ; elapsed = 00:03:56 . Memory (MB): peak = 3798.941 ; gain = 570.723 ; free physical = 17474 ; free virtual = 32081
Phase 7 Post Hold Fix | Checksum: 2b4c495f7

Time (s): cpu = 00:09:49 ; elapsed = 00:03:56 . Memory (MB): peak = 3798.941 ; gain = 570.723 ; free physical = 17474 ; free virtual = 32081

Phase 8 Timing Verification

Phase 8.1 Update Timing
Phase 8.1 Update Timing | Checksum: 261e4261d

Time (s): cpu = 00:09:51 ; elapsed = 00:03:57 . Memory (MB): peak = 3798.941 ; gain = 570.723 ; free physical = 17474 ; free virtual = 32081
INFO: [Route 35-416] Intermediate Timing Summary | WNS=-0.499 | TNS=-11.999| WHS=0.063  | THS=0.000  |

Phase 8 Timing Verification | Checksum: 261e4261d

Time (s): cpu = 00:09:51 ; elapsed = 00:03:57 . Memory (MB): peak = 3798.941 ; gain = 570.723 ; free physical = 17474 ; free virtual = 32081

Phase 9 Route finalize

Router Utilization Summary
  Global Vertical Routing Utilization    = 6.60306 %
  Global Horizontal Routing Utilization  = 7.00149 %
  Routable Net Status*
  *Does not include unroutable nets such as driverless and loadless.
  Run report_route_status for detailed report.
  Number of Failed Nets               = 0
    (Failed Nets is the sum of unrouted and partially routed nets)
  Number of Unrouted Nets             = 0
  Number of Partially Routed Nets     = 0
  Number of Node Overlaps             = 0


--GLOBAL Congestion:
Utilization threshold used for congestion level computation: 0.85
Congestion Report
North Dir 1x1 Area, Max Cong = 98.1982%, Congestion bounded by tiles (Lower Left Tile -> Upper Right Tile):
   INT_R_X41Y108 -> INT_R_X41Y108
   INT_L_X42Y106 -> INT_L_X42Y106
   INT_R_X27Y105 -> INT_R_X27Y105
   INT_L_X38Y105 -> INT_L_X38Y105
   INT_R_X39Y105 -> INT_R_X39Y105
South Dir 1x1 Area, Max Cong = 84.6847%, No Congested Regions.
East Dir 1x1 Area, Max Cong = 94.1176%, Congestion bounded by tiles (Lower Left Tile -> Upper Right Tile):
   INT_L_X42Y106 -> INT_L_X42Y106
   INT_L_X42Y104 -> INT_L_X42Y104
   INT_R_X43Y104 -> INT_R_X43Y104
   INT_L_X44Y104 -> INT_L_X44Y104
   INT_R_X45Y104 -> INT_R_X45Y104
West Dir 4x4 Area, Max Cong = 90.1654%, Congestion bounded by tiles (Lower Left Tile -> Upper Right Tile):
   INT_L_X36Y102 -> INT_R_X39Y105
   INT_L_X40Y102 -> INT_R_X43Y105
   INT_L_X40Y98 -> INT_R_X43Y101
   INT_L_X40Y94 -> INT_R_X43Y97

------------------------------
Reporting congestion hotspots
------------------------------
Direction: North
----------------
Congested clusters found at Level 0
Effective congestion level: 1 Aspect Ratio: 0.75 Sparse Ratio: 1.5
Direction: South
----------------
Congested clusters found at Level 0
Effective congestion level: 0 Aspect Ratio: 1 Sparse Ratio: 0
Direction: East
----------------
Congested clusters found at Level 0
Effective congestion level: 1 Aspect Ratio: 0.5 Sparse Ratio: 1.5
Direction: West
----------------
Congested clusters found at Level 2
Effective congestion level: 3 Aspect Ratio: 0.5 Sparse Ratio: 1.25

Phase 9 Route finalize | Checksum: 261e4261d

Time (s): cpu = 00:09:52 ; elapsed = 00:03:57 . Memory (MB): peak = 3798.941 ; gain = 570.723 ; free physical = 17474 ; free virtual = 32081

Phase 10 Verifying routed nets

 Verification completed successfully
Phase 10 Verifying routed nets | Checksum: 261e4261d

Time (s): cpu = 00:09:52 ; elapsed = 00:03:57 . Memory (MB): peak = 3798.941 ; gain = 570.723 ; free physical = 17473 ; free virtual = 32080

Phase 11 Depositing Routes
Phase 11 Depositing Routes | Checksum: 26a06448d

Time (s): cpu = 00:09:53 ; elapsed = 00:03:58 . Memory (MB): peak = 3798.941 ; gain = 570.723 ; free physical = 17474 ; free virtual = 32080

Phase 12 Incr Placement Change
Netlist sorting complete. Time (s): cpu = 00:00:00.01 ; elapsed = 00:00:00 . Memory (MB): peak = 3798.941 ; gain = 0.000 ; free physical = 17474 ; free virtual = 32080
INFO: [Place 30-746] Post Placement Timing Summary WNS=-0.006. For the most accurate timing information please run report_timing.
Ending IncrPlace Task | Checksum: 1d9b25341

Time (s): cpu = 00:00:49 ; elapsed = 00:00:24 . Memory (MB): peak = 3798.941 ; gain = 0.000 ; free physical = 17473 ; free virtual = 32079
Phase 12 Incr Placement Change | Checksum: 1d9b25341

Time (s): cpu = 00:10:42 ; elapsed = 00:04:21 . Memory (MB): peak = 3798.941 ; gain = 570.723 ; free physical = 17473 ; free virtual = 32079

Phase 13 Build RT Design
Checksum: PlaceDB: deb28b2d ConstDB: 0 ShapeSum: 81c741d7 RouteDB: 7938863d
Post Restoration Checksum: NetGraph: c30f8894 | NumContArr: 8e9124d4 | Constraints: c2a8fa9d | Timing: c2a8fa9d
Phase 13 Build RT Design | Checksum: 2d6f2a2a2

Time (s): cpu = 00:11:03 ; elapsed = 00:04:25 . Memory (MB): peak = 3798.941 ; gain = 570.723 ; free physical = 17472 ; free virtual = 32078

Phase 14 Router Initialization

Phase 14.1 Fix Topology Constraints
Phase 14.1 Fix Topology Constraints | Checksum: 2d6f2a2a2

Time (s): cpu = 00:11:03 ; elapsed = 00:04:25 . Memory (MB): peak = 3798.941 ; gain = 570.723 ; free physical = 17472 ; free virtual = 32078

Phase 14.2 Pre Route Cleanup
Phase 14.2 Pre Route Cleanup | Checksum: 2c80cdfe8

Time (s): cpu = 00:11:03 ; elapsed = 00:04:25 . Memory (MB): peak = 3798.941 ; gain = 570.723 ; free physical = 17472 ; free virtual = 32078
 Number of Nodes with overlaps = 0

Phase 14.3 Update Timing
Phase 14.3 Update Timing | Checksum: 2a9ac0ac6

Time (s): cpu = 00:11:30 ; elapsed = 00:04:30 . Memory (MB): peak = 3798.941 ; gain = 570.723 ; free physical = 17472 ; free virtual = 32078
INFO: [Route 35-416] Intermediate Timing Summary | WNS=-0.098 | TNS=-0.231 | WHS=-0.257 | THS=-1635.221|


Phase 14.4 Soft Constraint Pins - Fast Budgeting
Phase 14.4 Soft Constraint Pins - Fast Budgeting | Checksum: 333b3db7f

Time (s): cpu = 00:11:33 ; elapsed = 00:04:31 . Memory (MB): peak = 3798.941 ; gain = 570.723 ; free physical = 17471 ; free virtual = 32077

Router Utilization Summary
  Global Vertical Routing Utilization    = 6.56597 %
  Global Horizontal Routing Utilization  = 6.95674 %
  Routable Net Status*
  *Does not include unroutable nets such as driverless and loadless.
  Run report_route_status for detailed report.
  Number of Failed Nets               = 447
    (Failed Nets is the sum of unrouted and partially routed nets)
  Number of Unrouted Nets             = 162
  Number of Partially Routed Nets     = 285
  Number of Node Overlaps             = 0

Phase 14 Router Initialization | Checksum: 2c695618e

Time (s): cpu = 00:11:34 ; elapsed = 00:04:31 . Memory (MB): peak = 3798.941 ; gain = 570.723 ; free physical = 17470 ; free virtual = 32077

Phase 15 Global Routing
Phase 15 Global Routing | Checksum: 2c695618e

Time (s): cpu = 00:11:34 ; elapsed = 00:04:31 . Memory (MB): peak = 3798.941 ; gain = 570.723 ; free physical = 17470 ; free virtual = 32077

Phase 16 Initial Routing

Phase 16.1 Initial Net Routing Pass
Phase 16.1 Initial Net Routing Pass | Checksum: 1a6a9dba4

Time (s): cpu = 00:11:36 ; elapsed = 00:04:32 . Memory (MB): peak = 3798.941 ; gain = 570.723 ; free physical = 17491 ; free virtual = 32098
Phase 16 Initial Routing | Checksum: 1a6a9dba4

Time (s): cpu = 00:11:36 ; elapsed = 00:04:32 . Memory (MB): peak = 3798.941 ; gain = 570.723 ; free physical = 17491 ; free virtual = 32098
INFO: [Route 35-580] Design has 4 pins with tight setup and hold constraints.

The top 5 pins with tight setup and hold constraints:

+====================+====================+====================================================================+
| Launch Setup Clock | Launch Hold Clock  | Pin                                                                |
+====================+====================+====================================================================+
| clk_out1_clk_wiz_0 | clk_out1_clk_wiz_0 | rv64im72f_6sp/exception_detector/trap_status_reg[0]/D              |
| clk_out1_clk_wiz_0 | clk_out1_clk_wiz_0 | rv64im72f_6sp/data_memory/memory_reg_768_1023_23_23/RAMS64E_B/ADR1 |
| clk_out1_clk_wiz_0 | clk_out1_clk_wiz_0 | rv64im72f_6sp/data_memory/memory_reg_768_1023_23_23/RAMS64E_A/ADR1 |
| clk_out1_clk_wiz_0 | clk_out1_clk_wiz_0 | rv64im72f_6sp/program_counter/pc_reg[58]/D                         |
+--------------------+--------------------+--------------------------------------------------------------------+

File with complete list of pins: tight_setup_hold_pins.txt


Phase 17 Rip-up And Reroute

Phase 17.1 Global Iteration 0
 Number of Nodes with overlaps = 3561
 Number of Nodes with overlaps = 1538
 Number of Nodes with overlaps = 731
 Number of Nodes with overlaps = 369
 Number of Nodes with overlaps = 163
 Number of Nodes with overlaps = 56
 Number of Nodes with overlaps = 19
 Number of Nodes with overlaps = 9
 Number of Nodes with overlaps = 4
 Number of Nodes with overlaps = 1
 Number of Nodes with overlaps = 0
INFO: [Route 35-416] Intermediate Timing Summary | WNS=-0.812 | TNS=-92.447| WHS=N/A    | THS=N/A    |

Phase 17.1 Global Iteration 0 | Checksum: 2e632ed09

Time (s): cpu = 00:12:11 ; elapsed = 00:04:56 . Memory (MB): peak = 3798.941 ; gain = 570.723 ; free physical = 17490 ; free virtual = 32096

Phase 17.2 Global Iteration 1
 Number of Nodes with overlaps = 6382
 Number of Nodes with overlaps = 3546
 Number of Nodes with overlaps = 2754
 Number of Nodes with overlaps = 1352
 Number of Nodes with overlaps = 445
 Number of Nodes with overlaps = 332
 Number of Nodes with overlaps = 118
 Number of Nodes with overlaps = 73
 Number of Nodes with overlaps = 38
 Number of Nodes with overlaps = 23
 Number of Nodes with overlaps = 30
 Number of Nodes with overlaps = 9
 Number of Nodes with overlaps = 11
 Number of Nodes with overlaps = 6
 Number of Nodes with overlaps = 7
 Number of Nodes with overlaps = 4
 Number of Nodes with overlaps = 1
 Number of Nodes with overlaps = 1
 Number of Nodes with overlaps = 2
 Number of Nodes with overlaps = 2
 Number of Nodes with overlaps = 0
INFO: [Route 35-416] Intermediate Timing Summary | WNS=-0.660 | TNS=-5.876 | WHS=N/A    | THS=N/A    |

Phase 17.2 Global Iteration 1 | Checksum: 20af8735e

Time (s): cpu = 00:14:00 ; elapsed = 00:05:34 . Memory (MB): peak = 3798.941 ; gain = 570.723 ; free physical = 17478 ; free virtual = 32085

Phase 17.3 Global Iteration 2
 Number of Nodes with overlaps = 5222
 Number of Nodes with overlaps = 3410
 Number of Nodes with overlaps = 1978
 Number of Nodes with overlaps = 1072
 Number of Nodes with overlaps = 679
 Number of Nodes with overlaps = 303
 Number of Nodes with overlaps = 179
 Number of Nodes with overlaps = 103
 Number of Nodes with overlaps = 61
 Number of Nodes with overlaps = 49
 Number of Nodes with overlaps = 29
 Number of Nodes with overlaps = 6
 Number of Nodes with overlaps = 9
 Number of Nodes with overlaps = 6
 Number of Nodes with overlaps = 3
 Number of Nodes with overlaps = 1
 Number of Nodes with overlaps = 1
 Number of Nodes with overlaps = 0
INFO: [Route 35-416] Intermediate Timing Summary | WNS=-0.454 | TNS=-1.480 | WHS=N/A    | THS=N/A    |

Phase 17.3 Global Iteration 2 | Checksum: 27f05898f

Time (s): cpu = 00:16:08 ; elapsed = 00:06:20 . Memory (MB): peak = 3798.941 ; gain = 570.723 ; free physical = 17477 ; free virtual = 32084

Phase 17.4 Global Iteration 3
 Number of Nodes with overlaps = 6800
 Number of Nodes with overlaps = 4335
 Number of Nodes with overlaps = 1654
 Number of Nodes with overlaps = 940
 Number of Nodes with overlaps = 483
 Number of Nodes with overlaps = 346
 Number of Nodes with overlaps = 202
 Number of Nodes with overlaps = 120
 Number of Nodes with overlaps = 84
 Number of Nodes with overlaps = 37
 Number of Nodes with overlaps = 26
 Number of Nodes with overlaps = 15
 Number of Nodes with overlaps = 10
 Number of Nodes with overlaps = 7
 Number of Nodes with overlaps = 7
 Number of Nodes with overlaps = 5
 Number of Nodes with overlaps = 2
 Number of Nodes with overlaps = 0
INFO: [Route 35-416] Intermediate Timing Summary | WNS=-0.378 | TNS=-1.007 | WHS=N/A    | THS=N/A    |

Phase 17.4 Global Iteration 3 | Checksum: 261e2482e

Time (s): cpu = 00:18:34 ; elapsed = 00:07:11 . Memory (MB): peak = 3798.941 ; gain = 570.723 ; free physical = 17475 ; free virtual = 32083

Phase 17.5 Global Iteration 4
 Number of Nodes with overlaps = 7292
 Number of Nodes with overlaps = 4050
 Number of Nodes with overlaps = 1715
Phase 17.5 Global Iteration 4 | Checksum: 14d926815

Time (s): cpu = 00:20:14 ; elapsed = 00:07:41 . Memory (MB): peak = 3798.941 ; gain = 570.723 ; free physical = 17474 ; free virtual = 32083
Phase 17 Rip-up And Reroute | Checksum: 14d926815

Time (s): cpu = 00:20:14 ; elapsed = 00:07:41 . Memory (MB): peak = 3798.941 ; gain = 570.723 ; free physical = 17474 ; free virtual = 32083

Phase 18 Delay and Skew Optimization

Phase 18.1 TNS Cleanup

Phase 18.1.1 Delay CleanUp

Phase 18.1.1.1 Update Timing
Phase 18.1.1.1 Update Timing | Checksum: 1ae004d32

Time (s): cpu = 00:20:16 ; elapsed = 00:07:42 . Memory (MB): peak = 3798.941 ; gain = 570.723 ; free physical = 17474 ; free virtual = 32083
INFO: [Route 35-416] Intermediate Timing Summary | WNS=-0.371 | TNS=-0.731 | WHS=N/A    | THS=N/A    |

 Number of Nodes with overlaps = 0

Phase 18.1.1.2 Update Timing
Phase 18.1.1.2 Update Timing | Checksum: 159b655e1

Time (s): cpu = 00:20:17 ; elapsed = 00:07:42 . Memory (MB): peak = 3798.941 ; gain = 570.723 ; free physical = 17476 ; free virtual = 32082
INFO: [Route 35-416] Intermediate Timing Summary | WNS=-0.284 | TNS=-0.644 | WHS=N/A    | THS=N/A    |

 Number of Nodes with overlaps = 0

Phase 18.1.1.3 Update Timing
Phase 18.1.1.3 Update Timing | Checksum: 266aec4ea

Time (s): cpu = 00:20:18 ; elapsed = 00:07:43 . Memory (MB): peak = 3798.941 ; gain = 570.723 ; free physical = 17476 ; free virtual = 32082
INFO: [Route 35-416] Intermediate Timing Summary | WNS=-0.284 | TNS=-0.644 | WHS=N/A    | THS=N/A    |

 Number of Nodes with overlaps = 0

Phase 18.1.1.4 Update Timing
Phase 18.1.1.4 Update Timing | Checksum: 29334759f

Time (s): cpu = 00:20:19 ; elapsed = 00:07:43 . Memory (MB): peak = 3798.941 ; gain = 570.723 ; free physical = 17476 ; free virtual = 32082
INFO: [Route 35-416] Intermediate Timing Summary | WNS=-0.284 | TNS=-0.644 | WHS=N/A    | THS=N/A    |

 Number of Nodes with overlaps = 0

Phase 18.1.1.5 Update Timing
Phase 18.1.1.5 Update Timing | Checksum: 2abb5b250

Time (s): cpu = 00:20:20 ; elapsed = 00:07:43 . Memory (MB): peak = 3798.941 ; gain = 570.723 ; free physical = 17475 ; free virtual = 32082
INFO: [Route 35-416] Intermediate Timing Summary | WNS=-0.284 | TNS=-0.644 | WHS=N/A    | THS=N/A    |

Phase 18.1.1 Delay CleanUp | Checksum: 2ba2bb41f

Time (s): cpu = 00:20:20 ; elapsed = 00:07:43 . Memory (MB): peak = 3798.941 ; gain = 570.723 ; free physical = 17475 ; free virtual = 32082
Phase 18.1 TNS Cleanup | Checksum: 2ba2bb41f

Time (s): cpu = 00:20:20 ; elapsed = 00:07:43 . Memory (MB): peak = 3798.941 ; gain = 570.723 ; free physical = 17475 ; free virtual = 32082

Phase 18.2 Clock Skew Optimization
Phase 18.2 Clock Skew Optimization | Checksum: 2ba2bb41f

Time (s): cpu = 00:20:20 ; elapsed = 00:07:43 . Memory (MB): peak = 3798.941 ; gain = 570.723 ; free physical = 17475 ; free virtual = 32082
Phase 18 Delay and Skew Optimization | Checksum: 2ba2bb41f

Time (s): cpu = 00:20:20 ; elapsed = 00:07:43 . Memory (MB): peak = 3798.941 ; gain = 570.723 ; free physical = 17475 ; free virtual = 32082

Phase 19 Post Hold Fix

Phase 19.1 Hold Fix Iter
INFO: [Route 35-416] Intermediate Timing Summary | WNS=-0.284 | TNS=-0.644 | WHS=0.063  | THS=0.000  |

Phase 19.1 Hold Fix Iter | Checksum: 2b6adefbb

Time (s): cpu = 00:20:23 ; elapsed = 00:07:44 . Memory (MB): peak = 3798.941 ; gain = 570.723 ; free physical = 17476 ; free virtual = 32083
Phase 19 Post Hold Fix | Checksum: 2b6adefbb

Time (s): cpu = 00:20:23 ; elapsed = 00:07:44 . Memory (MB): peak = 3798.941 ; gain = 570.723 ; free physical = 17476 ; free virtual = 32083

Phase 20 Timing Verification

Phase 20.1 Update Timing
Phase 20.1 Update Timing | Checksum: 2b6adefbb

Time (s): cpu = 00:20:26 ; elapsed = 00:07:44 . Memory (MB): peak = 3798.941 ; gain = 570.723 ; free physical = 17476 ; free virtual = 32083
INFO: [Route 35-416] Intermediate Timing Summary | WNS=-0.284 | TNS=-0.644 | WHS=0.063  | THS=0.000  |

Phase 20 Timing Verification | Checksum: 2b6adefbb

Time (s): cpu = 00:20:26 ; elapsed = 00:07:44 . Memory (MB): peak = 3798.941 ; gain = 570.723 ; free physical = 17476 ; free virtual = 32083

Phase 21 Route finalize

Router Utilization Summary
  Global Vertical Routing Utilization    = 6.79735 %
  Global Horizontal Routing Utilization  = 7.19544 %
  Routable Net Status*
  *Does not include unroutable nets such as driverless and loadless.
  Run report_route_status for detailed report.
  Number of Failed Nets               = 0
    (Failed Nets is the sum of unrouted and partially routed nets)
  Number of Unrouted Nets             = 0
  Number of Partially Routed Nets     = 0
  Number of Node Overlaps             = 0


--GLOBAL Congestion:
Utilization threshold used for congestion level computation: 0.85
Congestion Report
North Dir 1x1 Area, Max Cong = 98.1982%, Congestion bounded by tiles (Lower Left Tile -> Upper Right Tile):
   INT_R_X41Y108 -> INT_R_X41Y108
   INT_L_X42Y106 -> INT_L_X42Y106
   INT_R_X43Y106 -> INT_R_X43Y106
   INT_L_X36Y105 -> INT_L_X36Y105
   INT_L_X38Y105 -> INT_L_X38Y105
South Dir 1x1 Area, Max Cong = 99.0991%, Congestion bounded by tiles (Lower Left Tile -> Upper Right Tile):
   INT_R_X39Y104 -> INT_R_X39Y104
   INT_L_X44Y104 -> INT_L_X44Y104
   INT_L_X36Y99 -> INT_L_X36Y99
East Dir 1x1 Area, Max Cong = 91.1765%, Congestion bounded by tiles (Lower Left Tile -> Upper Right Tile):
   INT_L_X42Y106 -> INT_L_X42Y106
   INT_R_X43Y103 -> INT_R_X43Y103
   INT_L_X48Y103 -> INT_L_X48Y103
   INT_L_X36Y102 -> INT_L_X36Y102
   INT_L_X36Y101 -> INT_L_X36Y101
West Dir 4x4 Area, Max Cong = 90.7169%, Congestion bounded by tiles (Lower Left Tile -> Upper Right Tile):
   INT_L_X40Y106 -> INT_R_X43Y109
   INT_L_X40Y102 -> INT_R_X43Y105
   INT_L_X40Y98 -> INT_R_X43Y101
   INT_L_X40Y94 -> INT_R_X43Y97

------------------------------
Reporting congestion hotspots
------------------------------
Direction: North
----------------
Congested clusters found at Level 0
Effective congestion level: 1 Aspect Ratio: 0.666667 Sparse Ratio: 1.25
Direction: South
----------------
Congested clusters found at Level 0
Effective congestion level: 0 Aspect Ratio: 1 Sparse Ratio: 1
Direction: East
----------------
Congested clusters found at Level 0
Effective congestion level: 1 Aspect Ratio: 0.25 Sparse Ratio: 1
Direction: West
----------------
Congested clusters found at Level 1
Effective congestion level: 3 Aspect Ratio: 0.555556 Sparse Ratio: 1.5

Phase 21 Route finalize | Checksum: 2b6adefbb

Time (s): cpu = 00:20:26 ; elapsed = 00:07:44 . Memory (MB): peak = 3798.941 ; gain = 570.723 ; free physical = 17476 ; free virtual = 32083

Phase 22 Verifying routed nets

 Verification completed successfully
Phase 22 Verifying routed nets | Checksum: 2b6adefbb

Time (s): cpu = 00:20:26 ; elapsed = 00:07:44 . Memory (MB): peak = 3798.941 ; gain = 570.723 ; free physical = 17476 ; free virtual = 32083

Phase 23 Depositing Routes
Phase 23 Depositing Routes | Checksum: 2bee510bc

Time (s): cpu = 00:20:28 ; elapsed = 00:07:45 . Memory (MB): peak = 3798.941 ; gain = 570.723 ; free physical = 17475 ; free virtual = 32082

Phase 24 Post Process Routing
Phase 24 Post Process Routing | Checksum: 2bee510bc

Time (s): cpu = 00:20:28 ; elapsed = 00:07:46 . Memory (MB): peak = 3798.941 ; gain = 570.723 ; free physical = 17475 ; free virtual = 32082

Phase 25 Post Router Timing
INFO: [Route 35-20] Post Routing Timing Summary | WNS=-0.304 | TNS=-0.625 | WHS=0.063  | THS=0.000  |

Phase 25 Post Router Timing | Checksum: 2dfbbcb8e

Time (s): cpu = 00:21:03 ; elapsed = 00:08:00 . Memory (MB): peak = 3798.941 ; gain = 570.723 ; free physical = 17476 ; free virtual = 32083
WARNING: [Route 35-39] The design did not meet timing requirements. Please run report_timing_summary for detailed reports.
Resolution: Verify that the timing was met or had small violations at all previous steps (synthesis, placement, power_opt, and phys_opt). Run report_timing_summary and analyze individual timing paths.
INFO: [Route 35-253] TNS is the sum of the worst slack violation on every endpoint in the design. Review the paths with the biggest WNS violations in the timing reports and modify your constraints or your design to improve both WNS and TNS.
Total Elapsed time in route_design: 480.2 secs

Phase 26 Post-Route Event Processing
Phase 26 Post-Route Event Processing | Checksum: 1a0b6e832

Time (s): cpu = 00:21:04 ; elapsed = 00:08:00 . Memory (MB): peak = 3798.941 ; gain = 570.723 ; free physical = 17476 ; free virtual = 32083
INFO: [Route 35-16] Router Completed Successfully
Ending Routing Task | Checksum: 1a0b6e832

Time (s): cpu = 00:21:04 ; elapsed = 00:08:00 . Memory (MB): peak = 3798.941 ; gain = 570.723 ; free physical = 17476 ; free virtual = 32083

Routing Is Done.
INFO: [Common 17-83] Releasing license: Implementation
137 Infos, 1 Warnings, 0 Critical Warnings and 0 Errors encountered.
route_design completed successfully
route_design: Time (s): cpu = 00:21:04 ; elapsed = 00:08:01 . Memory (MB): peak = 3798.941 ; gain = 570.723 ; free physical = 17473 ; free virtual = 32080
INFO: [Vivado 12-24828] Executing command : report_drc -file RV64IM72F5SPSoCTOP_drc_routed.rpt -pb RV64IM72F5SPSoCTOP_drc_routed.pb -rpx RV64IM72F5SPSoCTOP_drc_routed.rpx
Command: report_drc -file RV64IM72F5SPSoCTOP_drc_routed.rpt -pb RV64IM72F5SPSoCTOP_drc_routed.pb -rpx RV64IM72F5SPSoCTOP_drc_routed.rpx
INFO: [IP_Flow 19-1839] IP Catalog is up to date.
INFO: [DRC 23-27] Running DRC with 8 threads
INFO: [Vivado_Tcl 2-168] The results of DRC are in file /home/khwl/Desktop/RV-IM100/RV64s/SoCs/RV64IM_6SP/RV64IM72F_6SP.runs/impl_1/RV64IM72F5SPSoCTOP_drc_routed.rpt.
report_drc completed successfully
INFO: [Vivado 12-24828] Executing command : report_methodology -file RV64IM72F5SPSoCTOP_methodology_drc_routed.rpt -pb RV64IM72F5SPSoCTOP_methodology_drc_routed.pb -rpx RV64IM72F5SPSoCTOP_methodology_drc_routed.rpx
Command: report_methodology -file RV64IM72F5SPSoCTOP_methodology_drc_routed.rpt -pb RV64IM72F5SPSoCTOP_methodology_drc_routed.pb -rpx RV64IM72F5SPSoCTOP_methodology_drc_routed.rpx
INFO: [Timing 38-35] Done setting XDC timing constraints.
INFO: [DRC 23-133] Running Methodology with 8 threads
INFO: [Vivado_Tcl 2-1520] The results of Report Methodology are in file /home/khwl/Desktop/RV-IM100/RV64s/SoCs/RV64IM_6SP/RV64IM72F_6SP.runs/impl_1/RV64IM72F5SPSoCTOP_methodology_drc_routed.rpt.
report_methodology completed successfully
report_methodology: Time (s): cpu = 00:00:32 ; elapsed = 00:00:05 . Memory (MB): peak = 3798.941 ; gain = 0.000 ; free physical = 17468 ; free virtual = 32078
INFO: [Vivado 12-24828] Executing command : report_timing_summary -max_paths 10 -routable_nets -report_unconstrained -file RV64IM72F5SPSoCTOP_timing_summary_routed.rpt -pb RV64IM72F5SPSoCTOP_timing_summary_routed.pb -rpx RV64IM72F5SPSoCTOP_timing_summary_routed.rpx
INFO: [Timing 38-35] Done setting XDC timing constraints.
INFO: [Timing 38-91] UpdateTimingParams: Speed grade: -1, Delay Type: min_max.
INFO: [Timing 38-191] Multithreading enabled for timing update using a maximum of 8 CPUs
INFO: [Vivado 12-24838] Running report commands "report_bus_skew, report_incremental_reuse, report_route_status" in parallel.
Running report generation with 3 threads.
INFO: [Vivado 12-24828] Executing command : report_incremental_reuse -file RV64IM72F5SPSoCTOP_incremental_reuse_routed.rpt
INFO: [Vivado_Tcl 4-1062] Incremental flow is disabled. No incremental reuse Info to report.
INFO: [Vivado 12-24828] Executing command : report_bus_skew -warn_on_violation -file RV64IM72F5SPSoCTOP_bus_skew_routed.rpt -pb RV64IM72F5SPSoCTOP_bus_skew_routed.pb -rpx RV64IM72F5SPSoCTOP_bus_skew_routed.rpx
INFO: [Timing 38-91] UpdateTimingParams: Speed grade: -1, Delay Type: min_max.
INFO: [Timing 38-191] Multithreading enabled for timing update using a maximum of 8 CPUs
INFO: [Vivado 12-24828] Executing command : report_route_status -file RV64IM72F5SPSoCTOP_route_status.rpt -pb RV64IM72F5SPSoCTOP_route_status.pb
INFO: [Vivado 12-24828] Executing command : report_power -file RV64IM72F5SPSoCTOP_power_routed.rpt -pb RV64IM72F5SPSoCTOP_power_summary_routed.pb -rpx RV64IM72F5SPSoCTOP_power_routed.rpx
Command: report_power -file RV64IM72F5SPSoCTOP_power_routed.rpt -pb RV64IM72F5SPSoCTOP_power_summary_routed.pb -rpx RV64IM72F5SPSoCTOP_power_routed.rpx
Running Vector-less Activity Propagation...

Finished Running Vector-less Activity Propagation
157 Infos, 1 Warnings, 0 Critical Warnings and 0 Errors encountered.
report_power completed successfully
INFO: [Vivado 12-24828] Executing command : report_clock_utilization -file RV64IM72F5SPSoCTOP_clock_utilization_routed.rpt
generate_parallel_reports: Time (s): cpu = 00:00:48 ; elapsed = 00:00:11 . Memory (MB): peak = 3838.988 ; gain = 40.047 ; free physical = 17453 ; free virtual = 32074
INFO: [Timing 38-480] Writing timing data to binary archive.
Wrote PlaceDB: Time (s): cpu = 00:00:00 ; elapsed = 00:00:00 . Memory (MB): peak = 3838.988 ; gain = 0.000 ; free physical = 17453 ; free virtual = 32074
Wrote PulsedLatchDB: Time (s): cpu = 00:00:00 ; elapsed = 00:00:00 . Memory (MB): peak = 3838.988 ; gain = 0.000 ; free physical = 17453 ; free virtual = 32074
Writing XDEF routing.
Writing XDEF routing logical nets.
Write ShapeDB Complete: Time (s): cpu = 00:00:00.2 ; elapsed = 00:00:00.05 . Memory (MB): peak = 3838.988 ; gain = 0.000 ; free physical = 17450 ; free virtual = 32076
Writing XDEF routing special nets.
Wrote RouteStorage: Time (s): cpu = 00:00:00.73 ; elapsed = 00:00:00.13 . Memory (MB): peak = 3838.988 ; gain = 0.000 ; free physical = 17442 ; free virtual = 32080
Wrote PlaceStorage: Time (s): cpu = 00:00:00.66 ; elapsed = 00:00:00.46 . Memory (MB): peak = 3838.988 ; gain = 0.000 ; free physical = 17410 ; free virtual = 32067
Wrote Netlist Cache: Time (s): cpu = 00:00:00.01 ; elapsed = 00:00:00.01 . Memory (MB): peak = 3838.988 ; gain = 0.000 ; free physical = 17410 ; free virtual = 32070
Wrote Device Cache: Time (s): cpu = 00:00:00 ; elapsed = 00:00:00 . Memory (MB): peak = 3838.988 ; gain = 0.000 ; free physical = 17411 ; free virtual = 32071
Write Physdb Complete: Time (s): cpu = 00:00:01 ; elapsed = 00:00:00.62 . Memory (MB): peak = 3838.988 ; gain = 0.000 ; free physical = 17411 ; free virtual = 32071
INFO: [Common 17-1381] The checkpoint '/home/khwl/Desktop/RV-IM100/RV64s/SoCs/RV64IM_6SP/RV64IM72F_6SP.runs/impl_1/RV64IM72F5SPSoCTOP_routed.dcp' has been generated.
Command: phys_opt_design -directive Explore
Attempting to get a license for feature 'Implementation' and/or device 'xc7a200t'
INFO: [Common 17-349] Got license for feature 'Implementation' and/or device 'xc7a200t'
INFO: [Vivado_Tcl 4-241] Physical synthesis in post route mode 
INFO: [Vivado_Tcl 4-137] Directive used for phys_opt_design is: Explore
INFO: [Vivado_Tcl 4-1435] PhysOpt_Tcl_Interface Runtime Before Starting Physical Synthesis Task | CPU: 0.47s |  WALL: 0.46s
Netlist sorting complete. Time (s): cpu = 00:00:00 ; elapsed = 00:00:00.01 . Memory (MB): peak = 3838.988 ; gain = 0.000 ; free physical = 17442 ; free virtual = 32074

Starting Physical Synthesis Task

Phase 1 Physical Synthesis Initialization
INFO: [Physopt 32-721] Multithreading enabled for phys_opt_design using a maximum of 8 CPUs
INFO: [Physopt 32-668] Current Timing Summary | WNS=-0.304 | TNS=-0.625 | WHS=0.063 | THS=0.000 |
Phase 1 Physical Synthesis Initialization | Checksum: 2c17e1279

Time (s): cpu = 00:00:14 ; elapsed = 00:00:03 . Memory (MB): peak = 3838.988 ; gain = 0.000 ; free physical = 17328 ; free virtual = 31959

Phase 2 Critical Path Optimization
INFO: [Physopt 32-668] Current Timing Summary | WNS=-0.304 | TNS=-0.625 | WHS=0.063 | THS=0.000 |
INFO: [Physopt 32-953] Path group WNS did not improve. Path group: clk_out1_clk_wiz_0. Processed net: rv64im72f_6sp/ex_ex2_register/EX2_alu_zero.
INFO: [Physopt 32-953] Path group WNS did not improve. Path group: clk_out1_clk_wiz_0. Processed net: clk_gen/inst/clk_out1_clk_wiz_0.
INFO: [Physopt 32-953] Path group WNS did not improve. Path group: clk_out1_clk_wiz_0. Processed net: rv64im72f_6sp/id_ex_register/alu_zero.
INFO: [Physopt 32-710] Processed net rv64im72f_6sp/id_ex_register/alu_zero. Critical path length was reduced through logic transformation on cell rv64im72f_6sp/id_ex_register/EX2_alu_zero_i_2_comp.
INFO: [Physopt 32-952] Improved path group WNS = -0.220. Path group: clk_out1_clk_wiz_0. Processed net: rv64im72f_6sp/id_ex_register/EX2_alu_zero_i_4_n_0.
INFO: [Physopt 32-953] Path group WNS did not improve. Path group: clk_out1_clk_wiz_0. Processed net: rv64im72f_6sp/exception_detector/trap_status_reg[2]_1[2].
INFO: [Physopt 32-953] Path group WNS did not improve. Path group: clk_out1_clk_wiz_0. Processed net: rv64im72f_6sp/if_id_register/EX_opcode_reg[1].
INFO: [Physopt 32-710] Processed net rv64im72f_6sp/if_id_register/EX_opcode_reg[1]. Critical path length was reduced through logic transformation on cell rv64im72f_6sp/if_id_register/trap_status[2]_i_4_comp.
INFO: [Physopt 32-952] Improved path group WNS = -0.132. Path group: clk_out1_clk_wiz_0. Processed net: rv64im72f_6sp/id_ex_register/EX_opcode_reg[1]_0.
INFO: [Physopt 32-953] Path group WNS did not improve. Path group: clk_out1_clk_wiz_0. Processed net: rv64im72f_6sp/alu/i___62_0[0].
INFO: [Physopt 32-608] Optimized 1 net.  Swapped 14 pins.
INFO: [Physopt 32-952] Improved path group WNS = -0.080. Path group: clk_out1_clk_wiz_0. Processed net: rv64im72f_6sp/alu/i___50_n_0.
INFO: [Physopt 32-953] Path group WNS did not improve. Path group: clk_out1_clk_wiz_0. Processed net: rv64im72f_6sp/id_ex_register/trapped_i_10_n_0.
INFO: [Physopt 32-953] Path group WNS did not improve. Path group: clk_out1_clk_wiz_0. Processed net: rv64im72f_6sp/id_ex_register/trapped_i_16_n_0.
INFO: [Physopt 32-710] Processed net rv64im72f_6sp/id_ex_register/trapped_i_16_n_0. Critical path length was reduced through logic transformation on cell rv64im72f_6sp/id_ex_register/trapped_i_16_comp.
INFO: [Physopt 32-952] Improved path group WNS = -0.076. Path group: clk_out1_clk_wiz_0. Processed net: rv64im72f_6sp/id_ex_register/trapped_i_18_n_0.
INFO: [Physopt 32-953] Path group WNS did not improve. Path group: clk_out1_clk_wiz_0. Processed net: rv64im72f_6sp/alu/i___50_n_0.
INFO: [Physopt 32-710] Processed net rv64im72f_6sp/alu/i___50_n_0. Critical path length was reduced through logic transformation on cell rv64im72f_6sp/alu/i___50_comp.
INFO: [Physopt 32-952] Improved path group WNS = -0.022. Path group: clk_out1_clk_wiz_0. Processed net: rv64im72f_6sp/id_ex_register/i___62_i_6_0[6].
INFO: [Physopt 32-608] Optimized 1 net.  Swapped 14 pins.
INFO: [Physopt 32-735] Processed net rv64im72f_6sp/alu/i___47_n_0. Optimization improves timing on the net.
INFO: [Physopt 32-668] Current Timing Summary | WNS=0.002 | TNS=0.000 | WHS=0.063 | THS=0.000 |
INFO: [Physopt 32-668] Current Timing Summary | WNS=0.002 | TNS=0.000 | WHS=0.063 | THS=0.000 |
Netlist sorting complete. Time (s): cpu = 00:00:00 ; elapsed = 00:00:00 . Memory (MB): peak = 3838.988 ; gain = 0.000 ; free physical = 17337 ; free virtual = 31968
Phase 2 Critical Path Optimization | Checksum: 2c17e1279

Time (s): cpu = 00:01:19 ; elapsed = 00:00:35 . Memory (MB): peak = 3838.988 ; gain = 0.000 ; free physical = 17337 ; free virtual = 31968
Netlist sorting complete. Time (s): cpu = 00:00:00.01 ; elapsed = 00:00:00.01 . Memory (MB): peak = 3838.988 ; gain = 0.000 ; free physical = 17337 ; free virtual = 31968
INFO: [Physopt 32-669] Post Physical Optimization Timing Summary | WNS=0.002 | TNS=0.000 | WHS=0.063 | THS=0.000 |

Summary of Physical Synthesis Optimizations
============================================


-------------------------------------------------------------------------------------------------------------------------------------------------------------
|  Optimization   |  WNS Gain (ns)  |  TNS Gain (ns)  |  Added Cells  |  Removed Cells  |  Optimized Cells/Nets  |  Dont Touch  |  Iterations  |  Elapsed   |
-------------------------------------------------------------------------------------------------------------------------------------------------------------
|  Critical Path  |          0.306  |          0.625  |            0  |              0  |                     6  |           0  |           1  |  00:00:32  |
-------------------------------------------------------------------------------------------------------------------------------------------------------------


Netlist sorting complete. Time (s): cpu = 00:00:00.01 ; elapsed = 00:00:00.01 . Memory (MB): peak = 3838.988 ; gain = 0.000 ; free physical = 17337 ; free virtual = 31968
Ending Physical Synthesis Task | Checksum: 221b16637

Time (s): cpu = 00:01:19 ; elapsed = 00:00:35 . Memory (MB): peak = 3838.988 ; gain = 0.000 ; free physical = 17337 ; free virtual = 31968
INFO: [Common 17-83] Releasing license: Implementation
192 Infos, 1 Warnings, 0 Critical Warnings and 0 Errors encountered.
phys_opt_design completed successfully
phys_opt_design: Time (s): cpu = 00:01:20 ; elapsed = 00:00:36 . Memory (MB): peak = 3838.988 ; gain = 0.000 ; free physical = 17337 ; free virtual = 31968
INFO: [Vivado 12-24828] Executing command : report_timing_summary -max_paths 10 -report_unconstrained -warn_on_violation -file RV64IM72F5SPSoCTOP_timing_summary_postroute_physopted.rpt -pb RV64IM72F5SPSoCTOP_timing_summary_postroute_physopted.pb -rpx RV64IM72F5SPSoCTOP_timing_summary_postroute_physopted.rpx
INFO: [Timing 38-91] UpdateTimingParams: Speed grade: -1, Delay Type: min_max.
INFO: [Timing 38-191] Multithreading enabled for timing update using a maximum of 8 CPUs
INFO: [Vivado 12-24828] Executing command : report_bus_skew -warn_on_violation -file RV64IM72F5SPSoCTOP_bus_skew_postroute_physopted.rpt -pb RV64IM72F5SPSoCTOP_bus_skew_postroute_physopted.pb -rpx RV64IM72F5SPSoCTOP_bus_skew_postroute_physopted.rpx
INFO: [Timing 38-91] UpdateTimingParams: Speed grade: -1, Delay Type: min_max.
INFO: [Timing 38-191] Multithreading enabled for timing update using a maximum of 8 CPUs
INFO: [Timing 38-480] Writing timing data to binary archive.
Wrote PlaceDB: Time (s): cpu = 00:00:00 ; elapsed = 00:00:00 . Memory (MB): peak = 3838.988 ; gain = 0.000 ; free physical = 17340 ; free virtual = 31972
Wrote PulsedLatchDB: Time (s): cpu = 00:00:00 ; elapsed = 00:00:00 . Memory (MB): peak = 3838.988 ; gain = 0.000 ; free physical = 17340 ; free virtual = 31972
Writing XDEF routing.
Writing XDEF routing logical nets.
Write ShapeDB Complete: Time (s): cpu = 00:00:00.18 ; elapsed = 00:00:00.04 . Memory (MB): peak = 3838.988 ; gain = 0.000 ; free physical = 17338 ; free virtual = 31973
Writing XDEF routing special nets.
Wrote RouteStorage: Time (s): cpu = 00:00:00.85 ; elapsed = 00:00:00.16 . Memory (MB): peak = 3838.988 ; gain = 0.000 ; free physical = 17327 ; free virtual = 31975
Wrote PlaceStorage: Time (s): cpu = 00:00:00.7 ; elapsed = 00:00:00.51 . Memory (MB): peak = 3838.988 ; gain = 0.000 ; free physical = 17301 ; free virtual = 31969
Wrote Netlist Cache: Time (s): cpu = 00:00:00.01 ; elapsed = 00:00:00.01 . Memory (MB): peak = 3838.988 ; gain = 0.000 ; free physical = 17294 ; free virtual = 31964
Wrote Device Cache: Time (s): cpu = 00:00:00 ; elapsed = 00:00:00.01 . Memory (MB): peak = 3838.988 ; gain = 0.000 ; free physical = 17293 ; free virtual = 31964
Write Physdb Complete: Time (s): cpu = 00:00:02 ; elapsed = 00:00:00.69 . Memory (MB): peak = 3838.988 ; gain = 0.000 ; free physical = 17293 ; free virtual = 31964
INFO: [Common 17-1381] The checkpoint '/home/khwl/Desktop/RV-IM100/RV64s/SoCs/RV64IM_6SP/RV64IM72F_6SP.runs/impl_1/RV64IM72F5SPSoCTOP_postroute_physopt.dcp' has been generated.
INFO: [Common 17-206] Exiting Vivado at Thu Feb 26 18:03:10 2026...

*** Running vivado
    with args -log RV64IM72F5SPSoCTOP.vdi -applog -m64 -product Vivado -messageDb vivado.pb -mode batch -source RV64IM72F5SPSoCTOP.tcl -notrace


****** Vivado v2025.2 (64-bit)
  **** SW Build 6299465 on Fri Nov 14 12:34:56 MST 2025
  **** IP Build 6300035 on Fri Nov 14 10:48:45 MST 2025
  **** SharedData Build 6298862 on Thu Nov 13 04:50:51 MST 2025
  **** Start of session at: Thu Feb 26 18:06:30 2026
    ** Copyright 1986-2022 Xilinx, Inc. All Rights Reserved.
    ** Copyright 2022-2025 Advanced Micro Devices, Inc. All Rights Reserved.

source RV64IM72F5SPSoCTOP.tcl -notrace
Command: open_checkpoint RV64IM72F5SPSoCTOP_postroute_physopt.dcp
INFO: [Device 21-403] Loading part xc7a200tsbg484-1
Netlist sorting complete. Time (s): cpu = 00:00:00.04 ; elapsed = 00:00:00.04 . Memory (MB): peak = 1799.773 ; gain = 0.000 ; free physical = 19195 ; free virtual = 33842
INFO: [Netlist 29-17] Analyzing 3992 Unisim elements for replacement
INFO: [Netlist 29-28] Unisim Transformation completed in 0 CPU seconds
INFO: [Project 1-479] Netlist was created with Vivado 2025.2
INFO: [Project 1-570] Preparing netlist for logic optimization
Read ShapeDB Complete: Time (s): cpu = 00:00:00.03 ; elapsed = 00:00:00.03 . Memory (MB): peak = 1910.586 ; gain = 5.250 ; free physical = 19061 ; free virtual = 33707
INFO: [Timing 38-478] Restoring timing data from binary archive.
INFO: [Timing 38-479] Binary timing data restore complete.
INFO: [Project 1-856] Restoring constraints from binary archive.
INFO: [Project 1-853] Binary constraint restore complete.
INFO: [Designutils 20-5722] Start Reading Physical Databases.
Reading placement.
Read Netlist Cache: Time (s): cpu = 00:00:00.01 ; elapsed = 00:00:00.01 . Memory (MB): peak = 2552.281 ; gain = 0.000 ; free physical = 18484 ; free virtual = 33130
Reading placer database...
Read Device Cache: Time (s): cpu = 00:00:00.01 ; elapsed = 00:00:00.01 . Memory (MB): peak = 2552.281 ; gain = 0.000 ; free physical = 18484 ; free virtual = 33130
Read PlaceDB: Time (s): cpu = 00:00:00 ; elapsed = 00:00:00 . Memory (MB): peak = 2552.281 ; gain = 0.000 ; free physical = 18484 ; free virtual = 33130
Read placeStorage: Time (s): cpu = 00:00:00.31 ; elapsed = 00:00:00.31 . Memory (MB): peak = 2556.281 ; gain = 4.000 ; free physical = 18469 ; free virtual = 33115
Read PulsedLatchDB: Time (s): cpu = 00:00:00 ; elapsed = 00:00:00 . Memory (MB): peak = 2556.281 ; gain = 0.000 ; free physical = 18469 ; free virtual = 33115
Reading routing.
Read RouteStorage: Time (s): cpu = 00:00:00.3 ; elapsed = 00:00:00.09 . Memory (MB): peak = 2571.172 ; gain = 14.891 ; free physical = 18453 ; free virtual = 33099
Read Physdb Files: Time (s): cpu = 00:00:00.63 ; elapsed = 00:00:00.42 . Memory (MB): peak = 2571.172 ; gain = 18.891 ; free physical = 18453 ; free virtual = 33099
Restored from archive | CPU: 0.660000 secs | Memory: 28.993950 MB |
Finished XDEF File Restore: Time (s): cpu = 00:00:00.65 ; elapsed = 00:00:00.44 . Memory (MB): peak = 2571.172 ; gain = 22.859 ; free physical = 18453 ; free virtual = 33099
Netlist sorting complete. Time (s): cpu = 00:00:00 ; elapsed = 00:00:00 . Memory (MB): peak = 2588.852 ; gain = 0.000 ; free physical = 18438 ; free virtual = 33084
INFO: [Project 1-111] Unisim Transformation Summary:
  A total of 2070 instances were transformed.
  RAM256X1S => RAM256X1S (MUXF7(x2), MUXF8, RAMS64E(x4)): 2048 instances
  RAM32M => RAM32M (RAMD32(x6), RAMS32(x2)): 22 instances

INFO: [Project 1-604] Checkpoint was created with Vivado v2025.2 (64-bit) build 6299465
open_checkpoint: Time (s): cpu = 00:00:10 ; elapsed = 00:00:07 . Memory (MB): peak = 2596.887 ; gain = 1101.062 ; free physical = 18438 ; free virtual = 33084
Command: write_bitstream -force RV64IM72F5SPSoCTOP.bit
Attempting to get a license for feature 'Implementation' and/or device 'xc7a200t'
INFO: [Common 17-349] Got license for feature 'Implementation' and/or device 'xc7a200t'
Running DRC as a precondition to command write_bitstream
INFO: [IP_Flow 19-234] Refreshing IP repositories
INFO: [IP_Flow 19-1704] No user IP repositories specified
INFO: [IP_Flow 19-2313] Loaded Vivado IP repository '/tools/Xilinx/2025.2/data/ip'.
INFO: [DRC 23-27] Running DRC with 8 threads
INFO: [Vivado 12-3199] DRC finished with 0 Errors
INFO: [Vivado 12-3200] Please refer to the DRC report (report_drc) for more information.
Integrating Hard IP ELF/MEM with the PDI.
INFO: [Designutils 20-2272] Running write_bitstream with 8 threads.
Loading data files...
Loading site data...
Loading route data...
Processing options...
Creating bitmap...
Creating bitstream...
Bitstream compression saved 57273120 bits.
Writing bitstream ./RV64IM72F5SPSoCTOP.bit...
INFO: [Vivado 12-1842] Bitgen Completed Successfully.
INFO: [Common 17-83] Releasing license: Implementation
22 Infos, 0 Warnings, 0 Critical Warnings and 0 Errors encountered.
write_bitstream completed successfully
write_bitstream: Time (s): cpu = 00:00:22 ; elapsed = 00:00:26 . Memory (MB): peak = 3193.953 ; gain = 597.066 ; free physical = 17836 ; free virtual = 32484
INFO: [Common 17-206] Exiting Vivado at Thu Feb 26 18:07:04 2026...
