Copyright 1986-2022 Xilinx, Inc. All Rights Reserved. Copyright 2022-2025 Advanced Micro Devices, Inc. All Rights Reserved.
---------------------------------------------------------------------------------------------------------------------------------------------
| Tool Version : Vivado v.2025.2 (lin64) Build 6299465 Fri Nov 14 12:34:56 MST 2025
| Date         : Wed Feb 25 09:31:24 2026
| Host         : khwl-ThinkPad-X1-Carbon-Gen-13 running 64-bit Ubuntu 24.04.3 LTS
| Command      : report_control_sets -verbose -file RV64IM72F6SP_CORE_control_sets_placed.rpt
| Design       : RV64IM72F6SP_CORE
| Device       : xc7a200t
---------------------------------------------------------------------------------------------------------------------------------------------

Control Set Information

Table of Contents
-----------------
1. Summary
2. Histogram
3. Flip-Flop Distribution
4. Detailed Control Set Information

1. Summary
----------

+----------------------------------------------------------+-------+
|                          Status                          | Count |
+----------------------------------------------------------+-------+
| Total control sets                                       |    34 |
|    Minimum number of control sets                        |    34 |
|    Addition due to synthesis replication                 |     0 |
|    Addition due to physical synthesis replication        |     0 |
| Unused register locations in slices containing registers |    97 |
+----------------------------------------------------------+-------+
* Control sets can be merged at opt_design using control_set_merge or merge_equivalent_drivers
** Run report_qor_suggestions for automated merging and remapping suggestions


2. Histogram
------------

+--------------------+-------+
|       Fanout       | Count |
+--------------------+-------+
| Total control sets |    34 |
| >= 0 to < 4        |     1 |
| >= 4 to < 6        |     4 |
| >= 6 to < 8        |     0 |
| >= 8 to < 10       |     0 |
| >= 10 to < 12      |     1 |
| >= 12 to < 14      |     0 |
| >= 14 to < 16      |     0 |
| >= 16              |    28 |
+--------------------+-------+
* Control sets can be remapped at either synth_design or opt_design


3. Flip-Flop Distribution
-------------------------

+--------------+-----------------------+------------------------+-----------------+--------------+
| Clock Enable | Synchronous Set/Reset | Asynchronous Set/Reset | Total Registers | Total Slices |
+--------------+-----------------------+------------------------+-----------------+--------------+
| No           | No                    | No                     |               2 |            1 |
| No           | No                    | Yes                    |              10 |            8 |
| No           | Yes                   | No                     |               0 |            0 |
| Yes          | No                    | No                     |               0 |            0 |
| Yes          | No                    | Yes                    |            2046 |          799 |
| Yes          | Yes                   | No                     |            2021 |          675 |
+--------------+-----------------------+------------------------+-----------------+--------------+


4. Detailed Control Set Information
-----------------------------------

+--------------+----------------------------------------------------+--------------------------------------------+------------------+----------------+--------------+
| Clock Signal |                    Enable Signal                   |              Set/Reset Signal              | Slice Load Count | Bel Load Count | Bels / Slice |
+--------------+----------------------------------------------------+--------------------------------------------+------------------+----------------+--------------+
|  clk         |                                                    |                                            |                1 |              2 |         2.00 |
|  clk         | alu/multiplier_word/FSM_onehot_stage[3]_i_1__0_n_0 | reset                                      |                1 |              4 |         4.00 |
|  clk         | alu/divider_dword/FSM_onehot_state[3]_i_1__0_n_0   | reset                                      |                2 |              4 |         2.00 |
|  clk         | alu/multiplier_dword/FSM_onehot_stage[3]_i_1_n_0   | reset                                      |                1 |              4 |         4.00 |
|  clk         | alu/divider_word/FSM_onehot_state[3]_i_1_n_0       | reset                                      |                1 |              4 |         4.00 |
|  clk         |                                                    | reset                                      |                8 |             10 |         1.25 |
|  clk         | id_ex_register/clk_enable_1[0]                     | reset                                      |               23 |             34 |         1.48 |
|  clk         | alu/divider_word/quotient_sign4_out                | reset                                      |               14 |             34 |         2.43 |
|  clk         | alu/multiplier_word/E[0]                           | reset                                      |               15 |             37 |         2.47 |
|  clk         | alu/multiplier_word/prod_low[31]_i_1__0_n_0        | reset                                      |               21 |             64 |         3.05 |
|  clk         | csr_file/minstret[0]                               | reset                                      |               17 |             64 |         3.76 |
|  clk         | exception_detector/trapped_reg_rep_1[0]            | reset                                      |               28 |             64 |         2.29 |
|  clk         | exception_detector/clk_enable_0[0]                 | reset                                      |               29 |             64 |         2.21 |
|  clk         | exception_detector/WB_csr_write_enable_reg[0]      | reset                                      |               32 |             64 |         2.00 |
|  clk         | alu/divider_word/quotient_reg[31]_i_1_n_0          | reset                                      |               20 |             64 |         3.20 |
|  clk         | exception_detector/E[0]                            | reset                                      |               24 |             64 |         2.67 |
|  clk         | exception_detector/clk_enable_2[0]                 | reset                                      |               24 |             64 |         2.67 |
|  clk         | id_ex_register/clk_enable_3[0]                     | reset                                      |               20 |             65 |         3.25 |
|  clk         | alu/divider_dword/quotient_sign4_out               | reset                                      |               20 |             66 |         3.30 |
|  clk         | id_ex_register/clk_enable_2[0]                     | reset                                      |               45 |             68 |         1.51 |
|  clk         | alu/divider_word/bit_counter[5]_i_1_n_0            | reset                                      |               28 |             70 |         2.50 |
|  clk         | alu/divider_dword/quotient_reg[63]_i_1_n_0         | reset                                      |               45 |            128 |         2.84 |
|  clk         | alu/multiplier_dword/prod_high[63]_i_1_n_0         | reset                                      |               40 |            128 |         3.20 |
|  clk         | id_ex_register/clk_enable_0[0]                     | reset                                      |               63 |            129 |         2.05 |
|  clk         | alu/divider_dword/bit_counter[6]_i_1_n_0           | reset                                      |               61 |            135 |         2.21 |
|  clk         | alu/multiplier_dword/E[0]                          | reset                                      |               56 |            145 |         2.59 |
|  clk         | exception_detector/clk_enable_3[0]                 | if_io_register/IO_pc[63]_i_1_n_0           |               34 |            160 |         4.71 |
|  clk         | exception_detector/clk_enable_3[0]                 | trap_controller/SR[0]                      |               50 |            161 |         3.22 |
|  clk         | mem_wb_register/p_0_in2_out                        |                                            |               22 |            176 |         8.00 |
|  clk         | alu/multiplier_dword/clk_enable_0[0]               | mem_wb_register/WB_instruction[31]_i_1_n_0 |              128 |            381 |         2.98 |
|  clk         | alu/multiplier_dword/clk_enable_0[0]               | trap_controller/clk_enable_0[0]            |              128 |            391 |         3.05 |
|  clk         | alu/multiplier_dword/clk_enable_0[0]               | exception_detector/SR[0]                   |              192 |            458 |         2.39 |
|  clk         | exception_detector/clk_enable_3[0]                 | id_ex_register/EX_pc[63]_i_1_n_0           |              143 |            470 |         3.29 |
|  clk         | clk_enable                                         | reset                                      |              169 |            479 |         2.83 |
+--------------+----------------------------------------------------+--------------------------------------------+------------------+----------------+--------------+


