
*** Running vivado
    with args -log RV32I46F5SP_CORE.vds -m64 -product Vivado -mode batch -messageDb vivado.pb -notrace -source RV32I46F5SP_CORE.tcl


****** Vivado v2025.2 (64-bit)
  **** SW Build 6299465 on Fri Nov 14 12:34:56 MST 2025
  **** IP Build 6300035 on Fri Nov 14 10:48:45 MST 2025
  **** SharedData Build 6298862 on Thu Nov 13 04:50:51 MST 2025
  **** Start of session at: Thu Mar 12 16:45:53 2026
    ** Copyright 1986-2022 Xilinx, Inc. All Rights Reserved.
    ** Copyright 2022-2025 Advanced Micro Devices, Inc. All Rights Reserved.

source RV32I46F5SP_CORE.tcl -notrace
Command: read_checkpoint -auto_incremental -incremental /home/khwl/Desktop/RV-IM100/RV32s/cores/RV32I_5SP/RV32I46F5SP_MMIO_Dhrystone.srcs/utils_1/imports/synth_1/RV32I46F5SPMMIOSoCTOP.dcp
INFO: [Vivado 12-5825] Read reference checkpoint from /home/khwl/Desktop/RV-IM100/RV32s/cores/RV32I_5SP/RV32I46F5SP_MMIO_Dhrystone.srcs/utils_1/imports/synth_1/RV32I46F5SPMMIOSoCTOP.dcp for incremental synthesis
INFO: [Vivado 12-7989] Please ensure there are no constraint changes
Command: synth_design -top RV32I46F5SP_CORE -part xc7a200tsbg484-1 -directive PerformanceOptimized -fsm_extraction one_hot -keep_equivalent_registers -resource_sharing off -no_lc -shreg_min_size 5 -mode out_of_context
Starting synth_design
Attempting to get a license for feature 'Synthesis' and/or device 'xc7a200t'
INFO: [Common 17-349] Got license for feature 'Synthesis' and/or device 'xc7a200t'
INFO: [Device 21-403] Loading part xc7a200tsbg484-1
INFO: [Synth 8-7079] Multithreading enabled for synth_design using a maximum of 7 processes.
INFO: [Synth 8-7078] Launching helper process for spawning children vivado processes
INFO: [Synth 8-7075] Helper process launched with PID 1179581
---------------------------------------------------------------------------------
Starting RTL Elaboration : Time (s): cpu = 00:00:03 ; elapsed = 00:00:03 . Memory (MB): peak = 2234.285 ; gain = 480.875 ; free physical = 1070 ; free virtual = 4644
---------------------------------------------------------------------------------
INFO: [Synth 8-11241] undeclared symbol 'data_memory_read_data', assumed default net type 'wire' [/home/khwl/Desktop/RV-IM100/RV32s/cores/RV32I_5SP/RV32I46F5SP_MMIO_Dhrystone.srcs/sources_1/imports/sources/RV32I46F_5SP_MMIO.v:38]
WARNING: [Synth 8-11121] redeclaration of ANSI port 'im_instruction' is not allowed [/home/khwl/Desktop/RV-IM100/RV32s/cores/RV32I_5SP/RV32I46F5SP_MMIO_Dhrystone.srcs/sources_1/imports/sources/RV32I46F_5SP_MMIO.v:46]
WARNING: [Synth 8-8895] 'data_memory_read_data' is already implicitly declared on line 38 [/home/khwl/Desktop/RV-IM100/RV32s/cores/RV32I_5SP/RV32I46F5SP_MMIO_Dhrystone.srcs/sources_1/imports/sources/RV32I46F_5SP_MMIO.v:102]
WARNING: [Synth 8-6901] identifier 'pc' is used before its declaration [/home/khwl/Desktop/RV-IM100/RV32s/cores/RV32I_5SP/RV32I46F5SP_MMIO_Dhrystone.srcs/sources_1/imports/sources/RV32I46F_5SP_MMIO.v:31]
WARNING: [Synth 8-6901] identifier 'MEM_alu_result' is used before its declaration [/home/khwl/Desktop/RV-IM100/RV32s/cores/RV32I_5SP/RV32I46F5SP_MMIO_Dhrystone.srcs/sources_1/imports/sources/RV32I46F_5SP_MMIO.v:34]
WARNING: [Synth 8-6901] identifier 'data_memory_write_data' is used before its declaration [/home/khwl/Desktop/RV-IM100/RV32s/cores/RV32I_5SP/RV32I46F5SP_MMIO_Dhrystone.srcs/sources_1/imports/sources/RV32I46F_5SP_MMIO.v:35]
WARNING: [Synth 8-6901] identifier 'MEM_memory_write' is used before its declaration [/home/khwl/Desktop/RV-IM100/RV32s/cores/RV32I_5SP/RV32I46F5SP_MMIO_Dhrystone.srcs/sources_1/imports/sources/RV32I46F_5SP_MMIO.v:36]
WARNING: [Synth 8-6901] identifier 'mmio_uart_status_hit' is used before its declaration [/home/khwl/Desktop/RV-IM100/RV32s/cores/RV32I_5SP/RV32I46F5SP_MMIO_Dhrystone.srcs/sources_1/imports/sources/RV32I46F_5SP_MMIO.v:36]
WARNING: [Synth 8-6901] identifier 'write_mask' is used before its declaration [/home/khwl/Desktop/RV-IM100/RV32s/cores/RV32I_5SP/RV32I46F5SP_MMIO_Dhrystone.srcs/sources_1/imports/sources/RV32I46F_5SP_MMIO.v:37]
INFO: [Synth 8-6157] synthesizing module 'RV32I46F5SP_CORE' [/home/khwl/Desktop/RV-IM100/RV32s/cores/RV32I_5SP/RV32I46F5SP_MMIO_Dhrystone.srcs/sources_1/imports/sources/RV32I46F_5SP_MMIO.v:4]
INFO: [Synth 8-6157] synthesizing module 'ALU' [/home/khwl/Desktop/RV-IM100/RV32s/cores/RV32I_5SP/RV32I46F5SP_MMIO_Dhrystone.srcs/sources_1/imports/sources/ALU.v:3]
INFO: [Synth 8-6155] done synthesizing module 'ALU' (0#1) [/home/khwl/Desktop/RV-IM100/RV32s/cores/RV32I_5SP/RV32I46F5SP_MMIO_Dhrystone.srcs/sources_1/imports/sources/ALU.v:3]
INFO: [Synth 8-6157] synthesizing module 'ALUController' [/home/khwl/Desktop/RV-IM100/RV32s/cores/RV32I_5SP/RV32I46F5SP_MMIO_Dhrystone.srcs/sources_1/imports/sources/ALU_Controller.v:8]
INFO: [Synth 8-226] default block is never used [/home/khwl/Desktop/RV-IM100/RV32s/cores/RV32I_5SP/RV32I46F5SP_MMIO_Dhrystone.srcs/sources_1/imports/sources/ALU_Controller.v:60]
INFO: [Synth 8-226] default block is never used [/home/khwl/Desktop/RV-IM100/RV32s/cores/RV32I_5SP/RV32I46F5SP_MMIO_Dhrystone.srcs/sources_1/imports/sources/ALU_Controller.v:96]
INFO: [Synth 8-6155] done synthesizing module 'ALUController' (0#1) [/home/khwl/Desktop/RV-IM100/RV32s/cores/RV32I_5SP/RV32I46F5SP_MMIO_Dhrystone.srcs/sources_1/imports/sources/ALU_Controller.v:8]
INFO: [Synth 8-6157] synthesizing module 'BranchLogic' [/home/khwl/Desktop/RV-IM100/RV32s/cores/RV32I_5SP/RV32I46F5SP_MMIO_Dhrystone.srcs/sources_1/imports/sources/Branch_Logic.v:3]
INFO: [Synth 8-6155] done synthesizing module 'BranchLogic' (0#1) [/home/khwl/Desktop/RV-IM100/RV32s/cores/RV32I_5SP/RV32I46F5SP_MMIO_Dhrystone.srcs/sources_1/imports/sources/Branch_Logic.v:3]
INFO: [Synth 8-6157] synthesizing module 'BranchPredictor' [/home/khwl/Desktop/RV-IM100/RV32s/cores/RV32I_5SP/RV32I46F5SP_MMIO_Dhrystone.srcs/sources_1/imports/sources/Branch_Predictor.v:3]
	Parameter XLEN bound to: 32 - type: integer 
INFO: [Synth 8-6155] done synthesizing module 'BranchPredictor' (0#1) [/home/khwl/Desktop/RV-IM100/RV32s/cores/RV32I_5SP/RV32I46F5SP_MMIO_Dhrystone.srcs/sources_1/imports/sources/Branch_Predictor.v:3]
INFO: [Synth 8-6157] synthesizing module 'ByteEnableLogic' [/home/khwl/Desktop/RV-IM100/RV32s/cores/RV32I_5SP/RV32I46F5SP_MMIO_Dhrystone.srcs/sources_1/imports/sources/Byte_Enable_Logic.v:4]
INFO: [Synth 8-6155] done synthesizing module 'ByteEnableLogic' (0#1) [/home/khwl/Desktop/RV-IM100/RV32s/cores/RV32I_5SP/RV32I46F5SP_MMIO_Dhrystone.srcs/sources_1/imports/sources/Byte_Enable_Logic.v:4]
INFO: [Synth 8-6157] synthesizing module 'ControlUnit' [/home/khwl/Desktop/RV-IM100/RV32s/cores/RV32I_5SP/RV32I46F5SP_MMIO_Dhrystone.srcs/sources_1/imports/sources/Control_Unit.v:7]
INFO: [Synth 8-6155] done synthesizing module 'ControlUnit' (0#1) [/home/khwl/Desktop/RV-IM100/RV32s/cores/RV32I_5SP/RV32I46F5SP_MMIO_Dhrystone.srcs/sources_1/imports/sources/Control_Unit.v:7]
INFO: [Synth 8-6157] synthesizing module 'CSRFile' [/home/khwl/Desktop/RV-IM100/RV32s/cores/RV32I_5SP/RV32I46F5SP_MMIO_Dhrystone.srcs/sources_1/imports/sources/CSR_File.v:3]
	Parameter XLEN bound to: 32 - type: integer 
INFO: [Synth 8-6155] done synthesizing module 'CSRFile' (0#1) [/home/khwl/Desktop/RV-IM100/RV32s/cores/RV32I_5SP/RV32I46F5SP_MMIO_Dhrystone.srcs/sources_1/imports/sources/CSR_File.v:3]
INFO: [Synth 8-6157] synthesizing module 'ExceptionDetector' [/home/khwl/Desktop/RV-IM100/RV32s/cores/RV32I_5SP/RV32I46F5SP_MMIO_Dhrystone.srcs/sources_1/imports/sources/Exception_Detector.v:6]
INFO: [Synth 8-6155] done synthesizing module 'ExceptionDetector' (0#1) [/home/khwl/Desktop/RV-IM100/RV32s/cores/RV32I_5SP/RV32I46F5SP_MMIO_Dhrystone.srcs/sources_1/imports/sources/Exception_Detector.v:6]
INFO: [Synth 8-6157] synthesizing module 'ForwardUnit' [/home/khwl/Desktop/RV-IM100/RV32s/cores/RV32I_5SP/RV32I46F5SP_MMIO_Dhrystone.srcs/sources_1/imports/sources/Forward_Unit.v:3]
INFO: [Synth 8-6155] done synthesizing module 'ForwardUnit' (0#1) [/home/khwl/Desktop/RV-IM100/RV32s/cores/RV32I_5SP/RV32I46F5SP_MMIO_Dhrystone.srcs/sources_1/imports/sources/Forward_Unit.v:3]
INFO: [Synth 8-6157] synthesizing module 'HazardUnit' [/home/khwl/Desktop/RV-IM100/RV32s/cores/RV32I_5SP/RV32I46F5SP_MMIO_Dhrystone.srcs/sources_1/imports/sources/Hazard_Unit.v:4]
INFO: [Synth 8-6155] done synthesizing module 'HazardUnit' (0#1) [/home/khwl/Desktop/RV-IM100/RV32s/cores/RV32I_5SP/RV32I46F5SP_MMIO_Dhrystone.srcs/sources_1/imports/sources/Hazard_Unit.v:4]
INFO: [Synth 8-6157] synthesizing module 'ImmediateGenerator' [/home/khwl/Desktop/RV-IM100/RV32s/cores/RV32I_5SP/RV32I46F5SP_MMIO_Dhrystone.srcs/sources_1/imports/sources/Immediate_Generator.v:3]
INFO: [Synth 8-6155] done synthesizing module 'ImmediateGenerator' (0#1) [/home/khwl/Desktop/RV-IM100/RV32s/cores/RV32I_5SP/RV32I46F5SP_MMIO_Dhrystone.srcs/sources_1/imports/sources/Immediate_Generator.v:3]
INFO: [Synth 8-6157] synthesizing module 'InstructionDecoder' [/home/khwl/Desktop/RV-IM100/RV32s/cores/RV32I_5SP/RV32I46F5SP_MMIO_Dhrystone.srcs/sources_1/imports/sources/Instruction_Decoder.v:3]
INFO: [Synth 8-6155] done synthesizing module 'InstructionDecoder' (0#1) [/home/khwl/Desktop/RV-IM100/RV32s/cores/RV32I_5SP/RV32I46F5SP_MMIO_Dhrystone.srcs/sources_1/imports/sources/Instruction_Decoder.v:3]
INFO: [Synth 8-6157] synthesizing module 'ProgramCounter' [/home/khwl/Desktop/RV-IM100/RV32s/cores/RV32I_5SP/RV32I46F5SP_MMIO_Dhrystone.srcs/sources_1/imports/sources/Program_Counter.v:1]
INFO: [Synth 8-6155] done synthesizing module 'ProgramCounter' (0#1) [/home/khwl/Desktop/RV-IM100/RV32s/cores/RV32I_5SP/RV32I46F5SP_MMIO_Dhrystone.srcs/sources_1/imports/sources/Program_Counter.v:1]
INFO: [Synth 8-6157] synthesizing module 'PCPlus4' [/home/khwl/Desktop/RV-IM100/RV32s/cores/RV32I_5SP/RV32I46F5SP_MMIO_Dhrystone.srcs/sources_1/imports/sources/PC_Plus_4.v:1]
INFO: [Synth 8-6155] done synthesizing module 'PCPlus4' (0#1) [/home/khwl/Desktop/RV-IM100/RV32s/cores/RV32I_5SP/RV32I46F5SP_MMIO_Dhrystone.srcs/sources_1/imports/sources/PC_Plus_4.v:1]
INFO: [Synth 8-6157] synthesizing module 'PCController' [/home/khwl/Desktop/RV-IM100/RV32s/cores/RV32I_5SP/RV32I46F5SP_MMIO_Dhrystone.srcs/sources_1/imports/sources/PC_Controller.v:1]
INFO: [Synth 8-6155] done synthesizing module 'PCController' (0#1) [/home/khwl/Desktop/RV-IM100/RV32s/cores/RV32I_5SP/RV32I46F5SP_MMIO_Dhrystone.srcs/sources_1/imports/sources/PC_Controller.v:1]
INFO: [Synth 8-6157] synthesizing module 'RegisterFile' [/home/khwl/Desktop/RV-IM100/RV32s/cores/RV32I_5SP/RV32I46F5SP_MMIO_Dhrystone.srcs/sources_1/imports/sources/Register_File.v:1]
INFO: [Synth 8-6155] done synthesizing module 'RegisterFile' (0#1) [/home/khwl/Desktop/RV-IM100/RV32s/cores/RV32I_5SP/RV32I46F5SP_MMIO_Dhrystone.srcs/sources_1/imports/sources/Register_File.v:1]
INFO: [Synth 8-6157] synthesizing module 'TrapController' [/home/khwl/Desktop/RV-IM100/RV32s/cores/RV32I_5SP/RV32I46F5SP_MMIO_Dhrystone.srcs/sources_1/imports/sources/Trap_Controller.v:3]
	Parameter XLEN bound to: 32 - type: integer 
INFO: [Synth 8-6155] done synthesizing module 'TrapController' (0#1) [/home/khwl/Desktop/RV-IM100/RV32s/cores/RV32I_5SP/RV32I46F5SP_MMIO_Dhrystone.srcs/sources_1/imports/sources/Trap_Controller.v:3]
WARNING: [Synth 8-7071] port 'ic_clean' of module 'TrapController' is unconnected for instance 'trap_controller' [/home/khwl/Desktop/RV-IM100/RV32s/cores/RV32I_5SP/RV32I46F5SP_MMIO_Dhrystone.srcs/sources_1/imports/sources/RV32I46F_5SP_MMIO.v:510]
WARNING: [Synth 8-7023] instance 'trap_controller' of module 'TrapController' has 20 connections declared, but only 19 given [/home/khwl/Desktop/RV-IM100/RV32s/cores/RV32I_5SP/RV32I46F5SP_MMIO_Dhrystone.srcs/sources_1/imports/sources/RV32I46F_5SP_MMIO.v:510]
INFO: [Synth 8-6157] synthesizing module 'IF_ID_Register' [/home/khwl/Desktop/RV-IM100/RV32s/cores/RV32I_5SP/RV32I46F5SP_MMIO_Dhrystone.srcs/sources_1/imports/sources/IF_ID_Register.v:1]
	Parameter XLEN bound to: 32 - type: integer 
INFO: [Synth 8-6155] done synthesizing module 'IF_ID_Register' (0#1) [/home/khwl/Desktop/RV-IM100/RV32s/cores/RV32I_5SP/RV32I46F5SP_MMIO_Dhrystone.srcs/sources_1/imports/sources/IF_ID_Register.v:1]
INFO: [Synth 8-6157] synthesizing module 'ID_EX_Register' [/home/khwl/Desktop/RV-IM100/RV32s/cores/RV32I_5SP/RV32I46F5SP_MMIO_Dhrystone.srcs/sources_1/imports/sources/ID_EX_Register.v:1]
	Parameter XLEN bound to: 32 - type: integer 
INFO: [Synth 8-6155] done synthesizing module 'ID_EX_Register' (0#1) [/home/khwl/Desktop/RV-IM100/RV32s/cores/RV32I_5SP/RV32I46F5SP_MMIO_Dhrystone.srcs/sources_1/imports/sources/ID_EX_Register.v:1]
INFO: [Synth 8-6157] synthesizing module 'EX_MEM_Register' [/home/khwl/Desktop/RV-IM100/RV32s/cores/RV32I_5SP/RV32I46F5SP_MMIO_Dhrystone.srcs/sources_1/imports/sources/EX_MEM_Register.v:1]
	Parameter XLEN bound to: 32 - type: integer 
INFO: [Synth 8-6155] done synthesizing module 'EX_MEM_Register' (0#1) [/home/khwl/Desktop/RV-IM100/RV32s/cores/RV32I_5SP/RV32I46F5SP_MMIO_Dhrystone.srcs/sources_1/imports/sources/EX_MEM_Register.v:1]
INFO: [Synth 8-6157] synthesizing module 'MEM_WB_Register' [/home/khwl/Desktop/RV-IM100/RV32s/cores/RV32I_5SP/RV32I46F5SP_MMIO_Dhrystone.srcs/sources_1/imports/sources/MEM_WB_Register.v:1]
	Parameter XLEN bound to: 32 - type: integer 
INFO: [Synth 8-6155] done synthesizing module 'MEM_WB_Register' (0#1) [/home/khwl/Desktop/RV-IM100/RV32s/cores/RV32I_5SP/RV32I46F5SP_MMIO_Dhrystone.srcs/sources_1/imports/sources/MEM_WB_Register.v:1]
INFO: [Synth 8-6155] done synthesizing module 'RV32I46F5SP_CORE' (0#1) [/home/khwl/Desktop/RV-IM100/RV32s/cores/RV32I_5SP/RV32I46F5SP_MMIO_Dhrystone.srcs/sources_1/imports/sources/RV32I46F_5SP_MMIO.v:4]
WARNING: [Synth 8-6014] Unused sequential element branch_prediction_reg was removed.  [/home/khwl/Desktop/RV-IM100/RV32s/cores/RV32I_5SP/RV32I46F5SP_MMIO_Dhrystone.srcs/sources_1/imports/sources/Branch_Predictor.v:35]
WARNING: [Synth 8-6014] Unused sequential element retired_alu_result_reg was removed.  [/home/khwl/Desktop/RV-IM100/RV32s/cores/RV32I_5SP/RV32I46F5SP_MMIO_Dhrystone.srcs/sources_1/imports/sources/RV32I46F_5SP_MMIO.v:700]
WARNING: [Synth 8-6014] Unused sequential element retired_csr_read_data_reg was removed.  [/home/khwl/Desktop/RV-IM100/RV32s/cores/RV32I_5SP/RV32I46F5SP_MMIO_Dhrystone.srcs/sources_1/imports/sources/RV32I46F_5SP_MMIO.v:701]
WARNING: [Synth 8-7129] Port ID_pc[31] in module TrapController is either unconnected or has no load
WARNING: [Synth 8-7129] Port ID_pc[30] in module TrapController is either unconnected or has no load
WARNING: [Synth 8-7129] Port ID_pc[29] in module TrapController is either unconnected or has no load
WARNING: [Synth 8-7129] Port ID_pc[28] in module TrapController is either unconnected or has no load
WARNING: [Synth 8-7129] Port ID_pc[27] in module TrapController is either unconnected or has no load
WARNING: [Synth 8-7129] Port ID_pc[26] in module TrapController is either unconnected or has no load
WARNING: [Synth 8-7129] Port ID_pc[25] in module TrapController is either unconnected or has no load
WARNING: [Synth 8-7129] Port ID_pc[24] in module TrapController is either unconnected or has no load
WARNING: [Synth 8-7129] Port ID_pc[23] in module TrapController is either unconnected or has no load
WARNING: [Synth 8-7129] Port ID_pc[22] in module TrapController is either unconnected or has no load
WARNING: [Synth 8-7129] Port ID_pc[21] in module TrapController is either unconnected or has no load
WARNING: [Synth 8-7129] Port ID_pc[20] in module TrapController is either unconnected or has no load
WARNING: [Synth 8-7129] Port ID_pc[19] in module TrapController is either unconnected or has no load
WARNING: [Synth 8-7129] Port ID_pc[18] in module TrapController is either unconnected or has no load
WARNING: [Synth 8-7129] Port ID_pc[17] in module TrapController is either unconnected or has no load
WARNING: [Synth 8-7129] Port ID_pc[16] in module TrapController is either unconnected or has no load
WARNING: [Synth 8-7129] Port ID_pc[15] in module TrapController is either unconnected or has no load
WARNING: [Synth 8-7129] Port ID_pc[14] in module TrapController is either unconnected or has no load
WARNING: [Synth 8-7129] Port ID_pc[13] in module TrapController is either unconnected or has no load
WARNING: [Synth 8-7129] Port ID_pc[12] in module TrapController is either unconnected or has no load
WARNING: [Synth 8-7129] Port ID_pc[11] in module TrapController is either unconnected or has no load
WARNING: [Synth 8-7129] Port ID_pc[10] in module TrapController is either unconnected or has no load
WARNING: [Synth 8-7129] Port ID_pc[9] in module TrapController is either unconnected or has no load
WARNING: [Synth 8-7129] Port ID_pc[8] in module TrapController is either unconnected or has no load
WARNING: [Synth 8-7129] Port ID_pc[7] in module TrapController is either unconnected or has no load
WARNING: [Synth 8-7129] Port ID_pc[6] in module TrapController is either unconnected or has no load
WARNING: [Synth 8-7129] Port ID_pc[5] in module TrapController is either unconnected or has no load
WARNING: [Synth 8-7129] Port ID_pc[4] in module TrapController is either unconnected or has no load
WARNING: [Synth 8-7129] Port ID_pc[3] in module TrapController is either unconnected or has no load
WARNING: [Synth 8-7129] Port ID_pc[2] in module TrapController is either unconnected or has no load
WARNING: [Synth 8-7129] Port ID_pc[1] in module TrapController is either unconnected or has no load
WARNING: [Synth 8-7129] Port ID_pc[0] in module TrapController is either unconnected or has no load
WARNING: [Synth 8-7129] Port WB_pc[31] in module TrapController is either unconnected or has no load
WARNING: [Synth 8-7129] Port WB_pc[30] in module TrapController is either unconnected or has no load
WARNING: [Synth 8-7129] Port WB_pc[29] in module TrapController is either unconnected or has no load
WARNING: [Synth 8-7129] Port WB_pc[28] in module TrapController is either unconnected or has no load
WARNING: [Synth 8-7129] Port WB_pc[27] in module TrapController is either unconnected or has no load
WARNING: [Synth 8-7129] Port WB_pc[26] in module TrapController is either unconnected or has no load
WARNING: [Synth 8-7129] Port WB_pc[25] in module TrapController is either unconnected or has no load
WARNING: [Synth 8-7129] Port WB_pc[24] in module TrapController is either unconnected or has no load
WARNING: [Synth 8-7129] Port WB_pc[23] in module TrapController is either unconnected or has no load
WARNING: [Synth 8-7129] Port WB_pc[22] in module TrapController is either unconnected or has no load
WARNING: [Synth 8-7129] Port WB_pc[21] in module TrapController is either unconnected or has no load
WARNING: [Synth 8-7129] Port WB_pc[20] in module TrapController is either unconnected or has no load
WARNING: [Synth 8-7129] Port WB_pc[19] in module TrapController is either unconnected or has no load
WARNING: [Synth 8-7129] Port WB_pc[18] in module TrapController is either unconnected or has no load
WARNING: [Synth 8-7129] Port WB_pc[17] in module TrapController is either unconnected or has no load
WARNING: [Synth 8-7129] Port WB_pc[16] in module TrapController is either unconnected or has no load
WARNING: [Synth 8-7129] Port WB_pc[15] in module TrapController is either unconnected or has no load
WARNING: [Synth 8-7129] Port WB_pc[14] in module TrapController is either unconnected or has no load
WARNING: [Synth 8-7129] Port WB_pc[13] in module TrapController is either unconnected or has no load
WARNING: [Synth 8-7129] Port WB_pc[12] in module TrapController is either unconnected or has no load
WARNING: [Synth 8-7129] Port WB_pc[11] in module TrapController is either unconnected or has no load
WARNING: [Synth 8-7129] Port WB_pc[10] in module TrapController is either unconnected or has no load
WARNING: [Synth 8-7129] Port WB_pc[9] in module TrapController is either unconnected or has no load
WARNING: [Synth 8-7129] Port WB_pc[8] in module TrapController is either unconnected or has no load
WARNING: [Synth 8-7129] Port WB_pc[7] in module TrapController is either unconnected or has no load
WARNING: [Synth 8-7129] Port WB_pc[6] in module TrapController is either unconnected or has no load
WARNING: [Synth 8-7129] Port WB_pc[5] in module TrapController is either unconnected or has no load
WARNING: [Synth 8-7129] Port WB_pc[4] in module TrapController is either unconnected or has no load
WARNING: [Synth 8-7129] Port WB_pc[3] in module TrapController is either unconnected or has no load
WARNING: [Synth 8-7129] Port WB_pc[2] in module TrapController is either unconnected or has no load
WARNING: [Synth 8-7129] Port WB_pc[1] in module TrapController is either unconnected or has no load
WARNING: [Synth 8-7129] Port WB_pc[0] in module TrapController is either unconnected or has no load
WARNING: [Synth 8-7129] Port clk in module HazardUnit is either unconnected or has no load
WARNING: [Synth 8-7129] Port clk_enable in module HazardUnit is either unconnected or has no load
WARNING: [Synth 8-7129] Port reset in module HazardUnit is either unconnected or has no load
WARNING: [Synth 8-7129] Port trap_status[2] in module HazardUnit is either unconnected or has no load
WARNING: [Synth 8-7129] Port trap_status[1] in module HazardUnit is either unconnected or has no load
WARNING: [Synth 8-7129] Port trap_status[0] in module HazardUnit is either unconnected or has no load
WARNING: [Synth 8-7129] Port misaligned_instruction_flush in module HazardUnit is either unconnected or has no load
WARNING: [Synth 8-7129] Port misaligned_memory_flush in module HazardUnit is either unconnected or has no load
WARNING: [Synth 8-7129] Port ID_rs1[4] in module HazardUnit is either unconnected or has no load
WARNING: [Synth 8-7129] Port ID_rs1[3] in module HazardUnit is either unconnected or has no load
WARNING: [Synth 8-7129] Port ID_rs1[2] in module HazardUnit is either unconnected or has no load
WARNING: [Synth 8-7129] Port ID_rs1[1] in module HazardUnit is either unconnected or has no load
WARNING: [Synth 8-7129] Port ID_rs1[0] in module HazardUnit is either unconnected or has no load
WARNING: [Synth 8-7129] Port ID_rs2[4] in module HazardUnit is either unconnected or has no load
WARNING: [Synth 8-7129] Port ID_rs2[3] in module HazardUnit is either unconnected or has no load
WARNING: [Synth 8-7129] Port ID_rs2[2] in module HazardUnit is either unconnected or has no load
WARNING: [Synth 8-7129] Port ID_rs2[1] in module HazardUnit is either unconnected or has no load
WARNING: [Synth 8-7129] Port ID_rs2[0] in module HazardUnit is either unconnected or has no load
WARNING: [Synth 8-7129] Port ID_raw_imm[11] in module HazardUnit is either unconnected or has no load
WARNING: [Synth 8-7129] Port ID_raw_imm[10] in module HazardUnit is either unconnected or has no load
WARNING: [Synth 8-7129] Port ID_raw_imm[9] in module HazardUnit is either unconnected or has no load
WARNING: [Synth 8-7129] Port ID_raw_imm[8] in module HazardUnit is either unconnected or has no load
WARNING: [Synth 8-7129] Port ID_raw_imm[7] in module HazardUnit is either unconnected or has no load
WARNING: [Synth 8-7129] Port ID_raw_imm[6] in module HazardUnit is either unconnected or has no load
WARNING: [Synth 8-7129] Port ID_raw_imm[5] in module HazardUnit is either unconnected or has no load
WARNING: [Synth 8-7129] Port ID_raw_imm[4] in module HazardUnit is either unconnected or has no load
WARNING: [Synth 8-7129] Port ID_raw_imm[3] in module HazardUnit is either unconnected or has no load
WARNING: [Synth 8-7129] Port ID_raw_imm[2] in module HazardUnit is either unconnected or has no load
WARNING: [Synth 8-7129] Port ID_raw_imm[1] in module HazardUnit is either unconnected or has no load
WARNING: [Synth 8-7129] Port ID_raw_imm[0] in module HazardUnit is either unconnected or has no load
WARNING: [Synth 8-7129] Port EX_rd[4] in module HazardUnit is either unconnected or has no load
WARNING: [Synth 8-7129] Port EX_rd[3] in module HazardUnit is either unconnected or has no load
WARNING: [Synth 8-7129] Port EX_rd[2] in module HazardUnit is either unconnected or has no load
WARNING: [Synth 8-7129] Port EX_rd[1] in module HazardUnit is either unconnected or has no load
WARNING: [Synth 8-7129] Port EX_rd[0] in module HazardUnit is either unconnected or has no load
WARNING: [Synth 8-7129] Port EX_csr_write_enable in module HazardUnit is either unconnected or has no load
INFO: [Common 17-14] Message 'Synth 8-7129' appears 100 times and further instances of the messages will be disabled. Use the Tcl command set_msg_config to change the current settings.
---------------------------------------------------------------------------------
Finished RTL Elaboration : Time (s): cpu = 00:00:04 ; elapsed = 00:00:04 . Memory (MB): peak = 2333.223 ; gain = 579.812 ; free physical = 962 ; free virtual = 4537
---------------------------------------------------------------------------------
---------------------------------------------------------------------------------
Start Handling Custom Attributes
---------------------------------------------------------------------------------
---------------------------------------------------------------------------------
Finished Handling Custom Attributes : Time (s): cpu = 00:00:04 ; elapsed = 00:00:04 . Memory (MB): peak = 2345.098 ; gain = 591.688 ; free physical = 954 ; free virtual = 4529
---------------------------------------------------------------------------------
---------------------------------------------------------------------------------
Finished RTL Optimization Phase 1 : Time (s): cpu = 00:00:04 ; elapsed = 00:00:04 . Memory (MB): peak = 2345.098 ; gain = 591.688 ; free physical = 954 ; free virtual = 4529
---------------------------------------------------------------------------------
Netlist sorting complete. Time (s): cpu = 00:00:00.03 ; elapsed = 00:00:00.03 . Memory (MB): peak = 2345.098 ; gain = 0.000 ; free physical = 954 ; free virtual = 4529
INFO: [Project 1-570] Preparing netlist for logic optimization

Processing XDC Constraints
Initializing timing engine
Parsing XDC File [/home/khwl/Desktop/RV-IM100/RV32s/cores/RV32I_5SP/RV32I46F5SP_MMIO_Dhrystone.srcs/constrs_1/imports/sources/RV32I46F_5SP_Debug_XDC.xdc]
Finished Parsing XDC File [/home/khwl/Desktop/RV-IM100/RV32s/cores/RV32I_5SP/RV32I46F5SP_MMIO_Dhrystone.srcs/constrs_1/imports/sources/RV32I46F_5SP_Debug_XDC.xdc]
Completed Processing XDC Constraints

Netlist sorting complete. Time (s): cpu = 00:00:00 ; elapsed = 00:00:00 . Memory (MB): peak = 2462.836 ; gain = 0.000 ; free physical = 947 ; free virtual = 4522
INFO: [Project 1-111] Unisim Transformation Summary:
No Unisim elements were transformed.

Constraint Validation Runtime : Time (s): cpu = 00:00:00.03 ; elapsed = 00:00:00.02 . Memory (MB): peak = 2462.871 ; gain = 0.000 ; free physical = 947 ; free virtual = 4522
---------------------------------------------------------------------------------
Finished Constraint Validation : Time (s): cpu = 00:00:09 ; elapsed = 00:00:09 . Memory (MB): peak = 2462.871 ; gain = 709.461 ; free physical = 902 ; free virtual = 4498
---------------------------------------------------------------------------------
---------------------------------------------------------------------------------
Start Loading Part and Timing Information
---------------------------------------------------------------------------------
Loading part: xc7a200tsbg484-1
---------------------------------------------------------------------------------
Finished Loading Part and Timing Information : Time (s): cpu = 00:00:09 ; elapsed = 00:00:09 . Memory (MB): peak = 2470.840 ; gain = 717.430 ; free physical = 902 ; free virtual = 4497
---------------------------------------------------------------------------------
---------------------------------------------------------------------------------
Start Applying 'set_property' XDC Constraints
---------------------------------------------------------------------------------
---------------------------------------------------------------------------------
Finished applying 'set_property' XDC Constraints : Time (s): cpu = 00:00:09 ; elapsed = 00:00:09 . Memory (MB): peak = 2470.840 ; gain = 717.430 ; free physical = 902 ; free virtual = 4497
---------------------------------------------------------------------------------
---------------------------------------------------------------------------------
Start Preparing Guide Design
---------------------------------------------------------------------------------
CRITICAL WARNING: [Synth 8-6895] The reference checkpoint /home/khwl/Desktop/RV-IM100/RV32s/cores/RV32I_5SP/RV32I46F5SP_MMIO_Dhrystone.srcs/utils_1/imports/synth_1/RV32I46F5SPMMIOSoCTOP.dcp is not suitable for use with incremental synthesis for this design. Please regenerate the checkpoint for this design with -incremental_synth switch in the same Vivado session that synth_design has been run. Synthesis will continue with the default flow
---------------------------------------------------------------------------------
Finished Doing Graph Differ : Time (s): cpu = 00:00:09 ; elapsed = 00:00:09 . Memory (MB): peak = 2470.840 ; gain = 717.430 ; free physical = 892 ; free virtual = 4489
---------------------------------------------------------------------------------
---------------------------------------------------------------------------------
Finished Preparing Guide Design : Time (s): cpu = 00:00:09 ; elapsed = 00:00:09 . Memory (MB): peak = 2470.840 ; gain = 717.430 ; free physical = 892 ; free virtual = 4489
---------------------------------------------------------------------------------
INFO: [Synth 8-802] inferred FSM for state register 'trap_handle_state_reg' in module 'TrapController'
---------------------------------------------------------------------------------------------------
                   State |                     New Encoding |                Previous Encoding 
---------------------------------------------------------------------------------------------------
                    IDLE |                      00000000001 |                             0000
               READ_MEPC |                      00000000010 |                             0100
             RETURN_MRET |                      00000000100 |                             0110
             MEM_STANDBY |                      00000001000 |                             0111
              WB_STANDBY |                      00000010000 |                             1000
            RTRE_STANDBY |                      00000100000 |                             1001
        ECALL_MEPC_WRITE |                      00001000000 |                             1010
              WRITE_MEPC |                      00010000000 |                             0001
            WRITE_MCAUSE |                      00100000000 |                             0010
              READ_MTVEC |                      01000000000 |                             0011
              GOTO_MTVEC |                      10000000000 |                             0101
---------------------------------------------------------------------------------------------------
INFO: [Synth 8-3354] encoded FSM with state register 'trap_handle_state_reg' using encoding 'one-hot' in module 'TrapController'
---------------------------------------------------------------------------------
Finished RTL Optimization Phase 2 : Time (s): cpu = 00:00:09 ; elapsed = 00:00:10 . Memory (MB): peak = 2470.840 ; gain = 717.430 ; free physical = 878 ; free virtual = 4475
---------------------------------------------------------------------------------


Incremental Synthesis Report Summary:

1. Incremental synthesis run: no

   Reason for not running incremental synthesis : 


INFO: [Synth 8-7130] Flow is switching to default flow due to incremental criteria not met. If you would like to alter this behaviour and have the flow terminate instead, please set the following parameter config_implementation {autoIncr.Synth.RejectBehavior Terminate}
---------------------------------------------------------------------------------
Start RTL Component Statistics 
---------------------------------------------------------------------------------
Detailed RTL Component Info : 
+---Adders : 
	   2 Input   64 Bit       Adders := 2     
	   2 Input   32 Bit       Adders := 6     
	   3 Input   32 Bit       Adders := 1     
+---XORs : 
	   2 Input     32 Bit         XORs := 1     
+---Registers : 
	               64 Bit    Registers := 2     
	               32 Bit    Registers := 30    
	               20 Bit    Registers := 3     
	                7 Bit    Registers := 4     
	                5 Bit    Registers := 7     
	                3 Bit    Registers := 7     
	                2 Bit    Registers := 2     
	                1 Bit    Registers := 19    
+---RAMs : 
	             1024 Bit	(32 X 32 bit)          RAMs := 1     
+---Muxes : 
	   2 Input   32 Bit        Muxes := 56    
	   4 Input   32 Bit        Muxes := 2     
	   3 Input   32 Bit        Muxes := 1     
	  11 Input   32 Bit        Muxes := 2     
	   2 Input   20 Bit        Muxes := 3     
	   2 Input   16 Bit        Muxes := 1     
	   2 Input   12 Bit        Muxes := 2     
	  16 Input   11 Bit        Muxes := 1     
	   3 Input   10 Bit        Muxes := 1     
	   2 Input   10 Bit        Muxes := 2     
	  11 Input   10 Bit        Muxes := 1     
	   4 Input    8 Bit        Muxes := 1     
	   2 Input    7 Bit        Muxes := 4     
	   2 Input    5 Bit        Muxes := 7     
	   7 Input    4 Bit        Muxes := 2     
	   4 Input    4 Bit        Muxes := 1     
	   2 Input    4 Bit        Muxes := 4     
	   3 Input    4 Bit        Muxes := 1     
	   2 Input    3 Bit        Muxes := 13    
	   5 Input    3 Bit        Muxes := 2     
	   3 Input    3 Bit        Muxes := 2     
	   8 Input    2 Bit        Muxes := 1     
	   2 Input    2 Bit        Muxes := 8     
	   3 Input    2 Bit        Muxes := 2     
	   7 Input    1 Bit        Muxes := 1     
	   2 Input    1 Bit        Muxes := 38    
	   3 Input    1 Bit        Muxes := 8     
	  11 Input    1 Bit        Muxes := 6     
---------------------------------------------------------------------------------
Finished RTL Component Statistics 
---------------------------------------------------------------------------------
---------------------------------------------------------------------------------
Start Part Resource Summary
---------------------------------------------------------------------------------
Part Resources:
DSPs: 740 (col length:100)
BRAMs: 730 (col length: RAMB18 100 RAMB36 50)
---------------------------------------------------------------------------------
Finished Part Resource Summary
---------------------------------------------------------------------------------
---------------------------------------------------------------------------------
Start Cross Boundary and Area Optimization
---------------------------------------------------------------------------------
---------------------------------------------------------------------------------
Finished Cross Boundary and Area Optimization : Time (s): cpu = 00:00:23 ; elapsed = 00:00:24 . Memory (MB): peak = 2470.840 ; gain = 717.430 ; free physical = 856 ; free virtual = 4459
---------------------------------------------------------------------------------
---------------------------------------------------------------------------------
Start ROM, RAM, DSP, Shift Register and Retiming Reporting
---------------------------------------------------------------------------------

Distributed RAM: Preliminary Mapping Report (see note below)
+--------------+---------------+-----------+----------------------+--------------+
|Module Name   | RTL Object    | Inference | Size (Depth x Width) | Primitives   | 
+--------------+---------------+-----------+----------------------+--------------+
|register_file | registers_reg | Implied   | 32 x 32              | RAM32M x 12  | 
+--------------+---------------+-----------+----------------------+--------------+

Note: The table above is a preliminary report that shows the Distributed RAMs at the current stage of the synthesis flow. Some Distributed RAMs may be reimplemented as non Distributed RAM primitives later in the synthesis flow. Multiple instantiated RAMs are reported only once.
---------------------------------------------------------------------------------
Finished ROM, RAM, DSP, Shift Register and Retiming Reporting
---------------------------------------------------------------------------------
---------------------------------------------------------------------------------
Start Applying XDC Timing Constraints
---------------------------------------------------------------------------------
---------------------------------------------------------------------------------
Finished Applying XDC Timing Constraints : Time (s): cpu = 00:00:26 ; elapsed = 00:00:27 . Memory (MB): peak = 2538.840 ; gain = 785.430 ; free physical = 793 ; free virtual = 4397
---------------------------------------------------------------------------------
---------------------------------------------------------------------------------
Start Timing Optimization
---------------------------------------------------------------------------------
---------------------------------------------------------------------------------
Finished Timing Optimization : Time (s): cpu = 00:00:35 ; elapsed = 00:00:35 . Memory (MB): peak = 2632.262 ; gain = 878.852 ; free physical = 684 ; free virtual = 4294
---------------------------------------------------------------------------------
---------------------------------------------------------------------------------
Start ROM, RAM, DSP, Shift Register and Retiming Reporting
---------------------------------------------------------------------------------

Distributed RAM: Final Mapping Report
+--------------+---------------+-----------+----------------------+--------------+
|Module Name   | RTL Object    | Inference | Size (Depth x Width) | Primitives   | 
+--------------+---------------+-----------+----------------------+--------------+
|register_file | registers_reg | Implied   | 32 x 32              | RAM32M x 12  | 
+--------------+---------------+-----------+----------------------+--------------+

---------------------------------------------------------------------------------
Finished ROM, RAM, DSP, Shift Register and Retiming Reporting
---------------------------------------------------------------------------------
---------------------------------------------------------------------------------
Start Technology Mapping
---------------------------------------------------------------------------------
---------------------------------------------------------------------------------
Finished Technology Mapping : Time (s): cpu = 00:00:37 ; elapsed = 00:00:37 . Memory (MB): peak = 2662.270 ; gain = 908.859 ; free physical = 666 ; free virtual = 4277
---------------------------------------------------------------------------------
---------------------------------------------------------------------------------
Start IO Insertion
---------------------------------------------------------------------------------
---------------------------------------------------------------------------------
Start Flattening Before IO Insertion
---------------------------------------------------------------------------------
---------------------------------------------------------------------------------
Finished Flattening Before IO Insertion
---------------------------------------------------------------------------------
---------------------------------------------------------------------------------
Start Final Netlist Cleanup
---------------------------------------------------------------------------------
---------------------------------------------------------------------------------
Finished Final Netlist Cleanup
---------------------------------------------------------------------------------
---------------------------------------------------------------------------------
Finished IO Insertion : Time (s): cpu = 00:00:39 ; elapsed = 00:00:40 . Memory (MB): peak = 2767.051 ; gain = 1013.641 ; free physical = 569 ; free virtual = 4180
---------------------------------------------------------------------------------
---------------------------------------------------------------------------------
Start Renaming Generated Instances
---------------------------------------------------------------------------------
---------------------------------------------------------------------------------
Finished Renaming Generated Instances : Time (s): cpu = 00:00:39 ; elapsed = 00:00:40 . Memory (MB): peak = 2767.051 ; gain = 1013.641 ; free physical = 569 ; free virtual = 4180
---------------------------------------------------------------------------------
---------------------------------------------------------------------------------
Start Rebuilding User Hierarchy
---------------------------------------------------------------------------------
---------------------------------------------------------------------------------
Finished Rebuilding User Hierarchy : Time (s): cpu = 00:00:39 ; elapsed = 00:00:40 . Memory (MB): peak = 2767.051 ; gain = 1013.641 ; free physical = 567 ; free virtual = 4178
---------------------------------------------------------------------------------
---------------------------------------------------------------------------------
Start Renaming Generated Ports
---------------------------------------------------------------------------------
---------------------------------------------------------------------------------
Finished Renaming Generated Ports : Time (s): cpu = 00:00:39 ; elapsed = 00:00:40 . Memory (MB): peak = 2767.051 ; gain = 1013.641 ; free physical = 567 ; free virtual = 4178
---------------------------------------------------------------------------------
---------------------------------------------------------------------------------
Start Handling Custom Attributes
---------------------------------------------------------------------------------
---------------------------------------------------------------------------------
Finished Handling Custom Attributes : Time (s): cpu = 00:00:39 ; elapsed = 00:00:40 . Memory (MB): peak = 2767.051 ; gain = 1013.641 ; free physical = 567 ; free virtual = 4178
---------------------------------------------------------------------------------
---------------------------------------------------------------------------------
Start Renaming Generated Nets
---------------------------------------------------------------------------------
---------------------------------------------------------------------------------
Finished Renaming Generated Nets : Time (s): cpu = 00:00:39 ; elapsed = 00:00:40 . Memory (MB): peak = 2767.051 ; gain = 1013.641 ; free physical = 567 ; free virtual = 4178
---------------------------------------------------------------------------------
---------------------------------------------------------------------------------
Start Writing Synthesis Report
---------------------------------------------------------------------------------

Report BlackBoxes: 
+-+--------------+----------+
| |BlackBox name |Instances |
+-+--------------+----------+
+-+--------------+----------+

Report Cell Usage: 
+------+---------+------+
|      |Cell     |Count |
+------+---------+------+
|1     |CARRY4   |    98|
|2     |LUT1     |     5|
|3     |LUT2     |   803|
|4     |LUT3     |   313|
|5     |LUT4     |   212|
|6     |LUT5     |   372|
|7     |LUT6     |  1085|
|8     |MUXF7    |    25|
|9     |RAM32M   |    10|
|10    |RAM32X1D |     4|
|11    |FDCE     |  1174|
|12    |FDPE     |    20|
+------+---------+------+
---------------------------------------------------------------------------------
Finished Writing Synthesis Report : Time (s): cpu = 00:00:39 ; elapsed = 00:00:40 . Memory (MB): peak = 2767.051 ; gain = 1013.641 ; free physical = 567 ; free virtual = 4178
---------------------------------------------------------------------------------
Synthesis finished with 0 errors, 1 critical warnings and 101 warnings.
Synthesis Optimization Runtime : Time (s): cpu = 00:00:37 ; elapsed = 00:00:38 . Memory (MB): peak = 2767.051 ; gain = 895.867 ; free physical = 567 ; free virtual = 4178
Synthesis Optimization Complete : Time (s): cpu = 00:00:39 ; elapsed = 00:00:40 . Memory (MB): peak = 2767.059 ; gain = 1013.641 ; free physical = 567 ; free virtual = 4178
INFO: [Project 1-571] Translating synthesized netlist
Netlist sorting complete. Time (s): cpu = 00:00:00.02 ; elapsed = 00:00:00.02 . Memory (MB): peak = 2767.059 ; gain = 0.000 ; free physical = 720 ; free virtual = 4331
INFO: [Netlist 29-17] Analyzing 137 Unisim elements for replacement
INFO: [Netlist 29-28] Unisim Transformation completed in 0 CPU seconds
INFO: [Project 1-570] Preparing netlist for logic optimization
INFO: [Opt 31-138] Pushed 0 inverter(s) to 0 load pin(s).
Netlist sorting complete. Time (s): cpu = 00:00:00 ; elapsed = 00:00:00 . Memory (MB): peak = 2767.059 ; gain = 0.000 ; free physical = 697 ; free virtual = 4308
INFO: [Project 1-111] Unisim Transformation Summary:
  A total of 14 instances were transformed.
  RAM32M => RAM32M (RAMD32(x6), RAMS32(x2)): 10 instances
  RAM32X1D => RAM32X1D (RAMD32(x2)): 4 instances

Synth Design complete | Checksum: 88a57430
INFO: [Common 17-83] Releasing license: Synthesis
67 Infos, 113 Warnings, 1 Critical Warnings and 0 Errors encountered.
synth_design completed successfully
synth_design: Time (s): cpu = 00:00:45 ; elapsed = 00:00:44 . Memory (MB): peak = 2767.086 ; gain = 1149.824 ; free physical = 696 ; free virtual = 4308
INFO: [Common 17-2834] synth_design peak Physical Memory [PSS] (MB): overall = 1937.741; main = 1893.404; forked = 279.791
INFO: [Common 17-2834] synth_design peak Virtual Memory [VSS] (MB): overall = 3572.973; main = 2767.055; forked = 998.082
INFO: [runtcl-6] Synthesis results are not added to the cache due to CRITICAL_WARNING
Write ShapeDB Complete: Time (s): cpu = 00:00:00 ; elapsed = 00:00:00 . Memory (MB): peak = 2791.062 ; gain = 0.000 ; free physical = 695 ; free virtual = 4306
INFO: [Common 17-1381] The checkpoint '/home/khwl/Desktop/RV-IM100/RV32s/cores/RV32I_5SP/RV32I46F5SP_MMIO_Dhrystone.runs/synth_1/RV32I46F5SP_CORE.dcp' has been generated.
INFO: [Vivado 12-24828] Executing command : report_utilization -file RV32I46F5SP_CORE_utilization_synth.rpt -pb RV32I46F5SP_CORE_utilization_synth.pb
INFO: [Common 17-206] Exiting Vivado at Thu Mar 12 16:46:41 2026...
