Copyright 1986-2022 Xilinx, Inc. All Rights Reserved. Copyright 2022-2025 Advanced Micro Devices, Inc. All Rights Reserved.
---------------------------------------------------------------------------------------------------------------------------------------------
| Tool Version : Vivado v.2025.2 (lin64) Build 6299465 Fri Nov 14 12:34:56 MST 2025
| Date         : Thu Mar 12 16:16:23 2026
| Host         : khwl-main-pc running 64-bit Ubuntu 24.04.4 LTS
| Command      : report_control_sets -verbose -file RV32IM72F8SPSoCTOP_control_sets_placed.rpt
| Design       : RV32IM72F8SPSoCTOP
| Device       : xc7a200t
---------------------------------------------------------------------------------------------------------------------------------------------

Control Set Information

Table of Contents
-----------------
1. Summary
2. Histogram
3. Flip-Flop Distribution
4. Detailed Control Set Information

1. Summary
----------

+----------------------------------------------------------+-------+
|                          Status                          | Count |
+----------------------------------------------------------+-------+
| Total control sets                                       |    33 |
|    Minimum number of control sets                        |    33 |
|    Addition due to synthesis replication                 |     0 |
|    Addition due to physical synthesis replication        |     0 |
| Unused register locations in slices containing registers |   100 |
+----------------------------------------------------------+-------+
* Control sets can be merged at opt_design using control_set_merge or merge_equivalent_drivers
** Run report_qor_suggestions for automated merging and remapping suggestions


2. Histogram
------------

+--------------------+-------+
|       Fanout       | Count |
+--------------------+-------+
| Total control sets |    33 |
| >= 0 to < 4        |     2 |
| >= 4 to < 6        |     3 |
| >= 6 to < 8        |     1 |
| >= 8 to < 10       |     1 |
| >= 10 to < 12      |     1 |
| >= 12 to < 14      |     2 |
| >= 14 to < 16      |     0 |
| >= 16              |    23 |
+--------------------+-------+
* Control sets can be remapped at either synth_design or opt_design


3. Flip-Flop Distribution
-------------------------

+--------------+-----------------------+------------------------+-----------------+--------------+
| Clock Enable | Synchronous Set/Reset | Asynchronous Set/Reset | Total Registers | Total Slices |
+--------------+-----------------------+------------------------+-----------------+--------------+
| No           | No                    | No                     |               6 |            4 |
| No           | No                    | Yes                    |              48 |           22 |
| No           | Yes                   | No                     |               0 |            0 |
| Yes          | No                    | No                     |              12 |            5 |
| Yes          | No                    | Yes                    |             775 |          290 |
| Yes          | Yes                   | No                     |            1347 |          424 |
+--------------+-----------------------+------------------------+-----------------+--------------+


4. Detailed Control Set Information
-----------------------------------

+------------------------+---------------------------------------------------------------+--------------------------------------------------------------+------------------+----------------+--------------+
|      Clock Signal      |                         Enable Signal                         |                       Set/Reset Signal                       | Slice Load Count | Bel Load Count | Bels / Slice |
+------------------------+---------------------------------------------------------------+--------------------------------------------------------------+------------------+----------------+--------------+
|  clk_gen/inst/clk_out1 | uart_tx/tx_i_1_n_0                                            | internal_reset                                               |                1 |              1 |         1.00 |
|  clk_gen/inst/clk_out1 |                                                               | reset                                                        |                2 |              3 |         1.50 |
|  clk_gen/inst/clk_out1 | uart_tx/bit_counter[3]_i_1__0_n_0                             | internal_reset                                               |                2 |              4 |         2.00 |
|  clk_gen/inst/clk_out1 | rv32im72f_8sp/alu/divider_word/FSM_onehot_state[3]_i_1_n_0    | internal_reset                                               |                2 |              4 |         2.00 |
|  clk_gen/inst/clk_out1 | rv32im72f_8sp/alu/multiplier_word/FSM_onehot_stage[3]_i_1_n_0 | internal_reset                                               |                1 |              4 |         4.00 |
|  clk_gen/inst/clk_out1 |                                                               |                                                              |                4 |              6 |         1.50 |
|  clk_gen/inst/clk_out1 | uart_tx/shift_reg[8]_i_1_n_0                                  | internal_reset                                               |                4 |              9 |         2.25 |
|  clk_gen/inst/clk_out1 | mmio_interface/E[0]                                           | internal_reset                                               |                5 |             11 |         2.20 |
|  clk_gen/inst/clk_out1 | cpu_clk_enable                                                |                                                              |                5 |             12 |         2.40 |
|  clk_gen/inst/clk_out1 | cpu_clk_enable                                                | rv32im72f_8sp/ex_ex2_register/ID_branch_estimation0_out      |                4 |             13 |         3.25 |
|  clk_gen/inst/clk_out1 | rv32im72f_8sp/trap_controller/E[0]                            | internal_reset                                               |               11 |             32 |         2.91 |
|  clk_gen/inst/clk_out1 | rv32im72f_8sp/trap_controller/WB_raw_imm_reg[2][0]            | internal_reset                                               |               14 |             32 |         2.29 |
|  clk_gen/inst/clk_out1 | rv32im72f_8sp/trap_controller/WB_raw_imm_reg[2]_0[0]          | internal_reset                                               |               14 |             32 |         2.29 |
|  clk_gen/inst/clk_out1 | rv32im72f_8sp/exception_detector/cpu_clk_enable_reg[0]        | internal_reset                                               |               20 |             32 |         1.60 |
|  clk_gen/inst/clk_out1 | rv32im72f_8sp/ex_ex2_register/instruction0                    | internal_reset                                               |                6 |             32 |         5.33 |
|  clk_gen/inst/clk_out1 | rv32im72f_8sp/exception_detector/mmio_uart_status_hit_reg0    | rv32im72f_8sp/exception_detector/MEM_WB_flush                |               19 |             33 |         1.74 |
|  clk_gen/inst/clk_out1 | rv32im72f_8sp/alu/divider_word/quotient_sign4_out             | internal_reset                                               |               13 |             34 |         2.62 |
|  clk_gen/inst/clk_out1 | rv32im72f_8sp/exr_ex_register/E[0]                            | internal_reset                                               |               17 |             34 |         2.00 |
|  clk_gen/inst/clk_out1 | rv32im72f_8sp/alu/multiplier_word/cpu_clk_enable_reg          | internal_reset                                               |               14 |             37 |         2.64 |
|  clk_gen/inst/clk_out1 | rv32im72f_8sp/id_exr_register/cpu_clk_enable_reg_0[0]         | internal_reset                                               |               15 |             38 |         2.53 |
|  clk_gen/inst/clk_out1 |                                                               | internal_reset                                               |               20 |             45 |         2.25 |
|  clk_gen/inst/clk_out1 | rv32im72f_8sp/alu/multiplier_word/prod_low[31]_i_1_n_0        | internal_reset                                               |               20 |             64 |         3.20 |
|  clk_gen/inst/clk_out1 | rv32im72f_8sp/csr_file/minstret[0]                            | internal_reset                                               |               17 |             64 |         3.76 |
|  clk_gen/inst/clk_out1 | rv32im72f_8sp/alu/divider_word/quotient_reg[31]_i_1_n_0       | internal_reset                                               |               18 |             64 |         3.56 |
|  clk_gen/inst/clk_out1 | rv32im72f_8sp/alu/multiplier_word/result_sign_s11_out         | internal_reset                                               |               25 |             65 |         2.60 |
|  clk_gen/inst/clk_out1 | rv32im72f_8sp/alu/divider_word/bit_counter[5]_i_1_n_0         | internal_reset                                               |               25 |             70 |         2.80 |
|  clk_gen/inst/clk_out1 | rv32im72f_8sp/mem_wb_register/p_0_in2_out                     |                                                              |               11 |             88 |         8.00 |
|  clk_gen/inst/clk_out1 | rv32im72f_8sp/if_io_register/IO_pc[31]_i_2_n_0                | rv32im72f_8sp/ex_ex2_register/SR[0]                          |               18 |             96 |         5.33 |
|  clk_gen/inst/clk_out1 | cpu_clk_enable                                                | internal_reset                                               |               46 |            112 |         2.43 |
|  clk_gen/inst/clk_out1 | rv32im72f_8sp/exception_detector/mmio_uart_status_hit_reg0    | rv32im72f_8sp/ex_ex2_register/EX2_register_write_enable0_out |               82 |            266 |         3.24 |
|  clk_gen/inst/clk_out1 | rv32im72f_8sp/exception_detector/mmio_uart_status_hit_reg0    | rv32im72f_8sp/exception_detector/SR[0]                       |               90 |            286 |         3.18 |
|  clk_gen/inst/clk_out1 | rv32im72f_8sp/exception_detector/mmio_uart_status_hit_reg0    | rv32im72f_8sp/ex_ex2_register/cpu_clk_enable_reg_1[0]        |              102 |            300 |         2.94 |
|  clk_gen/inst/clk_out1 | rv32im72f_8sp/id_exr_register/E[0]                            | rv32im72f_8sp/ex_ex2_register/ID_branch_estimation0_out      |              109 |            353 |         3.24 |
+------------------------+---------------------------------------------------------------+--------------------------------------------------------------+------------------+----------------+--------------+


