Copyright 1986-2022 Xilinx, Inc. All Rights Reserved. Copyright 2022-2025 Advanced Micro Devices, Inc. All Rights Reserved.
---------------------------------------------------------------------------------------------------------------------------------------------
| Tool Version : Vivado v.2025.2 (lin64) Build 6299465 Fri Nov 14 12:34:56 MST 2025
| Date         : Wed Feb 25 18:39:44 2026
| Host         : khwl-ThinkPad-X1-Carbon-Gen-13 running 64-bit Ubuntu 24.04.3 LTS
| Command      : report_control_sets -verbose -file RV64IM72F5SPSoCTOP_control_sets_placed.rpt
| Design       : RV64IM72F5SPSoCTOP
| Device       : xc7a200t
---------------------------------------------------------------------------------------------------------------------------------------------

Control Set Information

Table of Contents
-----------------
1. Summary
2. Histogram
3. Flip-Flop Distribution
4. Detailed Control Set Information

1. Summary
----------

+----------------------------------------------------------+-------+
|                          Status                          | Count |
+----------------------------------------------------------+-------+
| Total control sets                                       |    42 |
|    Minimum number of control sets                        |    42 |
|    Addition due to synthesis replication                 |     0 |
|    Addition due to physical synthesis replication        |     0 |
| Unused register locations in slices containing registers |   139 |
+----------------------------------------------------------+-------+
* Control sets can be merged at opt_design using control_set_merge or merge_equivalent_drivers
** Run report_qor_suggestions for automated merging and remapping suggestions


2. Histogram
------------

+--------------------+-------+
|       Fanout       | Count |
+--------------------+-------+
| Total control sets |    42 |
| >= 0 to < 4        |     2 |
| >= 4 to < 6        |     7 |
| >= 6 to < 8        |     0 |
| >= 8 to < 10       |     2 |
| >= 10 to < 12      |     1 |
| >= 12 to < 14      |     0 |
| >= 14 to < 16      |     0 |
| >= 16              |    30 |
+--------------------+-------+
* Control sets can be remapped at either synth_design or opt_design


3. Flip-Flop Distribution
-------------------------

+--------------+-----------------------+------------------------+-----------------+--------------+
| Clock Enable | Synchronous Set/Reset | Asynchronous Set/Reset | Total Registers | Total Slices |
+--------------+-----------------------+------------------------+-----------------+--------------+
| No           | No                    | No                     |               5 |            3 |
| No           | No                    | Yes                    |              50 |           27 |
| No           | Yes                   | No                     |               0 |            0 |
| Yes          | No                    | No                     |              21 |            8 |
| Yes          | No                    | Yes                    |            1735 |          626 |
| Yes          | Yes                   | No                     |            2162 |          824 |
+--------------+-----------------------+------------------------+-----------------+--------------+


4. Detailed Control Set Information
-----------------------------------

+------------------------+------------------------------------------------------------------+---------------------------------------------------------------+------------------+----------------+--------------+
|      Clock Signal      |                           Enable Signal                          |                        Set/Reset Signal                       | Slice Load Count | Bel Load Count | Bels / Slice |
+------------------------+------------------------------------------------------------------+---------------------------------------------------------------+------------------+----------------+--------------+
|  clk_gen/inst/clk_out1 | uart_tx/tx_i_1_n_0                                               | internal_reset                                                |                1 |              1 |         1.00 |
|  clk_gen/inst/clk_out1 |                                                                  | reset                                                         |                2 |              3 |         1.50 |
|  clk_gen/inst/clk_out1 | uart_tx/bit_counter[3]_i_1__1_n_0                                | internal_reset                                                |                2 |              4 |         2.00 |
|  clk_gen/inst/clk_out1 | rv64im72f_6sp/alu/multiplier_word/FSM_onehot_stage[3]_i_1__0_n_0 | internal_reset                                                |                1 |              4 |         4.00 |
|  clk_gen/inst/clk_out1 | rv64im72f_6sp/alu/multiplier_dword/FSM_onehot_stage[3]_i_1_n_0   | internal_reset                                                |                1 |              4 |         4.00 |
|  clk_gen/inst/clk_out1 | rv64im72f_6sp/alu/divider_dword/FSM_onehot_state[3]_i_1__0_n_0   | internal_reset                                                |                2 |              4 |         2.00 |
|  clk_gen/inst/clk_out1 | rv64im72f_6sp/alu/divider_word/FSM_onehot_state[3]_i_1_n_0       | internal_reset                                                |                3 |              4 |         1.33 |
|  clk_gen/inst/clk_out1 | cpu_clk_enable                                                   | rv64im72f_6sp/alu/divider_word/EX2_register_write_enable0_out |                2 |              5 |         2.50 |
|  clk_gen/inst/clk_out1 |                                                                  |                                                               |                3 |              5 |         1.67 |
|  clk_gen/inst/clk_out1 | uart_tx/shift_reg[8]_i_1_n_0                                     | internal_reset                                                |                4 |              9 |         2.25 |
|  clk_gen/inst/clk_out1 | cpu_clk_enable                                                   | rv64im72f_6sp/ex_ex2_register/cpu_clk_enable_reg              |                4 |              9 |         2.25 |
|  clk_gen/inst/clk_out1 | mmio_interface/E[0]                                              | internal_reset                                                |                5 |             10 |         2.00 |
|  clk_gen/inst/clk_out1 | cpu_clk_enable                                                   |                                                               |                8 |             21 |         2.62 |
|  clk_gen/inst/clk_out1 | rv64im72f_6sp/id_ex_register/cpu_clk_enable_reg_0[0]             | internal_reset                                                |               17 |             34 |         2.00 |
|  clk_gen/inst/clk_out1 | rv64im72f_6sp/alu/divider_word/quotient_sign4_out                | internal_reset                                                |               11 |             34 |         3.09 |
|  clk_gen/inst/clk_out1 | rv64im72f_6sp/alu/multiplier_word/cpu_clk_enable_reg             | internal_reset                                                |               12 |             37 |         3.08 |
|  clk_gen/inst/clk_out1 |                                                                  | internal_reset                                                |               25 |             47 |         1.88 |
|  clk_gen/inst/clk_out1 | rv64im72f_6sp/data_memory/E[0]                                   | internal_reset                                                |               18 |             64 |         3.56 |
|  clk_gen/inst/clk_out1 | rv64im72f_6sp/exception_detector/trapped_reg_rep_2[0]            | internal_reset                                                |               20 |             64 |         3.20 |
|  clk_gen/inst/clk_out1 | rv64im72f_6sp/exception_detector/trapped_reg_rep_1[0]            | internal_reset                                                |               25 |             64 |         2.56 |
|  clk_gen/inst/clk_out1 | rv64im72f_6sp/exception_detector/cpu_clk_enable_reg[0]           | internal_reset                                                |               29 |             64 |         2.21 |
|  clk_gen/inst/clk_out1 | rv64im72f_6sp/exception_detector/E[0]                            | internal_reset                                                |               21 |             64 |         3.05 |
|  clk_gen/inst/clk_out1 | rv64im72f_6sp/alu/multiplier_word/prod_low[31]_i_1__0_n_0        | internal_reset                                                |               26 |             64 |         2.46 |
|  clk_gen/inst/clk_out1 | rv64im72f_6sp/alu/divider_word/quotient_reg[31]_i_1_n_0          | internal_reset                                                |               22 |             64 |         2.91 |
|  clk_gen/inst/clk_out1 | rv64im72f_6sp/alu/divider_word/cpu_clk_enable_reg_0              | rv64im72f_6sp/ex_ex2_register/SR[0]                           |               59 |             64 |         1.08 |
|  clk_gen/inst/clk_out1 | rv64im72f_6sp/csr_file/minstret[0]                               | internal_reset                                                |               17 |             64 |         3.76 |
|  clk_gen/inst/clk_out1 | rv64im72f_6sp/alu/divider_word/cpu_clk_enable_reg_0              | rv64im72f_6sp/exception_detector/MEM_WB_flush                 |               42 |             65 |         1.55 |
|  clk_gen/inst/clk_out1 | rv64im72f_6sp/id_ex_register/cpu_clk_enable_reg_2[0]             | internal_reset                                                |               27 |             65 |         2.41 |
|  clk_gen/inst/clk_out1 | rv64im72f_6sp/alu/divider_dword/quotient_sign4_out               | internal_reset                                                |               24 |             66 |         2.75 |
|  clk_gen/inst/clk_out1 | rv64im72f_6sp/id_ex_register/cpu_clk_enable_reg_1[0]             | internal_reset                                                |               33 |             66 |         2.00 |
|  clk_gen/inst/clk_out1 | rv64im72f_6sp/alu/divider_word/bit_counter[5]_i_1_n_0            | internal_reset                                                |               25 |             70 |         2.80 |
|  clk_gen/inst/clk_out1 | rv64im72f_6sp/alu/multiplier_dword/prod_high[63]_i_1_n_0         | internal_reset                                                |               34 |            128 |         3.76 |
|  clk_gen/inst/clk_out1 | rv64im72f_6sp/alu/divider_dword/quotient_reg[63]_i_1_n_0         | internal_reset                                                |               53 |            128 |         2.42 |
|  clk_gen/inst/clk_out1 | rv64im72f_6sp/id_ex_register/cpu_clk_enable_reg[0]               | internal_reset                                                |               36 |            129 |         3.58 |
|  clk_gen/inst/clk_out1 | rv64im72f_6sp/alu/divider_dword/bit_counter[6]_i_1_n_0           | internal_reset                                                |               50 |            135 |         2.70 |
|  clk_gen/inst/clk_out1 | rv64im72f_6sp/alu/multiplier_dword/cpu_clk_enable_reg            | internal_reset                                                |               49 |            145 |         2.96 |
|  clk_gen/inst/clk_out1 | cpu_clk_enable                                                   | internal_reset                                                |               58 |            146 |         2.52 |
|  clk_gen/inst/clk_out1 | rv64im72f_6sp/alu/divider_word/cpu_clk_enable_reg_1[0]           | rv64im72f_6sp/if_io_register/IO_pc[63]_i_1_n_0                |               34 |            160 |         4.71 |
|  clk_gen/inst/clk_out1 | rv64im72f_6sp/mem_wb_register/p_0_in2_out                        |                                                               |               22 |            176 |         8.00 |
|  clk_gen/inst/clk_out1 | rv64im72f_6sp/alu/divider_word/cpu_clk_enable_reg_0              | rv64im72f_6sp/exception_detector/SR[0]                        |              177 |            446 |         2.52 |
|  clk_gen/inst/clk_out1 | rv64im72f_6sp/alu/divider_word/cpu_clk_enable_reg[0]             | rv64im72f_6sp/ex_ex2_register/cpu_clk_enable_reg              |              200 |            609 |         3.05 |
|  clk_gen/inst/clk_out1 | rv64im72f_6sp/alu/divider_word/cpu_clk_enable_reg_0              | rv64im72f_6sp/alu/divider_word/EX2_register_write_enable0_out |              306 |            804 |         2.63 |
+------------------------+------------------------------------------------------------------+---------------------------------------------------------------+------------------+----------------+--------------+


