Copyright 1986-2022 Xilinx, Inc. All Rights Reserved. Copyright 2022-2025 Advanced Micro Devices, Inc. All Rights Reserved.
---------------------------------------------------------------------------------------------------------------------------------------------
| Tool Version : Vivado v.2025.2 (lin64) Build 6299465 Fri Nov 14 12:34:56 MST 2025
| Date         : Mon Mar  9 17:57:23 2026
| Host         : khwl-ThinkPad-X1-Carbon-Gen-13 running 64-bit Ubuntu 24.04.4 LTS
| Command      : report_drc -file RV64IM72F5SPSoCTOP_drc_opted.rpt -pb RV64IM72F5SPSoCTOP_drc_opted.pb -rpx RV64IM72F5SPSoCTOP_drc_opted.rpx
| Design       : RV64IM72F5SPSoCTOP
| Device       : xc7a200tsbg484-1
| Speed File   : -1
| Design State : Synthesized
---------------------------------------------------------------------------------------------------------------------------------------------

Report DRC

Table of Contents
-----------------
1. REPORT SUMMARY
2. REPORT DETAILS

1. REPORT SUMMARY
-----------------
            Netlist: netlist
          Floorplan: design_1
      Design limits: <entire design considered>
           Ruledeck: default
             Max checks: <unlimited>
             Checks found: 68
+-----------+----------+----------------------------+--------+
| Rule      | Severity | Description                | Checks |
+-----------+----------+----------------------------+--------+
| CHECK-3   | Warning  | Report rule limit reached  | 1      |
| DPIP-1    | Warning  | Input pipelining           | 7      |
| DPOP-1    | Warning  | PREG Output pipelining     | 2      |
| DPOP-2    | Warning  | MREG Output pipelining     | 4      |
| DPOR-1    | Warning  | Asynchronous load check    | 34     |
| REQP-1839 | Warning  | RAMB36 async control check | 20     |
+-----------+----------+----------------------------+--------+

2. REPORT DETAILS
-----------------
CHECK-3#1 Warning
Report rule limit reached  
REQP-1839 rule limit reached: 20 violations have been found.
Related violations: <none>

DPIP-1#1 Warning
Input pipelining  
DSP rv32im72f_7sp/alu/multiplier_word/mult_result input rv32im72f_7sp/alu/multiplier_word/mult_result/A[29:0] is not pipelined. Pipelining DSP48 input will improve performance.
Related violations: <none>

DPIP-1#2 Warning
Input pipelining  
DSP rv32im72f_7sp/alu/multiplier_word/mult_result input rv32im72f_7sp/alu/multiplier_word/mult_result/B[17:0] is not pipelined. Pipelining DSP48 input will improve performance.
Related violations: <none>

DPIP-1#3 Warning
Input pipelining  
DSP rv32im72f_7sp/alu/multiplier_word/mult_result__0 input rv32im72f_7sp/alu/multiplier_word/mult_result__0/A[29:0] is not pipelined. Pipelining DSP48 input will improve performance.
Related violations: <none>

DPIP-1#4 Warning
Input pipelining  
DSP rv32im72f_7sp/alu/multiplier_word/mult_result__0 input rv32im72f_7sp/alu/multiplier_word/mult_result__0/B[17:0] is not pipelined. Pipelining DSP48 input will improve performance.
Related violations: <none>

DPIP-1#5 Warning
Input pipelining  
DSP rv32im72f_7sp/alu/multiplier_word/mult_result__1 input rv32im72f_7sp/alu/multiplier_word/mult_result__1/A[29:0] is not pipelined. Pipelining DSP48 input will improve performance.
Related violations: <none>

DPIP-1#6 Warning
Input pipelining  
DSP rv32im72f_7sp/alu/multiplier_word/mult_result__1 input rv32im72f_7sp/alu/multiplier_word/mult_result__1/B[17:0] is not pipelined. Pipelining DSP48 input will improve performance.
Related violations: <none>

DPIP-1#7 Warning
Input pipelining  
DSP rv32im72f_7sp/alu/multiplier_word/mult_result__2 input rv32im72f_7sp/alu/multiplier_word/mult_result__2/B[17:0] is not pipelined. Pipelining DSP48 input will improve performance.
Related violations: <none>

DPOP-1#1 Warning
PREG Output pipelining  
DSP rv32im72f_7sp/alu/multiplier_word/mult_result output rv32im72f_7sp/alu/multiplier_word/mult_result/P[47:0] is not pipelined (PREG=0). Pipelining the DSP48 output will improve performance and often saves power so it is suggested whenever possible to fully pipeline this function.  If this DSP48 function was inferred, it is suggested to describe an additional register stage after this function.  If the DSP48 was instantiated in the design, it is suggested to set the PREG attribute to 1.
Related violations: <none>

DPOP-1#2 Warning
PREG Output pipelining  
DSP rv32im72f_7sp/alu/multiplier_word/mult_result__1 output rv32im72f_7sp/alu/multiplier_word/mult_result__1/P[47:0] is not pipelined (PREG=0). Pipelining the DSP48 output will improve performance and often saves power so it is suggested whenever possible to fully pipeline this function.  If this DSP48 function was inferred, it is suggested to describe an additional register stage after this function.  If the DSP48 was instantiated in the design, it is suggested to set the PREG attribute to 1.
Related violations: <none>

DPOP-2#1 Warning
MREG Output pipelining  
DSP rv32im72f_7sp/alu/multiplier_word/mult_result multiplier stage rv32im72f_7sp/alu/multiplier_word/mult_result/P[47:0] is not pipelined (MREG=0). Pipelining the multiplier function will improve performance and will save significant power so it is suggested whenever possible to fully pipeline this function.  If this multiplier was inferred, it is suggested to describe an additional register stage after this function.  If there is no registered adder/accumulator following the multiply function, two pipeline stages are suggested to allow both the MREG and PREG registers to be used.  If the DSP48 was instantiated in the design, it is suggested to set both the MREG and PREG attributes to 1 when performing multiply functions.
Related violations: <none>

DPOP-2#2 Warning
MREG Output pipelining  
DSP rv32im72f_7sp/alu/multiplier_word/mult_result__0 multiplier stage rv32im72f_7sp/alu/multiplier_word/mult_result__0/P[47:0] is not pipelined (MREG=0). Pipelining the multiplier function will improve performance and will save significant power so it is suggested whenever possible to fully pipeline this function.  If this multiplier was inferred, it is suggested to describe an additional register stage after this function.  If there is no registered adder/accumulator following the multiply function, two pipeline stages are suggested to allow both the MREG and PREG registers to be used.  If the DSP48 was instantiated in the design, it is suggested to set both the MREG and PREG attributes to 1 when performing multiply functions.
Related violations: <none>

DPOP-2#3 Warning
MREG Output pipelining  
DSP rv32im72f_7sp/alu/multiplier_word/mult_result__1 multiplier stage rv32im72f_7sp/alu/multiplier_word/mult_result__1/P[47:0] is not pipelined (MREG=0). Pipelining the multiplier function will improve performance and will save significant power so it is suggested whenever possible to fully pipeline this function.  If this multiplier was inferred, it is suggested to describe an additional register stage after this function.  If there is no registered adder/accumulator following the multiply function, two pipeline stages are suggested to allow both the MREG and PREG registers to be used.  If the DSP48 was instantiated in the design, it is suggested to set both the MREG and PREG attributes to 1 when performing multiply functions.
Related violations: <none>

DPOP-2#4 Warning
MREG Output pipelining  
DSP rv32im72f_7sp/alu/multiplier_word/mult_result__2 multiplier stage rv32im72f_7sp/alu/multiplier_word/mult_result__2/P[47:0] is not pipelined (MREG=0). Pipelining the multiplier function will improve performance and will save significant power so it is suggested whenever possible to fully pipeline this function.  If this multiplier was inferred, it is suggested to describe an additional register stage after this function.  If there is no registered adder/accumulator following the multiply function, two pipeline stages are suggested to allow both the MREG and PREG registers to be used.  If the DSP48 was instantiated in the design, it is suggested to set both the MREG and PREG attributes to 1 when performing multiply functions.
Related violations: <none>

DPOR-1#1 Warning
Asynchronous load check  
DSP rv32im72f_7sp/alu/multiplier_word/mult_result output is connected to registers with an asynchronous reset (rv32im72f_7sp/alu/multiplier_word/prod_unsigned_s2_reg[0]). This is preventing the possibility of merging these registers in to the DSP Block since the DSP block registers only possess synchronous reset capability.  It is suggested to recode or change these registers to remove the reset or use a synchronous reset to get the best optimization for performance, power and area.
Related violations: <none>

DPOR-1#2 Warning
Asynchronous load check  
DSP rv32im72f_7sp/alu/multiplier_word/mult_result output is connected to registers with an asynchronous reset (rv32im72f_7sp/alu/multiplier_word/prod_unsigned_s2_reg[10]). This is preventing the possibility of merging these registers in to the DSP Block since the DSP block registers only possess synchronous reset capability.  It is suggested to recode or change these registers to remove the reset or use a synchronous reset to get the best optimization for performance, power and area.
Related violations: <none>

DPOR-1#3 Warning
Asynchronous load check  
DSP rv32im72f_7sp/alu/multiplier_word/mult_result output is connected to registers with an asynchronous reset (rv32im72f_7sp/alu/multiplier_word/prod_unsigned_s2_reg[11]). This is preventing the possibility of merging these registers in to the DSP Block since the DSP block registers only possess synchronous reset capability.  It is suggested to recode or change these registers to remove the reset or use a synchronous reset to get the best optimization for performance, power and area.
Related violations: <none>

DPOR-1#4 Warning
Asynchronous load check  
DSP rv32im72f_7sp/alu/multiplier_word/mult_result output is connected to registers with an asynchronous reset (rv32im72f_7sp/alu/multiplier_word/prod_unsigned_s2_reg[12]). This is preventing the possibility of merging these registers in to the DSP Block since the DSP block registers only possess synchronous reset capability.  It is suggested to recode or change these registers to remove the reset or use a synchronous reset to get the best optimization for performance, power and area.
Related violations: <none>

DPOR-1#5 Warning
Asynchronous load check  
DSP rv32im72f_7sp/alu/multiplier_word/mult_result output is connected to registers with an asynchronous reset (rv32im72f_7sp/alu/multiplier_word/prod_unsigned_s2_reg[13]). This is preventing the possibility of merging these registers in to the DSP Block since the DSP block registers only possess synchronous reset capability.  It is suggested to recode or change these registers to remove the reset or use a synchronous reset to get the best optimization for performance, power and area.
Related violations: <none>

DPOR-1#6 Warning
Asynchronous load check  
DSP rv32im72f_7sp/alu/multiplier_word/mult_result output is connected to registers with an asynchronous reset (rv32im72f_7sp/alu/multiplier_word/prod_unsigned_s2_reg[14]). This is preventing the possibility of merging these registers in to the DSP Block since the DSP block registers only possess synchronous reset capability.  It is suggested to recode or change these registers to remove the reset or use a synchronous reset to get the best optimization for performance, power and area.
Related violations: <none>

DPOR-1#7 Warning
Asynchronous load check  
DSP rv32im72f_7sp/alu/multiplier_word/mult_result output is connected to registers with an asynchronous reset (rv32im72f_7sp/alu/multiplier_word/prod_unsigned_s2_reg[15]). This is preventing the possibility of merging these registers in to the DSP Block since the DSP block registers only possess synchronous reset capability.  It is suggested to recode or change these registers to remove the reset or use a synchronous reset to get the best optimization for performance, power and area.
Related violations: <none>

DPOR-1#8 Warning
Asynchronous load check  
DSP rv32im72f_7sp/alu/multiplier_word/mult_result output is connected to registers with an asynchronous reset (rv32im72f_7sp/alu/multiplier_word/prod_unsigned_s2_reg[16]). This is preventing the possibility of merging these registers in to the DSP Block since the DSP block registers only possess synchronous reset capability.  It is suggested to recode or change these registers to remove the reset or use a synchronous reset to get the best optimization for performance, power and area.
Related violations: <none>

DPOR-1#9 Warning
Asynchronous load check  
DSP rv32im72f_7sp/alu/multiplier_word/mult_result output is connected to registers with an asynchronous reset (rv32im72f_7sp/alu/multiplier_word/prod_unsigned_s2_reg[1]). This is preventing the possibility of merging these registers in to the DSP Block since the DSP block registers only possess synchronous reset capability.  It is suggested to recode or change these registers to remove the reset or use a synchronous reset to get the best optimization for performance, power and area.
Related violations: <none>

DPOR-1#10 Warning
Asynchronous load check  
DSP rv32im72f_7sp/alu/multiplier_word/mult_result output is connected to registers with an asynchronous reset (rv32im72f_7sp/alu/multiplier_word/prod_unsigned_s2_reg[2]). This is preventing the possibility of merging these registers in to the DSP Block since the DSP block registers only possess synchronous reset capability.  It is suggested to recode or change these registers to remove the reset or use a synchronous reset to get the best optimization for performance, power and area.
Related violations: <none>

DPOR-1#11 Warning
Asynchronous load check  
DSP rv32im72f_7sp/alu/multiplier_word/mult_result output is connected to registers with an asynchronous reset (rv32im72f_7sp/alu/multiplier_word/prod_unsigned_s2_reg[3]). This is preventing the possibility of merging these registers in to the DSP Block since the DSP block registers only possess synchronous reset capability.  It is suggested to recode or change these registers to remove the reset or use a synchronous reset to get the best optimization for performance, power and area.
Related violations: <none>

DPOR-1#12 Warning
Asynchronous load check  
DSP rv32im72f_7sp/alu/multiplier_word/mult_result output is connected to registers with an asynchronous reset (rv32im72f_7sp/alu/multiplier_word/prod_unsigned_s2_reg[4]). This is preventing the possibility of merging these registers in to the DSP Block since the DSP block registers only possess synchronous reset capability.  It is suggested to recode or change these registers to remove the reset or use a synchronous reset to get the best optimization for performance, power and area.
Related violations: <none>

DPOR-1#13 Warning
Asynchronous load check  
DSP rv32im72f_7sp/alu/multiplier_word/mult_result output is connected to registers with an asynchronous reset (rv32im72f_7sp/alu/multiplier_word/prod_unsigned_s2_reg[5]). This is preventing the possibility of merging these registers in to the DSP Block since the DSP block registers only possess synchronous reset capability.  It is suggested to recode or change these registers to remove the reset or use a synchronous reset to get the best optimization for performance, power and area.
Related violations: <none>

DPOR-1#14 Warning
Asynchronous load check  
DSP rv32im72f_7sp/alu/multiplier_word/mult_result output is connected to registers with an asynchronous reset (rv32im72f_7sp/alu/multiplier_word/prod_unsigned_s2_reg[6]). This is preventing the possibility of merging these registers in to the DSP Block since the DSP block registers only possess synchronous reset capability.  It is suggested to recode or change these registers to remove the reset or use a synchronous reset to get the best optimization for performance, power and area.
Related violations: <none>

DPOR-1#15 Warning
Asynchronous load check  
DSP rv32im72f_7sp/alu/multiplier_word/mult_result output is connected to registers with an asynchronous reset (rv32im72f_7sp/alu/multiplier_word/prod_unsigned_s2_reg[7]). This is preventing the possibility of merging these registers in to the DSP Block since the DSP block registers only possess synchronous reset capability.  It is suggested to recode or change these registers to remove the reset or use a synchronous reset to get the best optimization for performance, power and area.
Related violations: <none>

DPOR-1#16 Warning
Asynchronous load check  
DSP rv32im72f_7sp/alu/multiplier_word/mult_result output is connected to registers with an asynchronous reset (rv32im72f_7sp/alu/multiplier_word/prod_unsigned_s2_reg[8]). This is preventing the possibility of merging these registers in to the DSP Block since the DSP block registers only possess synchronous reset capability.  It is suggested to recode or change these registers to remove the reset or use a synchronous reset to get the best optimization for performance, power and area.
Related violations: <none>

DPOR-1#17 Warning
Asynchronous load check  
DSP rv32im72f_7sp/alu/multiplier_word/mult_result output is connected to registers with an asynchronous reset (rv32im72f_7sp/alu/multiplier_word/prod_unsigned_s2_reg[9]). This is preventing the possibility of merging these registers in to the DSP Block since the DSP block registers only possess synchronous reset capability.  It is suggested to recode or change these registers to remove the reset or use a synchronous reset to get the best optimization for performance, power and area.
Related violations: <none>

DPOR-1#18 Warning
Asynchronous load check  
DSP rv32im72f_7sp/alu/multiplier_word/mult_result__1 output is connected to registers with an asynchronous reset (rv32im72f_7sp/alu/multiplier_word/prod_unsigned_s2_reg[0]__1). This is preventing the possibility of merging these registers in to the DSP Block since the DSP block registers only possess synchronous reset capability.  It is suggested to recode or change these registers to remove the reset or use a synchronous reset to get the best optimization for performance, power and area.
Related violations: <none>

DPOR-1#19 Warning
Asynchronous load check  
DSP rv32im72f_7sp/alu/multiplier_word/mult_result__1 output is connected to registers with an asynchronous reset (rv32im72f_7sp/alu/multiplier_word/prod_unsigned_s2_reg[10]__1). This is preventing the possibility of merging these registers in to the DSP Block since the DSP block registers only possess synchronous reset capability.  It is suggested to recode or change these registers to remove the reset or use a synchronous reset to get the best optimization for performance, power and area.
Related violations: <none>

DPOR-1#20 Warning
Asynchronous load check  
DSP rv32im72f_7sp/alu/multiplier_word/mult_result__1 output is connected to registers with an asynchronous reset (rv32im72f_7sp/alu/multiplier_word/prod_unsigned_s2_reg[11]__1). This is preventing the possibility of merging these registers in to the DSP Block since the DSP block registers only possess synchronous reset capability.  It is suggested to recode or change these registers to remove the reset or use a synchronous reset to get the best optimization for performance, power and area.
Related violations: <none>

DPOR-1#21 Warning
Asynchronous load check  
DSP rv32im72f_7sp/alu/multiplier_word/mult_result__1 output is connected to registers with an asynchronous reset (rv32im72f_7sp/alu/multiplier_word/prod_unsigned_s2_reg[12]__1). This is preventing the possibility of merging these registers in to the DSP Block since the DSP block registers only possess synchronous reset capability.  It is suggested to recode or change these registers to remove the reset or use a synchronous reset to get the best optimization for performance, power and area.
Related violations: <none>

DPOR-1#22 Warning
Asynchronous load check  
DSP rv32im72f_7sp/alu/multiplier_word/mult_result__1 output is connected to registers with an asynchronous reset (rv32im72f_7sp/alu/multiplier_word/prod_unsigned_s2_reg[13]__1). This is preventing the possibility of merging these registers in to the DSP Block since the DSP block registers only possess synchronous reset capability.  It is suggested to recode or change these registers to remove the reset or use a synchronous reset to get the best optimization for performance, power and area.
Related violations: <none>

DPOR-1#23 Warning
Asynchronous load check  
DSP rv32im72f_7sp/alu/multiplier_word/mult_result__1 output is connected to registers with an asynchronous reset (rv32im72f_7sp/alu/multiplier_word/prod_unsigned_s2_reg[14]__1). This is preventing the possibility of merging these registers in to the DSP Block since the DSP block registers only possess synchronous reset capability.  It is suggested to recode or change these registers to remove the reset or use a synchronous reset to get the best optimization for performance, power and area.
Related violations: <none>

DPOR-1#24 Warning
Asynchronous load check  
DSP rv32im72f_7sp/alu/multiplier_word/mult_result__1 output is connected to registers with an asynchronous reset (rv32im72f_7sp/alu/multiplier_word/prod_unsigned_s2_reg[15]__1). This is preventing the possibility of merging these registers in to the DSP Block since the DSP block registers only possess synchronous reset capability.  It is suggested to recode or change these registers to remove the reset or use a synchronous reset to get the best optimization for performance, power and area.
Related violations: <none>

DPOR-1#25 Warning
Asynchronous load check  
DSP rv32im72f_7sp/alu/multiplier_word/mult_result__1 output is connected to registers with an asynchronous reset (rv32im72f_7sp/alu/multiplier_word/prod_unsigned_s2_reg[16]__1). This is preventing the possibility of merging these registers in to the DSP Block since the DSP block registers only possess synchronous reset capability.  It is suggested to recode or change these registers to remove the reset or use a synchronous reset to get the best optimization for performance, power and area.
Related violations: <none>

DPOR-1#26 Warning
Asynchronous load check  
DSP rv32im72f_7sp/alu/multiplier_word/mult_result__1 output is connected to registers with an asynchronous reset (rv32im72f_7sp/alu/multiplier_word/prod_unsigned_s2_reg[1]__1). This is preventing the possibility of merging these registers in to the DSP Block since the DSP block registers only possess synchronous reset capability.  It is suggested to recode or change these registers to remove the reset or use a synchronous reset to get the best optimization for performance, power and area.
Related violations: <none>

DPOR-1#27 Warning
Asynchronous load check  
DSP rv32im72f_7sp/alu/multiplier_word/mult_result__1 output is connected to registers with an asynchronous reset (rv32im72f_7sp/alu/multiplier_word/prod_unsigned_s2_reg[2]__1). This is preventing the possibility of merging these registers in to the DSP Block since the DSP block registers only possess synchronous reset capability.  It is suggested to recode or change these registers to remove the reset or use a synchronous reset to get the best optimization for performance, power and area.
Related violations: <none>

DPOR-1#28 Warning
Asynchronous load check  
DSP rv32im72f_7sp/alu/multiplier_word/mult_result__1 output is connected to registers with an asynchronous reset (rv32im72f_7sp/alu/multiplier_word/prod_unsigned_s2_reg[3]__1). This is preventing the possibility of merging these registers in to the DSP Block since the DSP block registers only possess synchronous reset capability.  It is suggested to recode or change these registers to remove the reset or use a synchronous reset to get the best optimization for performance, power and area.
Related violations: <none>

DPOR-1#29 Warning
Asynchronous load check  
DSP rv32im72f_7sp/alu/multiplier_word/mult_result__1 output is connected to registers with an asynchronous reset (rv32im72f_7sp/alu/multiplier_word/prod_unsigned_s2_reg[4]__1). This is preventing the possibility of merging these registers in to the DSP Block since the DSP block registers only possess synchronous reset capability.  It is suggested to recode or change these registers to remove the reset or use a synchronous reset to get the best optimization for performance, power and area.
Related violations: <none>

DPOR-1#30 Warning
Asynchronous load check  
DSP rv32im72f_7sp/alu/multiplier_word/mult_result__1 output is connected to registers with an asynchronous reset (rv32im72f_7sp/alu/multiplier_word/prod_unsigned_s2_reg[5]__1). This is preventing the possibility of merging these registers in to the DSP Block since the DSP block registers only possess synchronous reset capability.  It is suggested to recode or change these registers to remove the reset or use a synchronous reset to get the best optimization for performance, power and area.
Related violations: <none>

DPOR-1#31 Warning
Asynchronous load check  
DSP rv32im72f_7sp/alu/multiplier_word/mult_result__1 output is connected to registers with an asynchronous reset (rv32im72f_7sp/alu/multiplier_word/prod_unsigned_s2_reg[6]__1). This is preventing the possibility of merging these registers in to the DSP Block since the DSP block registers only possess synchronous reset capability.  It is suggested to recode or change these registers to remove the reset or use a synchronous reset to get the best optimization for performance, power and area.
Related violations: <none>

DPOR-1#32 Warning
Asynchronous load check  
DSP rv32im72f_7sp/alu/multiplier_word/mult_result__1 output is connected to registers with an asynchronous reset (rv32im72f_7sp/alu/multiplier_word/prod_unsigned_s2_reg[7]__1). This is preventing the possibility of merging these registers in to the DSP Block since the DSP block registers only possess synchronous reset capability.  It is suggested to recode or change these registers to remove the reset or use a synchronous reset to get the best optimization for performance, power and area.
Related violations: <none>

DPOR-1#33 Warning
Asynchronous load check  
DSP rv32im72f_7sp/alu/multiplier_word/mult_result__1 output is connected to registers with an asynchronous reset (rv32im72f_7sp/alu/multiplier_word/prod_unsigned_s2_reg[8]__1). This is preventing the possibility of merging these registers in to the DSP Block since the DSP block registers only possess synchronous reset capability.  It is suggested to recode or change these registers to remove the reset or use a synchronous reset to get the best optimization for performance, power and area.
Related violations: <none>

DPOR-1#34 Warning
Asynchronous load check  
DSP rv32im72f_7sp/alu/multiplier_word/mult_result__1 output is connected to registers with an asynchronous reset (rv32im72f_7sp/alu/multiplier_word/prod_unsigned_s2_reg[9]__1). This is preventing the possibility of merging these registers in to the DSP Block since the DSP block registers only possess synchronous reset capability.  It is suggested to recode or change these registers to remove the reset or use a synchronous reset to get the best optimization for performance, power and area.
Related violations: <none>

REQP-1839#1 Warning
RAMB36 async control check  
The RAMB36E1 rv32im72f_7sp/instruction_memory/instruction_reg_0 has an input control pin rv32im72f_7sp/instruction_memory/instruction_reg_0/ADDRARDADDR[10] (net: rv32im72f_7sp/instruction_memory/Q[8]) which is driven by a register (rv32im72f_7sp/program_counter/pc_reg[10]) that has an active asychronous set or reset. This may cause corruption of the memory contents and/or read values when the set/reset is asserted and is not analyzed by the default static timing analysis. It is suggested to eliminate the use of a set/reset to registers driving this RAMB pin or else use a synchronous reset in which the assertion of the reset is timed by default.
Related violations: <none>

REQP-1839#2 Warning
RAMB36 async control check  
The RAMB36E1 rv32im72f_7sp/instruction_memory/instruction_reg_0 has an input control pin rv32im72f_7sp/instruction_memory/instruction_reg_0/ADDRARDADDR[11] (net: rv32im72f_7sp/instruction_memory/Q[9]) which is driven by a register (rv32im72f_7sp/program_counter/pc_reg[11]) that has an active asychronous set or reset. This may cause corruption of the memory contents and/or read values when the set/reset is asserted and is not analyzed by the default static timing analysis. It is suggested to eliminate the use of a set/reset to registers driving this RAMB pin or else use a synchronous reset in which the assertion of the reset is timed by default.
Related violations: <none>

REQP-1839#3 Warning
RAMB36 async control check  
The RAMB36E1 rv32im72f_7sp/instruction_memory/instruction_reg_0 has an input control pin rv32im72f_7sp/instruction_memory/instruction_reg_0/ADDRARDADDR[12] (net: rv32im72f_7sp/instruction_memory/Q[10]) which is driven by a register (rv32im72f_7sp/program_counter/pc_reg[12]) that has an active asychronous set or reset. This may cause corruption of the memory contents and/or read values when the set/reset is asserted and is not analyzed by the default static timing analysis. It is suggested to eliminate the use of a set/reset to registers driving this RAMB pin or else use a synchronous reset in which the assertion of the reset is timed by default.
Related violations: <none>

REQP-1839#4 Warning
RAMB36 async control check  
The RAMB36E1 rv32im72f_7sp/instruction_memory/instruction_reg_0 has an input control pin rv32im72f_7sp/instruction_memory/instruction_reg_0/ADDRARDADDR[13] (net: rv32im72f_7sp/instruction_memory/Q[11]) which is driven by a register (rv32im72f_7sp/program_counter/pc_reg[13]) that has an active asychronous set or reset. This may cause corruption of the memory contents and/or read values when the set/reset is asserted and is not analyzed by the default static timing analysis. It is suggested to eliminate the use of a set/reset to registers driving this RAMB pin or else use a synchronous reset in which the assertion of the reset is timed by default.
Related violations: <none>

REQP-1839#5 Warning
RAMB36 async control check  
The RAMB36E1 rv32im72f_7sp/instruction_memory/instruction_reg_0 has an input control pin rv32im72f_7sp/instruction_memory/instruction_reg_0/ADDRARDADDR[14] (net: rv32im72f_7sp/instruction_memory/Q[12]) which is driven by a register (rv32im72f_7sp/program_counter/pc_reg[14]) that has an active asychronous set or reset. This may cause corruption of the memory contents and/or read values when the set/reset is asserted and is not analyzed by the default static timing analysis. It is suggested to eliminate the use of a set/reset to registers driving this RAMB pin or else use a synchronous reset in which the assertion of the reset is timed by default.
Related violations: <none>

REQP-1839#6 Warning
RAMB36 async control check  
The RAMB36E1 rv32im72f_7sp/instruction_memory/instruction_reg_0 has an input control pin rv32im72f_7sp/instruction_memory/instruction_reg_0/ADDRARDADDR[2] (net: rv32im72f_7sp/instruction_memory/Q[0]) which is driven by a register (rv32im72f_7sp/program_counter/pc_reg[2]) that has an active asychronous set or reset. This may cause corruption of the memory contents and/or read values when the set/reset is asserted and is not analyzed by the default static timing analysis. It is suggested to eliminate the use of a set/reset to registers driving this RAMB pin or else use a synchronous reset in which the assertion of the reset is timed by default.
Related violations: <none>

REQP-1839#7 Warning
RAMB36 async control check  
The RAMB36E1 rv32im72f_7sp/instruction_memory/instruction_reg_0 has an input control pin rv32im72f_7sp/instruction_memory/instruction_reg_0/ADDRARDADDR[3] (net: rv32im72f_7sp/instruction_memory/Q[1]) which is driven by a register (rv32im72f_7sp/program_counter/pc_reg[3]) that has an active asychronous set or reset. This may cause corruption of the memory contents and/or read values when the set/reset is asserted and is not analyzed by the default static timing analysis. It is suggested to eliminate the use of a set/reset to registers driving this RAMB pin or else use a synchronous reset in which the assertion of the reset is timed by default.
Related violations: <none>

REQP-1839#8 Warning
RAMB36 async control check  
The RAMB36E1 rv32im72f_7sp/instruction_memory/instruction_reg_0 has an input control pin rv32im72f_7sp/instruction_memory/instruction_reg_0/ADDRARDADDR[4] (net: rv32im72f_7sp/instruction_memory/Q[2]) which is driven by a register (rv32im72f_7sp/program_counter/pc_reg[4]) that has an active asychronous set or reset. This may cause corruption of the memory contents and/or read values when the set/reset is asserted and is not analyzed by the default static timing analysis. It is suggested to eliminate the use of a set/reset to registers driving this RAMB pin or else use a synchronous reset in which the assertion of the reset is timed by default.
Related violations: <none>

REQP-1839#9 Warning
RAMB36 async control check  
The RAMB36E1 rv32im72f_7sp/instruction_memory/instruction_reg_0 has an input control pin rv32im72f_7sp/instruction_memory/instruction_reg_0/ADDRARDADDR[5] (net: rv32im72f_7sp/instruction_memory/Q[3]) which is driven by a register (rv32im72f_7sp/program_counter/pc_reg[5]) that has an active asychronous set or reset. This may cause corruption of the memory contents and/or read values when the set/reset is asserted and is not analyzed by the default static timing analysis. It is suggested to eliminate the use of a set/reset to registers driving this RAMB pin or else use a synchronous reset in which the assertion of the reset is timed by default.
Related violations: <none>

REQP-1839#10 Warning
RAMB36 async control check  
The RAMB36E1 rv32im72f_7sp/instruction_memory/instruction_reg_0 has an input control pin rv32im72f_7sp/instruction_memory/instruction_reg_0/ADDRARDADDR[6] (net: rv32im72f_7sp/instruction_memory/Q[4]) which is driven by a register (rv32im72f_7sp/program_counter/pc_reg[6]) that has an active asychronous set or reset. This may cause corruption of the memory contents and/or read values when the set/reset is asserted and is not analyzed by the default static timing analysis. It is suggested to eliminate the use of a set/reset to registers driving this RAMB pin or else use a synchronous reset in which the assertion of the reset is timed by default.
Related violations: <none>

REQP-1839#11 Warning
RAMB36 async control check  
The RAMB36E1 rv32im72f_7sp/instruction_memory/instruction_reg_0 has an input control pin rv32im72f_7sp/instruction_memory/instruction_reg_0/ADDRARDADDR[7] (net: rv32im72f_7sp/instruction_memory/Q[5]) which is driven by a register (rv32im72f_7sp/program_counter/pc_reg[7]) that has an active asychronous set or reset. This may cause corruption of the memory contents and/or read values when the set/reset is asserted and is not analyzed by the default static timing analysis. It is suggested to eliminate the use of a set/reset to registers driving this RAMB pin or else use a synchronous reset in which the assertion of the reset is timed by default.
Related violations: <none>

REQP-1839#12 Warning
RAMB36 async control check  
The RAMB36E1 rv32im72f_7sp/instruction_memory/instruction_reg_0 has an input control pin rv32im72f_7sp/instruction_memory/instruction_reg_0/ADDRARDADDR[8] (net: rv32im72f_7sp/instruction_memory/Q[6]) which is driven by a register (rv32im72f_7sp/program_counter/pc_reg[8]) that has an active asychronous set or reset. This may cause corruption of the memory contents and/or read values when the set/reset is asserted and is not analyzed by the default static timing analysis. It is suggested to eliminate the use of a set/reset to registers driving this RAMB pin or else use a synchronous reset in which the assertion of the reset is timed by default.
Related violations: <none>

REQP-1839#13 Warning
RAMB36 async control check  
The RAMB36E1 rv32im72f_7sp/instruction_memory/instruction_reg_0 has an input control pin rv32im72f_7sp/instruction_memory/instruction_reg_0/ADDRARDADDR[9] (net: rv32im72f_7sp/instruction_memory/Q[7]) which is driven by a register (rv32im72f_7sp/program_counter/pc_reg[9]) that has an active asychronous set or reset. This may cause corruption of the memory contents and/or read values when the set/reset is asserted and is not analyzed by the default static timing analysis. It is suggested to eliminate the use of a set/reset to registers driving this RAMB pin or else use a synchronous reset in which the assertion of the reset is timed by default.
Related violations: <none>

REQP-1839#14 Warning
RAMB36 async control check  
The RAMB36E1 rv32im72f_7sp/instruction_memory/instruction_reg_0 has an input control pin rv32im72f_7sp/instruction_memory/instruction_reg_0/ENARDEN (net: rv32im72f_7sp/instruction_memory/instruction0) which is driven by a register (rv32im72f_7sp/alu/divider_word/busy_reg_reg) that has an active asychronous set or reset. This may cause corruption of the memory contents and/or read values when the set/reset is asserted and is not analyzed by the default static timing analysis. It is suggested to eliminate the use of a set/reset to registers driving this RAMB pin or else use a synchronous reset in which the assertion of the reset is timed by default.
Related violations: <none>

REQP-1839#15 Warning
RAMB36 async control check  
The RAMB36E1 rv32im72f_7sp/instruction_memory/instruction_reg_0 has an input control pin rv32im72f_7sp/instruction_memory/instruction_reg_0/ENARDEN (net: rv32im72f_7sp/instruction_memory/instruction0) which is driven by a register (rv32im72f_7sp/alu/divider_word/div_by_zero_flag_reg) that has an active asychronous set or reset. This may cause corruption of the memory contents and/or read values when the set/reset is asserted and is not analyzed by the default static timing analysis. It is suggested to eliminate the use of a set/reset to registers driving this RAMB pin or else use a synchronous reset in which the assertion of the reset is timed by default.
Related violations: <none>

REQP-1839#16 Warning
RAMB36 async control check  
The RAMB36E1 rv32im72f_7sp/instruction_memory/instruction_reg_0 has an input control pin rv32im72f_7sp/instruction_memory/instruction_reg_0/ENARDEN (net: rv32im72f_7sp/instruction_memory/instruction0) which is driven by a register (rv32im72f_7sp/alu/divider_word/div_overflow_flag_reg) that has an active asychronous set or reset. This may cause corruption of the memory contents and/or read values when the set/reset is asserted and is not analyzed by the default static timing analysis. It is suggested to eliminate the use of a set/reset to registers driving this RAMB pin or else use a synchronous reset in which the assertion of the reset is timed by default.
Related violations: <none>

REQP-1839#17 Warning
RAMB36 async control check  
The RAMB36E1 rv32im72f_7sp/instruction_memory/instruction_reg_0 has an input control pin rv32im72f_7sp/instruction_memory/instruction_reg_0/ENARDEN (net: rv32im72f_7sp/instruction_memory/instruction0) which is driven by a register (rv32im72f_7sp/alu/multiplier_word/mul_busy_reg) that has an active asychronous set or reset. This may cause corruption of the memory contents and/or read values when the set/reset is asserted and is not analyzed by the default static timing analysis. It is suggested to eliminate the use of a set/reset to registers driving this RAMB pin or else use a synchronous reset in which the assertion of the reset is timed by default.
Related violations: <none>

REQP-1839#18 Warning
RAMB36 async control check  
The RAMB36E1 rv32im72f_7sp/instruction_memory/instruction_reg_0 has an input control pin rv32im72f_7sp/instruction_memory/instruction_reg_0/ENARDEN (net: rv32im72f_7sp/instruction_memory/instruction0) which is driven by a register (rv32im72f_7sp/alu_controller/div_inflight_reg) that has an active asychronous set or reset. This may cause corruption of the memory contents and/or read values when the set/reset is asserted and is not analyzed by the default static timing analysis. It is suggested to eliminate the use of a set/reset to registers driving this RAMB pin or else use a synchronous reset in which the assertion of the reset is timed by default.
Related violations: <none>

REQP-1839#19 Warning
RAMB36 async control check  
The RAMB36E1 rv32im72f_7sp/instruction_memory/instruction_reg_0 has an input control pin rv32im72f_7sp/instruction_memory/instruction_reg_0/ENARDEN (net: rv32im72f_7sp/instruction_memory/instruction0) which is driven by a register (rv32im72f_7sp/alu_controller/mul_inflight_reg) that has an active asychronous set or reset. This may cause corruption of the memory contents and/or read values when the set/reset is asserted and is not analyzed by the default static timing analysis. It is suggested to eliminate the use of a set/reset to registers driving this RAMB pin or else use a synchronous reset in which the assertion of the reset is timed by default.
Related violations: <none>

REQP-1839#20 Warning
RAMB36 async control check  
The RAMB36E1 rv32im72f_7sp/instruction_memory/instruction_reg_0 has an input control pin rv32im72f_7sp/instruction_memory/instruction_reg_0/ENARDEN (net: rv32im72f_7sp/instruction_memory/instruction0) which is driven by a register (rv32im72f_7sp/csr_file/csr_processing_reg) that has an active asychronous set or reset. This may cause corruption of the memory contents and/or read values when the set/reset is asserted and is not analyzed by the default static timing analysis. It is suggested to eliminate the use of a set/reset to registers driving this RAMB pin or else use a synchronous reset in which the assertion of the reset is timed by default.
Related violations: <none>


