
*** Running vivado
    with args -log RV64IM72F5SPSoCTOP.vdi -applog -m64 -product Vivado -messageDb vivado.pb -mode batch -source RV64IM72F5SPSoCTOP.tcl -notrace


****** Vivado v2025.2 (64-bit)
  **** SW Build 6299465 on Fri Nov 14 12:34:56 MST 2025
  **** IP Build 6300035 on Fri Nov 14 10:48:45 MST 2025
  **** SharedData Build 6298862 on Thu Nov 13 04:50:51 MST 2025
  **** Start of session at: Fri Mar  6 17:58:19 2026
    ** Copyright 1986-2022 Xilinx, Inc. All Rights Reserved.
    ** Copyright 2022-2025 Advanced Micro Devices, Inc. All Rights Reserved.

source RV64IM72F5SPSoCTOP.tcl -notrace
Command: link_design -top RV64IM72F5SPSoCTOP -part xc7a200tsbg484-1
Design is defaulting to srcset: sources_1
Design is defaulting to constrset: constrs_1
INFO: [Device 21-403] Loading part xc7a200tsbg484-1
INFO: [Project 1-5699] Read binary netlist with skipMacroContent - 1
INFO: [Project 1-454] Reading design checkpoint '/home/khwl/Desktop/RV-IM100/RV32s/SoCs/RV32IM_6SP/RV64IM72F_6SP.gen/sources_1/ip/clk_wiz_0/clk_wiz_0.dcp' for cell 'clk_gen'
Netlist sorting complete. Time (s): cpu = 00:00:00.02 ; elapsed = 00:00:00.03 . Memory (MB): peak = 1802.125 ; gain = 0.000 ; free physical = 20218 ; free virtual = 35242
INFO: [Netlist 29-17] Analyzing 2920 Unisim elements for replacement
INFO: [Netlist 29-28] Unisim Transformation completed in 0 CPU seconds
INFO: [Project 1-479] Netlist was created with Vivado 2025.2
INFO: [Project 1-570] Preparing netlist for logic optimization
Parsing XDC File [/home/khwl/Desktop/RV-IM100/RV32s/SoCs/RV32IM_6SP/RV64IM72F_6SP.gen/sources_1/ip/clk_wiz_0/clk_wiz_0_board.xdc] for cell 'clk_gen/inst'
Finished Parsing XDC File [/home/khwl/Desktop/RV-IM100/RV32s/SoCs/RV32IM_6SP/RV64IM72F_6SP.gen/sources_1/ip/clk_wiz_0/clk_wiz_0_board.xdc] for cell 'clk_gen/inst'
Parsing XDC File [/home/khwl/Desktop/RV-IM100/RV32s/SoCs/RV32IM_6SP/RV64IM72F_6SP.gen/sources_1/ip/clk_wiz_0/clk_wiz_0.xdc] for cell 'clk_gen/inst'
INFO: [Timing 38-35] Done setting XDC timing constraints. [/home/khwl/Desktop/RV-IM100/RV32s/SoCs/RV32IM_6SP/RV64IM72F_6SP.gen/sources_1/ip/clk_wiz_0/clk_wiz_0.xdc:54]
INFO: [Timing 38-2] Deriving generated clocks [/home/khwl/Desktop/RV-IM100/RV32s/SoCs/RV32IM_6SP/RV64IM72F_6SP.gen/sources_1/ip/clk_wiz_0/clk_wiz_0.xdc:54]
Finished Parsing XDC File [/home/khwl/Desktop/RV-IM100/RV32s/SoCs/RV32IM_6SP/RV64IM72F_6SP.gen/sources_1/ip/clk_wiz_0/clk_wiz_0.xdc] for cell 'clk_gen/inst'
Parsing XDC File [/home/khwl/Desktop/RV-IM100/RV32s/SoCs/RV32IM_6SP/RV64IM72F_6SP.srcs/constrs_1/imports/RV64IM6SP_FPGA/RV32I46F_5SP_Debug_XDC.xdc]
Finished Parsing XDC File [/home/khwl/Desktop/RV-IM100/RV32s/SoCs/RV32IM_6SP/RV64IM72F_6SP.srcs/constrs_1/imports/RV64IM6SP_FPGA/RV32I46F_5SP_Debug_XDC.xdc]
INFO: [Opt 31-138] Pushed 0 inverter(s) to 0 load pin(s).
Netlist sorting complete. Time (s): cpu = 00:00:00 ; elapsed = 00:00:00 . Memory (MB): peak = 2507.477 ; gain = 0.000 ; free physical = 19614 ; free virtual = 34638
INFO: [Project 1-111] Unisim Transformation Summary:
  A total of 1038 instances were transformed.
  RAM256X1S => RAM256X1S (MUXF7(x2), MUXF8, RAMS64E(x4)): 1024 instances
  RAM32M => RAM32M (RAMD32(x6), RAMS32(x2)): 10 instances
  RAM32X1D => RAM32X1D (RAMD32(x2)): 4 instances

11 Infos, 0 Warnings, 0 Critical Warnings and 0 Errors encountered.
link_design completed successfully
link_design: Time (s): cpu = 00:00:06 ; elapsed = 00:00:06 . Memory (MB): peak = 2507.512 ; gain = 884.277 ; free physical = 19614 ; free virtual = 34638
Command: opt_design -directive Explore
INFO: [Vivado_Tcl 4-136] Directive used for opt_design is: Explore
Attempting to get a license for feature 'Implementation' and/or device 'xc7a200t'
INFO: [Common 17-349] Got license for feature 'Implementation' and/or device 'xc7a200t'
Running DRC as a precondition to command opt_design

Starting DRC Task
INFO: [DRC 23-27] Running DRC with 8 threads
INFO: [Project 1-461] DRC finished with 0 Errors
INFO: [Project 1-462] Please refer to the DRC report (report_drc) for more information.

Time (s): cpu = 00:00:00.61 ; elapsed = 00:00:00.23 . Memory (MB): peak = 2555.070 ; gain = 47.559 ; free physical = 19576 ; free virtual = 34600

Starting Logic Optimization Task

Phase 1 Initialization

Phase 1.1 Core Generation And Design Setup
Phase 1.1 Core Generation And Design Setup | Checksum: 13e390192

Time (s): cpu = 00:00:00.01 ; elapsed = 00:00:00.01 . Memory (MB): peak = 2823.883 ; gain = 0.000 ; free physical = 19246 ; free virtual = 34270

Phase 1.2 Setup Constraints And Sort Netlist
Phase 1.2 Setup Constraints And Sort Netlist | Checksum: 13e390192

Time (s): cpu = 00:00:00.01 ; elapsed = 00:00:00.01 . Memory (MB): peak = 2823.883 ; gain = 0.000 ; free physical = 19246 ; free virtual = 34270
Phase 1 Initialization | Checksum: 13e390192

Time (s): cpu = 00:00:00.01 ; elapsed = 00:00:00.02 . Memory (MB): peak = 2823.883 ; gain = 0.000 ; free physical = 19246 ; free virtual = 34270

Phase 2 Timer Update And Timing Data Collection

Phase 2.1 Detect if minReqCache needed
Phase 2.1 Detect if minReqCache needed | Checksum: 13e390192

Time (s): cpu = 00:00:00.02 ; elapsed = 00:00:00.02 . Memory (MB): peak = 2823.883 ; gain = 0.000 ; free physical = 19238 ; free virtual = 34262

Phase 2.2 Timer Update
INFO: [Timing 38-35] Done setting XDC timing constraints.
Phase 2.2 Timer Update | Checksum: 13e390192

Time (s): cpu = 00:00:01 ; elapsed = 00:00:00.46 . Memory (MB): peak = 2900.695 ; gain = 76.812 ; free physical = 19217 ; free virtual = 34240

Phase 2.3 Timing Data Collection
Phase 2.3 Timing Data Collection | Checksum: 13e390192

Time (s): cpu = 00:00:01 ; elapsed = 00:00:00.47 . Memory (MB): peak = 2900.695 ; gain = 76.812 ; free physical = 19214 ; free virtual = 34237
Phase 2 Timer Update And Timing Data Collection | Checksum: 13e390192

Time (s): cpu = 00:00:01 ; elapsed = 00:00:00.47 . Memory (MB): peak = 2900.695 ; gain = 76.812 ; free physical = 19214 ; free virtual = 34237

Phase 3 Retarget
INFO: [Opt 31-1851] Number of loadless carry chains removed were: 0
INFO: [Opt 31-1834] Total Chains To Be Transformed Were: 0 AND Number of Transformed insts Created are: 0
INFO: [Opt 31-1566] Pulled 31 inverters resulting in an inversion of 933 pins
INFO: [Opt 31-138] Pushed 1 inverter(s) to 1 load pin(s).
INFO: [Opt 31-49] Retargeted 0 cell(s).
Phase 3 Retarget | Checksum: 1a1116eab

Time (s): cpu = 00:00:02 ; elapsed = 00:00:00.57 . Memory (MB): peak = 2900.695 ; gain = 76.812 ; free physical = 19214 ; free virtual = 34237
Retarget | Checksum: 1a1116eab
INFO: [Opt 31-389] Phase Retarget created 0 cells and removed 63 cells
INFO: [Opt 31-1021] In phase Retarget, 1 netlist objects are constrained preventing optimization. Please run opt_design with -debug_log to get more detail. 

Phase 4 Constant propagation
INFO: [Opt 31-138] Pushed 0 inverter(s) to 0 load pin(s).
Phase 4 Constant propagation | Checksum: 1f204ebad

Time (s): cpu = 00:00:02 ; elapsed = 00:00:00.61 . Memory (MB): peak = 2900.695 ; gain = 76.812 ; free physical = 19214 ; free virtual = 34237
Constant propagation | Checksum: 1f204ebad
INFO: [Opt 31-389] Phase Constant propagation created 0 cells and removed 0 cells

Phase 5 Sweep
INFO: [Constraints 18-11670] Building netlist checker database with flags, 0x8
Done building netlist checker database: Time (s): cpu = 00:00:00 ; elapsed = 00:00:00 . Memory (MB): peak = 2900.695 ; gain = 0.000 ; free physical = 19214 ; free virtual = 34237
INFO: [Constraints 18-11670] Building netlist checker database with flags, 0x8
Done building netlist checker database: Time (s): cpu = 00:00:00.01 ; elapsed = 00:00:00 . Memory (MB): peak = 2900.695 ; gain = 0.000 ; free physical = 19214 ; free virtual = 34237
Phase 5 Sweep | Checksum: 13a976a46

Time (s): cpu = 00:00:02 ; elapsed = 00:00:00.67 . Memory (MB): peak = 2900.695 ; gain = 76.812 ; free physical = 19214 ; free virtual = 34237
Sweep | Checksum: 13a976a46
INFO: [Opt 31-389] Phase Sweep created 7 cells and removed 0 cells

Phase 6 BUFG optimization
Phase 6 BUFG optimization | Checksum: 13a976a46

Time (s): cpu = 00:00:02 ; elapsed = 00:00:00.74 . Memory (MB): peak = 2932.711 ; gain = 108.828 ; free physical = 19213 ; free virtual = 34237
BUFG optimization | Checksum: 13a976a46
INFO: [Opt 31-662] Phase BUFG optimization created 0 cells of which 0 are BUFGs and removed 0 cells.

Phase 7 Shift Register Optimization
INFO: [Opt 31-1064] SRL Remap converted 0 SRLs to 0 registers and converted 0 registers of register chains to 0 SRLs
Phase 7 Shift Register Optimization | Checksum: 13a976a46

Time (s): cpu = 00:00:02 ; elapsed = 00:00:00.75 . Memory (MB): peak = 2932.711 ; gain = 108.828 ; free physical = 19213 ; free virtual = 34237
Shift Register Optimization | Checksum: 13a976a46
INFO: [Opt 31-389] Phase Shift Register Optimization created 0 cells and removed 0 cells
INFO: [Opt 31-1555] control_set_opt supports Versal devices only, and device 7a200t is unsupported

Phase 8 Post Processing Netlist
Phase 8 Post Processing Netlist | Checksum: 208dec095

Time (s): cpu = 00:00:02 ; elapsed = 00:00:00.77 . Memory (MB): peak = 2932.711 ; gain = 108.828 ; free physical = 19213 ; free virtual = 34237
Post Processing Netlist | Checksum: 208dec095
INFO: [Opt 31-389] Phase Post Processing Netlist created 0 cells and removed 0 cells

Phase 9 Finalization

Phase 9.1 Finalizing Design Cores and Updating Shapes
Phase 9.1 Finalizing Design Cores and Updating Shapes | Checksum: 1ba02e3bc

Time (s): cpu = 00:00:02 ; elapsed = 00:00:00.81 . Memory (MB): peak = 2932.711 ; gain = 108.828 ; free physical = 19213 ; free virtual = 34237

Phase 9.2 Verifying Netlist Connectivity

Starting Connectivity Check Task

Time (s): cpu = 00:00:00.01 ; elapsed = 00:00:00.01 . Memory (MB): peak = 2932.711 ; gain = 0.000 ; free physical = 19213 ; free virtual = 34237
Phase 9.2 Verifying Netlist Connectivity | Checksum: 1ba02e3bc

Time (s): cpu = 00:00:02 ; elapsed = 00:00:00.83 . Memory (MB): peak = 2932.711 ; gain = 108.828 ; free physical = 19213 ; free virtual = 34237
Phase 9 Finalization | Checksum: 1ba02e3bc

Time (s): cpu = 00:00:02 ; elapsed = 00:00:00.83 . Memory (MB): peak = 2932.711 ; gain = 108.828 ; free physical = 19213 ; free virtual = 34237
Opt_design Change Summary
=========================


-------------------------------------------------------------------------------------------------------------------------
|  Phase                        |  #Cells created  |  #Cells Removed  |  #Constrained objects preventing optimizations  |
-------------------------------------------------------------------------------------------------------------------------
|  Retarget                     |               0  |              63  |                                              1  |
|  Constant propagation         |               0  |               0  |                                              0  |
|  Sweep                        |               7  |               0  |                                              0  |
|  BUFG optimization            |               0  |               0  |                                              0  |
|  Shift Register Optimization  |               0  |               0  |                                              0  |
|  Post Processing Netlist      |               0  |               0  |                                              0  |
-------------------------------------------------------------------------------------------------------------------------


Ending Logic Optimization Task | Checksum: 1ba02e3bc

Time (s): cpu = 00:00:02 ; elapsed = 00:00:00.83 . Memory (MB): peak = 2932.711 ; gain = 108.828 ; free physical = 19213 ; free virtual = 34237
Netlist sorting complete. Time (s): cpu = 00:00:00 ; elapsed = 00:00:00 . Memory (MB): peak = 2932.711 ; gain = 0.000 ; free physical = 19213 ; free virtual = 34237
INFO: [Common 17-83] Releasing license: Implementation
35 Infos, 0 Warnings, 0 Critical Warnings and 0 Errors encountered.
opt_design completed successfully
INFO: [Vivado 12-24828] Executing command : report_drc -file RV64IM72F5SPSoCTOP_drc_opted.rpt -pb RV64IM72F5SPSoCTOP_drc_opted.pb -rpx RV64IM72F5SPSoCTOP_drc_opted.rpx
Command: report_drc -file RV64IM72F5SPSoCTOP_drc_opted.rpt -pb RV64IM72F5SPSoCTOP_drc_opted.pb -rpx RV64IM72F5SPSoCTOP_drc_opted.rpx
INFO: [IP_Flow 19-1839] IP Catalog is up to date.
INFO: [DRC 23-27] Running DRC with 8 threads
INFO: [Vivado_Tcl 2-168] The results of DRC are in file /home/khwl/Desktop/RV-IM100/RV32s/SoCs/RV32IM_6SP/RV64IM72F_6SP.runs/impl_1/RV64IM72F5SPSoCTOP_drc_opted.rpt.
report_drc completed successfully
INFO: [Timing 38-480] Writing timing data to binary archive.
Wrote PlaceDB: Time (s): cpu = 00:00:00 ; elapsed = 00:00:00 . Memory (MB): peak = 2932.711 ; gain = 0.000 ; free physical = 19226 ; free virtual = 34250
Wrote PulsedLatchDB: Time (s): cpu = 00:00:00 ; elapsed = 00:00:00 . Memory (MB): peak = 2932.711 ; gain = 0.000 ; free physical = 19226 ; free virtual = 34250
Writing XDEF routing.
Writing XDEF routing logical nets.
Writing XDEF routing special nets.
Wrote RouteStorage: Time (s): cpu = 00:00:00.09 ; elapsed = 00:00:00.02 . Memory (MB): peak = 2932.711 ; gain = 0.000 ; free physical = 19226 ; free virtual = 34251
Wrote PlaceStorage: Time (s): cpu = 00:00:00 ; elapsed = 00:00:00 . Memory (MB): peak = 2932.711 ; gain = 0.000 ; free physical = 19226 ; free virtual = 34251
Wrote Netlist Cache: Time (s): cpu = 00:00:00 ; elapsed = 00:00:00 . Memory (MB): peak = 2932.711 ; gain = 0.000 ; free physical = 19226 ; free virtual = 34251
Write ShapeDB Complete: Time (s): cpu = 00:00:00.09 ; elapsed = 00:00:00.02 . Memory (MB): peak = 2932.711 ; gain = 0.000 ; free physical = 19226 ; free virtual = 34251
Wrote Device Cache: Time (s): cpu = 00:00:00.01 ; elapsed = 00:00:00 . Memory (MB): peak = 2932.711 ; gain = 0.000 ; free physical = 19225 ; free virtual = 34252
Write Physdb Complete: Time (s): cpu = 00:00:00.1 ; elapsed = 00:00:00.02 . Memory (MB): peak = 2932.711 ; gain = 0.000 ; free physical = 19225 ; free virtual = 34252
INFO: [Common 17-1381] The checkpoint '/home/khwl/Desktop/RV-IM100/RV32s/SoCs/RV32IM_6SP/RV64IM72F_6SP.runs/impl_1/RV64IM72F5SPSoCTOP_opt.dcp' has been generated.
Command: place_design -directive Explore
Attempting to get a license for feature 'Implementation' and/or device 'xc7a200t'
INFO: [Common 17-349] Got license for feature 'Implementation' and/or device 'xc7a200t'
INFO: [Common 17-83] Releasing license: Implementation
INFO: [DRC 23-27] Running DRC with 8 threads
INFO: [Vivado_Tcl 4-198] DRC finished with 0 Errors
INFO: [Vivado_Tcl 4-199] Please refer to the DRC report (report_drc) for more information.
INFO: [Timing 38-35] Done setting XDC timing constraints.
INFO: [Vivado_Tcl 4-2302] The placer was invoked with the 'Explore' directive.
Running DRC as a precondition to command place_design
INFO: [DRC 23-27] Running DRC with 8 threads
INFO: [Vivado_Tcl 4-198] DRC finished with 0 Errors
INFO: [Vivado_Tcl 4-199] Please refer to the DRC report (report_drc) for more information.
INFO: [Place 30-611] Multithreading enabled for place_design using a maximum of 8 CPUs

Starting Placer Task

Phase 1 Placer Initialization

Phase 1.1 Placer Initialization Netlist Sorting
Netlist sorting complete. Time (s): cpu = 00:00:00.01 ; elapsed = 00:00:00 . Memory (MB): peak = 2932.711 ; gain = 0.000 ; free physical = 19228 ; free virtual = 34255
Phase 1.1 Placer Initialization Netlist Sorting | Checksum: 1b32a6eb9

Time (s): cpu = 00:00:00.01 ; elapsed = 00:00:00 . Memory (MB): peak = 2932.711 ; gain = 0.000 ; free physical = 19228 ; free virtual = 34255
Netlist sorting complete. Time (s): cpu = 00:00:00 ; elapsed = 00:00:00 . Memory (MB): peak = 2932.711 ; gain = 0.000 ; free physical = 19228 ; free virtual = 34255

Phase 1.2 IO Placement/ Clock Placement/ Build Placer Device
Phase 1.2 IO Placement/ Clock Placement/ Build Placer Device | Checksum: 16b3c9593

Time (s): cpu = 00:00:00.62 ; elapsed = 00:00:00.29 . Memory (MB): peak = 2988.738 ; gain = 56.027 ; free physical = 19230 ; free virtual = 34257

Phase 1.3 Build Placer Netlist Model
Phase 1.3 Build Placer Netlist Model | Checksum: 25bfd9fa2

Time (s): cpu = 00:00:05 ; elapsed = 00:00:02 . Memory (MB): peak = 3027.781 ; gain = 95.070 ; free physical = 19230 ; free virtual = 34257

Phase 1.4 Constrain Clocks/Macros
Phase 1.4 Constrain Clocks/Macros | Checksum: 25bfd9fa2

Time (s): cpu = 00:00:05 ; elapsed = 00:00:02 . Memory (MB): peak = 3027.781 ; gain = 95.070 ; free physical = 19230 ; free virtual = 34257
Phase 1 Placer Initialization | Checksum: 25bfd9fa2

Time (s): cpu = 00:00:05 ; elapsed = 00:00:02 . Memory (MB): peak = 3027.781 ; gain = 95.070 ; free physical = 19230 ; free virtual = 34257

Phase 2 Global Placement

Phase 2.1 Floorplanning
Phase 2.1 Floorplanning | Checksum: 2593e69ba

Time (s): cpu = 00:00:08 ; elapsed = 00:00:03 . Memory (MB): peak = 3027.781 ; gain = 95.070 ; free physical = 19230 ; free virtual = 34257

Phase 2.2 Update Timing before SLR Path Opt
Phase 2.2 Update Timing before SLR Path Opt | Checksum: 251de7134

Time (s): cpu = 00:00:10 ; elapsed = 00:00:03 . Memory (MB): peak = 3027.781 ; gain = 95.070 ; free physical = 19231 ; free virtual = 34257

Phase 2.3 Post-Processing in Floorplanning
Phase 2.3 Post-Processing in Floorplanning | Checksum: 251de7134

Time (s): cpu = 00:00:10 ; elapsed = 00:00:03 . Memory (MB): peak = 3027.781 ; gain = 95.070 ; free physical = 19231 ; free virtual = 34257

Phase 2.4 Global Place Phase1
Phase 2.4 Global Place Phase1 | Checksum: 2576d5a54

Time (s): cpu = 00:00:29 ; elapsed = 00:00:09 . Memory (MB): peak = 3035.785 ; gain = 103.074 ; free physical = 19252 ; free virtual = 34278

Phase 2.5 Global Place Phase2

Phase 2.5.1 UpdateTiming Before Physical Synthesis
Phase 2.5.1 UpdateTiming Before Physical Synthesis | Checksum: 27e6d3243

Time (s): cpu = 00:00:31 ; elapsed = 00:00:10 . Memory (MB): peak = 3035.785 ; gain = 103.074 ; free physical = 19252 ; free virtual = 34278

Phase 2.5.2 Physical Synthesis In Placer
INFO: [Physopt 32-1035] Found 0 LUTNM shape to break, 1233 LUT instances to create LUTNM shape
INFO: [Physopt 32-1044] Break lutnm for timing: one critical 0, two critical 0, total 0, new lutff created 0
INFO: [Physopt 32-1138] End 1 Pass. Optimized 564 nets or LUTs. Breaked 0 LUT, combined 564 existing LUTs and moved 0 existing LUT
INFO: [Physopt 32-1408] Pass 1. Identified 3 candidate nets for high-fanout optimization.
INFO: [Physopt 32-81] Processed net rv64im72f_6sp/ex_mem_register/MEM_alu_result_reg[31]_0[3]. Replicated 20 times.
INFO: [Physopt 32-81] Processed net rv64im72f_6sp/ex_mem_register/MEM_alu_result_reg[31]_0[5]. Replicated 21 times.
INFO: [Physopt 32-81] Processed net rv64im72f_6sp/ex_mem_register/MEM_alu_result_reg[31]_0[2]. Replicated 19 times.
INFO: [Physopt 32-232] Optimized 3 nets. Created 60 new instances.
INFO: [Physopt 32-775] End 1 Pass. Optimized 3 nets or cells. Created 60 new cells, deleted 0 existing cell and moved 0 existing cell
Netlist sorting complete. Time (s): cpu = 00:00:00.02 ; elapsed = 00:00:00.02 . Memory (MB): peak = 3035.785 ; gain = 0.000 ; free physical = 19256 ; free virtual = 34282
INFO: [Physopt 32-456] No candidate cells for DSP register optimization found in the design.
INFO: [Physopt 32-775] End 2 Pass. Optimized 0 net or cell. Created 0 new cell, deleted 0 existing cell and moved 0 existing cell
INFO: [Physopt 32-1123] No candidate cells found for Shift Register to Pipeline optimization
INFO: [Physopt 32-775] End 2 Pass. Optimized 0 net or cell. Created 0 new cell, deleted 0 existing cell and moved 0 existing cell
INFO: [Physopt 32-1401] No candidate cells found for Shift Register optimization.
INFO: [Physopt 32-677] No candidate cells for Shift Register optimization found in the design
INFO: [Physopt 32-775] End 1 Pass. Optimized 0 net or cell. Created 0 new cell, deleted 0 existing cell and moved 0 existing cell
INFO: [Physopt 32-526] No candidate cells for BRAM register optimization found in the design
INFO: [Physopt 32-775] End 1 Pass. Optimized 0 net or cell. Created 0 new cell, deleted 0 existing cell and moved 0 existing cell
INFO: [Physopt 32-846] No candidate cells for URAM register optimization found in the design
INFO: [Physopt 32-775] End 1 Pass. Optimized 0 net or cell. Created 0 new cell, deleted 0 existing cell and moved 0 existing cell
INFO: [Physopt 32-846] No candidate cells for URAM register optimization found in the design
INFO: [Physopt 32-775] End 1 Pass. Optimized 0 net or cell. Created 0 new cell, deleted 0 existing cell and moved 0 existing cell
INFO: [Physopt 32-949] No candidate nets found for dynamic/static region interface net replication
INFO: [Physopt 32-775] End 1 Pass. Optimized 0 net or cell. Created 0 new cell, deleted 0 existing cell and moved 0 existing cell
Netlist sorting complete. Time (s): cpu = 00:00:00.01 ; elapsed = 00:00:00 . Memory (MB): peak = 3035.785 ; gain = 0.000 ; free physical = 19256 ; free virtual = 34282

Summary of Physical Synthesis Optimizations
============================================


-----------------------------------------------------------------------------------------------------------------------------------------------------------
|  Optimization                                     |  Added Cells  |  Removed Cells  |  Optimized Cells/Nets  |  Dont Touch  |  Iterations  |  Elapsed   |
-----------------------------------------------------------------------------------------------------------------------------------------------------------
|  LUT Combining                                    |            0  |            564  |                   564  |           0  |           1  |  00:00:00  |
|  Retime                                           |            0  |              0  |                     0  |           0  |           1  |  00:00:00  |
|  Very High Fanout                                 |           60  |              0  |                     3  |           0  |           1  |  00:00:01  |
|  DSP Register                                     |            0  |              0  |                     0  |           0  |           1  |  00:00:00  |
|  Shift Register to Pipeline                       |            0  |              0  |                     0  |           0  |           1  |  00:00:00  |
|  Shift Register                                   |            0  |              0  |                     0  |           0  |           1  |  00:00:00  |
|  BRAM Register                                    |            0  |              0  |                     0  |           0  |           1  |  00:00:00  |
|  URAM Register                                    |            0  |              0  |                     0  |           0  |           1  |  00:00:00  |
|  Dynamic/Static Region Interface Net Replication  |            0  |              0  |                     0  |           0  |           1  |  00:00:00  |
|  Total                                            |           60  |            564  |                   567  |           0  |           9  |  00:00:02  |
-----------------------------------------------------------------------------------------------------------------------------------------------------------


Phase 2.5.2 Physical Synthesis In Placer | Checksum: 237cf3b40

Time (s): cpu = 00:00:36 ; elapsed = 00:00:12 . Memory (MB): peak = 3035.785 ; gain = 103.074 ; free physical = 19257 ; free virtual = 34284
Phase 2.5 Global Place Phase2 | Checksum: 2bdb780a8

Time (s): cpu = 00:00:37 ; elapsed = 00:00:12 . Memory (MB): peak = 3035.785 ; gain = 103.074 ; free physical = 19258 ; free virtual = 34285
Phase 2 Global Placement | Checksum: 2bdb780a8

Time (s): cpu = 00:00:37 ; elapsed = 00:00:12 . Memory (MB): peak = 3035.785 ; gain = 103.074 ; free physical = 19259 ; free virtual = 34285

Phase 3 Detail Placement

Phase 3.1 Commit Multi Column Macros
Phase 3.1 Commit Multi Column Macros | Checksum: 2855fc1f6

Time (s): cpu = 00:00:39 ; elapsed = 00:00:13 . Memory (MB): peak = 3035.785 ; gain = 103.074 ; free physical = 19259 ; free virtual = 34285

Phase 3.2 Commit Most Macros & LUTRAMs
Phase 3.2 Commit Most Macros & LUTRAMs | Checksum: 2f1892e92

Time (s): cpu = 00:00:46 ; elapsed = 00:00:15 . Memory (MB): peak = 3035.785 ; gain = 103.074 ; free physical = 19263 ; free virtual = 34290

Phase 3.3 Area Swap Optimization
Phase 3.3 Area Swap Optimization | Checksum: 25472b625

Time (s): cpu = 00:00:46 ; elapsed = 00:00:15 . Memory (MB): peak = 3035.785 ; gain = 103.074 ; free physical = 19264 ; free virtual = 34290

Phase 3.4 Pipeline Register Optimization
Phase 3.4 Pipeline Register Optimization | Checksum: 2caa0453f

Time (s): cpu = 00:00:46 ; elapsed = 00:00:15 . Memory (MB): peak = 3035.785 ; gain = 103.074 ; free physical = 19264 ; free virtual = 34290

Phase 3.5 Fast Optimization
Phase 3.5 Fast Optimization | Checksum: 26eba6d28

Time (s): cpu = 00:00:54 ; elapsed = 00:00:17 . Memory (MB): peak = 3035.785 ; gain = 103.074 ; free physical = 19264 ; free virtual = 34290

Phase 3.6 Small Shape Detail Placement
Phase 3.6 Small Shape Detail Placement | Checksum: 23eee5c2e

Time (s): cpu = 00:00:56 ; elapsed = 00:00:20 . Memory (MB): peak = 3035.785 ; gain = 103.074 ; free physical = 19263 ; free virtual = 34289

Phase 3.7 Re-assign LUT pins
Phase 3.7 Re-assign LUT pins | Checksum: 25f93065b

Time (s): cpu = 00:00:57 ; elapsed = 00:00:20 . Memory (MB): peak = 3035.785 ; gain = 103.074 ; free physical = 19263 ; free virtual = 34289

Phase 3.8 Pipeline Register Optimization
Phase 3.8 Pipeline Register Optimization | Checksum: 2ccdcf655

Time (s): cpu = 00:00:57 ; elapsed = 00:00:20 . Memory (MB): peak = 3035.785 ; gain = 103.074 ; free physical = 19263 ; free virtual = 34289
Phase 3 Detail Placement | Checksum: 2ccdcf655

Time (s): cpu = 00:00:57 ; elapsed = 00:00:20 . Memory (MB): peak = 3035.785 ; gain = 103.074 ; free physical = 19263 ; free virtual = 34289

Phase 4 Post Placement Optimization and Clean-Up

Phase 4.1 Post Commit Optimization
INFO: [Timing 38-35] Done setting XDC timing constraints.

Phase 4.1.1 Post Placement Optimization
Post Placement Optimization Initialization | Checksum: 240c6c554

Phase 4.1.1.1 BUFG Insertion

Starting Physical Synthesis Task

Phase 1 Physical Synthesis Initialization
INFO: [Physopt 32-721] Multithreading enabled for phys_opt_design using a maximum of 8 CPUs
INFO: [Physopt 32-619] Estimated Timing Summary | WNS=-1.385 | TNS=-48.193 |
Phase 1 Physical Synthesis Initialization | Checksum: 117685af3

Time (s): cpu = 00:00:00.62 ; elapsed = 00:00:00.19 . Memory (MB): peak = 3035.785 ; gain = 0.000 ; free physical = 19262 ; free virtual = 34288
INFO: [Place 46-33] Processed net internal_reset, BUFG insertion was skipped due to placement/routing conflicts.
INFO: [Place 46-56] BUFG insertion identified 1 candidate nets. Inserted BUFG: 0, Replicated BUFG Driver: 0, Skipped due to Placement/Routing Conflicts: 1, Skipped due to Timing Degradation: 0, Skipped due to netlist editing failed: 0.
Ending Physical Synthesis Task | Checksum: 262a44fbf

Time (s): cpu = 00:00:01 ; elapsed = 00:00:00.34 . Memory (MB): peak = 3035.785 ; gain = 0.000 ; free physical = 19262 ; free virtual = 34288
Phase 4.1.1.1 BUFG Insertion | Checksum: 240c6c554

Time (s): cpu = 00:01:05 ; elapsed = 00:00:22 . Memory (MB): peak = 3035.785 ; gain = 103.074 ; free physical = 19262 ; free virtual = 34288

Phase 4.1.1.2 Post Placement Timing Optimization
INFO: [Place 30-746] Post Placement Timing Summary WNS=0.503. For the most accurate timing information please run report_timing.
Phase 4.1.1.2 Post Placement Timing Optimization | Checksum: 1fe7834ef

Time (s): cpu = 00:01:21 ; elapsed = 00:00:36 . Memory (MB): peak = 3035.785 ; gain = 103.074 ; free physical = 19264 ; free virtual = 34290

Time (s): cpu = 00:01:21 ; elapsed = 00:00:36 . Memory (MB): peak = 3035.785 ; gain = 103.074 ; free physical = 19264 ; free virtual = 34290
Phase 4.1 Post Commit Optimization | Checksum: 1fe7834ef

Time (s): cpu = 00:01:21 ; elapsed = 00:00:36 . Memory (MB): peak = 3035.785 ; gain = 103.074 ; free physical = 19264 ; free virtual = 34290

Phase 4.2 Post Placement Cleanup
Phase 4.2 Post Placement Cleanup | Checksum: 1fe7834ef

Time (s): cpu = 00:01:21 ; elapsed = 00:00:36 . Memory (MB): peak = 3035.785 ; gain = 103.074 ; free physical = 19264 ; free virtual = 34290

Phase 4.3 Placer Reporting

Phase 4.3.1 Print Estimated Congestion
INFO: [Place 30-612] Post-Placement Estimated Congestion 
 ____________________________________________________
|           | Global Congestion | Short Congestion  |
| Direction | Region Size       | Region Size       |
|___________|___________________|___________________|
|      North|                1x1|                4x4|
|___________|___________________|___________________|
|      South|                1x1|                4x4|
|___________|___________________|___________________|
|       East|                1x1|                1x1|
|___________|___________________|___________________|
|       West|                1x1|                1x1|
|___________|___________________|___________________|

Phase 4.3.1 Print Estimated Congestion | Checksum: 1fe7834ef

Time (s): cpu = 00:01:22 ; elapsed = 00:00:36 . Memory (MB): peak = 3035.785 ; gain = 103.074 ; free physical = 19264 ; free virtual = 34290
Phase 4.3 Placer Reporting | Checksum: 1fe7834ef

Time (s): cpu = 00:01:22 ; elapsed = 00:00:36 . Memory (MB): peak = 3035.785 ; gain = 103.074 ; free physical = 19264 ; free virtual = 34290

Phase 4.4 Final Placement Cleanup
Netlist sorting complete. Time (s): cpu = 00:00:00 ; elapsed = 00:00:00 . Memory (MB): peak = 3035.785 ; gain = 0.000 ; free physical = 19264 ; free virtual = 34290

Time (s): cpu = 00:01:22 ; elapsed = 00:00:36 . Memory (MB): peak = 3035.785 ; gain = 103.074 ; free physical = 19264 ; free virtual = 34290
Phase 4 Post Placement Optimization and Clean-Up | Checksum: 25137a614

Time (s): cpu = 00:01:22 ; elapsed = 00:00:36 . Memory (MB): peak = 3035.785 ; gain = 103.074 ; free physical = 19264 ; free virtual = 34290
Ending Placer Task | Checksum: 1929d6a1d

Time (s): cpu = 00:01:22 ; elapsed = 00:00:36 . Memory (MB): peak = 3035.785 ; gain = 103.074 ; free physical = 19264 ; free virtual = 34290
83 Infos, 0 Warnings, 0 Critical Warnings and 0 Errors encountered.
place_design completed successfully
place_design: Time (s): cpu = 00:01:23 ; elapsed = 00:00:37 . Memory (MB): peak = 3035.785 ; gain = 103.074 ; free physical = 19264 ; free virtual = 34290
INFO: [Vivado 12-24838] Running report commands "report_control_sets, report_io, report_utilization" in parallel.
Running report generation with 3 threads.
INFO: [Vivado 12-24828] Executing command : report_control_sets -verbose -file RV64IM72F5SPSoCTOP_control_sets_placed.rpt
report_control_sets: Time (s): cpu = 00:00:00.11 ; elapsed = 00:00:00.05 . Memory (MB): peak = 3035.785 ; gain = 0.000 ; free physical = 19271 ; free virtual = 34297
INFO: [Vivado 12-24828] Executing command : report_io -file RV64IM72F5SPSoCTOP_io_placed.rpt
report_io: Time (s): cpu = 00:00:00.16 ; elapsed = 00:00:00.09 . Memory (MB): peak = 3035.785 ; gain = 0.000 ; free physical = 19265 ; free virtual = 34292
INFO: [Vivado 12-24828] Executing command : report_utilization -file RV64IM72F5SPSoCTOP_utilization_placed.rpt -pb RV64IM72F5SPSoCTOP_utilization_placed.pb
INFO: [Timing 38-480] Writing timing data to binary archive.
Wrote PlaceDB: Time (s): cpu = 00:00:00 ; elapsed = 00:00:00 . Memory (MB): peak = 3035.785 ; gain = 0.000 ; free physical = 19267 ; free virtual = 34293
Wrote PulsedLatchDB: Time (s): cpu = 00:00:00 ; elapsed = 00:00:00 . Memory (MB): peak = 3035.785 ; gain = 0.000 ; free physical = 19267 ; free virtual = 34293
Writing XDEF routing.
Writing XDEF routing logical nets.
Writing XDEF routing special nets.
Wrote RouteStorage: Time (s): cpu = 00:00:00.09 ; elapsed = 00:00:00.02 . Memory (MB): peak = 3035.785 ; gain = 0.000 ; free physical = 19264 ; free virtual = 34291
Write ShapeDB Complete: Time (s): cpu = 00:00:00.13 ; elapsed = 00:00:00.02 . Memory (MB): peak = 3035.785 ; gain = 0.000 ; free physical = 19253 ; free virtual = 34282
Wrote PlaceStorage: Time (s): cpu = 00:00:00.65 ; elapsed = 00:00:00.29 . Memory (MB): peak = 3035.785 ; gain = 0.000 ; free physical = 19231 ; free virtual = 34275
Wrote Netlist Cache: Time (s): cpu = 00:00:00.01 ; elapsed = 00:00:00.01 . Memory (MB): peak = 3035.785 ; gain = 0.000 ; free physical = 19230 ; free virtual = 34276
Wrote Device Cache: Time (s): cpu = 00:00:00 ; elapsed = 00:00:00 . Memory (MB): peak = 3035.785 ; gain = 0.000 ; free physical = 19229 ; free virtual = 34275
Write Physdb Complete: Time (s): cpu = 00:00:00.76 ; elapsed = 00:00:00.32 . Memory (MB): peak = 3035.785 ; gain = 0.000 ; free physical = 19229 ; free virtual = 34275
INFO: [Common 17-1381] The checkpoint '/home/khwl/Desktop/RV-IM100/RV32s/SoCs/RV32IM_6SP/RV64IM72F_6SP.runs/impl_1/RV64IM72F5SPSoCTOP_placed.dcp' has been generated.
Command: phys_opt_design -directive Explore
Attempting to get a license for feature 'Implementation' and/or device 'xc7a200t'
INFO: [Common 17-349] Got license for feature 'Implementation' and/or device 'xc7a200t'
INFO: [Vivado_Tcl 4-137] Directive used for phys_opt_design is: Explore

Starting Initial Update Timing Task

Time (s): cpu = 00:00:07 ; elapsed = 00:00:01 . Memory (MB): peak = 3035.785 ; gain = 0.000 ; free physical = 19255 ; free virtual = 34287
INFO: [Vivado_Tcl 4-2279] Estimated Timing Summary | WNS= 0.503 | TNS= 0.000 | 
INFO: [Vivado_Tcl 4-383] Design worst setup slack (WNS) is greater than or equal to 0.000 ns. All physical synthesis setup optimizations will be skipped.
INFO: [Vivado_Tcl 4-232] No setup violation found. The netlist was not modified.
INFO: [Common 17-83] Releasing license: Implementation
95 Infos, 0 Warnings, 0 Critical Warnings and 0 Errors encountered.
phys_opt_design completed successfully
INFO: [Timing 38-480] Writing timing data to binary archive.
Wrote PlaceDB: Time (s): cpu = 00:00:00 ; elapsed = 00:00:00 . Memory (MB): peak = 3035.785 ; gain = 0.000 ; free physical = 19255 ; free virtual = 34287
Wrote PulsedLatchDB: Time (s): cpu = 00:00:00 ; elapsed = 00:00:00 . Memory (MB): peak = 3035.785 ; gain = 0.000 ; free physical = 19255 ; free virtual = 34287
Writing XDEF routing.
Writing XDEF routing logical nets.
Writing XDEF routing special nets.
Wrote RouteStorage: Time (s): cpu = 00:00:00.09 ; elapsed = 00:00:00.02 . Memory (MB): peak = 3035.785 ; gain = 0.000 ; free physical = 19253 ; free virtual = 34286
Write ShapeDB Complete: Time (s): cpu = 00:00:00.11 ; elapsed = 00:00:00.03 . Memory (MB): peak = 3035.785 ; gain = 0.000 ; free physical = 19249 ; free virtual = 34283
Wrote PlaceStorage: Time (s): cpu = 00:00:00.6 ; elapsed = 00:00:00.28 . Memory (MB): peak = 3035.785 ; gain = 0.000 ; free physical = 19225 ; free virtual = 34276
Wrote Netlist Cache: Time (s): cpu = 00:00:00.01 ; elapsed = 00:00:00.01 . Memory (MB): peak = 3035.785 ; gain = 0.000 ; free physical = 19225 ; free virtual = 34277
Wrote Device Cache: Time (s): cpu = 00:00:00 ; elapsed = 00:00:00 . Memory (MB): peak = 3035.785 ; gain = 0.000 ; free physical = 19225 ; free virtual = 34278
Write Physdb Complete: Time (s): cpu = 00:00:00.7 ; elapsed = 00:00:00.31 . Memory (MB): peak = 3035.785 ; gain = 0.000 ; free physical = 19225 ; free virtual = 34278
INFO: [Common 17-1381] The checkpoint '/home/khwl/Desktop/RV-IM100/RV32s/SoCs/RV32IM_6SP/RV64IM72F_6SP.runs/impl_1/RV64IM72F5SPSoCTOP_physopt.dcp' has been generated.
Command: route_design -directive Explore -tns_cleanup
Attempting to get a license for feature 'Implementation' and/or device 'xc7a200t'
INFO: [Common 17-349] Got license for feature 'Implementation' and/or device 'xc7a200t'


Starting Routing Task
INFO: [Route 35-270] Using Router directive 'Explore'.
INFO: [Route 35-254] Multithreading enabled for route_design using a maximum of 8 CPUs

Phase 1 Build RT Design
Checksum: PlaceDB: de0e2de1 ConstDB: 0 ShapeSum: 1c7450d8 RouteDB: 981aeb64
Post Restoration Checksum: NetGraph: 70cb9703 | NumContArr: 1c68ccc9 | Constraints: c2a8fa9d | Timing: c2a8fa9d
Phase 1 Build RT Design | Checksum: 212865906

Time (s): cpu = 00:00:34 ; elapsed = 00:00:20 . Memory (MB): peak = 3054.164 ; gain = 18.379 ; free physical = 19127 ; free virtual = 34164

Phase 2 Router Initialization

Phase 2.1 Fix Topology Constraints
Phase 2.1 Fix Topology Constraints | Checksum: 212865906

Time (s): cpu = 00:00:34 ; elapsed = 00:00:20 . Memory (MB): peak = 3054.164 ; gain = 18.379 ; free physical = 19127 ; free virtual = 34164

Phase 2.2 Pre Route Cleanup
Phase 2.2 Pre Route Cleanup | Checksum: 212865906

Time (s): cpu = 00:00:34 ; elapsed = 00:00:20 . Memory (MB): peak = 3054.164 ; gain = 18.379 ; free physical = 19127 ; free virtual = 34164
 Number of Nodes with overlaps = 0

Phase 2.3 Update Timing
Phase 2.3 Update Timing | Checksum: 20d15d2e7

Time (s): cpu = 00:00:48 ; elapsed = 00:00:23 . Memory (MB): peak = 3121.922 ; gain = 86.137 ; free physical = 19055 ; free virtual = 34093
INFO: [Route 35-416] Intermediate Timing Summary | WNS=0.872  | TNS=0.000  | WHS=-0.240 | THS=-926.458|


Phase 2.4 Soft Constraint Pins - Fast Budgeting
Phase 2.4 Soft Constraint Pins - Fast Budgeting | Checksum: 210f6a4f0

Time (s): cpu = 00:00:50 ; elapsed = 00:00:23 . Memory (MB): peak = 3121.922 ; gain = 86.137 ; free physical = 19055 ; free virtual = 34093

Router Utilization Summary
  Global Vertical Routing Utilization    = 0 %
  Global Horizontal Routing Utilization  = 0 %
  Routable Net Status*
  *Does not include unroutable nets such as driverless and loadless.
  Run report_route_status for detailed report.
  Number of Failed Nets               = 11097
    (Failed Nets is the sum of unrouted and partially routed nets)
  Number of Unrouted Nets             = 11097
  Number of Partially Routed Nets     = 0
  Number of Node Overlaps             = 0

Phase 2 Router Initialization | Checksum: 299774ea7

Time (s): cpu = 00:00:51 ; elapsed = 00:00:23 . Memory (MB): peak = 3140.398 ; gain = 104.613 ; free physical = 19050 ; free virtual = 34088

Phase 3 Global Routing
Phase 3 Global Routing | Checksum: 299774ea7

Time (s): cpu = 00:00:51 ; elapsed = 00:00:23 . Memory (MB): peak = 3140.398 ; gain = 104.613 ; free physical = 19050 ; free virtual = 34088

Phase 4 Initial Routing

Phase 4.1 Initial Net Routing Pass
Phase 4.1 Initial Net Routing Pass | Checksum: 20e974e9e

Time (s): cpu = 00:01:01 ; elapsed = 00:00:26 . Memory (MB): peak = 3140.398 ; gain = 104.613 ; free physical = 19050 ; free virtual = 34088
Phase 4 Initial Routing | Checksum: 20e974e9e

Time (s): cpu = 00:01:01 ; elapsed = 00:00:26 . Memory (MB): peak = 3140.398 ; gain = 104.613 ; free physical = 19051 ; free virtual = 34088

Phase 5 Rip-up And Reroute

Phase 5.1 Global Iteration 0
 Number of Nodes with overlaps = 6327
 Number of Nodes with overlaps = 2329
 Number of Nodes with overlaps = 948
 Number of Nodes with overlaps = 436
 Number of Nodes with overlaps = 199
 Number of Nodes with overlaps = 107
 Number of Nodes with overlaps = 35
 Number of Nodes with overlaps = 11
 Number of Nodes with overlaps = 11
 Number of Nodes with overlaps = 5
 Number of Nodes with overlaps = 2
 Number of Nodes with overlaps = 2
 Number of Nodes with overlaps = 0
INFO: [Route 35-416] Intermediate Timing Summary | WNS=-1.894 | TNS=-206.082| WHS=N/A    | THS=N/A    |

Phase 5.1 Global Iteration 0 | Checksum: 1cc7266f8

Time (s): cpu = 00:01:45 ; elapsed = 00:00:53 . Memory (MB): peak = 3148.398 ; gain = 112.613 ; free physical = 19063 ; free virtual = 34101

Phase 5.2 Global Iteration 1
 Number of Nodes with overlaps = 2165
 Number of Nodes with overlaps = 1296
 Number of Nodes with overlaps = 872
 Number of Nodes with overlaps = 361
 Number of Nodes with overlaps = 191
 Number of Nodes with overlaps = 116
 Number of Nodes with overlaps = 45
 Number of Nodes with overlaps = 12
 Number of Nodes with overlaps = 7
 Number of Nodes with overlaps = 4
 Number of Nodes with overlaps = 2
 Number of Nodes with overlaps = 0
INFO: [Route 35-416] Intermediate Timing Summary | WNS=-0.344 | TNS=-1.105 | WHS=N/A    | THS=N/A    |

Phase 5.2 Global Iteration 1 | Checksum: 21c135b46

Time (s): cpu = 00:02:19 ; elapsed = 00:01:06 . Memory (MB): peak = 3148.398 ; gain = 112.613 ; free physical = 19026 ; free virtual = 34072

Phase 5.3 Global Iteration 2
 Number of Nodes with overlaps = 2796
 Number of Nodes with overlaps = 1880
 Number of Nodes with overlaps = 780
 Number of Nodes with overlaps = 390
 Number of Nodes with overlaps = 166
 Number of Nodes with overlaps = 70
 Number of Nodes with overlaps = 24
 Number of Nodes with overlaps = 17
 Number of Nodes with overlaps = 13
 Number of Nodes with overlaps = 6
 Number of Nodes with overlaps = 7
 Number of Nodes with overlaps = 5
 Number of Nodes with overlaps = 1
 Number of Nodes with overlaps = 0
INFO: [Route 35-416] Intermediate Timing Summary | WNS=-0.176 | TNS=-0.614 | WHS=N/A    | THS=N/A    |

Phase 5.3 Global Iteration 2 | Checksum: 17db52dec

Time (s): cpu = 00:03:00 ; elapsed = 00:01:22 . Memory (MB): peak = 3148.398 ; gain = 112.613 ; free physical = 19035 ; free virtual = 34081

Phase 5.4 Global Iteration 3
 Number of Nodes with overlaps = 2858
 Number of Nodes with overlaps = 1236
 Number of Nodes with overlaps = 848
 Number of Nodes with overlaps = 305
 Number of Nodes with overlaps = 155
 Number of Nodes with overlaps = 61
 Number of Nodes with overlaps = 34
 Number of Nodes with overlaps = 23
 Number of Nodes with overlaps = 10
 Number of Nodes with overlaps = 4
 Number of Nodes with overlaps = 1
 Number of Nodes with overlaps = 0
INFO: [Route 35-416] Intermediate Timing Summary | WNS=-0.097 | TNS=-0.196 | WHS=N/A    | THS=N/A    |

Phase 5.4 Global Iteration 3 | Checksum: 256389a4a

Time (s): cpu = 00:03:38 ; elapsed = 00:01:37 . Memory (MB): peak = 3148.398 ; gain = 112.613 ; free physical = 19037 ; free virtual = 34081

Phase 5.5 Global Iteration 4
 Number of Nodes with overlaps = 2280
 Number of Nodes with overlaps = 1162
 Number of Nodes with overlaps = 408
 Number of Nodes with overlaps = 237
 Number of Nodes with overlaps = 76
 Number of Nodes with overlaps = 37
 Number of Nodes with overlaps = 9
 Number of Nodes with overlaps = 4
 Number of Nodes with overlaps = 1
 Number of Nodes with overlaps = 1
 Number of Nodes with overlaps = 0
INFO: [Route 35-416] Intermediate Timing Summary | WNS=-0.225 | TNS=-0.585 | WHS=N/A    | THS=N/A    |

Phase 5.5 Global Iteration 4 | Checksum: 2121277fe

Time (s): cpu = 00:04:09 ; elapsed = 00:01:49 . Memory (MB): peak = 3148.398 ; gain = 112.613 ; free physical = 19037 ; free virtual = 34081
Phase 5 Rip-up And Reroute | Checksum: 2121277fe

Time (s): cpu = 00:04:09 ; elapsed = 00:01:49 . Memory (MB): peak = 3148.398 ; gain = 112.613 ; free physical = 19037 ; free virtual = 34081

Phase 6 Delay and Skew Optimization

Phase 6.1 TNS Cleanup

Phase 6.1.1 Delay CleanUp

Phase 6.1.1.1 Update Timing
Phase 6.1.1.1 Update Timing | Checksum: 22b025bae

Time (s): cpu = 00:04:10 ; elapsed = 00:01:49 . Memory (MB): peak = 3148.398 ; gain = 112.613 ; free physical = 19036 ; free virtual = 34081
INFO: [Route 35-416] Intermediate Timing Summary | WNS=-0.097 | TNS=-0.196 | WHS=N/A    | THS=N/A    |

 Number of Nodes with overlaps = 0

Phase 6.1.1.2 Update Timing
Phase 6.1.1.2 Update Timing | Checksum: 214d49bc1

Time (s): cpu = 00:04:10 ; elapsed = 00:01:49 . Memory (MB): peak = 3148.398 ; gain = 112.613 ; free physical = 19036 ; free virtual = 34081
INFO: [Route 35-416] Intermediate Timing Summary | WNS=-0.074 | TNS=-0.157 | WHS=N/A    | THS=N/A    |

 Number of Nodes with overlaps = 0

Phase 6.1.1.3 Update Timing
Phase 6.1.1.3 Update Timing | Checksum: 253a312f8

Time (s): cpu = 00:04:11 ; elapsed = 00:01:49 . Memory (MB): peak = 3148.398 ; gain = 112.613 ; free physical = 19036 ; free virtual = 34081
INFO: [Route 35-416] Intermediate Timing Summary | WNS=-0.074 | TNS=-0.157 | WHS=N/A    | THS=N/A    |

Phase 6.1.1 Delay CleanUp | Checksum: 2adf8c850

Time (s): cpu = 00:04:11 ; elapsed = 00:01:50 . Memory (MB): peak = 3148.398 ; gain = 112.613 ; free physical = 19036 ; free virtual = 34081
Phase 6.1 TNS Cleanup | Checksum: 2adf8c850

Time (s): cpu = 00:04:11 ; elapsed = 00:01:50 . Memory (MB): peak = 3148.398 ; gain = 112.613 ; free physical = 19036 ; free virtual = 34081

Phase 6.2 Clock Skew Optimization
Phase 6.2 Clock Skew Optimization | Checksum: 2adf8c850

Time (s): cpu = 00:04:11 ; elapsed = 00:01:50 . Memory (MB): peak = 3148.398 ; gain = 112.613 ; free physical = 19036 ; free virtual = 34081
Phase 6 Delay and Skew Optimization | Checksum: 2adf8c850

Time (s): cpu = 00:04:11 ; elapsed = 00:01:50 . Memory (MB): peak = 3148.398 ; gain = 112.613 ; free physical = 19036 ; free virtual = 34081

Phase 7 Post Hold Fix

Phase 7.1 Hold Fix Iter
INFO: [Route 35-416] Intermediate Timing Summary | WNS=-0.074 | TNS=-0.157 | WHS=0.061  | THS=0.000  |

Phase 7.1 Hold Fix Iter | Checksum: 276f80036

Time (s): cpu = 00:04:13 ; elapsed = 00:01:50 . Memory (MB): peak = 3148.398 ; gain = 112.613 ; free physical = 19036 ; free virtual = 34081
Phase 7 Post Hold Fix | Checksum: 276f80036

Time (s): cpu = 00:04:13 ; elapsed = 00:01:50 . Memory (MB): peak = 3148.398 ; gain = 112.613 ; free physical = 19036 ; free virtual = 34081

Phase 8 Timing Verification

Phase 8.1 Update Timing
Phase 8.1 Update Timing | Checksum: 1fa6e3974

Time (s): cpu = 00:04:14 ; elapsed = 00:01:50 . Memory (MB): peak = 3148.398 ; gain = 112.613 ; free physical = 19036 ; free virtual = 34080
INFO: [Route 35-416] Intermediate Timing Summary | WNS=-0.074 | TNS=-0.157 | WHS=0.061  | THS=0.000  |

Phase 8 Timing Verification | Checksum: 1fa6e3974

Time (s): cpu = 00:04:14 ; elapsed = 00:01:50 . Memory (MB): peak = 3148.398 ; gain = 112.613 ; free physical = 19036 ; free virtual = 34080

Phase 9 Route finalize

Router Utilization Summary
  Global Vertical Routing Utilization    = 2.87867 %
  Global Horizontal Routing Utilization  = 2.90357 %
  Routable Net Status*
  *Does not include unroutable nets such as driverless and loadless.
  Run report_route_status for detailed report.
  Number of Failed Nets               = 0
    (Failed Nets is the sum of unrouted and partially routed nets)
  Number of Unrouted Nets             = 0
  Number of Partially Routed Nets     = 0
  Number of Node Overlaps             = 0


--GLOBAL Congestion:
Utilization threshold used for congestion level computation: 0.85
Congestion Report
North Dir 1x1 Area, Max Cong = 100%, Congestion bounded by tiles (Lower Left Tile -> Upper Right Tile):
   INT_L_X38Y171 -> INT_L_X38Y171
   INT_R_X37Y170 -> INT_R_X37Y170
   INT_L_X34Y169 -> INT_L_X34Y169
   INT_R_X35Y168 -> INT_R_X35Y168
   INT_R_X37Y168 -> INT_R_X37Y168
South Dir 1x1 Area, Max Cong = 86.4865%, Congestion bounded by tiles (Lower Left Tile -> Upper Right Tile):
   INT_L_X34Y171 -> INT_L_X34Y171
East Dir 1x1 Area, Max Cong = 97.0588%, Congestion bounded by tiles (Lower Left Tile -> Upper Right Tile):
   INT_R_X37Y166 -> INT_R_X37Y166
West Dir 1x1 Area, Max Cong = 89.7059%, Congestion bounded by tiles (Lower Left Tile -> Upper Right Tile):
   INT_R_X37Y167 -> INT_R_X37Y167
   INT_L_X32Y166 -> INT_L_X32Y166
   INT_R_X37Y166 -> INT_R_X37Y166

------------------------------
Reporting congestion hotspots
------------------------------
Direction: North
----------------
Congested clusters found at Level 0
Effective congestion level: 1 Aspect Ratio: 1 Sparse Ratio: 0.75
Direction: South
----------------
Congested clusters found at Level 0
Effective congestion level: 0 Aspect Ratio: 1 Sparse Ratio: 1
Direction: East
----------------
Congested clusters found at Level 0
Effective congestion level: 0 Aspect Ratio: 1 Sparse Ratio: 1
Direction: West
----------------
Congested clusters found at Level 0
Effective congestion level: 1 Aspect Ratio: 0.5 Sparse Ratio: 0.5

Phase 9 Route finalize | Checksum: 1fa6e3974

Time (s): cpu = 00:04:15 ; elapsed = 00:01:50 . Memory (MB): peak = 3148.398 ; gain = 112.613 ; free physical = 19036 ; free virtual = 34080

Phase 10 Verifying routed nets

 Verification completed successfully
Phase 10 Verifying routed nets | Checksum: 1fa6e3974

Time (s): cpu = 00:04:15 ; elapsed = 00:01:50 . Memory (MB): peak = 3148.398 ; gain = 112.613 ; free physical = 19036 ; free virtual = 34080

Phase 11 Depositing Routes
Phase 11 Depositing Routes | Checksum: 1d59e7b06

Time (s): cpu = 00:04:16 ; elapsed = 00:01:51 . Memory (MB): peak = 3148.398 ; gain = 112.613 ; free physical = 19036 ; free virtual = 34080

Phase 12 Incr Placement Change
Netlist sorting complete. Time (s): cpu = 00:00:00 ; elapsed = 00:00:00.01 . Memory (MB): peak = 3148.398 ; gain = 0.000 ; free physical = 19036 ; free virtual = 34080
INFO: [Place 30-746] Post Placement Timing Summary WNS=0.505. For the most accurate timing information please run report_timing.
Ending IncrPlace Task | Checksum: 11def6ec9

Time (s): cpu = 00:00:14 ; elapsed = 00:00:09 . Memory (MB): peak = 3148.398 ; gain = 0.000 ; free physical = 19036 ; free virtual = 34080
Phase 12 Incr Placement Change | Checksum: 11def6ec9

Time (s): cpu = 00:04:30 ; elapsed = 00:02:00 . Memory (MB): peak = 3148.398 ; gain = 112.613 ; free physical = 19036 ; free virtual = 34080

Phase 13 Build RT Design
Checksum: PlaceDB: 432f8984 ConstDB: 0 ShapeSum: 76722232 RouteDB: 644dc313
Post Restoration Checksum: NetGraph: b6a9989b | NumContArr: b0835b27 | Constraints: c2a8fa9d | Timing: c2a8fa9d
Phase 13 Build RT Design | Checksum: 2ec7ee8fc

Time (s): cpu = 00:04:42 ; elapsed = 00:02:02 . Memory (MB): peak = 3148.398 ; gain = 112.613 ; free physical = 19036 ; free virtual = 34080

Phase 14 Router Initialization

Phase 14.1 Fix Topology Constraints
Phase 14.1 Fix Topology Constraints | Checksum: 2ec7ee8fc

Time (s): cpu = 00:04:42 ; elapsed = 00:02:02 . Memory (MB): peak = 3148.398 ; gain = 112.613 ; free physical = 19035 ; free virtual = 34080

Phase 14.2 Pre Route Cleanup
Phase 14.2 Pre Route Cleanup | Checksum: 2561c2096

Time (s): cpu = 00:04:42 ; elapsed = 00:02:02 . Memory (MB): peak = 3148.398 ; gain = 112.613 ; free physical = 19035 ; free virtual = 34080
 Number of Nodes with overlaps = 0

Phase 14.3 Update Timing
Phase 14.3 Update Timing | Checksum: 13436e8e3

Time (s): cpu = 00:04:57 ; elapsed = 00:02:04 . Memory (MB): peak = 3148.398 ; gain = 112.613 ; free physical = 19036 ; free virtual = 34080
INFO: [Route 35-416] Intermediate Timing Summary | WNS=0.500  | TNS=0.000  | WHS=-0.240 | THS=-924.688|


Phase 14.4 Soft Constraint Pins - Fast Budgeting
Phase 14.4 Soft Constraint Pins - Fast Budgeting | Checksum: 1af480563

Time (s): cpu = 00:04:59 ; elapsed = 00:02:05 . Memory (MB): peak = 3148.398 ; gain = 112.613 ; free physical = 19036 ; free virtual = 34080

Router Utilization Summary
  Global Vertical Routing Utilization    = 2.86219 %
  Global Horizontal Routing Utilization  = 2.88896 %
  Routable Net Status*
  *Does not include unroutable nets such as driverless and loadless.
  Run report_route_status for detailed report.
  Number of Failed Nets               = 340
    (Failed Nets is the sum of unrouted and partially routed nets)
  Number of Unrouted Nets             = 122
  Number of Partially Routed Nets     = 218
  Number of Node Overlaps             = 0

Phase 14 Router Initialization | Checksum: 1af480563

Time (s): cpu = 00:05:00 ; elapsed = 00:02:05 . Memory (MB): peak = 3148.398 ; gain = 112.613 ; free physical = 19021 ; free virtual = 34065

Phase 15 Global Routing
Phase 15 Global Routing | Checksum: 1af480563

Time (s): cpu = 00:05:00 ; elapsed = 00:02:05 . Memory (MB): peak = 3148.398 ; gain = 112.613 ; free physical = 19021 ; free virtual = 34065

Phase 16 Initial Routing

Phase 16.1 Initial Net Routing Pass
Phase 16.1 Initial Net Routing Pass | Checksum: 13ca0ba39

Time (s): cpu = 00:05:01 ; elapsed = 00:02:06 . Memory (MB): peak = 3148.398 ; gain = 112.613 ; free physical = 19020 ; free virtual = 34065
Phase 16 Initial Routing | Checksum: 13ca0ba39

Time (s): cpu = 00:05:01 ; elapsed = 00:02:06 . Memory (MB): peak = 3148.398 ; gain = 112.613 ; free physical = 19020 ; free virtual = 34065

Phase 17 Rip-up And Reroute

Phase 17.1 Global Iteration 0
 Number of Nodes with overlaps = 2849
 Number of Nodes with overlaps = 1771
 Number of Nodes with overlaps = 768
 Number of Nodes with overlaps = 393
 Number of Nodes with overlaps = 162
 Number of Nodes with overlaps = 82
 Number of Nodes with overlaps = 29
 Number of Nodes with overlaps = 14
 Number of Nodes with overlaps = 6
 Number of Nodes with overlaps = 0
INFO: [Route 35-416] Intermediate Timing Summary | WNS=0.024  | TNS=0.000  | WHS=N/A    | THS=N/A    |

Phase 17.1 Global Iteration 0 | Checksum: 22246868a

Time (s): cpu = 00:05:25 ; elapsed = 00:02:23 . Memory (MB): peak = 3148.398 ; gain = 112.613 ; free physical = 19030 ; free virtual = 34074
Phase 17 Rip-up And Reroute | Checksum: 22246868a

Time (s): cpu = 00:05:25 ; elapsed = 00:02:23 . Memory (MB): peak = 3148.398 ; gain = 112.613 ; free physical = 19030 ; free virtual = 34074

Phase 18 Delay and Skew Optimization

Phase 18.1 TNS Cleanup

Phase 18.1.1 Delay CleanUp

Phase 18.1.1.1 Update Timing
Phase 18.1.1.1 Update Timing | Checksum: 2ca839201

Time (s): cpu = 00:05:26 ; elapsed = 00:02:24 . Memory (MB): peak = 3148.398 ; gain = 112.613 ; free physical = 19030 ; free virtual = 34074
INFO: [Route 35-416] Intermediate Timing Summary | WNS=0.024  | TNS=0.000  | WHS=N/A    | THS=N/A    |

Phase 18.1.1 Delay CleanUp | Checksum: 2ca839201

Time (s): cpu = 00:05:26 ; elapsed = 00:02:24 . Memory (MB): peak = 3148.398 ; gain = 112.613 ; free physical = 19030 ; free virtual = 34074
Phase 18.1 TNS Cleanup | Checksum: 2ca839201

Time (s): cpu = 00:05:26 ; elapsed = 00:02:24 . Memory (MB): peak = 3148.398 ; gain = 112.613 ; free physical = 19030 ; free virtual = 34074

Phase 18.2 Clock Skew Optimization
Phase 18.2 Clock Skew Optimization | Checksum: 2ca839201

Time (s): cpu = 00:05:26 ; elapsed = 00:02:24 . Memory (MB): peak = 3148.398 ; gain = 112.613 ; free physical = 19030 ; free virtual = 34074
Phase 18 Delay and Skew Optimization | Checksum: 2ca839201

Time (s): cpu = 00:05:26 ; elapsed = 00:02:24 . Memory (MB): peak = 3148.398 ; gain = 112.613 ; free physical = 19030 ; free virtual = 34074

Phase 19 Post Hold Fix

Phase 19.1 Hold Fix Iter
INFO: [Route 35-416] Intermediate Timing Summary | WNS=0.024  | TNS=0.000  | WHS=0.061  | THS=0.000  |

Phase 19.1 Hold Fix Iter | Checksum: 22b8d13ff

Time (s): cpu = 00:05:27 ; elapsed = 00:02:24 . Memory (MB): peak = 3148.398 ; gain = 112.613 ; free physical = 19029 ; free virtual = 34074
Phase 19 Post Hold Fix | Checksum: 22b8d13ff

Time (s): cpu = 00:05:28 ; elapsed = 00:02:24 . Memory (MB): peak = 3148.398 ; gain = 112.613 ; free physical = 19029 ; free virtual = 34074

Phase 20 Timing Verification

Phase 20.1 Update Timing
Phase 20.1 Update Timing | Checksum: 22b8d13ff

Time (s): cpu = 00:05:29 ; elapsed = 00:02:24 . Memory (MB): peak = 3148.398 ; gain = 112.613 ; free physical = 19030 ; free virtual = 34074
INFO: [Route 35-416] Intermediate Timing Summary | WNS=0.024  | TNS=0.000  | WHS=0.061  | THS=0.000  |

Phase 20 Timing Verification | Checksum: 22b8d13ff

Time (s): cpu = 00:05:29 ; elapsed = 00:02:24 . Memory (MB): peak = 3148.398 ; gain = 112.613 ; free physical = 19030 ; free virtual = 34074

Phase 21 Route finalize

Router Utilization Summary
  Global Vertical Routing Utilization    = 2.8185 %
  Global Horizontal Routing Utilization  = 2.83437 %
  Routable Net Status*
  *Does not include unroutable nets such as driverless and loadless.
  Run report_route_status for detailed report.
  Number of Failed Nets               = 0
    (Failed Nets is the sum of unrouted and partially routed nets)
  Number of Unrouted Nets             = 0
  Number of Partially Routed Nets     = 0
  Number of Node Overlaps             = 0

Phase 21 Route finalize | Checksum: 22b8d13ff

Time (s): cpu = 00:05:29 ; elapsed = 00:02:24 . Memory (MB): peak = 3148.398 ; gain = 112.613 ; free physical = 19030 ; free virtual = 34074

Phase 22 Verifying routed nets

 Verification completed successfully
Phase 22 Verifying routed nets | Checksum: 22b8d13ff

Time (s): cpu = 00:05:29 ; elapsed = 00:02:24 . Memory (MB): peak = 3148.398 ; gain = 112.613 ; free physical = 19030 ; free virtual = 34074

Phase 23 Depositing Routes
Phase 23 Depositing Routes | Checksum: 1c8e9f594

Time (s): cpu = 00:05:30 ; elapsed = 00:02:25 . Memory (MB): peak = 3148.398 ; gain = 112.613 ; free physical = 19030 ; free virtual = 34074

Phase 24 Post Process Routing
Phase 24 Post Process Routing | Checksum: 1c8e9f594

Time (s): cpu = 00:05:30 ; elapsed = 00:02:25 . Memory (MB): peak = 3148.398 ; gain = 112.613 ; free physical = 19029 ; free virtual = 34074

Phase 25 Post Router Timing
INFO: [Route 35-20] Post Routing Timing Summary | WNS=0.037  | TNS=0.000  | WHS=0.061  | THS=0.000  |

Phase 25 Post Router Timing | Checksum: 20b92af39

Time (s): cpu = 00:05:48 ; elapsed = 00:02:31 . Memory (MB): peak = 3148.398 ; gain = 112.613 ; free physical = 19029 ; free virtual = 34073
INFO: [Route 35-61] The design met the timing requirement.
Total Elapsed time in route_design: 151.02 secs

Phase 26 Post-Route Event Processing
Phase 26 Post-Route Event Processing | Checksum: 1717856dc

Time (s): cpu = 00:05:48 ; elapsed = 00:02:31 . Memory (MB): peak = 3148.398 ; gain = 112.613 ; free physical = 19029 ; free virtual = 34073
INFO: [Route 35-16] Router Completed Successfully
Ending Routing Task | Checksum: 1717856dc

Time (s): cpu = 00:05:48 ; elapsed = 00:02:31 . Memory (MB): peak = 3148.398 ; gain = 112.613 ; free physical = 19029 ; free virtual = 34073

Routing Is Done.
INFO: [Common 17-83] Releasing license: Implementation
121 Infos, 0 Warnings, 0 Critical Warnings and 0 Errors encountered.
route_design completed successfully
route_design: Time (s): cpu = 00:05:48 ; elapsed = 00:02:31 . Memory (MB): peak = 3148.398 ; gain = 112.613 ; free physical = 19032 ; free virtual = 34077
INFO: [Vivado 12-24828] Executing command : report_drc -file RV64IM72F5SPSoCTOP_drc_routed.rpt -pb RV64IM72F5SPSoCTOP_drc_routed.pb -rpx RV64IM72F5SPSoCTOP_drc_routed.rpx
Command: report_drc -file RV64IM72F5SPSoCTOP_drc_routed.rpt -pb RV64IM72F5SPSoCTOP_drc_routed.pb -rpx RV64IM72F5SPSoCTOP_drc_routed.rpx
INFO: [IP_Flow 19-1839] IP Catalog is up to date.
INFO: [DRC 23-27] Running DRC with 8 threads
INFO: [Vivado_Tcl 2-168] The results of DRC are in file /home/khwl/Desktop/RV-IM100/RV32s/SoCs/RV32IM_6SP/RV64IM72F_6SP.runs/impl_1/RV64IM72F5SPSoCTOP_drc_routed.rpt.
report_drc completed successfully
INFO: [Vivado 12-24828] Executing command : report_methodology -file RV64IM72F5SPSoCTOP_methodology_drc_routed.rpt -pb RV64IM72F5SPSoCTOP_methodology_drc_routed.pb -rpx RV64IM72F5SPSoCTOP_methodology_drc_routed.rpx
Command: report_methodology -file RV64IM72F5SPSoCTOP_methodology_drc_routed.rpt -pb RV64IM72F5SPSoCTOP_methodology_drc_routed.pb -rpx RV64IM72F5SPSoCTOP_methodology_drc_routed.rpx
INFO: [Timing 38-35] Done setting XDC timing constraints.
INFO: [DRC 23-133] Running Methodology with 8 threads
INFO: [Vivado_Tcl 2-1520] The results of Report Methodology are in file /home/khwl/Desktop/RV-IM100/RV32s/SoCs/RV32IM_6SP/RV64IM72F_6SP.runs/impl_1/RV64IM72F5SPSoCTOP_methodology_drc_routed.rpt.
report_methodology completed successfully
INFO: [Vivado 12-24828] Executing command : report_timing_summary -max_paths 10 -routable_nets -report_unconstrained -file RV64IM72F5SPSoCTOP_timing_summary_routed.rpt -pb RV64IM72F5SPSoCTOP_timing_summary_routed.pb -rpx RV64IM72F5SPSoCTOP_timing_summary_routed.rpx
INFO: [Timing 38-35] Done setting XDC timing constraints.
INFO: [Timing 38-91] UpdateTimingParams: Speed grade: -1, Delay Type: min_max.
INFO: [Timing 38-191] Multithreading enabled for timing update using a maximum of 8 CPUs
INFO: [Vivado 12-24838] Running report commands "report_bus_skew, report_incremental_reuse, report_route_status" in parallel.
Running report generation with 3 threads.
INFO: [Vivado 12-24828] Executing command : report_incremental_reuse -file RV64IM72F5SPSoCTOP_incremental_reuse_routed.rpt
INFO: [Vivado_Tcl 4-1062] Incremental flow is disabled. No incremental reuse Info to report.
INFO: [Vivado 12-24828] Executing command : report_bus_skew -warn_on_violation -file RV64IM72F5SPSoCTOP_bus_skew_routed.rpt -pb RV64IM72F5SPSoCTOP_bus_skew_routed.pb -rpx RV64IM72F5SPSoCTOP_bus_skew_routed.rpx
INFO: [Timing 38-91] UpdateTimingParams: Speed grade: -1, Delay Type: min_max.
INFO: [Timing 38-191] Multithreading enabled for timing update using a maximum of 8 CPUs
INFO: [Vivado 12-24828] Executing command : report_route_status -file RV64IM72F5SPSoCTOP_route_status.rpt -pb RV64IM72F5SPSoCTOP_route_status.pb
INFO: [Vivado 12-24828] Executing command : report_power -file RV64IM72F5SPSoCTOP_power_routed.rpt -pb RV64IM72F5SPSoCTOP_power_summary_routed.pb -rpx RV64IM72F5SPSoCTOP_power_routed.rpx
Command: report_power -file RV64IM72F5SPSoCTOP_power_routed.rpt -pb RV64IM72F5SPSoCTOP_power_summary_routed.pb -rpx RV64IM72F5SPSoCTOP_power_routed.rpx
Running Vector-less Activity Propagation...

Finished Running Vector-less Activity Propagation
141 Infos, 0 Warnings, 0 Critical Warnings and 0 Errors encountered.
report_power completed successfully
INFO: [Vivado 12-24828] Executing command : report_clock_utilization -file RV64IM72F5SPSoCTOP_clock_utilization_routed.rpt
generate_parallel_reports: Time (s): cpu = 00:00:29 ; elapsed = 00:00:07 . Memory (MB): peak = 3215.547 ; gain = 67.148 ; free physical = 19015 ; free virtual = 34067
INFO: [Timing 38-480] Writing timing data to binary archive.
Wrote PlaceDB: Time (s): cpu = 00:00:00 ; elapsed = 00:00:00 . Memory (MB): peak = 3215.547 ; gain = 0.000 ; free physical = 19020 ; free virtual = 34073
Wrote PulsedLatchDB: Time (s): cpu = 00:00:00 ; elapsed = 00:00:00 . Memory (MB): peak = 3215.547 ; gain = 0.000 ; free physical = 19020 ; free virtual = 34073
Writing XDEF routing.
Writing XDEF routing logical nets.
Write ShapeDB Complete: Time (s): cpu = 00:00:00.15 ; elapsed = 00:00:00.03 . Memory (MB): peak = 3215.547 ; gain = 0.000 ; free physical = 19016 ; free virtual = 34071
Writing XDEF routing special nets.
Wrote RouteStorage: Time (s): cpu = 00:00:00.42 ; elapsed = 00:00:00.08 . Memory (MB): peak = 3215.547 ; gain = 0.000 ; free physical = 19011 ; free virtual = 34071
Wrote PlaceStorage: Time (s): cpu = 00:00:00.46 ; elapsed = 00:00:00.28 . Memory (MB): peak = 3215.547 ; gain = 0.000 ; free physical = 18993 ; free virtual = 34067
Wrote Netlist Cache: Time (s): cpu = 00:00:00.01 ; elapsed = 00:00:00.01 . Memory (MB): peak = 3215.547 ; gain = 0.000 ; free physical = 18985 ; free virtual = 34061
Wrote Device Cache: Time (s): cpu = 00:00:00 ; elapsed = 00:00:00 . Memory (MB): peak = 3215.547 ; gain = 0.000 ; free physical = 18985 ; free virtual = 34061
Write Physdb Complete: Time (s): cpu = 00:00:00.89 ; elapsed = 00:00:00.37 . Memory (MB): peak = 3215.547 ; gain = 0.000 ; free physical = 18985 ; free virtual = 34061
INFO: [Common 17-1381] The checkpoint '/home/khwl/Desktop/RV-IM100/RV32s/SoCs/RV32IM_6SP/RV64IM72F_6SP.runs/impl_1/RV64IM72F5SPSoCTOP_routed.dcp' has been generated.
Command: phys_opt_design -directive Explore
Attempting to get a license for feature 'Implementation' and/or device 'xc7a200t'
INFO: [Common 17-349] Got license for feature 'Implementation' and/or device 'xc7a200t'
INFO: [Vivado_Tcl 4-241] Physical synthesis in post route mode 
INFO: [Vivado_Tcl 4-137] Directive used for phys_opt_design is: Explore
INFO: [Vivado_Tcl 4-2279] Estimated Timing Summary | WNS= 0.037 | TNS= 0.000 | 
INFO: [Vivado_Tcl 4-383] Design worst setup slack (WNS) is greater than or equal to 0.000 ns. All physical synthesis setup optimizations will be skipped.
INFO: [Vivado_Tcl 4-232] No setup violation found. The netlist was not modified.
INFO: [Common 17-83] Releasing license: Implementation
151 Infos, 0 Warnings, 0 Critical Warnings and 0 Errors encountered.
phys_opt_design completed successfully
INFO: [Vivado 12-24828] Executing command : report_timing_summary -max_paths 10 -report_unconstrained -warn_on_violation -file RV64IM72F5SPSoCTOP_timing_summary_postroute_physopted.rpt -pb RV64IM72F5SPSoCTOP_timing_summary_postroute_physopted.pb -rpx RV64IM72F5SPSoCTOP_timing_summary_postroute_physopted.rpx
INFO: [Timing 38-91] UpdateTimingParams: Speed grade: -1, Delay Type: min_max.
INFO: [Timing 38-191] Multithreading enabled for timing update using a maximum of 8 CPUs
INFO: [Vivado 12-24828] Executing command : report_bus_skew -warn_on_violation -file RV64IM72F5SPSoCTOP_bus_skew_postroute_physopted.rpt -pb RV64IM72F5SPSoCTOP_bus_skew_postroute_physopted.pb -rpx RV64IM72F5SPSoCTOP_bus_skew_postroute_physopted.rpx
INFO: [Timing 38-91] UpdateTimingParams: Speed grade: -1, Delay Type: min_max.
INFO: [Timing 38-191] Multithreading enabled for timing update using a maximum of 8 CPUs
INFO: [Timing 38-480] Writing timing data to binary archive.
Wrote PlaceDB: Time (s): cpu = 00:00:00 ; elapsed = 00:00:00 . Memory (MB): peak = 3215.547 ; gain = 0.000 ; free physical = 19007 ; free virtual = 34066
Wrote PulsedLatchDB: Time (s): cpu = 00:00:00 ; elapsed = 00:00:00 . Memory (MB): peak = 3215.547 ; gain = 0.000 ; free physical = 19007 ; free virtual = 34066
Writing XDEF routing.
Writing XDEF routing logical nets.
Write ShapeDB Complete: Time (s): cpu = 00:00:00.16 ; elapsed = 00:00:00.04 . Memory (MB): peak = 3215.547 ; gain = 0.000 ; free physical = 19001 ; free virtual = 34064
Writing XDEF routing special nets.
Wrote RouteStorage: Time (s): cpu = 00:00:00.41 ; elapsed = 00:00:00.08 . Memory (MB): peak = 3215.547 ; gain = 0.000 ; free physical = 18995 ; free virtual = 34064
Wrote PlaceStorage: Time (s): cpu = 00:00:00.49 ; elapsed = 00:00:00.28 . Memory (MB): peak = 3215.547 ; gain = 0.000 ; free physical = 18982 ; free virtual = 34064
Wrote Netlist Cache: Time (s): cpu = 00:00:00 ; elapsed = 00:00:00.01 . Memory (MB): peak = 3215.547 ; gain = 0.000 ; free physical = 18981 ; free virtual = 34064
Wrote Device Cache: Time (s): cpu = 00:00:00 ; elapsed = 00:00:00 . Memory (MB): peak = 3215.547 ; gain = 0.000 ; free physical = 18978 ; free virtual = 34062
Write Physdb Complete: Time (s): cpu = 00:00:00.91 ; elapsed = 00:00:00.37 . Memory (MB): peak = 3215.547 ; gain = 0.000 ; free physical = 18978 ; free virtual = 34062
INFO: [Common 17-1381] The checkpoint '/home/khwl/Desktop/RV-IM100/RV32s/SoCs/RV32IM_6SP/RV64IM72F_6SP.runs/impl_1/RV64IM72F5SPSoCTOP_postroute_physopt.dcp' has been generated.
INFO: [Common 17-206] Exiting Vivado at Fri Mar  6 18:01:49 2026...

*** Running vivado
    with args -log RV64IM72F5SPSoCTOP.vdi -applog -m64 -product Vivado -messageDb vivado.pb -mode batch -source RV64IM72F5SPSoCTOP.tcl -notrace


****** Vivado v2025.2 (64-bit)
  **** SW Build 6299465 on Fri Nov 14 12:34:56 MST 2025
  **** IP Build 6300035 on Fri Nov 14 10:48:45 MST 2025
  **** SharedData Build 6298862 on Thu Nov 13 04:50:51 MST 2025
  **** Start of session at: Fri Mar  6 18:01:58 2026
    ** Copyright 1986-2022 Xilinx, Inc. All Rights Reserved.
    ** Copyright 2022-2025 Advanced Micro Devices, Inc. All Rights Reserved.

source RV64IM72F5SPSoCTOP.tcl -notrace
Command: open_checkpoint RV64IM72F5SPSoCTOP_postroute_physopt.dcp
INFO: [Device 21-403] Loading part xc7a200tsbg484-1
Netlist sorting complete. Time (s): cpu = 00:00:00.02 ; elapsed = 00:00:00.03 . Memory (MB): peak = 1788.867 ; gain = 0.000 ; free physical = 20219 ; free virtual = 35289
INFO: [Netlist 29-17] Analyzing 2920 Unisim elements for replacement
INFO: [Netlist 29-28] Unisim Transformation completed in 0 CPU seconds
INFO: [Project 1-479] Netlist was created with Vivado 2025.2
INFO: [Project 1-570] Preparing netlist for logic optimization
Read ShapeDB Complete: Time (s): cpu = 00:00:00.02 ; elapsed = 00:00:00.02 . Memory (MB): peak = 1888.773 ; gain = 5.250 ; free physical = 20094 ; free virtual = 35164
INFO: [Timing 38-478] Restoring timing data from binary archive.
INFO: [Timing 38-479] Binary timing data restore complete.
INFO: [Project 1-856] Restoring constraints from binary archive.
INFO: [Project 1-853] Binary constraint restore complete.
INFO: [Designutils 20-5722] Start Reading Physical Databases.
Reading placement.
Read Netlist Cache: Time (s): cpu = 00:00:00.01 ; elapsed = 00:00:00 . Memory (MB): peak = 2494.438 ; gain = 0.000 ; free physical = 19562 ; free virtual = 34631
Reading placer database...
Read Device Cache: Time (s): cpu = 00:00:00 ; elapsed = 00:00:00.01 . Memory (MB): peak = 2494.438 ; gain = 0.000 ; free physical = 19562 ; free virtual = 34631
Read PlaceDB: Time (s): cpu = 00:00:00 ; elapsed = 00:00:00 . Memory (MB): peak = 2494.438 ; gain = 0.000 ; free physical = 19562 ; free virtual = 34631
Read placeStorage: Time (s): cpu = 00:00:00.17 ; elapsed = 00:00:00.18 . Memory (MB): peak = 2494.438 ; gain = 0.000 ; free physical = 19554 ; free virtual = 34624
Read PulsedLatchDB: Time (s): cpu = 00:00:00 ; elapsed = 00:00:00 . Memory (MB): peak = 2494.438 ; gain = 0.000 ; free physical = 19554 ; free virtual = 34624
Reading routing.
Read RouteStorage: Time (s): cpu = 00:00:00.2 ; elapsed = 00:00:00.06 . Memory (MB): peak = 2497.438 ; gain = 3.000 ; free physical = 19546 ; free virtual = 34615
Read Physdb Files: Time (s): cpu = 00:00:00.4 ; elapsed = 00:00:00.26 . Memory (MB): peak = 2497.438 ; gain = 3.000 ; free physical = 19546 ; free virtual = 34615
Restored from archive | CPU: 0.420000 secs | Memory: 17.389000 MB |
Finished XDEF File Restore: Time (s): cpu = 00:00:00.41 ; elapsed = 00:00:00.28 . Memory (MB): peak = 2497.438 ; gain = 10.938 ; free physical = 19546 ; free virtual = 34615
Netlist sorting complete. Time (s): cpu = 00:00:00 ; elapsed = 00:00:00 . Memory (MB): peak = 2505.438 ; gain = 0.000 ; free physical = 19538 ; free virtual = 34608
INFO: [Project 1-111] Unisim Transformation Summary:
  A total of 1038 instances were transformed.
  RAM256X1S => RAM256X1S (MUXF7(x2), MUXF8, RAMS64E(x4)): 1024 instances
  RAM32M => RAM32M (RAMD32(x6), RAMS32(x2)): 10 instances
  RAM32X1D => RAM32X1D (RAMD32(x2)): 4 instances

INFO: [Project 1-604] Checkpoint was created with Vivado v2025.2 (64-bit) build 6299465
open_checkpoint: Time (s): cpu = 00:00:10 ; elapsed = 00:00:06 . Memory (MB): peak = 2513.473 ; gain = 1020.617 ; free physical = 19538 ; free virtual = 34608
Command: write_bitstream -force RV64IM72F5SPSoCTOP.bit
Attempting to get a license for feature 'Implementation' and/or device 'xc7a200t'
INFO: [Common 17-349] Got license for feature 'Implementation' and/or device 'xc7a200t'
Running DRC as a precondition to command write_bitstream
INFO: [IP_Flow 19-234] Refreshing IP repositories
INFO: [IP_Flow 19-1704] No user IP repositories specified
INFO: [IP_Flow 19-2313] Loaded Vivado IP repository '/tools/Xilinx/2025.2/data/ip'.
INFO: [DRC 23-27] Running DRC with 8 threads
INFO: [Vivado 12-3199] DRC finished with 0 Errors
INFO: [Vivado 12-3200] Please refer to the DRC report (report_drc) for more information.
Integrating Hard IP ELF/MEM with the PDI.
INFO: [Designutils 20-2272] Running write_bitstream with 8 threads.
Loading data files...
Loading site data...
Loading route data...
Processing options...
Creating bitmap...
Creating bitstream...
Bitstream compression saved 61247904 bits.
Writing bitstream ./RV64IM72F5SPSoCTOP.bit...
INFO: [Vivado 12-1842] Bitgen Completed Successfully.
INFO: [Common 17-83] Releasing license: Implementation
22 Infos, 0 Warnings, 0 Critical Warnings and 0 Errors encountered.
write_bitstream completed successfully
write_bitstream: Time (s): cpu = 00:00:18 ; elapsed = 00:00:26 . Memory (MB): peak = 3076.141 ; gain = 562.668 ; free physical = 18956 ; free virtual = 34023
INFO: [Common 17-206] Exiting Vivado at Fri Mar  6 18:02:32 2026...
