Copyright 1986-2022 Xilinx, Inc. All Rights Reserved. Copyright 2022-2025 Advanced Micro Devices, Inc. All Rights Reserved.
---------------------------------------------------------------------------------------------------------------------------------------------
| Tool Version : Vivado v.2025.2 (lin64) Build 6299465 Fri Nov 14 12:34:56 MST 2025
| Date         : Fri Mar  6 17:59:06 2026
| Host         : khwl-ThinkPad-X1-Carbon-Gen-13 running 64-bit Ubuntu 24.04.4 LTS
| Command      : report_control_sets -verbose -file RV64IM72F5SPSoCTOP_control_sets_placed.rpt
| Design       : RV64IM72F5SPSoCTOP
| Device       : xc7a200t
---------------------------------------------------------------------------------------------------------------------------------------------

Control Set Information

Table of Contents
-----------------
1. Summary
2. Histogram
3. Flip-Flop Distribution
4. Detailed Control Set Information

1. Summary
----------

+----------------------------------------------------------+-------+
|                          Status                          | Count |
+----------------------------------------------------------+-------+
| Total control sets                                       |    59 |
|    Minimum number of control sets                        |    59 |
|    Addition due to synthesis replication                 |     0 |
|    Addition due to physical synthesis replication        |     0 |
| Unused register locations in slices containing registers |    91 |
+----------------------------------------------------------+-------+
* Control sets can be merged at opt_design using control_set_merge or merge_equivalent_drivers
** Run report_qor_suggestions for automated merging and remapping suggestions


2. Histogram
------------

+--------------------+-------+
|       Fanout       | Count |
+--------------------+-------+
| Total control sets |    59 |
| >= 0 to < 4        |     2 |
| >= 4 to < 6        |     3 |
| >= 6 to < 8        |     0 |
| >= 8 to < 10       |     3 |
| >= 10 to < 12      |     0 |
| >= 12 to < 14      |     0 |
| >= 14 to < 16      |     0 |
| >= 16              |    51 |
+--------------------+-------+
* Control sets can be remapped at either synth_design or opt_design


3. Flip-Flop Distribution
-------------------------

+--------------+-----------------------+------------------------+-----------------+--------------+
| Clock Enable | Synchronous Set/Reset | Asynchronous Set/Reset | Total Registers | Total Slices |
+--------------+-----------------------+------------------------+-----------------+--------------+
| No           | No                    | No                     |               0 |            0 |
| No           | No                    | Yes                    |              39 |           18 |
| No           | Yes                   | No                     |               0 |            0 |
| Yes          | No                    | No                     |               0 |            0 |
| Yes          | No                    | Yes                    |            2342 |         1033 |
| Yes          | Yes                   | No                     |               0 |            0 |
+--------------+-----------------------+------------------------+-----------------+--------------+


4. Detailed Control Set Information
-----------------------------------

+------------------------+---------------------------------------------------------------+------------------+------------------+----------------+--------------+
|      Clock Signal      |                         Enable Signal                         | Set/Reset Signal | Slice Load Count | Bel Load Count | Bels / Slice |
+------------------------+---------------------------------------------------------------+------------------+------------------+----------------+--------------+
|  clk_gen/inst/clk_out1 | uart_tx/tx_i_1_n_0                                            | internal_reset   |                1 |              1 |         1.00 |
|  clk_gen/inst/clk_out1 |                                                               | reset            |                1 |              3 |         3.00 |
|  clk_gen/inst/clk_out1 | rv64im72f_6sp/alu/divider_word/FSM_onehot_state[3]_i_1_n_0    | internal_reset   |                2 |              4 |         2.00 |
|  clk_gen/inst/clk_out1 | rv64im72f_6sp/alu/multiplier_word/FSM_onehot_stage[3]_i_1_n_0 | internal_reset   |                1 |              4 |         4.00 |
|  clk_gen/inst/clk_out1 | uart_tx/bit_counter[3]_i_1_n_0                                | internal_reset   |                2 |              4 |         2.00 |
|  clk_gen/inst/clk_out1 | rv64im72f_6sp/ex_mem_register/E[0]                            | internal_reset   |                2 |              8 |         4.00 |
|  clk_gen/inst/clk_out1 | mmio_interface/mmio_uart_tx_start_reg_0[0]                    | internal_reset   |                4 |              9 |         2.25 |
|  clk_gen/inst/clk_out1 | uart_tx/shift_reg[8]_i_1_n_0                                  | internal_reset   |                3 |              9 |         3.00 |
|  clk_gen/inst/clk_out1 | rv64im72f_6sp/mem_wb_register/WB_raw_imm_reg[4]_0[0]          | internal_reset   |               12 |             32 |         2.67 |
|  clk_gen/inst/clk_out1 | rv64im72f_6sp/exception_detector/csr_processing_reg[0]        | internal_reset   |               17 |             32 |         1.88 |
|  clk_gen/inst/clk_out1 | rv64im72f_6sp/mem_wb_register/E[0]                            | internal_reset   |               13 |             32 |         2.46 |
|  clk_gen/inst/clk_out1 | rv64im72f_6sp/mem_wb_register/WB_raw_imm_reg[7]_0[0]          | internal_reset   |               13 |             32 |         2.46 |
|  clk_gen/inst/clk_out1 | rv64im72f_6sp/alu/divider_word/quotient_sign4_out             | internal_reset   |               11 |             34 |         3.09 |
|  clk_gen/inst/clk_out1 | rv64im72f_6sp/id_ex_register/E[0]                             | internal_reset   |               23 |             34 |         1.48 |
|  clk_gen/inst/clk_out1 |                                                               | internal_reset   |               17 |             36 |         2.12 |
|  clk_gen/inst/clk_out1 | rv64im72f_6sp/alu/multiplier_word/cpu_clk_enable_reg          | internal_reset   |               13 |             37 |         2.85 |
|  clk_gen/inst/clk_out1 | rv64im72f_6sp/alu/multiplier_word/prod_low[31]_i_1_n_0        | internal_reset   |               19 |             64 |         3.37 |
|  clk_gen/inst/clk_out1 | rv64im72f_6sp/csr_file/minstret[0]                            | internal_reset   |               17 |             64 |         3.76 |
|  clk_gen/inst/clk_out1 | rv64im72f_6sp/alu/divider_word/quotient_reg[31]_i_1_n_0       | internal_reset   |               23 |             64 |         2.78 |
|  clk_gen/inst/clk_out1 | rv64im72f_6sp/alu/multiplier_word/result_sign_s11_out         | internal_reset   |               25 |             65 |         2.60 |
|  clk_gen/inst/clk_out1 | rv64im72f_6sp/alu/divider_word/bit_counter[5]_i_1_n_0         | internal_reset   |               29 |             70 |         2.41 |
|  clk_gen/inst/clk_out1 | rv64im72f_6sp/mem_wb_register/p_0_in2_out                     |                  |               11 |             88 |         8.00 |
|  clk_gen/inst/clk_out1 | rv64im72f_6sp/ex_mem_register/MEM_alu_result_reg[13]_0        |                  |               32 |            128 |         4.00 |
|  clk_gen/inst/clk_out1 | rv64im72f_6sp/ex_mem_register/MEM_alu_result_reg[13]_1        |                  |               32 |            128 |         4.00 |
|  clk_gen/inst/clk_out1 | rv64im72f_6sp/ex_mem_register/MEM_alu_result_reg[13]_2        |                  |               32 |            128 |         4.00 |
|  clk_gen/inst/clk_out1 | rv64im72f_6sp/ex_mem_register/MEM_alu_result_reg[13]_3        |                  |               32 |            128 |         4.00 |
|  clk_gen/inst/clk_out1 | rv64im72f_6sp/ex_mem_register/MEM_alu_result_reg[13]_4        |                  |               32 |            128 |         4.00 |
|  clk_gen/inst/clk_out1 | rv64im72f_6sp/ex_mem_register/MEM_alu_result_reg[13]_5        |                  |               32 |            128 |         4.00 |
|  clk_gen/inst/clk_out1 | rv64im72f_6sp/ex_mem_register/MEM_alu_result_reg[14]_0        |                  |               32 |            128 |         4.00 |
|  clk_gen/inst/clk_out1 | rv64im72f_6sp/ex_mem_register/MEM_alu_result_reg[14]_1        |                  |               32 |            128 |         4.00 |
|  clk_gen/inst/clk_out1 | rv64im72f_6sp/ex_mem_register/MEM_alu_result_reg[14]_2        |                  |               32 |            128 |         4.00 |
|  clk_gen/inst/clk_out1 | rv64im72f_6sp/ex_mem_register/MEM_alu_result_reg[14]_3        |                  |               32 |            128 |         4.00 |
|  clk_gen/inst/clk_out1 | rv64im72f_6sp/ex_mem_register/MEM_alu_result_reg[12]_5        |                  |               32 |            128 |         4.00 |
|  clk_gen/inst/clk_out1 | rv64im72f_6sp/ex_mem_register/MEM_alu_result_reg[11]_rep__5_4 |                  |               32 |            128 |         4.00 |
|  clk_gen/inst/clk_out1 | rv64im72f_6sp/ex_mem_register/MEM_alu_result_reg[10]_rep__7_4 |                  |               32 |            128 |         4.00 |
|  clk_gen/inst/clk_out1 | rv64im72f_6sp/ex_mem_register/MEM_alu_result_reg[10]_rep__7_5 |                  |               32 |            128 |         4.00 |
|  clk_gen/inst/clk_out1 | rv64im72f_6sp/ex_mem_register/MEM_alu_result_reg[10]_rep__7_6 |                  |               32 |            128 |         4.00 |
|  clk_gen/inst/clk_out1 | rv64im72f_6sp/ex_mem_register/MEM_alu_result_reg[11]_rep__5_1 |                  |               32 |            128 |         4.00 |
|  clk_gen/inst/clk_out1 | rv64im72f_6sp/ex_mem_register/MEM_alu_result_reg[11]_rep__5_2 |                  |               32 |            128 |         4.00 |
|  clk_gen/inst/clk_out1 | rv64im72f_6sp/ex_mem_register/MEM_alu_result_reg[10]_rep__7_3 |                  |               32 |            128 |         4.00 |
|  clk_gen/inst/clk_out1 | rv64im72f_6sp/ex_mem_register/MEM_alu_result_reg[10]_rep__7_2 |                  |               32 |            128 |         4.00 |
|  clk_gen/inst/clk_out1 | rv64im72f_6sp/ex_mem_register/MEM_alu_result_reg[11]_rep__5_3 |                  |               32 |            128 |         4.00 |
|  clk_gen/inst/clk_out1 | rv64im72f_6sp/ex_mem_register/MEM_alu_result_reg[12]_9        |                  |               32 |            128 |         4.00 |
|  clk_gen/inst/clk_out1 | rv64im72f_6sp/ex_mem_register/MEM_alu_result_reg[10]_rep__7_1 |                  |               32 |            128 |         4.00 |
|  clk_gen/inst/clk_out1 | rv64im72f_6sp/ex_mem_register/MEM_alu_result_reg[11]_rep__5_5 |                  |               32 |            128 |         4.00 |
|  clk_gen/inst/clk_out1 | rv64im72f_6sp/ex_mem_register/MEM_alu_result_reg[11]_rep__5_6 |                  |               32 |            128 |         4.00 |
|  clk_gen/inst/clk_out1 | rv64im72f_6sp/ex_mem_register/MEM_alu_result_reg[12]_0        |                  |               32 |            128 |         4.00 |
|  clk_gen/inst/clk_out1 | rv64im72f_6sp/ex_mem_register/MEM_alu_result_reg[12]_1        |                  |               32 |            128 |         4.00 |
|  clk_gen/inst/clk_out1 | rv64im72f_6sp/ex_mem_register/MEM_alu_result_reg[12]_2        |                  |               32 |            128 |         4.00 |
|  clk_gen/inst/clk_out1 | rv64im72f_6sp/ex_mem_register/MEM_alu_result_reg[12]_3        |                  |               32 |            128 |         4.00 |
|  clk_gen/inst/clk_out1 | rv64im72f_6sp/ex_mem_register/MEM_alu_result_reg[12]_4        |                  |               32 |            128 |         4.00 |
|  clk_gen/inst/clk_out1 | rv64im72f_6sp/ex_mem_register/MEM_alu_result_reg[12]_6        |                  |               32 |            128 |         4.00 |
|  clk_gen/inst/clk_out1 | rv64im72f_6sp/ex_mem_register/MEM_alu_result_reg[12]_7        |                  |               32 |            128 |         4.00 |
|  clk_gen/inst/clk_out1 | rv64im72f_6sp/ex_mem_register/MEM_alu_result_reg[12]_8        |                  |               32 |            128 |         4.00 |
|  clk_gen/inst/clk_out1 | rv64im72f_6sp/exception_detector/E[0]                         | internal_reset   |               82 |            228 |         2.78 |
|  clk_gen/inst/clk_out1 | rv64im72f_6sp/exception_detector/cpu_clk_enable_reg[0]        | internal_reset   |              123 |            266 |         2.16 |
|  clk_gen/inst/clk_out1 | rv64im72f_6sp/id_ex_register/cpu_clk_enable_reg               | internal_reset   |              173 |            375 |         2.17 |
|  clk_gen/inst/clk_out1 | cpu_clk_enable                                                | internal_reset   |              126 |            377 |         2.99 |
|  clk_gen/inst/clk_out1 | rv64im72f_6sp/exception_detector/cpu_clk_enable_reg_0         | internal_reset   |              299 |            497 |         1.66 |
+------------------------+---------------------------------------------------------------+------------------+------------------+----------------+--------------+


