
*** Running vivado
    with args -log RV64IM72F5SPSoCTOP.vdi -applog -m64 -product Vivado -messageDb vivado.pb -mode batch -source RV64IM72F5SPSoCTOP.tcl -notrace


****** Vivado v2025.2 (64-bit)
  **** SW Build 6299465 on Fri Nov 14 12:34:56 MST 2025
  **** IP Build 6300035 on Fri Nov 14 10:48:45 MST 2025
  **** SharedData Build 6298862 on Thu Nov 13 04:50:51 MST 2025
  **** Start of session at: Wed Mar  4 09:00:14 2026
    ** Copyright 1986-2022 Xilinx, Inc. All Rights Reserved.
    ** Copyright 2022-2025 Advanced Micro Devices, Inc. All Rights Reserved.

source RV64IM72F5SPSoCTOP.tcl -notrace
Command: link_design -top RV64IM72F5SPSoCTOP -part xc7a200tsbg484-1
Design is defaulting to srcset: sources_1
Design is defaulting to constrset: constrs_1
INFO: [Device 21-403] Loading part xc7a200tsbg484-1
INFO: [Project 1-5699] Read binary netlist with skipMacroContent - 1
INFO: [Project 1-454] Reading design checkpoint '/home/khwl/Desktop/RV-IM100/RV64s/SoCs/RV64IM_7SP/RV64IM72F_7SP_FPGA.gen/sources_1/ip/clk_wiz_0_1/clk_wiz_0.dcp' for cell 'clk_gen'
Netlist sorting complete. Time (s): cpu = 00:00:00.08 ; elapsed = 00:00:00.08 . Memory (MB): peak = 1812.992 ; gain = 0.000 ; free physical = 12046 ; free virtual = 29785
INFO: [Netlist 29-17] Analyzing 4750 Unisim elements for replacement
INFO: [Netlist 29-28] Unisim Transformation completed in 0 CPU seconds
INFO: [Project 1-479] Netlist was created with Vivado 2025.2
INFO: [Project 1-570] Preparing netlist for logic optimization
Parsing XDC File [/home/khwl/Desktop/RV-IM100/RV64s/SoCs/RV64IM_7SP/RV64IM72F_7SP_FPGA.gen/sources_1/ip/clk_wiz_0_1/clk_wiz_0_board.xdc] for cell 'clk_gen/inst'
Finished Parsing XDC File [/home/khwl/Desktop/RV-IM100/RV64s/SoCs/RV64IM_7SP/RV64IM72F_7SP_FPGA.gen/sources_1/ip/clk_wiz_0_1/clk_wiz_0_board.xdc] for cell 'clk_gen/inst'
Parsing XDC File [/home/khwl/Desktop/RV-IM100/RV64s/SoCs/RV64IM_7SP/RV64IM72F_7SP_FPGA.gen/sources_1/ip/clk_wiz_0_1/clk_wiz_0.xdc] for cell 'clk_gen/inst'
INFO: [Timing 38-35] Done setting XDC timing constraints. [/home/khwl/Desktop/RV-IM100/RV64s/SoCs/RV64IM_7SP/RV64IM72F_7SP_FPGA.gen/sources_1/ip/clk_wiz_0_1/clk_wiz_0.xdc:54]
INFO: [Timing 38-2] Deriving generated clocks [/home/khwl/Desktop/RV-IM100/RV64s/SoCs/RV64IM_7SP/RV64IM72F_7SP_FPGA.gen/sources_1/ip/clk_wiz_0_1/clk_wiz_0.xdc:54]
get_clocks: Time (s): cpu = 00:00:08 ; elapsed = 00:00:06 . Memory (MB): peak = 2617.527 ; gain = 644.961 ; free physical = 11403 ; free virtual = 29142
Finished Parsing XDC File [/home/khwl/Desktop/RV-IM100/RV64s/SoCs/RV64IM_7SP/RV64IM72F_7SP_FPGA.gen/sources_1/ip/clk_wiz_0_1/clk_wiz_0.xdc] for cell 'clk_gen/inst'
Parsing XDC File [/home/khwl/Desktop/RV-IM100/RV64s/SoCs/RV64IM_7SP/RV64IM72F_7SP_FPGA.srcs/constrs_1/imports/FPGA_SoC/RV32I46F_5SP_Debug_XDC.xdc]
Finished Parsing XDC File [/home/khwl/Desktop/RV-IM100/RV64s/SoCs/RV64IM_7SP/RV64IM72F_7SP_FPGA.srcs/constrs_1/imports/FPGA_SoC/RV32I46F_5SP_Debug_XDC.xdc]
INFO: [Opt 31-138] Pushed 0 inverter(s) to 0 load pin(s).
Netlist sorting complete. Time (s): cpu = 00:00:00.01 ; elapsed = 00:00:00 . Memory (MB): peak = 2617.527 ; gain = 0.000 ; free physical = 11403 ; free virtual = 29142
INFO: [Project 1-111] Unisim Transformation Summary:
  A total of 2070 instances were transformed.
  RAM256X1S => RAM256X1S (MUXF7(x2), MUXF8, RAMS64E(x4)): 2048 instances
  RAM32M => RAM32M (RAMD32(x6), RAMS32(x2)): 22 instances

11 Infos, 0 Warnings, 0 Critical Warnings and 0 Errors encountered.
link_design completed successfully
link_design: Time (s): cpu = 00:00:15 ; elapsed = 00:00:14 . Memory (MB): peak = 2617.562 ; gain = 991.359 ; free physical = 11402 ; free virtual = 29141
Command: opt_design -directive Explore
INFO: [Vivado_Tcl 4-136] Directive used for opt_design is: Explore
Attempting to get a license for feature 'Implementation' and/or device 'xc7a200t'
INFO: [Common 17-349] Got license for feature 'Implementation' and/or device 'xc7a200t'
Running DRC as a precondition to command opt_design

Starting DRC Task
INFO: [DRC 23-27] Running DRC with 8 threads
INFO: [Project 1-461] DRC finished with 0 Errors
INFO: [Project 1-462] Please refer to the DRC report (report_drc) for more information.

Time (s): cpu = 00:00:01 ; elapsed = 00:00:00.5 . Memory (MB): peak = 2617.562 ; gain = 0.000 ; free physical = 11375 ; free virtual = 29114

Starting Logic Optimization Task

Phase 1 Initialization

Phase 1.1 Core Generation And Design Setup
Phase 1.1 Core Generation And Design Setup | Checksum: 22d7aee70

Time (s): cpu = 00:00:00.02 ; elapsed = 00:00:00.02 . Memory (MB): peak = 2896.340 ; gain = 0.000 ; free physical = 11061 ; free virtual = 28800

Phase 1.2 Setup Constraints And Sort Netlist
Phase 1.2 Setup Constraints And Sort Netlist | Checksum: 22d7aee70

Time (s): cpu = 00:00:00.03 ; elapsed = 00:00:00.03 . Memory (MB): peak = 2896.340 ; gain = 0.000 ; free physical = 11061 ; free virtual = 28800
Phase 1 Initialization | Checksum: 22d7aee70

Time (s): cpu = 00:00:00.04 ; elapsed = 00:00:00.04 . Memory (MB): peak = 2896.340 ; gain = 0.000 ; free physical = 11061 ; free virtual = 28800

Phase 2 Timer Update And Timing Data Collection

Phase 2.1 Detect if minReqCache needed
Phase 2.1 Detect if minReqCache needed | Checksum: 22d7aee70

Time (s): cpu = 00:00:00.06 ; elapsed = 00:00:00.06 . Memory (MB): peak = 2896.340 ; gain = 0.000 ; free physical = 11054 ; free virtual = 28793

Phase 2.2 Timer Update
INFO: [Timing 38-35] Done setting XDC timing constraints.
Phase 2.2 Timer Update | Checksum: 22d7aee70

Time (s): cpu = 00:00:05 ; elapsed = 00:00:02 . Memory (MB): peak = 3007.152 ; gain = 110.812 ; free physical = 10996 ; free virtual = 28735

Phase 2.3 Timing Data Collection
Phase 2.3 Timing Data Collection | Checksum: 22d7aee70

Time (s): cpu = 00:00:05 ; elapsed = 00:00:02 . Memory (MB): peak = 3007.152 ; gain = 110.812 ; free physical = 10990 ; free virtual = 28729
Phase 2 Timer Update And Timing Data Collection | Checksum: 22d7aee70

Time (s): cpu = 00:00:05 ; elapsed = 00:00:02 . Memory (MB): peak = 3007.152 ; gain = 110.812 ; free physical = 10990 ; free virtual = 28729

Phase 3 Retarget
INFO: [Opt 31-1851] Number of loadless carry chains removed were: 0
INFO: [Opt 31-1834] Total Chains To Be Transformed Were: 0 AND Number of Transformed insts Created are: 0
INFO: [Opt 31-1566] Pulled 64 inverters resulting in an inversion of 1242 pins
INFO: [Opt 31-138] Pushed 1 inverter(s) to 1 load pin(s).
INFO: [Opt 31-49] Retargeted 0 cell(s).
Phase 3 Retarget | Checksum: 2035a995c

Time (s): cpu = 00:00:05 ; elapsed = 00:00:02 . Memory (MB): peak = 3007.152 ; gain = 110.812 ; free physical = 10989 ; free virtual = 28729
Retarget | Checksum: 2035a995c
INFO: [Opt 31-389] Phase Retarget created 0 cells and removed 192 cells
INFO: [Opt 31-1021] In phase Retarget, 1 netlist objects are constrained preventing optimization. Please run opt_design with -debug_log to get more detail. 

Phase 4 Constant propagation
INFO: [Opt 31-138] Pushed 0 inverter(s) to 0 load pin(s).
Phase 4 Constant propagation | Checksum: 28cec0ce4

Time (s): cpu = 00:00:06 ; elapsed = 00:00:02 . Memory (MB): peak = 3007.152 ; gain = 110.812 ; free physical = 10989 ; free virtual = 28729
Constant propagation | Checksum: 28cec0ce4
INFO: [Opt 31-389] Phase Constant propagation created 0 cells and removed 0 cells

Phase 5 Sweep
INFO: [Constraints 18-11670] Building netlist checker database with flags, 0x8
Done building netlist checker database: Time (s): cpu = 00:00:00 ; elapsed = 00:00:00 . Memory (MB): peak = 3007.152 ; gain = 0.000 ; free physical = 10989 ; free virtual = 28729
INFO: [Constraints 18-11670] Building netlist checker database with flags, 0x8
Done building netlist checker database: Time (s): cpu = 00:00:00 ; elapsed = 00:00:00 . Memory (MB): peak = 3007.152 ; gain = 0.000 ; free physical = 10989 ; free virtual = 28729
Phase 5 Sweep | Checksum: 26dae98c3

Time (s): cpu = 00:00:06 ; elapsed = 00:00:02 . Memory (MB): peak = 3007.152 ; gain = 110.812 ; free physical = 10989 ; free virtual = 28729
Sweep | Checksum: 26dae98c3
INFO: [Opt 31-389] Phase Sweep created 7 cells and removed 0 cells

Phase 6 BUFG optimization
Phase 6 BUFG optimization | Checksum: 26dae98c3

Time (s): cpu = 00:00:07 ; elapsed = 00:00:03 . Memory (MB): peak = 3039.168 ; gain = 142.828 ; free physical = 10990 ; free virtual = 28729
BUFG optimization | Checksum: 26dae98c3
INFO: [Opt 31-662] Phase BUFG optimization created 0 cells of which 0 are BUFGs and removed 0 cells.

Phase 7 Shift Register Optimization
INFO: [Opt 31-1064] SRL Remap converted 0 SRLs to 0 registers and converted 0 registers of register chains to 0 SRLs
Phase 7 Shift Register Optimization | Checksum: 26dae98c3

Time (s): cpu = 00:00:07 ; elapsed = 00:00:03 . Memory (MB): peak = 3039.168 ; gain = 142.828 ; free physical = 10990 ; free virtual = 28729
Shift Register Optimization | Checksum: 26dae98c3
INFO: [Opt 31-389] Phase Shift Register Optimization created 0 cells and removed 0 cells
INFO: [Opt 31-1555] control_set_opt supports Versal devices only, and device 7a200t is unsupported

Phase 8 Post Processing Netlist
Phase 8 Post Processing Netlist | Checksum: 211e14ddf

Time (s): cpu = 00:00:07 ; elapsed = 00:00:03 . Memory (MB): peak = 3039.168 ; gain = 142.828 ; free physical = 10990 ; free virtual = 28729
Post Processing Netlist | Checksum: 211e14ddf
INFO: [Opt 31-389] Phase Post Processing Netlist created 0 cells and removed 0 cells

Phase 9 Finalization

Phase 9.1 Finalizing Design Cores and Updating Shapes
Phase 9.1 Finalizing Design Cores and Updating Shapes | Checksum: 23d8130d5

Time (s): cpu = 00:00:07 ; elapsed = 00:00:03 . Memory (MB): peak = 3039.168 ; gain = 142.828 ; free physical = 10990 ; free virtual = 28729

Phase 9.2 Verifying Netlist Connectivity

Starting Connectivity Check Task

Time (s): cpu = 00:00:00.03 ; elapsed = 00:00:00.02 . Memory (MB): peak = 3039.168 ; gain = 0.000 ; free physical = 10990 ; free virtual = 28729
Phase 9.2 Verifying Netlist Connectivity | Checksum: 23d8130d5

Time (s): cpu = 00:00:07 ; elapsed = 00:00:03 . Memory (MB): peak = 3039.168 ; gain = 142.828 ; free physical = 10990 ; free virtual = 28729
Phase 9 Finalization | Checksum: 23d8130d5

Time (s): cpu = 00:00:07 ; elapsed = 00:00:03 . Memory (MB): peak = 3039.168 ; gain = 142.828 ; free physical = 10989 ; free virtual = 28728
Opt_design Change Summary
=========================


-------------------------------------------------------------------------------------------------------------------------
|  Phase                        |  #Cells created  |  #Cells Removed  |  #Constrained objects preventing optimizations  |
-------------------------------------------------------------------------------------------------------------------------
|  Retarget                     |               0  |             192  |                                              1  |
|  Constant propagation         |               0  |               0  |                                              0  |
|  Sweep                        |               7  |               0  |                                              0  |
|  BUFG optimization            |               0  |               0  |                                              0  |
|  Shift Register Optimization  |               0  |               0  |                                              0  |
|  Post Processing Netlist      |               0  |               0  |                                              0  |
-------------------------------------------------------------------------------------------------------------------------


Ending Logic Optimization Task | Checksum: 23d8130d5

Time (s): cpu = 00:00:07 ; elapsed = 00:00:03 . Memory (MB): peak = 3039.168 ; gain = 142.828 ; free physical = 10989 ; free virtual = 28728
Netlist sorting complete. Time (s): cpu = 00:00:00.01 ; elapsed = 00:00:00.01 . Memory (MB): peak = 3039.168 ; gain = 0.000 ; free physical = 10989 ; free virtual = 28728
INFO: [Common 17-83] Releasing license: Implementation
35 Infos, 0 Warnings, 0 Critical Warnings and 0 Errors encountered.
opt_design completed successfully
opt_design: Time (s): cpu = 00:00:11 ; elapsed = 00:00:07 . Memory (MB): peak = 3039.168 ; gain = 421.605 ; free physical = 10989 ; free virtual = 28728
INFO: [Vivado 12-24828] Executing command : report_drc -file RV64IM72F5SPSoCTOP_drc_opted.rpt -pb RV64IM72F5SPSoCTOP_drc_opted.pb -rpx RV64IM72F5SPSoCTOP_drc_opted.rpx
Command: report_drc -file RV64IM72F5SPSoCTOP_drc_opted.rpt -pb RV64IM72F5SPSoCTOP_drc_opted.pb -rpx RV64IM72F5SPSoCTOP_drc_opted.rpx
INFO: [IP_Flow 19-1839] IP Catalog is up to date.
INFO: [DRC 23-27] Running DRC with 8 threads
INFO: [Vivado_Tcl 2-168] The results of DRC are in file /home/khwl/Desktop/RV-IM100/RV64s/SoCs/RV64IM_7SP/RV64IM72F_7SP_FPGA.runs/impl_1/RV64IM72F5SPSoCTOP_drc_opted.rpt.
report_drc completed successfully
INFO: [Timing 38-480] Writing timing data to binary archive.
Wrote PlaceDB: Time (s): cpu = 00:00:00 ; elapsed = 00:00:00 . Memory (MB): peak = 3039.168 ; gain = 0.000 ; free physical = 10983 ; free virtual = 28722
Wrote PulsedLatchDB: Time (s): cpu = 00:00:00.01 ; elapsed = 00:00:00 . Memory (MB): peak = 3039.168 ; gain = 0.000 ; free physical = 10983 ; free virtual = 28722
Writing XDEF routing.
Writing XDEF routing logical nets.
Writing XDEF routing special nets.
Wrote RouteStorage: Time (s): cpu = 00:00:00.29 ; elapsed = 00:00:00.07 . Memory (MB): peak = 3039.168 ; gain = 0.000 ; free physical = 10981 ; free virtual = 28723
Wrote PlaceStorage: Time (s): cpu = 00:00:00.01 ; elapsed = 00:00:00 . Memory (MB): peak = 3039.168 ; gain = 0.000 ; free physical = 10981 ; free virtual = 28723
Wrote Netlist Cache: Time (s): cpu = 00:00:00 ; elapsed = 00:00:00 . Memory (MB): peak = 3039.168 ; gain = 0.000 ; free physical = 10981 ; free virtual = 28723
Wrote Device Cache: Time (s): cpu = 00:00:00.02 ; elapsed = 00:00:00 . Memory (MB): peak = 3039.168 ; gain = 0.000 ; free physical = 10980 ; free virtual = 28722
Write Physdb Complete: Time (s): cpu = 00:00:00.34 ; elapsed = 00:00:00.08 . Memory (MB): peak = 3039.168 ; gain = 0.000 ; free physical = 10980 ; free virtual = 28722
Write ShapeDB Complete: Time (s): cpu = 00:00:00.39 ; elapsed = 00:00:00.09 . Memory (MB): peak = 3039.168 ; gain = 0.000 ; free physical = 10978 ; free virtual = 28721
INFO: [Common 17-1381] The checkpoint '/home/khwl/Desktop/RV-IM100/RV64s/SoCs/RV64IM_7SP/RV64IM72F_7SP_FPGA.runs/impl_1/RV64IM72F5SPSoCTOP_opt.dcp' has been generated.
Command: place_design -directive Explore
Attempting to get a license for feature 'Implementation' and/or device 'xc7a200t'
INFO: [Common 17-349] Got license for feature 'Implementation' and/or device 'xc7a200t'
INFO: [Common 17-83] Releasing license: Implementation
INFO: [DRC 23-27] Running DRC with 8 threads
INFO: [Vivado_Tcl 4-198] DRC finished with 0 Errors
INFO: [Vivado_Tcl 4-199] Please refer to the DRC report (report_drc) for more information.
INFO: [Timing 38-35] Done setting XDC timing constraints.
INFO: [Vivado_Tcl 4-2302] The placer was invoked with the 'Explore' directive.
Running DRC as a precondition to command place_design
INFO: [DRC 23-27] Running DRC with 8 threads
INFO: [Vivado_Tcl 4-198] DRC finished with 0 Errors
INFO: [Vivado_Tcl 4-199] Please refer to the DRC report (report_drc) for more information.
INFO: [Place 30-611] Multithreading enabled for place_design using a maximum of 8 CPUs

Starting Placer Task

Phase 1 Placer Initialization

Phase 1.1 Placer Initialization Netlist Sorting
Netlist sorting complete. Time (s): cpu = 00:00:00.01 ; elapsed = 00:00:00.02 . Memory (MB): peak = 3039.168 ; gain = 0.000 ; free physical = 10984 ; free virtual = 28727
Phase 1.1 Placer Initialization Netlist Sorting | Checksum: 1866abd99

Time (s): cpu = 00:00:00.02 ; elapsed = 00:00:00.02 . Memory (MB): peak = 3039.168 ; gain = 0.000 ; free physical = 10984 ; free virtual = 28727
Netlist sorting complete. Time (s): cpu = 00:00:00 ; elapsed = 00:00:00.01 . Memory (MB): peak = 3039.168 ; gain = 0.000 ; free physical = 10984 ; free virtual = 28727

Phase 1.2 IO Placement/ Clock Placement/ Build Placer Device
Phase 1.2 IO Placement/ Clock Placement/ Build Placer Device | Checksum: 196efcb70

Time (s): cpu = 00:00:02 ; elapsed = 00:00:00.94 . Memory (MB): peak = 3039.168 ; gain = 0.000 ; free physical = 10985 ; free virtual = 28728

Phase 1.3 Build Placer Netlist Model
Phase 1.3 Build Placer Netlist Model | Checksum: 1eec9660a

Time (s): cpu = 00:00:18 ; elapsed = 00:00:08 . Memory (MB): peak = 3078.211 ; gain = 39.043 ; free physical = 10994 ; free virtual = 28736

Phase 1.4 Constrain Clocks/Macros
Phase 1.4 Constrain Clocks/Macros | Checksum: 1eec9660a

Time (s): cpu = 00:00:18 ; elapsed = 00:00:08 . Memory (MB): peak = 3078.211 ; gain = 39.043 ; free physical = 10994 ; free virtual = 28736
Phase 1 Placer Initialization | Checksum: 1eec9660a

Time (s): cpu = 00:00:18 ; elapsed = 00:00:08 . Memory (MB): peak = 3078.211 ; gain = 39.043 ; free physical = 10994 ; free virtual = 28736

Phase 2 Global Placement

Phase 2.1 Floorplanning
Phase 2.1 Floorplanning | Checksum: 1aa84c028

Time (s): cpu = 00:00:27 ; elapsed = 00:00:11 . Memory (MB): peak = 3078.211 ; gain = 39.043 ; free physical = 10987 ; free virtual = 28729

Phase 2.2 Update Timing before SLR Path Opt
Phase 2.2 Update Timing before SLR Path Opt | Checksum: 1ff22ea2d

Time (s): cpu = 00:00:35 ; elapsed = 00:00:13 . Memory (MB): peak = 3078.211 ; gain = 39.043 ; free physical = 10985 ; free virtual = 28728

Phase 2.3 Post-Processing in Floorplanning
Phase 2.3 Post-Processing in Floorplanning | Checksum: 1ff22ea2d

Time (s): cpu = 00:00:35 ; elapsed = 00:00:13 . Memory (MB): peak = 3078.211 ; gain = 39.043 ; free physical = 10985 ; free virtual = 28728

Phase 2.4 Global Place Phase1
Phase 2.4 Global Place Phase1 | Checksum: 2d49e0405

Time (s): cpu = 00:01:48 ; elapsed = 00:00:38 . Memory (MB): peak = 3086.215 ; gain = 47.047 ; free physical = 10924 ; free virtual = 28664

Phase 2.5 Global Place Phase2

Phase 2.5.1 UpdateTiming Before Physical Synthesis
Phase 2.5.1 UpdateTiming Before Physical Synthesis | Checksum: 2bd857685

Time (s): cpu = 00:01:58 ; elapsed = 00:00:41 . Memory (MB): peak = 3127.211 ; gain = 88.043 ; free physical = 10859 ; free virtual = 28598

Phase 2.5.2 Physical Synthesis In Placer
INFO: [Physopt 32-1035] Found 0 LUTNM shape to break, 672 LUT instances to create LUTNM shape
INFO: [Physopt 32-1044] Break lutnm for timing: one critical 0, two critical 0, total 0, new lutff created 0
INFO: [Physopt 32-1138] End 1 Pass. Optimized 302 nets or LUTs. Breaked 0 LUT, combined 302 existing LUTs and moved 0 existing LUT
INFO: [Physopt 32-1408] Pass 1. Identified 8 candidate nets for high-fanout optimization.
INFO: [Physopt 32-81] Processed net rv64im72f_6sp/ex_mem_register/Q[3]. Replicated 12 times.
INFO: [Physopt 32-81] Processed net rv64im72f_6sp/ex_mem_register/Q[6]. Replicated 12 times.
INFO: [Physopt 32-81] Processed net rv64im72f_6sp/ex_mem_register/Q[5]. Replicated 11 times.
INFO: [Physopt 32-81] Processed net rv64im72f_6sp/ex_mem_register/Q[4]. Replicated 12 times.
INFO: [Physopt 32-81] Processed net rv64im72f_6sp/ex_mem_register/Q[9]. Replicated 12 times.
INFO: [Physopt 32-81] Processed net rv64im72f_6sp/ex_mem_register/Q[10]. Replicated 11 times.
INFO: [Physopt 32-81] Processed net rv64im72f_6sp/ex_mem_register/Q[7]. Replicated 12 times.
INFO: [Physopt 32-81] Processed net rv64im72f_6sp/ex_mem_register/Q[8]. Replicated 13 times.
INFO: [Physopt 32-232] Optimized 8 nets. Created 95 new instances.
INFO: [Physopt 32-775] End 1 Pass. Optimized 8 nets or cells. Created 95 new cells, deleted 0 existing cell and moved 0 existing cell
Netlist sorting complete. Time (s): cpu = 00:00:00.05 ; elapsed = 00:00:00.05 . Memory (MB): peak = 3127.211 ; gain = 0.000 ; free physical = 10850 ; free virtual = 28620
INFO: [Physopt 32-456] No candidate cells for DSP register optimization found in the design.
INFO: [Physopt 32-775] End 2 Pass. Optimized 0 net or cell. Created 0 new cell, deleted 0 existing cell and moved 0 existing cell
INFO: [Physopt 32-1123] No candidate cells found for Shift Register to Pipeline optimization
INFO: [Physopt 32-775] End 2 Pass. Optimized 0 net or cell. Created 0 new cell, deleted 0 existing cell and moved 0 existing cell
INFO: [Physopt 32-1401] No candidate cells found for Shift Register optimization.
INFO: [Physopt 32-677] No candidate cells for Shift Register optimization found in the design
INFO: [Physopt 32-775] End 1 Pass. Optimized 0 net or cell. Created 0 new cell, deleted 0 existing cell and moved 0 existing cell
INFO: [Physopt 32-526] No candidate cells for BRAM register optimization found in the design
INFO: [Physopt 32-775] End 1 Pass. Optimized 0 net or cell. Created 0 new cell, deleted 0 existing cell and moved 0 existing cell
INFO: [Physopt 32-846] No candidate cells for URAM register optimization found in the design
INFO: [Physopt 32-775] End 1 Pass. Optimized 0 net or cell. Created 0 new cell, deleted 0 existing cell and moved 0 existing cell
INFO: [Physopt 32-846] No candidate cells for URAM register optimization found in the design
INFO: [Physopt 32-775] End 1 Pass. Optimized 0 net or cell. Created 0 new cell, deleted 0 existing cell and moved 0 existing cell
INFO: [Physopt 32-949] No candidate nets found for dynamic/static region interface net replication
INFO: [Physopt 32-775] End 1 Pass. Optimized 0 net or cell. Created 0 new cell, deleted 0 existing cell and moved 0 existing cell
Netlist sorting complete. Time (s): cpu = 00:00:00.01 ; elapsed = 00:00:00.01 . Memory (MB): peak = 3127.211 ; gain = 0.000 ; free physical = 10830 ; free virtual = 28625

Summary of Physical Synthesis Optimizations
============================================


-----------------------------------------------------------------------------------------------------------------------------------------------------------
|  Optimization                                     |  Added Cells  |  Removed Cells  |  Optimized Cells/Nets  |  Dont Touch  |  Iterations  |  Elapsed   |
-----------------------------------------------------------------------------------------------------------------------------------------------------------
|  LUT Combining                                    |            0  |            302  |                   302  |           0  |           1  |  00:00:01  |
|  Retime                                           |            0  |              0  |                     0  |           0  |           1  |  00:00:00  |
|  Very High Fanout                                 |           95  |              0  |                     8  |           0  |           1  |  00:00:10  |
|  DSP Register                                     |            0  |              0  |                     0  |           0  |           1  |  00:00:00  |
|  Shift Register to Pipeline                       |            0  |              0  |                     0  |           0  |           1  |  00:00:00  |
|  Shift Register                                   |            0  |              0  |                     0  |           0  |           1  |  00:00:00  |
|  BRAM Register                                    |            0  |              0  |                     0  |           0  |           1  |  00:00:00  |
|  URAM Register                                    |            0  |              0  |                     0  |           0  |           1  |  00:00:00  |
|  Dynamic/Static Region Interface Net Replication  |            0  |              0  |                     0  |           0  |           1  |  00:00:00  |
|  Total                                            |           95  |            302  |                   310  |           0  |           9  |  00:00:11  |
-----------------------------------------------------------------------------------------------------------------------------------------------------------


Phase 2.5.2 Physical Synthesis In Placer | Checksum: 2048b8df0

Time (s): cpu = 00:02:18 ; elapsed = 00:00:55 . Memory (MB): peak = 3127.211 ; gain = 88.043 ; free physical = 10858 ; free virtual = 28634
Phase 2.5 Global Place Phase2 | Checksum: 29be7d63c

Time (s): cpu = 00:02:30 ; elapsed = 00:00:59 . Memory (MB): peak = 3127.211 ; gain = 88.043 ; free physical = 10858 ; free virtual = 28633
Phase 2 Global Placement | Checksum: 29be7d63c

Time (s): cpu = 00:02:30 ; elapsed = 00:00:59 . Memory (MB): peak = 3127.211 ; gain = 88.043 ; free physical = 10858 ; free virtual = 28633

Phase 3 Detail Placement

Phase 3.1 Commit Multi Column Macros
Phase 3.1 Commit Multi Column Macros | Checksum: 29deae49c

Time (s): cpu = 00:02:39 ; elapsed = 00:01:02 . Memory (MB): peak = 3127.211 ; gain = 88.043 ; free physical = 10857 ; free virtual = 28632

Phase 3.2 Commit Most Macros & LUTRAMs
Phase 3.2 Commit Most Macros & LUTRAMs | Checksum: 29a79a380

Time (s): cpu = 00:03:11 ; elapsed = 00:01:16 . Memory (MB): peak = 3127.211 ; gain = 88.043 ; free physical = 10855 ; free virtual = 28630

Phase 3.3 Area Swap Optimization
Phase 3.3 Area Swap Optimization | Checksum: 22b90fd5b

Time (s): cpu = 00:03:12 ; elapsed = 00:01:17 . Memory (MB): peak = 3127.211 ; gain = 88.043 ; free physical = 10855 ; free virtual = 28630

Phase 3.4 Pipeline Register Optimization
Phase 3.4 Pipeline Register Optimization | Checksum: 2093de8a5

Time (s): cpu = 00:03:12 ; elapsed = 00:01:17 . Memory (MB): peak = 3127.211 ; gain = 88.043 ; free physical = 10855 ; free virtual = 28630

Phase 3.5 Fast Optimization
Phase 3.5 Fast Optimization | Checksum: 2cc772501

Time (s): cpu = 00:03:47 ; elapsed = 00:01:31 . Memory (MB): peak = 3127.211 ; gain = 88.043 ; free physical = 10842 ; free virtual = 28618

Phase 3.6 Small Shape Detail Placement
Phase 3.6 Small Shape Detail Placement | Checksum: 2b2b7bac4

Time (s): cpu = 00:03:56 ; elapsed = 00:01:37 . Memory (MB): peak = 3127.211 ; gain = 88.043 ; free physical = 10844 ; free virtual = 28619

Phase 3.7 Re-assign LUT pins
Phase 3.7 Re-assign LUT pins | Checksum: 28213d081

Time (s): cpu = 00:03:57 ; elapsed = 00:01:38 . Memory (MB): peak = 3127.211 ; gain = 88.043 ; free physical = 10844 ; free virtual = 28619

Phase 3.8 Pipeline Register Optimization
Phase 3.8 Pipeline Register Optimization | Checksum: 2981099c9

Time (s): cpu = 00:03:57 ; elapsed = 00:01:39 . Memory (MB): peak = 3127.211 ; gain = 88.043 ; free physical = 10843 ; free virtual = 28619
Phase 3 Detail Placement | Checksum: 2981099c9

Time (s): cpu = 00:03:57 ; elapsed = 00:01:39 . Memory (MB): peak = 3127.211 ; gain = 88.043 ; free physical = 10843 ; free virtual = 28619

Phase 4 Post Placement Optimization and Clean-Up

Phase 4.1 Post Commit Optimization
INFO: [Timing 38-35] Done setting XDC timing constraints.

Phase 4.1.1 Post Placement Optimization
Post Placement Optimization Initialization | Checksum: 1ed29cd8e

Phase 4.1.1.1 BUFG Insertion

Starting Physical Synthesis Task

Phase 1 Physical Synthesis Initialization
INFO: [Physopt 32-721] Multithreading enabled for phys_opt_design using a maximum of 8 CPUs
INFO: [Physopt 32-619] Estimated Timing Summary | WNS=-2.006 | TNS=-46.742 |
Phase 1 Physical Synthesis Initialization | Checksum: 1bdeae158

Time (s): cpu = 00:00:03 ; elapsed = 00:00:00.7 . Memory (MB): peak = 3127.211 ; gain = 0.000 ; free physical = 10843 ; free virtual = 28619
INFO: [Place 46-33] Processed net internal_reset, BUFG insertion was skipped due to placement/routing conflicts.
INFO: [Place 46-33] Processed net rv64im72f_6sp/io_id_register/cpu_clk_enable_reg_0, BUFG insertion was skipped due to placement/routing conflicts.
INFO: [Place 46-56] BUFG insertion identified 2 candidate nets. Inserted BUFG: 0, Replicated BUFG Driver: 0, Skipped due to Placement/Routing Conflicts: 2, Skipped due to Timing Degradation: 0, Skipped due to netlist editing failed: 0.
Ending Physical Synthesis Task | Checksum: 28df0ac86

Time (s): cpu = 00:00:05 ; elapsed = 00:00:01 . Memory (MB): peak = 3127.211 ; gain = 0.000 ; free physical = 10843 ; free virtual = 28619
Phase 4.1.1.1 BUFG Insertion | Checksum: 1ed29cd8e

Time (s): cpu = 00:04:28 ; elapsed = 00:01:46 . Memory (MB): peak = 3127.211 ; gain = 88.043 ; free physical = 10843 ; free virtual = 28619

Phase 4.1.1.2 Post Placement Timing Optimization
INFO: [Place 30-746] Post Placement Timing Summary WNS=0.083. For the most accurate timing information please run report_timing.
Phase 4.1.1.2 Post Placement Timing Optimization | Checksum: 14eeb587e

Time (s): cpu = 00:12:45 ; elapsed = 00:09:27 . Memory (MB): peak = 3127.211 ; gain = 88.043 ; free physical = 10844 ; free virtual = 28620

Time (s): cpu = 00:12:45 ; elapsed = 00:09:27 . Memory (MB): peak = 3127.211 ; gain = 88.043 ; free physical = 10844 ; free virtual = 28620
Phase 4.1 Post Commit Optimization | Checksum: 14eeb587e

Time (s): cpu = 00:12:45 ; elapsed = 00:09:27 . Memory (MB): peak = 3127.211 ; gain = 88.043 ; free physical = 10844 ; free virtual = 28620

Phase 4.2 Post Placement Cleanup
Phase 4.2 Post Placement Cleanup | Checksum: 14eeb587e

Time (s): cpu = 00:12:46 ; elapsed = 00:09:28 . Memory (MB): peak = 3127.211 ; gain = 88.043 ; free physical = 10842 ; free virtual = 28619

Phase 4.3 Placer Reporting

Phase 4.3.1 Print Estimated Congestion
INFO: [Place 30-612] Post-Placement Estimated Congestion 
 ____________________________________________________
|           | Global Congestion | Short Congestion  |
| Direction | Region Size       | Region Size       |
|___________|___________________|___________________|
|      North|                2x2|                8x8|
|___________|___________________|___________________|
|      South|                1x1|                4x4|
|___________|___________________|___________________|
|       East|                1x1|                1x1|
|___________|___________________|___________________|
|       West|                1x1|                4x4|
|___________|___________________|___________________|

Phase 4.3.1 Print Estimated Congestion | Checksum: 14eeb587e

Time (s): cpu = 00:12:46 ; elapsed = 00:09:28 . Memory (MB): peak = 3127.211 ; gain = 88.043 ; free physical = 10842 ; free virtual = 28619
Phase 4.3 Placer Reporting | Checksum: 14eeb587e

Time (s): cpu = 00:12:47 ; elapsed = 00:09:28 . Memory (MB): peak = 3127.211 ; gain = 88.043 ; free physical = 10842 ; free virtual = 28619

Phase 4.4 Final Placement Cleanup
Netlist sorting complete. Time (s): cpu = 00:00:00.01 ; elapsed = 00:00:00.01 . Memory (MB): peak = 3127.211 ; gain = 0.000 ; free physical = 10842 ; free virtual = 28619

Time (s): cpu = 00:12:47 ; elapsed = 00:09:28 . Memory (MB): peak = 3127.211 ; gain = 88.043 ; free physical = 10842 ; free virtual = 28619
Phase 4 Post Placement Optimization and Clean-Up | Checksum: 243012ae8

Time (s): cpu = 00:12:47 ; elapsed = 00:09:28 . Memory (MB): peak = 3127.211 ; gain = 88.043 ; free physical = 10842 ; free virtual = 28619
Ending Placer Task | Checksum: 2220eb4e3

Time (s): cpu = 00:12:47 ; elapsed = 00:09:28 . Memory (MB): peak = 3127.211 ; gain = 88.043 ; free physical = 10842 ; free virtual = 28619
89 Infos, 0 Warnings, 0 Critical Warnings and 0 Errors encountered.
place_design completed successfully
place_design: Time (s): cpu = 00:12:52 ; elapsed = 00:09:30 . Memory (MB): peak = 3127.211 ; gain = 88.043 ; free physical = 10842 ; free virtual = 28618
INFO: [Vivado 12-24838] Running report commands "report_control_sets, report_io, report_utilization" in parallel.
Running report generation with 3 threads.
INFO: [Vivado 12-24828] Executing command : report_control_sets -verbose -file RV64IM72F5SPSoCTOP_control_sets_placed.rpt
report_control_sets: Time (s): cpu = 00:00:00.42 ; elapsed = 00:00:00.26 . Memory (MB): peak = 3127.211 ; gain = 0.000 ; free physical = 10826 ; free virtual = 28602
INFO: [Vivado 12-24828] Executing command : report_io -file RV64IM72F5SPSoCTOP_io_placed.rpt
report_io: Time (s): cpu = 00:00:00.53 ; elapsed = 00:00:00.34 . Memory (MB): peak = 3127.211 ; gain = 0.000 ; free physical = 10834 ; free virtual = 28610
INFO: [Vivado 12-24828] Executing command : report_utilization -file RV64IM72F5SPSoCTOP_utilization_placed.rpt -pb RV64IM72F5SPSoCTOP_utilization_placed.pb
INFO: [Timing 38-480] Writing timing data to binary archive.
Wrote PlaceDB: Time (s): cpu = 00:00:00 ; elapsed = 00:00:00 . Memory (MB): peak = 3127.211 ; gain = 0.000 ; free physical = 10832 ; free virtual = 28608
Wrote PulsedLatchDB: Time (s): cpu = 00:00:00 ; elapsed = 00:00:00 . Memory (MB): peak = 3127.211 ; gain = 0.000 ; free physical = 10832 ; free virtual = 28608
Writing XDEF routing.
Writing XDEF routing logical nets.
Writing XDEF routing special nets.
Wrote RouteStorage: Time (s): cpu = 00:00:00.37 ; elapsed = 00:00:00.07 . Memory (MB): peak = 3127.211 ; gain = 0.000 ; free physical = 10831 ; free virtual = 28609
Write ShapeDB Complete: Time (s): cpu = 00:00:00.52 ; elapsed = 00:00:00.11 . Memory (MB): peak = 3127.211 ; gain = 0.000 ; free physical = 10827 ; free virtual = 28609
Wrote PlaceStorage: Time (s): cpu = 00:00:02 ; elapsed = 00:00:00.92 . Memory (MB): peak = 3127.211 ; gain = 0.000 ; free physical = 10805 ; free virtual = 28609
Wrote Netlist Cache: Time (s): cpu = 00:00:00.03 ; elapsed = 00:00:00.02 . Memory (MB): peak = 3127.211 ; gain = 0.000 ; free physical = 10803 ; free virtual = 28609
Wrote Device Cache: Time (s): cpu = 00:00:00.01 ; elapsed = 00:00:00.01 . Memory (MB): peak = 3127.211 ; gain = 0.000 ; free physical = 10803 ; free virtual = 28610
Write Physdb Complete: Time (s): cpu = 00:00:02 ; elapsed = 00:00:01 . Memory (MB): peak = 3127.211 ; gain = 0.000 ; free physical = 10803 ; free virtual = 28610
INFO: [Common 17-1381] The checkpoint '/home/khwl/Desktop/RV-IM100/RV64s/SoCs/RV64IM_7SP/RV64IM72F_7SP_FPGA.runs/impl_1/RV64IM72F5SPSoCTOP_placed.dcp' has been generated.
Command: phys_opt_design -directive Explore
Attempting to get a license for feature 'Implementation' and/or device 'xc7a200t'
INFO: [Common 17-349] Got license for feature 'Implementation' and/or device 'xc7a200t'
INFO: [Vivado_Tcl 4-137] Directive used for phys_opt_design is: Explore

Starting Initial Update Timing Task

Time (s): cpu = 00:00:24 ; elapsed = 00:00:05 . Memory (MB): peak = 3127.211 ; gain = 0.000 ; free physical = 10834 ; free virtual = 28618
INFO: [Vivado_Tcl 4-2279] Estimated Timing Summary | WNS= 0.083 | TNS= 0.000 | 
INFO: [Vivado_Tcl 4-383] Design worst setup slack (WNS) is greater than or equal to 0.000 ns. All physical synthesis setup optimizations will be skipped.
INFO: [Vivado_Tcl 4-232] No setup violation found. The netlist was not modified.
INFO: [Common 17-83] Releasing license: Implementation
101 Infos, 0 Warnings, 0 Critical Warnings and 0 Errors encountered.
phys_opt_design completed successfully
phys_opt_design: Time (s): cpu = 00:00:24 ; elapsed = 00:00:06 . Memory (MB): peak = 3127.211 ; gain = 0.000 ; free physical = 10834 ; free virtual = 28618
INFO: [Timing 38-480] Writing timing data to binary archive.
Wrote PlaceDB: Time (s): cpu = 00:00:00 ; elapsed = 00:00:00 . Memory (MB): peak = 3127.211 ; gain = 0.000 ; free physical = 10834 ; free virtual = 28618
Wrote PulsedLatchDB: Time (s): cpu = 00:00:00 ; elapsed = 00:00:00 . Memory (MB): peak = 3127.211 ; gain = 0.000 ; free physical = 10834 ; free virtual = 28618
Writing XDEF routing.
Writing XDEF routing logical nets.
Writing XDEF routing special nets.
Wrote RouteStorage: Time (s): cpu = 00:00:00.35 ; elapsed = 00:00:00.08 . Memory (MB): peak = 3127.211 ; gain = 0.000 ; free physical = 10832 ; free virtual = 28619
Write ShapeDB Complete: Time (s): cpu = 00:00:00.44 ; elapsed = 00:00:00.09 . Memory (MB): peak = 3127.211 ; gain = 0.000 ; free physical = 10828 ; free virtual = 28618
Wrote PlaceStorage: Time (s): cpu = 00:00:02 ; elapsed = 00:00:00.89 . Memory (MB): peak = 3127.211 ; gain = 0.000 ; free physical = 10798 ; free virtual = 28611
Wrote Netlist Cache: Time (s): cpu = 00:00:00.02 ; elapsed = 00:00:00.02 . Memory (MB): peak = 3127.211 ; gain = 0.000 ; free physical = 10798 ; free virtual = 28613
Wrote Device Cache: Time (s): cpu = 00:00:00.01 ; elapsed = 00:00:00.01 . Memory (MB): peak = 3127.211 ; gain = 0.000 ; free physical = 10798 ; free virtual = 28614
Write Physdb Complete: Time (s): cpu = 00:00:02 ; elapsed = 00:00:01 . Memory (MB): peak = 3127.211 ; gain = 0.000 ; free physical = 10798 ; free virtual = 28614
INFO: [Common 17-1381] The checkpoint '/home/khwl/Desktop/RV-IM100/RV64s/SoCs/RV64IM_7SP/RV64IM72F_7SP_FPGA.runs/impl_1/RV64IM72F5SPSoCTOP_physopt.dcp' has been generated.
Command: route_design -directive Explore -tns_cleanup
Attempting to get a license for feature 'Implementation' and/or device 'xc7a200t'
INFO: [Common 17-349] Got license for feature 'Implementation' and/or device 'xc7a200t'


Starting Routing Task
INFO: [Route 35-270] Using Router directive 'Explore'.
INFO: [Route 35-254] Multithreading enabled for route_design using a maximum of 8 CPUs

Phase 1 Build RT Design
Checksum: PlaceDB: d115057c ConstDB: 0 ShapeSum: b8dec403 RouteDB: 981aeb64
Post Restoration Checksum: NetGraph: ac7e4fe8 | NumContArr: b061f31a | Constraints: c2a8fa9d | Timing: c2a8fa9d
Phase 1 Build RT Design | Checksum: 2e232383c

Time (s): cpu = 00:01:28 ; elapsed = 00:00:44 . Memory (MB): peak = 3178.094 ; gain = 50.883 ; free physical = 10740 ; free virtual = 28532

Phase 2 Router Initialization

Phase 2.1 Fix Topology Constraints
Phase 2.1 Fix Topology Constraints | Checksum: 2e232383c

Time (s): cpu = 00:01:28 ; elapsed = 00:00:44 . Memory (MB): peak = 3178.094 ; gain = 50.883 ; free physical = 10740 ; free virtual = 28532

Phase 2.2 Pre Route Cleanup
Phase 2.2 Pre Route Cleanup | Checksum: 2e232383c

Time (s): cpu = 00:01:29 ; elapsed = 00:00:44 . Memory (MB): peak = 3178.094 ; gain = 50.883 ; free physical = 10740 ; free virtual = 28532
 Number of Nodes with overlaps = 0

Phase 2.3 Update Timing
Phase 2.3 Update Timing | Checksum: 20c93100a

Time (s): cpu = 00:02:22 ; elapsed = 00:00:55 . Memory (MB): peak = 3245.852 ; gain = 118.641 ; free physical = 10668 ; free virtual = 28461
INFO: [Route 35-416] Intermediate Timing Summary | WNS=0.479  | TNS=0.000  | WHS=-0.244 | THS=-1484.084|


Phase 2.4 Soft Constraint Pins - Fast Budgeting
Phase 2.4 Soft Constraint Pins - Fast Budgeting | Checksum: 2b8d9beff

Time (s): cpu = 00:02:30 ; elapsed = 00:00:57 . Memory (MB): peak = 3253.852 ; gain = 126.641 ; free physical = 10668 ; free virtual = 28461

Router Utilization Summary
  Global Vertical Routing Utilization    = 0 %
  Global Horizontal Routing Utilization  = 0 %
  Routable Net Status*
  *Does not include unroutable nets such as driverless and loadless.
  Run report_route_status for detailed report.
  Number of Failed Nets               = 16261
    (Failed Nets is the sum of unrouted and partially routed nets)
  Number of Unrouted Nets             = 16261
  Number of Partially Routed Nets     = 0
  Number of Node Overlaps             = 0

Phase 2 Router Initialization | Checksum: 2e3110224

Time (s): cpu = 00:02:32 ; elapsed = 00:00:57 . Memory (MB): peak = 3272.328 ; gain = 145.117 ; free physical = 10637 ; free virtual = 28430

Phase 3 Global Routing
Phase 3 Global Routing | Checksum: 2e3110224

Time (s): cpu = 00:02:32 ; elapsed = 00:00:57 . Memory (MB): peak = 3272.328 ; gain = 145.117 ; free physical = 10637 ; free virtual = 28430

Phase 4 Initial Routing

Phase 4.1 Initial Net Routing Pass
Phase 4.1 Initial Net Routing Pass | Checksum: 2bc37e0e7

Time (s): cpu = 00:03:56 ; elapsed = 00:01:27 . Memory (MB): peak = 4724.328 ; gain = 1597.117 ; free physical = 9173 ; free virtual = 26966
Phase 4 Initial Routing | Checksum: 2bc37e0e7

Time (s): cpu = 00:03:56 ; elapsed = 00:01:27 . Memory (MB): peak = 4724.328 ; gain = 1597.117 ; free physical = 9173 ; free virtual = 26966

Phase 5 Rip-up And Reroute

Phase 5.1 Global Iteration 0
 Number of Nodes with overlaps = 4096
 Number of Nodes with overlaps = 332
 Number of Nodes with overlaps = 44
 Number of Nodes with overlaps = 5
 Number of Nodes with overlaps = 0
INFO: [Route 35-416] Intermediate Timing Summary | WNS=-2.564 | TNS=-35102.110| WHS=N/A    | THS=N/A    |

Phase 5.1 Global Iteration 0 | Checksum: 27c70bfa4

Time (s): cpu = 00:05:22 ; elapsed = 00:02:09 . Memory (MB): peak = 4724.328 ; gain = 1597.117 ; free physical = 9185 ; free virtual = 26978

Phase 5.2 Global Iteration 1
 Number of Nodes with overlaps = 2596
 Number of Nodes with overlaps = 1124
 Number of Nodes with overlaps = 675
 Number of Nodes with overlaps = 504
 Number of Nodes with overlaps = 365
 Number of Nodes with overlaps = 187
 Number of Nodes with overlaps = 78
 Number of Nodes with overlaps = 57
 Number of Nodes with overlaps = 37
 Number of Nodes with overlaps = 7
 Number of Nodes with overlaps = 10
 Number of Nodes with overlaps = 4
 Number of Nodes with overlaps = 2
 Number of Nodes with overlaps = 1
 Number of Nodes with overlaps = 0
INFO: [Route 35-416] Intermediate Timing Summary | WNS=-0.975 | TNS=-883.270| WHS=N/A    | THS=N/A    |

Phase 5.2 Global Iteration 1 | Checksum: 1e4c7b030

Time (s): cpu = 00:08:16 ; elapsed = 00:03:21 . Memory (MB): peak = 4724.328 ; gain = 1597.117 ; free physical = 9192 ; free virtual = 26985

Phase 5.3 Global Iteration 2
 Number of Nodes with overlaps = 2196
 Number of Nodes with overlaps = 1253
 Number of Nodes with overlaps = 698
 Number of Nodes with overlaps = 396
 Number of Nodes with overlaps = 387
 Number of Nodes with overlaps = 115
 Number of Nodes with overlaps = 77
 Number of Nodes with overlaps = 40
 Number of Nodes with overlaps = 21
 Number of Nodes with overlaps = 4
 Number of Nodes with overlaps = 5
 Number of Nodes with overlaps = 1
 Number of Nodes with overlaps = 1
 Number of Nodes with overlaps = 1
 Number of Nodes with overlaps = 0
INFO: [Route 35-416] Intermediate Timing Summary | WNS=-0.679 | TNS=-92.146| WHS=N/A    | THS=N/A    |

Phase 5.3 Global Iteration 2 | Checksum: 3298e4528

Time (s): cpu = 00:11:14 ; elapsed = 00:04:37 . Memory (MB): peak = 4724.328 ; gain = 1597.117 ; free physical = 9190 ; free virtual = 26983

Phase 5.4 Global Iteration 3
 Number of Nodes with overlaps = 2815
 Number of Nodes with overlaps = 1421
 Number of Nodes with overlaps = 1036
 Number of Nodes with overlaps = 560
 Number of Nodes with overlaps = 353
 Number of Nodes with overlaps = 223
 Number of Nodes with overlaps = 113
 Number of Nodes with overlaps = 55
 Number of Nodes with overlaps = 27
 Number of Nodes with overlaps = 11
 Number of Nodes with overlaps = 7
 Number of Nodes with overlaps = 5
 Number of Nodes with overlaps = 2
 Number of Nodes with overlaps = 1
 Number of Nodes with overlaps = 1
 Number of Nodes with overlaps = 1
 Number of Nodes with overlaps = 1
 Number of Nodes with overlaps = 0
INFO: [Route 35-416] Intermediate Timing Summary | WNS=-0.624 | TNS=-79.634| WHS=N/A    | THS=N/A    |

Phase 5.4 Global Iteration 3 | Checksum: 2ceebdf5b

Time (s): cpu = 00:15:18 ; elapsed = 00:06:07 . Memory (MB): peak = 4724.328 ; gain = 1597.117 ; free physical = 9160 ; free virtual = 26976

Phase 5.5 Global Iteration 4
 Number of Nodes with overlaps = 2009
 Number of Nodes with overlaps = 928
 Number of Nodes with overlaps = 469
 Number of Nodes with overlaps = 259
 Number of Nodes with overlaps = 101
 Number of Nodes with overlaps = 71
 Number of Nodes with overlaps = 28
 Number of Nodes with overlaps = 19
 Number of Nodes with overlaps = 10
 Number of Nodes with overlaps = 3
 Number of Nodes with overlaps = 2
 Number of Nodes with overlaps = 2
 Number of Nodes with overlaps = 2
 Number of Nodes with overlaps = 1
 Number of Nodes with overlaps = 1
 Number of Nodes with overlaps = 0
INFO: [Route 35-416] Intermediate Timing Summary | WNS=-0.419 | TNS=-46.440| WHS=N/A    | THS=N/A    |

Phase 5.5 Global Iteration 4 | Checksum: 2d7bb51a7

Time (s): cpu = 00:18:00 ; elapsed = 00:07:10 . Memory (MB): peak = 4724.328 ; gain = 1597.117 ; free physical = 9167 ; free virtual = 26983

Phase 5.6 Global Iteration 5
 Number of Nodes with overlaps = 2412
 Number of Nodes with overlaps = 1007
 Number of Nodes with overlaps = 481
 Number of Nodes with overlaps = 269
 Number of Nodes with overlaps = 145
 Number of Nodes with overlaps = 93
 Number of Nodes with overlaps = 44
 Number of Nodes with overlaps = 17
 Number of Nodes with overlaps = 5
 Number of Nodes with overlaps = 3
 Number of Nodes with overlaps = 1
 Number of Nodes with overlaps = 0
INFO: [Route 35-416] Intermediate Timing Summary | WNS=-0.543 | TNS=-70.592| WHS=N/A    | THS=N/A    |

Phase 5.6 Global Iteration 5 | Checksum: 2560ad460

Time (s): cpu = 00:20:42 ; elapsed = 00:08:14 . Memory (MB): peak = 4724.328 ; gain = 1597.117 ; free physical = 9199 ; free virtual = 26973
Phase 5 Rip-up And Reroute | Checksum: 2560ad460

Time (s): cpu = 00:20:42 ; elapsed = 00:08:14 . Memory (MB): peak = 4724.328 ; gain = 1597.117 ; free physical = 9199 ; free virtual = 26973

Phase 6 Delay and Skew Optimization

Phase 6.1 TNS Cleanup

Phase 6.1.1 Delay CleanUp

Phase 6.1.1.1 Update Timing
Phase 6.1.1.1 Update Timing | Checksum: 204b965d8

Time (s): cpu = 00:20:47 ; elapsed = 00:08:15 . Memory (MB): peak = 4724.328 ; gain = 1597.117 ; free physical = 9199 ; free virtual = 26973
INFO: [Route 35-416] Intermediate Timing Summary | WNS=-0.403 | TNS=-42.013| WHS=N/A    | THS=N/A    |

 Number of Nodes with overlaps = 0

Phase 6.1.1.2 Update Timing
Phase 6.1.1.2 Update Timing | Checksum: 297ae3a0e

Time (s): cpu = 00:20:49 ; elapsed = 00:08:15 . Memory (MB): peak = 4724.328 ; gain = 1597.117 ; free physical = 9199 ; free virtual = 26973
INFO: [Route 35-416] Intermediate Timing Summary | WNS=-0.403 | TNS=-41.703| WHS=N/A    | THS=N/A    |

 Number of Nodes with overlaps = 0

Phase 6.1.1.3 Update Timing
Phase 6.1.1.3 Update Timing | Checksum: 212bd9e54

Time (s): cpu = 00:20:51 ; elapsed = 00:08:16 . Memory (MB): peak = 4724.328 ; gain = 1597.117 ; free physical = 9198 ; free virtual = 26973
INFO: [Route 35-416] Intermediate Timing Summary | WNS=-0.403 | TNS=-39.568| WHS=N/A    | THS=N/A    |

 Number of Nodes with overlaps = 0

Phase 6.1.1.4 Update Timing
Phase 6.1.1.4 Update Timing | Checksum: 20222ac2b

Time (s): cpu = 00:20:52 ; elapsed = 00:08:17 . Memory (MB): peak = 4724.328 ; gain = 1597.117 ; free physical = 9198 ; free virtual = 26973
INFO: [Route 35-416] Intermediate Timing Summary | WNS=-0.403 | TNS=-39.568| WHS=N/A    | THS=N/A    |

 Number of Nodes with overlaps = 0

Phase 6.1.1.5 Update Timing
Phase 6.1.1.5 Update Timing | Checksum: 17f5df3f1

Time (s): cpu = 00:20:54 ; elapsed = 00:08:17 . Memory (MB): peak = 4724.328 ; gain = 1597.117 ; free physical = 9198 ; free virtual = 26973
INFO: [Route 35-416] Intermediate Timing Summary | WNS=-0.403 | TNS=-39.568| WHS=N/A    | THS=N/A    |

 Number of Nodes with overlaps = 0

Phase 6.1.1.6 Update Timing
Phase 6.1.1.6 Update Timing | Checksum: 1c33013f0

Time (s): cpu = 00:20:56 ; elapsed = 00:08:18 . Memory (MB): peak = 4724.328 ; gain = 1597.117 ; free physical = 9198 ; free virtual = 26972
INFO: [Route 35-416] Intermediate Timing Summary | WNS=-0.403 | TNS=-39.568| WHS=N/A    | THS=N/A    |

Phase 6.1.1 Delay CleanUp | Checksum: 24f3d2e86

Time (s): cpu = 00:20:57 ; elapsed = 00:08:18 . Memory (MB): peak = 4724.328 ; gain = 1597.117 ; free physical = 9198 ; free virtual = 26972
Phase 6.1 TNS Cleanup | Checksum: 24f3d2e86

Time (s): cpu = 00:20:57 ; elapsed = 00:08:18 . Memory (MB): peak = 4724.328 ; gain = 1597.117 ; free physical = 9198 ; free virtual = 26972

Phase 6.2 Clock Skew Optimization
Phase 6.2 Clock Skew Optimization | Checksum: 24f3d2e86

Time (s): cpu = 00:20:57 ; elapsed = 00:08:18 . Memory (MB): peak = 4724.328 ; gain = 1597.117 ; free physical = 9198 ; free virtual = 26972
Phase 6 Delay and Skew Optimization | Checksum: 24f3d2e86

Time (s): cpu = 00:20:57 ; elapsed = 00:08:18 . Memory (MB): peak = 4724.328 ; gain = 1597.117 ; free physical = 9198 ; free virtual = 26972

Phase 7 Post Hold Fix

Phase 7.1 Hold Fix Iter
INFO: [Route 35-416] Intermediate Timing Summary | WNS=-0.403 | TNS=-39.568| WHS=0.068  | THS=0.000  |

Phase 7.1 Hold Fix Iter | Checksum: 215b96be5

Time (s): cpu = 00:21:03 ; elapsed = 00:08:19 . Memory (MB): peak = 4724.328 ; gain = 1597.117 ; free physical = 9198 ; free virtual = 26972
Phase 7 Post Hold Fix | Checksum: 215b96be5

Time (s): cpu = 00:21:03 ; elapsed = 00:08:19 . Memory (MB): peak = 4724.328 ; gain = 1597.117 ; free physical = 9198 ; free virtual = 26972

Phase 8 Timing Verification

Phase 8.1 Update Timing
Phase 8.1 Update Timing | Checksum: 271928980

Time (s): cpu = 00:21:08 ; elapsed = 00:08:21 . Memory (MB): peak = 4724.328 ; gain = 1597.117 ; free physical = 9197 ; free virtual = 26972
INFO: [Route 35-416] Intermediate Timing Summary | WNS=-0.403 | TNS=-39.651| WHS=0.068  | THS=0.000  |

Phase 8 Timing Verification | Checksum: 271928980

Time (s): cpu = 00:21:08 ; elapsed = 00:08:21 . Memory (MB): peak = 4724.328 ; gain = 1597.117 ; free physical = 9197 ; free virtual = 26972

Phase 9 Route finalize

Router Utilization Summary
  Global Vertical Routing Utilization    = 5.35915 %
  Global Horizontal Routing Utilization  = 5.44987 %
  Routable Net Status*
  *Does not include unroutable nets such as driverless and loadless.
  Run report_route_status for detailed report.
  Number of Failed Nets               = 0
    (Failed Nets is the sum of unrouted and partially routed nets)
  Number of Unrouted Nets             = 0
  Number of Partially Routed Nets     = 0
  Number of Node Overlaps             = 0


--GLOBAL Congestion:
Utilization threshold used for congestion level computation: 0.85
Congestion Report
North Dir 1x1 Area, Max Cong = 95.4955%, Congestion bounded by tiles (Lower Left Tile -> Upper Right Tile):
   INT_R_X7Y53 -> INT_R_X7Y53
   INT_R_X11Y53 -> INT_R_X11Y53
   INT_R_X17Y53 -> INT_R_X17Y53
   INT_R_X11Y52 -> INT_R_X11Y52
   INT_L_X14Y42 -> INT_L_X14Y42
South Dir 1x1 Area, Max Cong = 93.6937%, Congestion bounded by tiles (Lower Left Tile -> Upper Right Tile):
   INT_R_X15Y51 -> INT_R_X15Y51
East Dir 1x1 Area, Max Cong = 95.5882%, Congestion bounded by tiles (Lower Left Tile -> Upper Right Tile):
   INT_L_X14Y53 -> INT_L_X14Y53
   INT_L_X14Y52 -> INT_L_X14Y52
   INT_R_X9Y49 -> INT_R_X9Y49
   INT_R_X7Y48 -> INT_R_X7Y48
   INT_L_X10Y47 -> INT_L_X10Y47
West Dir 2x2 Area, Max Cong = 87.8676%, Congestion bounded by tiles (Lower Left Tile -> Upper Right Tile):
   INT_L_X20Y34 -> INT_R_X21Y35

------------------------------
Reporting congestion hotspots
------------------------------
Direction: North
----------------
Congested clusters found at Level 0
Effective congestion level: 1 Aspect Ratio: 0.5 Sparse Ratio: 0.5
Direction: South
----------------
Congested clusters found at Level 0
Effective congestion level: 0 Aspect Ratio: 1 Sparse Ratio: 1
Direction: East
----------------
Congested clusters found at Level 0
Effective congestion level: 1 Aspect Ratio: 0.5 Sparse Ratio: 0.5
Direction: West
----------------
Congested clusters found at Level 0
Effective congestion level: 1 Aspect Ratio: 1 Sparse Ratio: 1.25

Phase 9 Route finalize | Checksum: 271928980

Time (s): cpu = 00:21:09 ; elapsed = 00:08:21 . Memory (MB): peak = 4724.328 ; gain = 1597.117 ; free physical = 9197 ; free virtual = 26972

Phase 10 Verifying routed nets

 Verification completed successfully
Phase 10 Verifying routed nets | Checksum: 271928980

Time (s): cpu = 00:21:09 ; elapsed = 00:08:21 . Memory (MB): peak = 4724.328 ; gain = 1597.117 ; free physical = 9197 ; free virtual = 26972

Phase 11 Depositing Routes
Phase 11 Depositing Routes | Checksum: 27c2c0475

Time (s): cpu = 00:21:12 ; elapsed = 00:08:23 . Memory (MB): peak = 4724.328 ; gain = 1597.117 ; free physical = 9195 ; free virtual = 26970

Phase 12 Incr Placement Change
Netlist sorting complete. Time (s): cpu = 00:00:00.01 ; elapsed = 00:00:00.01 . Memory (MB): peak = 4724.328 ; gain = 0.000 ; free physical = 9195 ; free virtual = 26970
INFO: [Place 30-746] Post Placement Timing Summary WNS=-0.390. For the most accurate timing information please run report_timing.
Ending IncrPlace Task | Checksum: 1d0d8bff5

Time (s): cpu = 00:01:20 ; elapsed = 00:00:29 . Memory (MB): peak = 4724.328 ; gain = 0.000 ; free physical = 9014 ; free virtual = 26942
Phase 12 Incr Placement Change | Checksum: 1d0d8bff5

Time (s): cpu = 00:22:32 ; elapsed = 00:08:51 . Memory (MB): peak = 4724.328 ; gain = 1597.117 ; free physical = 9014 ; free virtual = 26942

Phase 13 Build RT Design
Checksum: PlaceDB: 683fb8f9 ConstDB: 0 ShapeSum: 6e1b3027 RouteDB: fa7dd6d5
Post Restoration Checksum: NetGraph: 120004fd | NumContArr: 7fc0af8a | Constraints: c2a8fa9d | Timing: c2a8fa9d
Phase 13 Build RT Design | Checksum: 21712a9c1

Time (s): cpu = 00:23:18 ; elapsed = 00:08:59 . Memory (MB): peak = 4724.328 ; gain = 1597.117 ; free physical = 8653 ; free virtual = 26736

Phase 14 Router Initialization

Phase 14.1 Fix Topology Constraints
Phase 14.1 Fix Topology Constraints | Checksum: 21712a9c1

Time (s): cpu = 00:23:18 ; elapsed = 00:08:59 . Memory (MB): peak = 4724.328 ; gain = 1597.117 ; free physical = 8682 ; free virtual = 26741

Phase 14.2 Pre Route Cleanup
Phase 14.2 Pre Route Cleanup | Checksum: 21712a9c1

Time (s): cpu = 00:23:19 ; elapsed = 00:08:59 . Memory (MB): peak = 4724.328 ; gain = 1597.117 ; free physical = 8682 ; free virtual = 26741

Phase 14.3 Timing Verification

Phase 14.3.1 Update Timing
Phase 14.3.1 Update Timing | Checksum: 29d965a15

Time (s): cpu = 00:24:10 ; elapsed = 00:09:08 . Memory (MB): peak = 4724.328 ; gain = 1597.117 ; free physical = 8770 ; free virtual = 26766
INFO: [Route 35-416] Intermediate Timing Summary | WNS=-0.390 | TNS=-27.467| WHS=0.069  | THS=0.000  |

Phase 14.3 Timing Verification | Checksum: 29d965a15

Time (s): cpu = 00:24:10 ; elapsed = 00:09:08 . Memory (MB): peak = 4724.328 ; gain = 1597.117 ; free physical = 8770 ; free virtual = 26766
 Number of Nodes with overlaps = 0

Phase 14.4 Update Timing
Phase 14.4 Update Timing | Checksum: 19b7abe50

Time (s): cpu = 00:25:03 ; elapsed = 00:09:18 . Memory (MB): peak = 4724.328 ; gain = 1597.117 ; free physical = 8976 ; free virtual = 26834
INFO: [Route 35-416] Intermediate Timing Summary | WNS=-0.427 | TNS=-47.105| WHS=-0.244 | THS=-1483.999|


Phase 14.5 Soft Constraint Pins - Fast Budgeting
Phase 14.5 Soft Constraint Pins - Fast Budgeting | Checksum: 14039ff84

Time (s): cpu = 00:25:11 ; elapsed = 00:09:21 . Memory (MB): peak = 4724.328 ; gain = 1597.117 ; free physical = 9008 ; free virtual = 26861

Router Utilization Summary
  Global Vertical Routing Utilization    = 5.35915 %
  Global Horizontal Routing Utilization  = 5.44987 %
  Routable Net Status*
  *Does not include unroutable nets such as driverless and loadless.
  Run report_route_status for detailed report.
  Number of Failed Nets               = 0
    (Failed Nets is the sum of unrouted and partially routed nets)
  Number of Unrouted Nets             = 0
  Number of Partially Routed Nets     = 0
  Number of Node Overlaps             = 0

Phase 14 Router Initialization | Checksum: 14039ff84

Time (s): cpu = 00:25:13 ; elapsed = 00:09:21 . Memory (MB): peak = 4724.328 ; gain = 1597.117 ; free physical = 9007 ; free virtual = 26860

Phase 15 Global Routing
Phase 15 Global Routing | Checksum: 14039ff84

Time (s): cpu = 00:25:13 ; elapsed = 00:09:21 . Memory (MB): peak = 4724.328 ; gain = 1597.117 ; free physical = 9007 ; free virtual = 26860

Phase 16 Initial Routing

Phase 16.1 Initial Net Routing Pass
 Number of Nodes with overlaps = 0
Phase 16.1 Initial Net Routing Pass | Checksum: 14039ff84

Time (s): cpu = 00:25:14 ; elapsed = 00:09:22 . Memory (MB): peak = 4724.328 ; gain = 1597.117 ; free physical = 9007 ; free virtual = 26860
Phase 16 Initial Routing | Checksum: 14039ff84

Time (s): cpu = 00:25:14 ; elapsed = 00:09:22 . Memory (MB): peak = 4724.328 ; gain = 1597.117 ; free physical = 9012 ; free virtual = 26865
INFO: [Route 35-580] Design has 746 pins with tight setup and hold constraints.

The top 5 pins with tight setup and hold constraints:

+====================+====================+=====================================================================+
| Launch Setup Clock | Launch Hold Clock  | Pin                                                                 |
+====================+====================+=====================================================================+
| clk_out1_clk_wiz_0 | clk_out1_clk_wiz_0 | rv64im72f_6sp/data_memory/memory_reg_5632_5887_21_21/RAMS64E_A/ADR1 |
| clk_out1_clk_wiz_0 | clk_out1_clk_wiz_0 | rv64im72f_6sp/data_memory/memory_reg_5632_5887_21_21/RAMS64E_B/ADR1 |
| clk_out1_clk_wiz_0 | clk_out1_clk_wiz_0 | rv64im72f_6sp/data_memory/memory_reg_5632_5887_16_16/RAMS64E_C/ADR0 |
| clk_out1_clk_wiz_0 | clk_out1_clk_wiz_0 | rv64im72f_6sp/data_memory/memory_reg_5632_5887_16_16/RAMS64E_D/ADR0 |
| clk_out1_clk_wiz_0 | clk_out1_clk_wiz_0 | rv64im72f_6sp/data_memory/memory_reg_5632_5887_16_16/RAMS64E_B/ADR0 |
+--------------------+--------------------+---------------------------------------------------------------------+

File with complete list of pins: tight_setup_hold_pins.txt


Phase 17 Rip-up And Reroute

Phase 17.1 Global Iteration 0
INFO: [Route 35-416] Intermediate Timing Summary | WNS=-0.419 | TNS=-43.887| WHS=N/A    | THS=N/A    |

Phase 17.1 Global Iteration 0 | Checksum: 39f39fb16

Time (s): cpu = 00:25:35 ; elapsed = 00:09:30 . Memory (MB): peak = 4724.328 ; gain = 1597.117 ; free physical = 9019 ; free virtual = 26872

Phase 17.2 Global Iteration 1
 Number of Nodes with overlaps = 3706
 Number of Nodes with overlaps = 2254
 Number of Nodes with overlaps = 1689
 Number of Nodes with overlaps = 1151
 Number of Nodes with overlaps = 805
 Number of Nodes with overlaps = 503
 Number of Nodes with overlaps = 398
 Number of Nodes with overlaps = 144
 Number of Nodes with overlaps = 75
 Number of Nodes with overlaps = 33
 Number of Nodes with overlaps = 17
 Number of Nodes with overlaps = 7
 Number of Nodes with overlaps = 2
 Number of Nodes with overlaps = 0
INFO: [Route 35-416] Intermediate Timing Summary | WNS=-0.564 | TNS=-28.430| WHS=N/A    | THS=N/A    |

Phase 17.2 Global Iteration 1 | Checksum: 1d129a5cf

Time (s): cpu = 00:29:53 ; elapsed = 00:11:09 . Memory (MB): peak = 4724.328 ; gain = 1597.117 ; free physical = 8958 ; free virtual = 26897
Phase 17 Rip-up And Reroute | Checksum: 1d129a5cf

Time (s): cpu = 00:29:53 ; elapsed = 00:11:09 . Memory (MB): peak = 4724.328 ; gain = 1597.117 ; free physical = 8964 ; free virtual = 26903

Phase 18 Delay and Skew Optimization

Phase 18.1 TNS Cleanup

Phase 18.1.1 Delay CleanUp

Phase 18.1.1.1 Update Timing
Phase 18.1.1.1 Update Timing | Checksum: 190a829f1

Time (s): cpu = 00:29:59 ; elapsed = 00:11:10 . Memory (MB): peak = 4724.328 ; gain = 1597.117 ; free physical = 8963 ; free virtual = 26902
INFO: [Route 35-416] Intermediate Timing Summary | WNS=-0.403 | TNS=-39.296| WHS=N/A    | THS=N/A    |

 Number of Nodes with overlaps = 0

Phase 18.1.1.2 Update Timing
Phase 18.1.1.2 Update Timing | Checksum: 27914b3f2

Time (s): cpu = 00:30:02 ; elapsed = 00:11:11 . Memory (MB): peak = 4724.328 ; gain = 1597.117 ; free physical = 8964 ; free virtual = 26903
INFO: [Route 35-416] Intermediate Timing Summary | WNS=-0.403 | TNS=-34.837| WHS=N/A    | THS=N/A    |

 Number of Nodes with overlaps = 0

Phase 18.1.1.3 Update Timing
Phase 18.1.1.3 Update Timing | Checksum: 21243e7e4

Time (s): cpu = 00:30:04 ; elapsed = 00:11:12 . Memory (MB): peak = 4724.328 ; gain = 1597.117 ; free physical = 8963 ; free virtual = 26902
INFO: [Route 35-416] Intermediate Timing Summary | WNS=-0.403 | TNS=-34.837| WHS=N/A    | THS=N/A    |

Phase 18.1.1 Delay CleanUp | Checksum: 2acf2942c

Time (s): cpu = 00:30:05 ; elapsed = 00:11:12 . Memory (MB): peak = 4724.328 ; gain = 1597.117 ; free physical = 8963 ; free virtual = 26902
Phase 18.1 TNS Cleanup | Checksum: 2acf2942c

Time (s): cpu = 00:30:05 ; elapsed = 00:11:12 . Memory (MB): peak = 4724.328 ; gain = 1597.117 ; free physical = 8963 ; free virtual = 26902

Phase 18.2 Clock Skew Optimization
Phase 18.2 Clock Skew Optimization | Checksum: 2acf2942c

Time (s): cpu = 00:30:05 ; elapsed = 00:11:12 . Memory (MB): peak = 4724.328 ; gain = 1597.117 ; free physical = 8963 ; free virtual = 26902
Phase 18 Delay and Skew Optimization | Checksum: 2acf2942c

Time (s): cpu = 00:30:05 ; elapsed = 00:11:12 . Memory (MB): peak = 4724.328 ; gain = 1597.117 ; free physical = 8963 ; free virtual = 26902

Phase 19 Post Hold Fix

Phase 19.1 Hold Fix Iter
INFO: [Route 35-416] Intermediate Timing Summary | WNS=-0.403 | TNS=-34.837| WHS=0.069  | THS=0.000  |

Phase 19.1 Hold Fix Iter | Checksum: 1d60688c3

Time (s): cpu = 00:30:11 ; elapsed = 00:11:13 . Memory (MB): peak = 4724.328 ; gain = 1597.117 ; free physical = 8970 ; free virtual = 26899
Phase 19 Post Hold Fix | Checksum: 1d60688c3

Time (s): cpu = 00:30:11 ; elapsed = 00:11:13 . Memory (MB): peak = 4724.328 ; gain = 1597.117 ; free physical = 8970 ; free virtual = 26899

Phase 20 Timing Verification

Phase 20.1 Update Timing
Phase 20.1 Update Timing | Checksum: 202b38914

Time (s): cpu = 00:30:16 ; elapsed = 00:11:15 . Memory (MB): peak = 4724.328 ; gain = 1597.117 ; free physical = 8974 ; free virtual = 26898
INFO: [Route 35-416] Intermediate Timing Summary | WNS=-0.403 | TNS=-34.894| WHS=0.069  | THS=0.000  |

Phase 20 Timing Verification | Checksum: 202b38914

Time (s): cpu = 00:30:17 ; elapsed = 00:11:15 . Memory (MB): peak = 4724.328 ; gain = 1597.117 ; free physical = 8975 ; free virtual = 26899

Phase 21 Route finalize

Router Utilization Summary
  Global Vertical Routing Utilization    = 5.36085 %
  Global Horizontal Routing Utilization  = 5.45337 %
  Routable Net Status*
  *Does not include unroutable nets such as driverless and loadless.
  Run report_route_status for detailed report.
  Number of Failed Nets               = 0
    (Failed Nets is the sum of unrouted and partially routed nets)
  Number of Unrouted Nets             = 0
  Number of Partially Routed Nets     = 0
  Number of Node Overlaps             = 0


--GLOBAL Congestion:
Utilization threshold used for congestion level computation: 0.85
Congestion Report
North Dir 1x1 Area, Max Cong = 95.4955%, Congestion bounded by tiles (Lower Left Tile -> Upper Right Tile):
   INT_R_X7Y53 -> INT_R_X7Y53
   INT_R_X11Y53 -> INT_R_X11Y53
   INT_R_X17Y53 -> INT_R_X17Y53
   INT_R_X11Y52 -> INT_R_X11Y52
   INT_L_X14Y42 -> INT_L_X14Y42
South Dir 1x1 Area, Max Cong = 93.6937%, Congestion bounded by tiles (Lower Left Tile -> Upper Right Tile):
   INT_R_X15Y51 -> INT_R_X15Y51
East Dir 1x1 Area, Max Cong = 95.5882%, Congestion bounded by tiles (Lower Left Tile -> Upper Right Tile):
   INT_L_X14Y53 -> INT_L_X14Y53
   INT_L_X14Y52 -> INT_L_X14Y52
   INT_R_X9Y49 -> INT_R_X9Y49
   INT_R_X7Y48 -> INT_R_X7Y48
   INT_L_X10Y47 -> INT_L_X10Y47
West Dir 2x2 Area, Max Cong = 87.8676%, Congestion bounded by tiles (Lower Left Tile -> Upper Right Tile):
   INT_L_X20Y34 -> INT_R_X21Y35

------------------------------
Reporting congestion hotspots
------------------------------
Direction: North
----------------
Congested clusters found at Level 0
Effective congestion level: 1 Aspect Ratio: 1 Sparse Ratio: 0.75
Direction: South
----------------
Congested clusters found at Level 0
Effective congestion level: 0 Aspect Ratio: 1 Sparse Ratio: 1
Direction: East
----------------
Congested clusters found at Level 0
Effective congestion level: 1 Aspect Ratio: 0.5 Sparse Ratio: 0.5
Direction: West
----------------
Congested clusters found at Level 0
Effective congestion level: 1 Aspect Ratio: 1 Sparse Ratio: 1.25

Phase 21 Route finalize | Checksum: 202b38914

Time (s): cpu = 00:30:17 ; elapsed = 00:11:15 . Memory (MB): peak = 4724.328 ; gain = 1597.117 ; free physical = 8974 ; free virtual = 26899

Phase 22 Verifying routed nets

 Verification completed successfully
Phase 22 Verifying routed nets | Checksum: 202b38914

Time (s): cpu = 00:30:17 ; elapsed = 00:11:15 . Memory (MB): peak = 4724.328 ; gain = 1597.117 ; free physical = 8974 ; free virtual = 26898

Phase 23 Depositing Routes
Phase 23 Depositing Routes | Checksum: 2853b7cbf

Time (s): cpu = 00:30:20 ; elapsed = 00:11:17 . Memory (MB): peak = 4724.328 ; gain = 1597.117 ; free physical = 8992 ; free virtual = 26901

Phase 24 Post Process Routing
Phase 24 Post Process Routing | Checksum: 2853b7cbf

Time (s): cpu = 00:30:21 ; elapsed = 00:11:17 . Memory (MB): peak = 4724.328 ; gain = 1597.117 ; free physical = 8992 ; free virtual = 26901

Phase 25 Post Router Timing
INFO: [Route 35-20] Post Routing Timing Summary | WNS=-0.390 | TNS=-1.781 | WHS=0.069  | THS=0.000  |

Phase 25 Post Router Timing | Checksum: 274a81539

Time (s): cpu = 00:31:46 ; elapsed = 00:12:03 . Memory (MB): peak = 4724.328 ; gain = 1597.117 ; free physical = 8906 ; free virtual = 26882
WARNING: [Route 35-39] The design did not meet timing requirements. Please run report_timing_summary for detailed reports.
Resolution: Verify that the timing was met or had small violations at all previous steps (synthesis, placement, power_opt, and phys_opt). Run report_timing_summary and analyze individual timing paths.
INFO: [Route 35-253] TNS is the sum of the worst slack violation on every endpoint in the design. Review the paths with the biggest WNS violations in the timing reports and modify your constraints or your design to improve both WNS and TNS.
Total Elapsed time in route_design: 723.3 secs

Phase 26 Post-Route Event Processing
Phase 26 Post-Route Event Processing | Checksum: 11bd976bb

Time (s): cpu = 00:31:46 ; elapsed = 00:12:03 . Memory (MB): peak = 4724.328 ; gain = 1597.117 ; free physical = 8877 ; free virtual = 26852
INFO: [Route 35-16] Router Completed Successfully
Ending Routing Task | Checksum: 11bd976bb

Time (s): cpu = 00:31:47 ; elapsed = 00:12:03 . Memory (MB): peak = 4724.328 ; gain = 1597.117 ; free physical = 8899 ; free virtual = 26875

Routing Is Done.
INFO: [Common 17-83] Releasing license: Implementation
136 Infos, 1 Warnings, 0 Critical Warnings and 0 Errors encountered.
route_design completed successfully
route_design: Time (s): cpu = 00:31:47 ; elapsed = 00:12:04 . Memory (MB): peak = 4724.328 ; gain = 1597.117 ; free physical = 8894 ; free virtual = 26870
INFO: [Vivado 12-24828] Executing command : report_drc -file RV64IM72F5SPSoCTOP_drc_routed.rpt -pb RV64IM72F5SPSoCTOP_drc_routed.pb -rpx RV64IM72F5SPSoCTOP_drc_routed.rpx
Command: report_drc -file RV64IM72F5SPSoCTOP_drc_routed.rpt -pb RV64IM72F5SPSoCTOP_drc_routed.pb -rpx RV64IM72F5SPSoCTOP_drc_routed.rpx
INFO: [IP_Flow 19-1839] IP Catalog is up to date.
INFO: [DRC 23-27] Running DRC with 8 threads
INFO: [Vivado_Tcl 2-168] The results of DRC are in file /home/khwl/Desktop/RV-IM100/RV64s/SoCs/RV64IM_7SP/RV64IM72F_7SP_FPGA.runs/impl_1/RV64IM72F5SPSoCTOP_drc_routed.rpt.
report_drc completed successfully
INFO: [Vivado 12-24828] Executing command : report_methodology -file RV64IM72F5SPSoCTOP_methodology_drc_routed.rpt -pb RV64IM72F5SPSoCTOP_methodology_drc_routed.pb -rpx RV64IM72F5SPSoCTOP_methodology_drc_routed.rpx
Command: report_methodology -file RV64IM72F5SPSoCTOP_methodology_drc_routed.rpt -pb RV64IM72F5SPSoCTOP_methodology_drc_routed.pb -rpx RV64IM72F5SPSoCTOP_methodology_drc_routed.rpx
INFO: [Timing 38-35] Done setting XDC timing constraints.
INFO: [DRC 23-133] Running Methodology with 8 threads
INFO: [Vivado_Tcl 2-1520] The results of Report Methodology are in file /home/khwl/Desktop/RV-IM100/RV64s/SoCs/RV64IM_7SP/RV64IM72F_7SP_FPGA.runs/impl_1/RV64IM72F5SPSoCTOP_methodology_drc_routed.rpt.
report_methodology completed successfully
report_methodology: Time (s): cpu = 00:01:01 ; elapsed = 00:00:10 . Memory (MB): peak = 4724.328 ; gain = 0.000 ; free physical = 8898 ; free virtual = 26877
INFO: [Vivado 12-24828] Executing command : report_timing_summary -max_paths 10 -routable_nets -report_unconstrained -file RV64IM72F5SPSoCTOP_timing_summary_routed.rpt -pb RV64IM72F5SPSoCTOP_timing_summary_routed.pb -rpx RV64IM72F5SPSoCTOP_timing_summary_routed.rpx
INFO: [Timing 38-35] Done setting XDC timing constraints.
INFO: [Timing 38-91] UpdateTimingParams: Speed grade: -1, Delay Type: min_max.
INFO: [Timing 38-191] Multithreading enabled for timing update using a maximum of 8 CPUs
INFO: [Vivado 12-24838] Running report commands "report_bus_skew, report_incremental_reuse, report_route_status" in parallel.
Running report generation with 3 threads.
INFO: [Vivado 12-24828] Executing command : report_incremental_reuse -file RV64IM72F5SPSoCTOP_incremental_reuse_routed.rpt
INFO: [Vivado_Tcl 4-1062] Incremental flow is disabled. No incremental reuse Info to report.
INFO: [Vivado 12-24828] Executing command : report_bus_skew -warn_on_violation -file RV64IM72F5SPSoCTOP_bus_skew_routed.rpt -pb RV64IM72F5SPSoCTOP_bus_skew_routed.pb -rpx RV64IM72F5SPSoCTOP_bus_skew_routed.rpx
INFO: [Timing 38-91] UpdateTimingParams: Speed grade: -1, Delay Type: min_max.
INFO: [Timing 38-191] Multithreading enabled for timing update using a maximum of 8 CPUs
INFO: [Vivado 12-24828] Executing command : report_route_status -file RV64IM72F5SPSoCTOP_route_status.rpt -pb RV64IM72F5SPSoCTOP_route_status.pb
INFO: [Vivado 12-24828] Executing command : report_power -file RV64IM72F5SPSoCTOP_power_routed.rpt -pb RV64IM72F5SPSoCTOP_power_summary_routed.pb -rpx RV64IM72F5SPSoCTOP_power_routed.rpx
Command: report_power -file RV64IM72F5SPSoCTOP_power_routed.rpt -pb RV64IM72F5SPSoCTOP_power_summary_routed.pb -rpx RV64IM72F5SPSoCTOP_power_routed.rpx
Running Vector-less Activity Propagation...

Finished Running Vector-less Activity Propagation
156 Infos, 1 Warnings, 0 Critical Warnings and 0 Errors encountered.
report_power completed successfully
report_power: Time (s): cpu = 00:00:15 ; elapsed = 00:00:06 . Memory (MB): peak = 4764.375 ; gain = 40.047 ; free physical = 8893 ; free virtual = 26874
INFO: [Vivado 12-24828] Executing command : report_clock_utilization -file RV64IM72F5SPSoCTOP_clock_utilization_routed.rpt
generate_parallel_reports: Time (s): cpu = 00:01:36 ; elapsed = 00:00:22 . Memory (MB): peak = 4764.375 ; gain = 40.047 ; free physical = 8888 ; free virtual = 26869
INFO: [Timing 38-480] Writing timing data to binary archive.
Wrote PlaceDB: Time (s): cpu = 00:00:00 ; elapsed = 00:00:00 . Memory (MB): peak = 4764.375 ; gain = 0.000 ; free physical = 8888 ; free virtual = 26869
Wrote PulsedLatchDB: Time (s): cpu = 00:00:00 ; elapsed = 00:00:00 . Memory (MB): peak = 4764.375 ; gain = 0.000 ; free physical = 8888 ; free virtual = 26869
Writing XDEF routing.
Writing XDEF routing logical nets.
Write ShapeDB Complete: Time (s): cpu = 00:00:00.56 ; elapsed = 00:00:00.11 . Memory (MB): peak = 4764.375 ; gain = 0.000 ; free physical = 8879 ; free virtual = 26868
Writing XDEF routing special nets.
Wrote RouteStorage: Time (s): cpu = 00:00:02 ; elapsed = 00:00:00.57 . Memory (MB): peak = 4764.375 ; gain = 0.000 ; free physical = 8873 ; free virtual = 26871
Wrote PlaceStorage: Time (s): cpu = 00:00:00.88 ; elapsed = 00:00:00.89 . Memory (MB): peak = 4764.375 ; gain = 0.000 ; free physical = 8850 ; free virtual = 26865
Wrote Netlist Cache: Time (s): cpu = 00:00:00.02 ; elapsed = 00:00:00.02 . Memory (MB): peak = 4764.375 ; gain = 0.000 ; free physical = 8850 ; free virtual = 26868
Wrote Device Cache: Time (s): cpu = 00:00:00.01 ; elapsed = 00:00:00.01 . Memory (MB): peak = 4764.375 ; gain = 0.000 ; free physical = 8850 ; free virtual = 26868
Write Physdb Complete: Time (s): cpu = 00:00:03 ; elapsed = 00:00:02 . Memory (MB): peak = 4764.375 ; gain = 0.000 ; free physical = 8850 ; free virtual = 26868
INFO: [Common 17-1381] The checkpoint '/home/khwl/Desktop/RV-IM100/RV64s/SoCs/RV64IM_7SP/RV64IM72F_7SP_FPGA.runs/impl_1/RV64IM72F5SPSoCTOP_routed.dcp' has been generated.
Command: phys_opt_design -directive Explore
Attempting to get a license for feature 'Implementation' and/or device 'xc7a200t'
INFO: [Common 17-349] Got license for feature 'Implementation' and/or device 'xc7a200t'
INFO: [Vivado_Tcl 4-241] Physical synthesis in post route mode 
INFO: [Vivado_Tcl 4-137] Directive used for phys_opt_design is: Explore
INFO: [Vivado_Tcl 4-1435] PhysOpt_Tcl_Interface Runtime Before Starting Physical Synthesis Task | CPU: 0.99s |  WALL: 0.98s
Netlist sorting complete. Time (s): cpu = 00:00:00.01 ; elapsed = 00:00:00.01 . Memory (MB): peak = 4764.375 ; gain = 0.000 ; free physical = 8887 ; free virtual = 26878

Starting Physical Synthesis Task

Phase 1 Physical Synthesis Initialization
INFO: [Physopt 32-721] Multithreading enabled for phys_opt_design using a maximum of 8 CPUs
INFO: [Physopt 32-668] Current Timing Summary | WNS=-0.390 | TNS=-1.781 | WHS=0.069 | THS=0.000 |
Phase 1 Physical Synthesis Initialization | Checksum: 267b96bb9

Time (s): cpu = 00:00:27 ; elapsed = 00:00:06 . Memory (MB): peak = 4764.375 ; gain = 0.000 ; free physical = 8891 ; free virtual = 26883

Phase 2 Critical Path Optimization
INFO: [Physopt 32-668] Current Timing Summary | WNS=-0.390 | TNS=-1.781 | WHS=0.069 | THS=0.000 |
INFO: [Physopt 32-953] Path group WNS did not improve. Path group: clk_out1_clk_wiz_0. Processed net: rv64im72f_6sp/ex_ex2_register/EX2_alu_zero.
INFO: [Physopt 32-953] Path group WNS did not improve. Path group: clk_out1_clk_wiz_0. Processed net: clk_gen/inst/clk_out1_clk_wiz_0.
INFO: [Physopt 32-710] Processed net rv64im72f_6sp/id_ex_register/alu_zero. Critical path length was reduced through logic transformation on cell rv64im72f_6sp/id_ex_register/EX2_alu_zero_i_1_comp.
INFO: [Physopt 32-952] Improved path group WNS = -0.282. Path group: clk_out1_clk_wiz_0. Processed net: rv64im72f_6sp/id_ex_register/EX2_alu_zero_i_3_n_0.
INFO: [Physopt 32-953] Path group WNS did not improve. Path group: clk_out1_clk_wiz_0. Processed net: rv64im72f_6sp/program_counter/Q[56].
INFO: [Physopt 32-710] Processed net rv64im72f_6sp/ex_ex2_register/D[56]. Critical path length was reduced through logic transformation on cell rv64im72f_6sp/ex_ex2_register/pc[56]_i_1_comp.
INFO: [Physopt 32-952] Improved path group WNS = -0.274. Path group: clk_out1_clk_wiz_0. Processed net: rv64im72f_6sp/if_io_register/EX_jump_reg_54.
INFO: [Physopt 32-953] Path group WNS did not improve. Path group: clk_out1_clk_wiz_0. Processed net: rv64im72f_6sp/exception_detector/trapped.
INFO: [Physopt 32-710] Processed net rv64im72f_6sp/io_id_register/trapped_combinatorial. Critical path length was reduced through logic transformation on cell rv64im72f_6sp/io_id_register/trapped_i_1_comp.
INFO: [Physopt 32-952] Improved path group WNS = -0.248. Path group: clk_out1_clk_wiz_0. Processed net: rv64im72f_6sp/id_ex_register/EX_opcode_reg[0]_0.
INFO: [Physopt 32-953] Path group WNS did not improve. Path group: clk_out1_clk_wiz_0. Processed net: rv64im72f_6sp/exception_detector/trap_status_reg[2]_1[0].
INFO: [Physopt 32-953] Path group WNS did not improve. Path group: clk_out1_clk_wiz_0. Processed net: rv64im72f_6sp/id_ex_register/EX_opcode_reg[4]_0.
INFO: [Physopt 32-710] Processed net rv64im72f_6sp/id_ex_register/EX_opcode_reg[4]_0. Critical path length was reduced through logic transformation on cell rv64im72f_6sp/id_ex_register/trap_status[0]_i_4_comp.
INFO: [Physopt 32-952] Improved path group WNS = -0.191. Path group: clk_out1_clk_wiz_0. Processed net: rv64im72f_6sp/id_ex_register/EX_opcode_reg[0]_0.
INFO: [Physopt 32-953] Path group WNS did not improve. Path group: clk_out1_clk_wiz_0. Processed net: rv64im72f_6sp/program_counter/Q[49].
INFO: [Physopt 32-710] Processed net rv64im72f_6sp/ex_ex2_register/D[49]. Critical path length was reduced through logic transformation on cell rv64im72f_6sp/ex_ex2_register/pc[49]_i_1_comp.
INFO: [Physopt 32-952] Improved path group WNS = -0.184. Path group: clk_out1_clk_wiz_0. Processed net: rv64im72f_6sp/if_io_register/EX_jump_reg_47.
INFO: [Physopt 32-663] Processed net rv64im72f_6sp/exception_detector/trapped_reg_rep_0.  Re-placed instance rv64im72f_6sp/exception_detector/trapped_reg_rep
INFO: [Physopt 32-952] Improved path group WNS = -0.113. Path group: clk_out1_clk_wiz_0. Processed net: rv64im72f_6sp/exception_detector/trapped_reg_rep_0.
INFO: [Physopt 32-953] Path group WNS did not improve. Path group: clk_out1_clk_wiz_0. Processed net: rv64im72f_6sp/exception_detector/trap_status_reg[2]_1[2].
INFO: [Physopt 32-710] Processed net rv64im72f_6sp/ex_mem_register/D[1]. Critical path length was reduced through logic transformation on cell rv64im72f_6sp/ex_mem_register/trap_status[2]_i_1_comp.
INFO: [Physopt 32-952] Improved path group WNS = -0.070. Path group: clk_out1_clk_wiz_0. Processed net: rv64im72f_6sp/id_ex_register/ID_instruction_reg[4].
INFO: [Physopt 32-953] Path group WNS did not improve. Path group: clk_out1_clk_wiz_0. Processed net: rv64im72f_6sp/program_counter/Q[32].
INFO: [Physopt 32-710] Processed net rv64im72f_6sp/ex_ex2_register/D[32]. Critical path length was reduced through logic transformation on cell rv64im72f_6sp/ex_ex2_register/pc[32]_i_1_comp.
INFO: [Physopt 32-952] Improved path group WNS = -0.048. Path group: clk_out1_clk_wiz_0. Processed net: rv64im72f_6sp/if_io_register/EX_jump_reg_30.
INFO: [Physopt 32-953] Path group WNS did not improve. Path group: clk_out1_clk_wiz_0. Processed net: rv64im72f_6sp/id_ex_register/trapped_i_9_n_0.
INFO: [Physopt 32-953] Path group WNS did not improve. Path group: clk_out1_clk_wiz_0. Processed net: rv64im72f_6sp/id_ex_register/trap_status[2]_i_7_n_0.
INFO: [Physopt 32-710] Processed net rv64im72f_6sp/id_ex_register/trap_status[2]_i_7_n_0. Critical path length was reduced through logic transformation on cell rv64im72f_6sp/id_ex_register/trap_status[2]_i_7_comp.
INFO: [Physopt 32-952] Improved path group WNS = -0.046. Path group: clk_out1_clk_wiz_0. Processed net: rv64im72f_6sp/id_ex_register/trap_status[0]_i_8_n_0.
INFO: [Physopt 32-710] Processed net rv64im72f_6sp/id_ex_register/EX_opcode_reg[4]_0. Critical path length was reduced through logic transformation on cell rv64im72f_6sp/id_ex_register/trap_status[0]_i_4_comp_1.
INFO: [Physopt 32-952] Improved path group WNS = -0.035. Path group: clk_out1_clk_wiz_0. Processed net: rv64im72f_6sp/id_ex_register/EX_opcode_reg[0]_0_repN_1.
INFO: [Physopt 32-710] Processed net rv64im72f_6sp/id_ex_register/trap_status[2]_i_7_n_0. Critical path length was reduced through logic transformation on cell rv64im72f_6sp/id_ex_register/trap_status[2]_i_7_comp_1.
INFO: [Physopt 32-952] Improved path group WNS = -0.033. Path group: clk_out1_clk_wiz_0. Processed net: rv64im72f_6sp/id_ex_register/trap_status[2]_i_17_n_0.
INFO: [Physopt 32-953] Path group WNS did not improve. Path group: clk_out1_clk_wiz_0. Processed net: rv64im72f_6sp/program_counter/Q[59].
INFO: [Physopt 32-710] Processed net rv64im72f_6sp/ex_ex2_register/D[59]. Critical path length was reduced through logic transformation on cell rv64im72f_6sp/ex_ex2_register/pc[59]_i_1_comp.
INFO: [Physopt 32-952] Improved path group WNS = -0.005. Path group: clk_out1_clk_wiz_0. Processed net: rv64im72f_6sp/if_io_register/EX_jump_reg_57.
INFO: [Physopt 32-953] Path group WNS did not improve. Path group: clk_out1_clk_wiz_0. Processed net: rv64im72f_6sp/alu/i___62_0[0].
INFO: [Physopt 32-953] Path group WNS did not improve. Path group: clk_out1_clk_wiz_0. Processed net: rv64im72f_6sp/alu/i___52_n_0.
INFO: [Physopt 32-953] Path group WNS did not improve. Path group: clk_out1_clk_wiz_0. Processed net: rv64im72f_6sp/id_ex_register/i___62_i_6_0[0].
INFO: [Physopt 32-953] Path group WNS did not improve. Path group: clk_out1_clk_wiz_0. Processed net: rv64im72f_6sp/id_ex_register/i___52_i_11_n_0.
INFO: [Physopt 32-608] Optimized 1 net.  Swapped 18 pins.
INFO: [Physopt 32-735] Processed net rv64im72f_6sp/id_ex_register/i___52_i_19_n_0. Optimization improves timing on the net.
INFO: [Physopt 32-668] Current Timing Summary | WNS=0.071 | TNS=0.000 | WHS=0.069 | THS=0.000 |
INFO: [Physopt 32-668] Current Timing Summary | WNS=0.071 | TNS=0.000 | WHS=0.069 | THS=0.000 |
Netlist sorting complete. Time (s): cpu = 00:00:00.01 ; elapsed = 00:00:00.01 . Memory (MB): peak = 4764.375 ; gain = 0.000 ; free physical = 8869 ; free virtual = 26889
Phase 2 Critical Path Optimization | Checksum: 267b96bb9

Time (s): cpu = 00:06:12 ; elapsed = 00:02:11 . Memory (MB): peak = 4764.375 ; gain = 0.000 ; free physical = 8869 ; free virtual = 26889
Netlist sorting complete. Time (s): cpu = 00:00:00 ; elapsed = 00:00:00 . Memory (MB): peak = 4764.375 ; gain = 0.000 ; free physical = 8869 ; free virtual = 26889
INFO: [Physopt 32-669] Post Physical Optimization Timing Summary | WNS=0.071 | TNS=0.000 | WHS=0.069 | THS=0.000 |

Summary of Physical Synthesis Optimizations
============================================


-------------------------------------------------------------------------------------------------------------------------------------------------------------
|  Optimization   |  WNS Gain (ns)  |  TNS Gain (ns)  |  Added Cells  |  Removed Cells  |  Optimized Cells/Nets  |  Dont Touch  |  Iterations  |  Elapsed   |
-------------------------------------------------------------------------------------------------------------------------------------------------------------
|  Critical Path  |          0.460  |          1.781  |            0  |              0  |                    13  |           0  |           1  |  00:02:05  |
-------------------------------------------------------------------------------------------------------------------------------------------------------------


Netlist sorting complete. Time (s): cpu = 00:00:00.01 ; elapsed = 00:00:00.01 . Memory (MB): peak = 4764.375 ; gain = 0.000 ; free physical = 8869 ; free virtual = 26889
Ending Physical Synthesis Task | Checksum: 23b2096f8

Time (s): cpu = 00:06:13 ; elapsed = 00:02:11 . Memory (MB): peak = 4764.375 ; gain = 0.000 ; free physical = 8869 ; free virtual = 26889
INFO: [Common 17-83] Releasing license: Implementation
212 Infos, 1 Warnings, 0 Critical Warnings and 0 Errors encountered.
phys_opt_design completed successfully
phys_opt_design: Time (s): cpu = 00:06:14 ; elapsed = 00:02:13 . Memory (MB): peak = 4764.375 ; gain = 0.000 ; free physical = 8869 ; free virtual = 26889
INFO: [Vivado 12-24828] Executing command : report_timing_summary -max_paths 10 -report_unconstrained -warn_on_violation -file RV64IM72F5SPSoCTOP_timing_summary_postroute_physopted.rpt -pb RV64IM72F5SPSoCTOP_timing_summary_postroute_physopted.pb -rpx RV64IM72F5SPSoCTOP_timing_summary_postroute_physopted.rpx
INFO: [Timing 38-91] UpdateTimingParams: Speed grade: -1, Delay Type: min_max.
INFO: [Timing 38-191] Multithreading enabled for timing update using a maximum of 8 CPUs
report_timing_summary: Time (s): cpu = 00:00:49 ; elapsed = 00:00:08 . Memory (MB): peak = 4764.375 ; gain = 0.000 ; free physical = 8850 ; free virtual = 26872
INFO: [Vivado 12-24828] Executing command : report_bus_skew -warn_on_violation -file RV64IM72F5SPSoCTOP_bus_skew_postroute_physopted.rpt -pb RV64IM72F5SPSoCTOP_bus_skew_postroute_physopted.pb -rpx RV64IM72F5SPSoCTOP_bus_skew_postroute_physopted.rpx
INFO: [Timing 38-91] UpdateTimingParams: Speed grade: -1, Delay Type: min_max.
INFO: [Timing 38-191] Multithreading enabled for timing update using a maximum of 8 CPUs
generate_parallel_reports: Time (s): cpu = 00:00:49 ; elapsed = 00:00:08 . Memory (MB): peak = 4764.375 ; gain = 0.000 ; free physical = 8853 ; free virtual = 26874
INFO: [Timing 38-480] Writing timing data to binary archive.
Wrote PlaceDB: Time (s): cpu = 00:00:00 ; elapsed = 00:00:00 . Memory (MB): peak = 4764.375 ; gain = 0.000 ; free physical = 8853 ; free virtual = 26874
Wrote PulsedLatchDB: Time (s): cpu = 00:00:00 ; elapsed = 00:00:00 . Memory (MB): peak = 4764.375 ; gain = 0.000 ; free physical = 8853 ; free virtual = 26874
Writing XDEF routing.
Writing XDEF routing logical nets.
Write ShapeDB Complete: Time (s): cpu = 00:00:00.44 ; elapsed = 00:00:00.1 . Memory (MB): peak = 4764.375 ; gain = 0.000 ; free physical = 8848 ; free virtual = 26875
Writing XDEF routing special nets.
Wrote RouteStorage: Time (s): cpu = 00:00:02 ; elapsed = 00:00:00.58 . Memory (MB): peak = 4764.375 ; gain = 0.000 ; free physical = 8840 ; free virtual = 26878
Wrote PlaceStorage: Time (s): cpu = 00:00:00.87 ; elapsed = 00:00:00.87 . Memory (MB): peak = 4764.375 ; gain = 0.000 ; free physical = 8808 ; free virtual = 26863
Wrote Netlist Cache: Time (s): cpu = 00:00:00.02 ; elapsed = 00:00:00.03 . Memory (MB): peak = 4764.375 ; gain = 0.000 ; free physical = 8808 ; free virtual = 26865
Wrote Device Cache: Time (s): cpu = 00:00:00 ; elapsed = 00:00:00.01 . Memory (MB): peak = 4764.375 ; gain = 0.000 ; free physical = 8808 ; free virtual = 26865
Write Physdb Complete: Time (s): cpu = 00:00:03 ; elapsed = 00:00:02 . Memory (MB): peak = 4764.375 ; gain = 0.000 ; free physical = 8808 ; free virtual = 26865
INFO: [Common 17-1381] The checkpoint '/home/khwl/Desktop/RV-IM100/RV64s/SoCs/RV64IM_7SP/RV64IM72F_7SP_FPGA.runs/impl_1/RV64IM72F5SPSoCTOP_postroute_physopt.dcp' has been generated.
INFO: [Common 17-206] Exiting Vivado at Wed Mar  4 09:25:13 2026...

*** Running vivado
    with args -log RV64IM72F5SPSoCTOP.vdi -applog -m64 -product Vivado -messageDb vivado.pb -mode batch -source RV64IM72F5SPSoCTOP.tcl -notrace


****** Vivado v2025.2 (64-bit)
  **** SW Build 6299465 on Fri Nov 14 12:34:56 MST 2025
  **** IP Build 6300035 on Fri Nov 14 10:48:45 MST 2025
  **** SharedData Build 6298862 on Thu Nov 13 04:50:51 MST 2025
  **** Start of session at: Wed Mar  4 12:18:24 2026
    ** Copyright 1986-2022 Xilinx, Inc. All Rights Reserved.
    ** Copyright 2022-2025 Advanced Micro Devices, Inc. All Rights Reserved.

source RV64IM72F5SPSoCTOP.tcl -notrace
Command: open_checkpoint RV64IM72F5SPSoCTOP_postroute_physopt.dcp
INFO: [Device 21-403] Loading part xc7a200tsbg484-1
Netlist sorting complete. Time (s): cpu = 00:00:00.08 ; elapsed = 00:00:00.08 . Memory (MB): peak = 1796.637 ; gain = 0.000 ; free physical = 10908 ; free virtual = 29461
INFO: [Netlist 29-17] Analyzing 4750 Unisim elements for replacement
INFO: [Netlist 29-28] Unisim Transformation completed in 0 CPU seconds
INFO: [Project 1-479] Netlist was created with Vivado 2025.2
INFO: [Project 1-570] Preparing netlist for logic optimization
Read ShapeDB Complete: Time (s): cpu = 00:00:00.05 ; elapsed = 00:00:00.06 . Memory (MB): peak = 1907.418 ; gain = 5.250 ; free physical = 10777 ; free virtual = 29330
INFO: [Timing 38-478] Restoring timing data from binary archive.
INFO: [Timing 38-479] Binary timing data restore complete.
INFO: [Project 1-856] Restoring constraints from binary archive.
INFO: [Project 1-853] Binary constraint restore complete.
INFO: [Designutils 20-5722] Start Reading Physical Databases.
Reading placement.
Read Netlist Cache: Time (s): cpu = 00:00:00.02 ; elapsed = 00:00:00.03 . Memory (MB): peak = 2546.145 ; gain = 0.000 ; free physical = 10180 ; free virtual = 28755
Reading placer database...
Read Device Cache: Time (s): cpu = 00:00:00 ; elapsed = 00:00:00.01 . Memory (MB): peak = 2546.145 ; gain = 0.000 ; free physical = 10180 ; free virtual = 28755
Read PlaceDB: Time (s): cpu = 00:00:00 ; elapsed = 00:00:00 . Memory (MB): peak = 2546.145 ; gain = 0.000 ; free physical = 10180 ; free virtual = 28755
Read placeStorage: Time (s): cpu = 00:00:00.59 ; elapsed = 00:00:00.59 . Memory (MB): peak = 2547.145 ; gain = 1.000 ; free physical = 10199 ; free virtual = 28753
Read PulsedLatchDB: Time (s): cpu = 00:00:00 ; elapsed = 00:00:00 . Memory (MB): peak = 2547.145 ; gain = 0.000 ; free physical = 10199 ; free virtual = 28753
Reading routing.
Read RouteStorage: Time (s): cpu = 00:00:01 ; elapsed = 00:00:00.3 . Memory (MB): peak = 2559.770 ; gain = 12.625 ; free physical = 10191 ; free virtual = 28744
Read Physdb Files: Time (s): cpu = 00:00:02 ; elapsed = 00:00:00.94 . Memory (MB): peak = 2559.770 ; gain = 13.625 ; free physical = 10191 ; free virtual = 28744
Restored from archive | CPU: 1.830000 secs | Memory: 25.236061 MB |
Finished XDEF File Restore: Time (s): cpu = 00:00:02 ; elapsed = 00:00:00.98 . Memory (MB): peak = 2559.770 ; gain = 20.562 ; free physical = 10191 ; free virtual = 28744
Netlist sorting complete. Time (s): cpu = 00:00:00.01 ; elapsed = 00:00:00.01 . Memory (MB): peak = 2577.449 ; gain = 0.000 ; free physical = 10175 ; free virtual = 28728
INFO: [Project 1-111] Unisim Transformation Summary:
  A total of 2070 instances were transformed.
  RAM256X1S => RAM256X1S (MUXF7(x2), MUXF8, RAMS64E(x4)): 2048 instances
  RAM32M => RAM32M (RAMD32(x6), RAMS32(x2)): 22 instances

INFO: [Project 1-604] Checkpoint was created with Vivado v2025.2 (64-bit) build 6299465
open_checkpoint: Time (s): cpu = 00:00:23 ; elapsed = 00:00:16 . Memory (MB): peak = 2585.484 ; gain = 1159.633 ; free physical = 10175 ; free virtual = 28729
Command: write_bitstream -force RV64IM72F5SPSoCTOP.bit
Attempting to get a license for feature 'Implementation' and/or device 'xc7a200t'
INFO: [Common 17-349] Got license for feature 'Implementation' and/or device 'xc7a200t'
Running DRC as a precondition to command write_bitstream
INFO: [IP_Flow 19-234] Refreshing IP repositories
INFO: [IP_Flow 19-1704] No user IP repositories specified
INFO: [IP_Flow 19-2313] Loaded Vivado IP repository '/tools/Xilinx/2025.2/data/ip'.
INFO: [DRC 23-27] Running DRC with 8 threads
INFO: [Vivado 12-3199] DRC finished with 0 Errors
INFO: [Vivado 12-3200] Please refer to the DRC report (report_drc) for more information.
Integrating Hard IP ELF/MEM with the PDI.
INFO: [Designutils 20-2272] Running write_bitstream with 8 threads.
Loading data files...
Loading site data...
Loading route data...
Processing options...
Creating bitmap...
Creating bitstream...
Bitstream compression saved 58242400 bits.
Writing bitstream ./RV64IM72F5SPSoCTOP.bit...
INFO: [Vivado 12-1842] Bitgen Completed Successfully.
INFO: [Common 17-83] Releasing license: Implementation
22 Infos, 0 Warnings, 0 Critical Warnings and 0 Errors encountered.
write_bitstream completed successfully
write_bitstream: Time (s): cpu = 00:00:35 ; elapsed = 00:00:29 . Memory (MB): peak = 3170.410 ; gain = 584.926 ; free physical = 9736 ; free virtual = 28042
INFO: [Common 17-206] Exiting Vivado at Wed Mar  4 12:19:11 2026...
