
*** Running vivado
    with args -log RV64I59F5SP.vds -m64 -product Vivado -mode batch -messageDb vivado.pb -notrace -source RV64I59F5SP.tcl


****** Vivado v2025.2 (64-bit)
  **** SW Build 6299465 on Fri Nov 14 12:34:56 MST 2025
  **** IP Build 6300035 on Fri Nov 14 10:48:45 MST 2025
  **** SharedData Build 6298862 on Thu Nov 13 04:50:51 MST 2025
  **** Start of session at: Tue Feb 24 01:22:35 2026
    ** Copyright 1986-2022 Xilinx, Inc. All Rights Reserved.
    ** Copyright 2022-2025 Advanced Micro Devices, Inc. All Rights Reserved.

source RV64I59F5SP.tcl -notrace
Command: synth_design -top RV64I59F5SP -part xc7a200tsbg484-1 -directive PerformanceOptimized -fsm_extraction one_hot -keep_equivalent_registers -resource_sharing off -no_lc -shreg_min_size 5 -mode out_of_context
Starting synth_design
Attempting to get a license for feature 'Synthesis' and/or device 'xc7a200t'
INFO: [Common 17-349] Got license for feature 'Synthesis' and/or device 'xc7a200t'
INFO: [Device 21-403] Loading part xc7a200tsbg484-1
INFO: [Synth 8-7079] Multithreading enabled for synth_design using a maximum of 7 processes.
INFO: [Synth 8-7078] Launching helper process for spawning children vivado processes
INFO: [Synth 8-7075] Helper process launched with PID 477277
---------------------------------------------------------------------------------
Starting RTL Elaboration : Time (s): cpu = 00:00:02 ; elapsed = 00:00:02 . Memory (MB): peak = 2238.984 ; gain = 482.594 ; free physical = 18605 ; free virtual = 33084
---------------------------------------------------------------------------------
WARNING: [Synth 8-6901] identifier 'MEM_alu_result' is used before its declaration [/home/khwl/Desktop/RV-IM100/RV64s/RV64I_5SP/RV64I59F_5SP_FPGA.srcs/sources_1/imports/RV64I59F_5SP/RV64I59F_5SP.v:107]
WARNING: [Synth 8-6901] identifier 'MEM_memory_write' is used before its declaration [/home/khwl/Desktop/RV-IM100/RV64s/RV64I_5SP/RV64I59F_5SP_FPGA.srcs/sources_1/imports/RV64I59F_5SP/RV64I59F_5SP.v:109]
WARNING: [Synth 8-6901] identifier 'mmio_uart_status_hit' is used before its declaration [/home/khwl/Desktop/RV-IM100/RV64s/RV64I_5SP/RV64I59F_5SP_FPGA.srcs/sources_1/imports/RV64I59F_5SP/RV64I59F_5SP.v:109]
INFO: [Synth 8-6157] synthesizing module 'RV64I59F5SP' [/home/khwl/Desktop/RV-IM100/RV64s/RV64I_5SP/RV64I59F_5SP_FPGA.srcs/sources_1/imports/RV64I59F_5SP/RV64I59F_5SP.v:4]
INFO: [Synth 8-6157] synthesizing module 'ALU' [/home/khwl/Desktop/RV-IM100/RV64s/RV64I_5SP/RV64I59F_5SP_FPGA.srcs/sources_1/imports/RV64I59F_5SP/ALU.v:3]
INFO: [Synth 8-6157] synthesizing module 'ALU_WORD' [/home/khwl/Desktop/RV-IM100/RV64s/RV64I_5SP/RV64I59F_5SP_FPGA.srcs/sources_1/imports/RV64I59F_5SP/ALU_WORD.v:3]
INFO: [Synth 8-6155] done synthesizing module 'ALU_WORD' (0#1) [/home/khwl/Desktop/RV-IM100/RV64s/RV64I_5SP/RV64I59F_5SP_FPGA.srcs/sources_1/imports/RV64I59F_5SP/ALU_WORD.v:3]
INFO: [Synth 8-6157] synthesizing module 'ALU_DWORD' [/home/khwl/Desktop/RV-IM100/RV64s/RV64I_5SP/RV64I59F_5SP_FPGA.srcs/sources_1/imports/RV64I59F_5SP/ALU_DWORD.v:3]
INFO: [Synth 8-6155] done synthesizing module 'ALU_DWORD' (0#1) [/home/khwl/Desktop/RV-IM100/RV64s/RV64I_5SP/RV64I59F_5SP_FPGA.srcs/sources_1/imports/RV64I59F_5SP/ALU_DWORD.v:3]
INFO: [Synth 8-6155] done synthesizing module 'ALU' (0#1) [/home/khwl/Desktop/RV-IM100/RV64s/RV64I_5SP/RV64I59F_5SP_FPGA.srcs/sources_1/imports/RV64I59F_5SP/ALU.v:3]
INFO: [Synth 8-6157] synthesizing module 'ALUController' [/home/khwl/Desktop/RV-IM100/RV64s/RV64I_5SP/RV64I59F_5SP_FPGA.srcs/sources_1/imports/RV64I59F_5SP/ALU_Controller.v:9]
INFO: [Synth 8-226] default block is never used [/home/khwl/Desktop/RV-IM100/RV64s/RV64I_5SP/RV64I59F_5SP_FPGA.srcs/sources_1/imports/RV64I59F_5SP/ALU_Controller.v:38]
INFO: [Synth 8-226] default block is never used [/home/khwl/Desktop/RV-IM100/RV64s/RV64I_5SP/RV64I59F_5SP_FPGA.srcs/sources_1/imports/RV64I59F_5SP/ALU_Controller.v:89]
INFO: [Synth 8-6155] done synthesizing module 'ALUController' (0#1) [/home/khwl/Desktop/RV-IM100/RV64s/RV64I_5SP/RV64I59F_5SP_FPGA.srcs/sources_1/imports/RV64I59F_5SP/ALU_Controller.v:9]
INFO: [Synth 8-6157] synthesizing module 'BranchLogic' [/home/khwl/Desktop/RV-IM100/RV64s/RV64I_5SP/RV64I59F_5SP_FPGA.srcs/sources_1/imports/RV64I59F_5SP/Branch_Logic.v:3]
INFO: [Synth 8-6155] done synthesizing module 'BranchLogic' (0#1) [/home/khwl/Desktop/RV-IM100/RV64s/RV64I_5SP/RV64I59F_5SP_FPGA.srcs/sources_1/imports/RV64I59F_5SP/Branch_Logic.v:3]
INFO: [Synth 8-6157] synthesizing module 'BranchPredictor' [/home/khwl/Desktop/RV-IM100/RV64s/RV64I_5SP/RV64I59F_5SP_FPGA.srcs/sources_1/imports/RV64I59F_5SP/Branch_Predictor.v:3]
	Parameter XLEN bound to: 64 - type: integer 
INFO: [Synth 8-6155] done synthesizing module 'BranchPredictor' (0#1) [/home/khwl/Desktop/RV-IM100/RV64s/RV64I_5SP/RV64I59F_5SP_FPGA.srcs/sources_1/imports/RV64I59F_5SP/Branch_Predictor.v:3]
INFO: [Synth 8-6157] synthesizing module 'ByteEnableLogic' [/home/khwl/Desktop/RV-IM100/RV64s/RV64I_5SP/RV64I59F_5SP_FPGA.srcs/sources_1/imports/RV64I59F_5SP/Byte_Enable_Logic.v:4]
INFO: [Synth 8-6155] done synthesizing module 'ByteEnableLogic' (0#1) [/home/khwl/Desktop/RV-IM100/RV64s/RV64I_5SP/RV64I59F_5SP_FPGA.srcs/sources_1/imports/RV64I59F_5SP/Byte_Enable_Logic.v:4]
INFO: [Synth 8-6157] synthesizing module 'ControlUnit' [/home/khwl/Desktop/RV-IM100/RV64s/RV64I_5SP/RV64I59F_5SP_FPGA.srcs/sources_1/imports/RV64I59F_5SP/Control_Unit.v:7]
INFO: [Synth 8-6155] done synthesizing module 'ControlUnit' (0#1) [/home/khwl/Desktop/RV-IM100/RV64s/RV64I_5SP/RV64I59F_5SP_FPGA.srcs/sources_1/imports/RV64I59F_5SP/Control_Unit.v:7]
INFO: [Synth 8-6157] synthesizing module 'CSRFile' [/home/khwl/Desktop/RV-IM100/RV64s/RV64I_5SP/RV64I59F_5SP_FPGA.srcs/sources_1/imports/RV64I59F_5SP/CSR_File.v:3]
	Parameter XLEN bound to: 64 - type: integer 
INFO: [Synth 8-6155] done synthesizing module 'CSRFile' (0#1) [/home/khwl/Desktop/RV-IM100/RV64s/RV64I_5SP/RV64I59F_5SP_FPGA.srcs/sources_1/imports/RV64I59F_5SP/CSR_File.v:3]
INFO: [Synth 8-6157] synthesizing module 'ExceptionDetector' [/home/khwl/Desktop/RV-IM100/RV64s/RV64I_5SP/RV64I59F_5SP_FPGA.srcs/sources_1/imports/RV64I59F_5SP/Exception_Detector.v:6]
INFO: [Synth 8-6155] done synthesizing module 'ExceptionDetector' (0#1) [/home/khwl/Desktop/RV-IM100/RV64s/RV64I_5SP/RV64I59F_5SP_FPGA.srcs/sources_1/imports/RV64I59F_5SP/Exception_Detector.v:6]
INFO: [Synth 8-6157] synthesizing module 'ForwardUnit' [/home/khwl/Desktop/RV-IM100/RV64s/RV64I_5SP/RV64I59F_5SP_FPGA.srcs/sources_1/imports/RV64I59F_5SP/Forward_Unit.v:3]
INFO: [Synth 8-6155] done synthesizing module 'ForwardUnit' (0#1) [/home/khwl/Desktop/RV-IM100/RV64s/RV64I_5SP/RV64I59F_5SP_FPGA.srcs/sources_1/imports/RV64I59F_5SP/Forward_Unit.v:3]
INFO: [Synth 8-6157] synthesizing module 'HazardUnit' [/home/khwl/Desktop/RV-IM100/RV64s/RV64I_5SP/RV64I59F_5SP_FPGA.srcs/sources_1/imports/RV64I59F_5SP/Hazard_Unit.v:5]
INFO: [Synth 8-6155] done synthesizing module 'HazardUnit' (0#1) [/home/khwl/Desktop/RV-IM100/RV64s/RV64I_5SP/RV64I59F_5SP_FPGA.srcs/sources_1/imports/RV64I59F_5SP/Hazard_Unit.v:5]
INFO: [Synth 8-6157] synthesizing module 'ImmediateGenerator' [/home/khwl/Desktop/RV-IM100/RV64s/RV64I_5SP/RV64I59F_5SP_FPGA.srcs/sources_1/imports/RV64I59F_5SP/Immediate_Generator.v:3]
INFO: [Synth 8-6155] done synthesizing module 'ImmediateGenerator' (0#1) [/home/khwl/Desktop/RV-IM100/RV64s/RV64I_5SP/RV64I59F_5SP_FPGA.srcs/sources_1/imports/RV64I59F_5SP/Immediate_Generator.v:3]
INFO: [Synth 8-6157] synthesizing module 'InstructionDecoder' [/home/khwl/Desktop/RV-IM100/RV64s/RV64I_5SP/RV64I59F_5SP_FPGA.srcs/sources_1/imports/RV64I59F_5SP/Instruction_Decoder.v:5]
INFO: [Synth 8-6155] done synthesizing module 'InstructionDecoder' (0#1) [/home/khwl/Desktop/RV-IM100/RV64s/RV64I_5SP/RV64I59F_5SP_FPGA.srcs/sources_1/imports/RV64I59F_5SP/Instruction_Decoder.v:5]
INFO: [Synth 8-6157] synthesizing module 'ProgramCounter' [/home/khwl/Desktop/RV-IM100/RV64s/RV64I_5SP/RV64I59F_5SP_FPGA.srcs/sources_1/imports/RV64I59F_5SP/Program_Counter.v:1]
INFO: [Synth 8-6155] done synthesizing module 'ProgramCounter' (0#1) [/home/khwl/Desktop/RV-IM100/RV64s/RV64I_5SP/RV64I59F_5SP_FPGA.srcs/sources_1/imports/RV64I59F_5SP/Program_Counter.v:1]
INFO: [Synth 8-6157] synthesizing module 'PCPlus4' [/home/khwl/Desktop/RV-IM100/RV64s/RV64I_5SP/RV64I59F_5SP_FPGA.srcs/sources_1/imports/RV64I59F_5SP/PC_Plus_4.v:1]
INFO: [Synth 8-6155] done synthesizing module 'PCPlus4' (0#1) [/home/khwl/Desktop/RV-IM100/RV64s/RV64I_5SP/RV64I59F_5SP_FPGA.srcs/sources_1/imports/RV64I59F_5SP/PC_Plus_4.v:1]
INFO: [Synth 8-6157] synthesizing module 'PCController' [/home/khwl/Desktop/RV-IM100/RV64s/RV64I_5SP/RV64I59F_5SP_FPGA.srcs/sources_1/imports/RV64I59F_5SP/PC_Controller.v:1]
INFO: [Synth 8-6155] done synthesizing module 'PCController' (0#1) [/home/khwl/Desktop/RV-IM100/RV64s/RV64I_5SP/RV64I59F_5SP_FPGA.srcs/sources_1/imports/RV64I59F_5SP/PC_Controller.v:1]
INFO: [Synth 8-6157] synthesizing module 'RegisterFile' [/home/khwl/Desktop/RV-IM100/RV64s/RV64I_5SP/RV64I59F_5SP_FPGA.srcs/sources_1/imports/RV64I59F_5SP/Register_File.v:1]
INFO: [Synth 8-6155] done synthesizing module 'RegisterFile' (0#1) [/home/khwl/Desktop/RV-IM100/RV64s/RV64I_5SP/RV64I59F_5SP_FPGA.srcs/sources_1/imports/RV64I59F_5SP/Register_File.v:1]
INFO: [Synth 8-6157] synthesizing module 'TrapController' [/home/khwl/Desktop/RV-IM100/RV64s/RV64I_5SP/RV64I59F_5SP_FPGA.srcs/sources_1/imports/RV64I59F_5SP/Trap_Controller.v:3]
	Parameter XLEN bound to: 64 - type: integer 
INFO: [Synth 8-6155] done synthesizing module 'TrapController' (0#1) [/home/khwl/Desktop/RV-IM100/RV64s/RV64I_5SP/RV64I59F_5SP_FPGA.srcs/sources_1/imports/RV64I59F_5SP/Trap_Controller.v:3]
WARNING: [Synth 8-7071] port 'ic_clean' of module 'TrapController' is unconnected for instance 'trap_controller' [/home/khwl/Desktop/RV-IM100/RV64s/RV64I_5SP/RV64I59F_5SP_FPGA.srcs/sources_1/imports/RV64I59F_5SP/RV64I59F_5SP.v:566]
WARNING: [Synth 8-7023] instance 'trap_controller' of module 'TrapController' has 20 connections declared, but only 19 given [/home/khwl/Desktop/RV-IM100/RV64s/RV64I_5SP/RV64I59F_5SP_FPGA.srcs/sources_1/imports/RV64I59F_5SP/RV64I59F_5SP.v:566]
INFO: [Synth 8-6157] synthesizing module 'IF_ID_Register' [/home/khwl/Desktop/RV-IM100/RV64s/RV64I_5SP/RV64I59F_5SP_FPGA.srcs/sources_1/imports/RV64I59F_5SP/IF_ID_Register.v:1]
	Parameter XLEN bound to: 64 - type: integer 
INFO: [Synth 8-6155] done synthesizing module 'IF_ID_Register' (0#1) [/home/khwl/Desktop/RV-IM100/RV64s/RV64I_5SP/RV64I59F_5SP_FPGA.srcs/sources_1/imports/RV64I59F_5SP/IF_ID_Register.v:1]
INFO: [Synth 8-6157] synthesizing module 'ID_EX_Register' [/home/khwl/Desktop/RV-IM100/RV64s/RV64I_5SP/RV64I59F_5SP_FPGA.srcs/sources_1/imports/RV64I59F_5SP/ID_EX_Register.v:1]
	Parameter XLEN bound to: 64 - type: integer 
INFO: [Synth 8-6155] done synthesizing module 'ID_EX_Register' (0#1) [/home/khwl/Desktop/RV-IM100/RV64s/RV64I_5SP/RV64I59F_5SP_FPGA.srcs/sources_1/imports/RV64I59F_5SP/ID_EX_Register.v:1]
INFO: [Synth 8-6157] synthesizing module 'EX_MEM_Register' [/home/khwl/Desktop/RV-IM100/RV64s/RV64I_5SP/RV64I59F_5SP_FPGA.srcs/sources_1/imports/RV64I59F_5SP/EX_MEM_Register.v:1]
	Parameter XLEN bound to: 64 - type: integer 
INFO: [Synth 8-6155] done synthesizing module 'EX_MEM_Register' (0#1) [/home/khwl/Desktop/RV-IM100/RV64s/RV64I_5SP/RV64I59F_5SP_FPGA.srcs/sources_1/imports/RV64I59F_5SP/EX_MEM_Register.v:1]
INFO: [Synth 8-6157] synthesizing module 'MEM_WB_Register' [/home/khwl/Desktop/RV-IM100/RV64s/RV64I_5SP/RV64I59F_5SP_FPGA.srcs/sources_1/imports/RV64I59F_5SP/MEM_WB_Register.v:1]
	Parameter XLEN bound to: 64 - type: integer 
INFO: [Synth 8-6155] done synthesizing module 'MEM_WB_Register' (0#1) [/home/khwl/Desktop/RV-IM100/RV64s/RV64I_5SP/RV64I59F_5SP_FPGA.srcs/sources_1/imports/RV64I59F_5SP/MEM_WB_Register.v:1]
INFO: [Synth 8-6155] done synthesizing module 'RV64I59F5SP' (0#1) [/home/khwl/Desktop/RV-IM100/RV64s/RV64I_5SP/RV64I59F_5SP_FPGA.srcs/sources_1/imports/RV64I59F_5SP/RV64I59F_5SP.v:4]
WARNING: [Synth 8-6014] Unused sequential element branch_prediction_reg was removed.  [/home/khwl/Desktop/RV-IM100/RV64s/RV64I_5SP/RV64I59F_5SP_FPGA.srcs/sources_1/imports/RV64I59F_5SP/Branch_Predictor.v:35]
WARNING: [Synth 8-3848] Net dm_rom_address in module/entity RV64I59F5SP does not have driver. [/home/khwl/Desktop/RV-IM100/RV64s/RV64I_5SP/RV64I59F_5SP_FPGA.srcs/sources_1/imports/RV64I59F_5SP/RV64I59F_5SP.v:24]
WARNING: [Synth 8-7129] Port ID_pc[63] in module TrapController is either unconnected or has no load
WARNING: [Synth 8-7129] Port ID_pc[62] in module TrapController is either unconnected or has no load
WARNING: [Synth 8-7129] Port ID_pc[61] in module TrapController is either unconnected or has no load
WARNING: [Synth 8-7129] Port ID_pc[60] in module TrapController is either unconnected or has no load
WARNING: [Synth 8-7129] Port ID_pc[59] in module TrapController is either unconnected or has no load
WARNING: [Synth 8-7129] Port ID_pc[58] in module TrapController is either unconnected or has no load
WARNING: [Synth 8-7129] Port ID_pc[57] in module TrapController is either unconnected or has no load
WARNING: [Synth 8-7129] Port ID_pc[56] in module TrapController is either unconnected or has no load
WARNING: [Synth 8-7129] Port ID_pc[55] in module TrapController is either unconnected or has no load
WARNING: [Synth 8-7129] Port ID_pc[54] in module TrapController is either unconnected or has no load
WARNING: [Synth 8-7129] Port ID_pc[53] in module TrapController is either unconnected or has no load
WARNING: [Synth 8-7129] Port ID_pc[52] in module TrapController is either unconnected or has no load
WARNING: [Synth 8-7129] Port ID_pc[51] in module TrapController is either unconnected or has no load
WARNING: [Synth 8-7129] Port ID_pc[50] in module TrapController is either unconnected or has no load
WARNING: [Synth 8-7129] Port ID_pc[49] in module TrapController is either unconnected or has no load
WARNING: [Synth 8-7129] Port ID_pc[48] in module TrapController is either unconnected or has no load
WARNING: [Synth 8-7129] Port ID_pc[47] in module TrapController is either unconnected or has no load
WARNING: [Synth 8-7129] Port ID_pc[46] in module TrapController is either unconnected or has no load
WARNING: [Synth 8-7129] Port ID_pc[45] in module TrapController is either unconnected or has no load
WARNING: [Synth 8-7129] Port ID_pc[44] in module TrapController is either unconnected or has no load
WARNING: [Synth 8-7129] Port ID_pc[43] in module TrapController is either unconnected or has no load
WARNING: [Synth 8-7129] Port ID_pc[42] in module TrapController is either unconnected or has no load
WARNING: [Synth 8-7129] Port ID_pc[41] in module TrapController is either unconnected or has no load
WARNING: [Synth 8-7129] Port ID_pc[40] in module TrapController is either unconnected or has no load
WARNING: [Synth 8-7129] Port ID_pc[39] in module TrapController is either unconnected or has no load
WARNING: [Synth 8-7129] Port ID_pc[38] in module TrapController is either unconnected or has no load
WARNING: [Synth 8-7129] Port ID_pc[37] in module TrapController is either unconnected or has no load
WARNING: [Synth 8-7129] Port ID_pc[36] in module TrapController is either unconnected or has no load
WARNING: [Synth 8-7129] Port ID_pc[35] in module TrapController is either unconnected or has no load
WARNING: [Synth 8-7129] Port ID_pc[34] in module TrapController is either unconnected or has no load
WARNING: [Synth 8-7129] Port ID_pc[33] in module TrapController is either unconnected or has no load
WARNING: [Synth 8-7129] Port ID_pc[32] in module TrapController is either unconnected or has no load
WARNING: [Synth 8-7129] Port ID_pc[31] in module TrapController is either unconnected or has no load
WARNING: [Synth 8-7129] Port ID_pc[30] in module TrapController is either unconnected or has no load
WARNING: [Synth 8-7129] Port ID_pc[29] in module TrapController is either unconnected or has no load
WARNING: [Synth 8-7129] Port ID_pc[28] in module TrapController is either unconnected or has no load
WARNING: [Synth 8-7129] Port ID_pc[27] in module TrapController is either unconnected or has no load
WARNING: [Synth 8-7129] Port ID_pc[26] in module TrapController is either unconnected or has no load
WARNING: [Synth 8-7129] Port ID_pc[25] in module TrapController is either unconnected or has no load
WARNING: [Synth 8-7129] Port ID_pc[24] in module TrapController is either unconnected or has no load
WARNING: [Synth 8-7129] Port ID_pc[23] in module TrapController is either unconnected or has no load
WARNING: [Synth 8-7129] Port ID_pc[22] in module TrapController is either unconnected or has no load
WARNING: [Synth 8-7129] Port ID_pc[21] in module TrapController is either unconnected or has no load
WARNING: [Synth 8-7129] Port ID_pc[20] in module TrapController is either unconnected or has no load
WARNING: [Synth 8-7129] Port ID_pc[19] in module TrapController is either unconnected or has no load
WARNING: [Synth 8-7129] Port ID_pc[18] in module TrapController is either unconnected or has no load
WARNING: [Synth 8-7129] Port ID_pc[17] in module TrapController is either unconnected or has no load
WARNING: [Synth 8-7129] Port ID_pc[16] in module TrapController is either unconnected or has no load
WARNING: [Synth 8-7129] Port ID_pc[15] in module TrapController is either unconnected or has no load
WARNING: [Synth 8-7129] Port ID_pc[14] in module TrapController is either unconnected or has no load
WARNING: [Synth 8-7129] Port ID_pc[13] in module TrapController is either unconnected or has no load
WARNING: [Synth 8-7129] Port ID_pc[12] in module TrapController is either unconnected or has no load
WARNING: [Synth 8-7129] Port ID_pc[11] in module TrapController is either unconnected or has no load
WARNING: [Synth 8-7129] Port ID_pc[10] in module TrapController is either unconnected or has no load
WARNING: [Synth 8-7129] Port ID_pc[9] in module TrapController is either unconnected or has no load
WARNING: [Synth 8-7129] Port ID_pc[8] in module TrapController is either unconnected or has no load
WARNING: [Synth 8-7129] Port ID_pc[7] in module TrapController is either unconnected or has no load
WARNING: [Synth 8-7129] Port ID_pc[6] in module TrapController is either unconnected or has no load
WARNING: [Synth 8-7129] Port ID_pc[5] in module TrapController is either unconnected or has no load
WARNING: [Synth 8-7129] Port ID_pc[4] in module TrapController is either unconnected or has no load
WARNING: [Synth 8-7129] Port ID_pc[3] in module TrapController is either unconnected or has no load
WARNING: [Synth 8-7129] Port ID_pc[2] in module TrapController is either unconnected or has no load
WARNING: [Synth 8-7129] Port ID_pc[1] in module TrapController is either unconnected or has no load
WARNING: [Synth 8-7129] Port ID_pc[0] in module TrapController is either unconnected or has no load
WARNING: [Synth 8-7129] Port WB_pc[63] in module TrapController is either unconnected or has no load
WARNING: [Synth 8-7129] Port WB_pc[62] in module TrapController is either unconnected or has no load
WARNING: [Synth 8-7129] Port WB_pc[61] in module TrapController is either unconnected or has no load
WARNING: [Synth 8-7129] Port WB_pc[60] in module TrapController is either unconnected or has no load
WARNING: [Synth 8-7129] Port WB_pc[59] in module TrapController is either unconnected or has no load
WARNING: [Synth 8-7129] Port WB_pc[58] in module TrapController is either unconnected or has no load
WARNING: [Synth 8-7129] Port WB_pc[57] in module TrapController is either unconnected or has no load
WARNING: [Synth 8-7129] Port WB_pc[56] in module TrapController is either unconnected or has no load
WARNING: [Synth 8-7129] Port WB_pc[55] in module TrapController is either unconnected or has no load
WARNING: [Synth 8-7129] Port WB_pc[54] in module TrapController is either unconnected or has no load
WARNING: [Synth 8-7129] Port WB_pc[53] in module TrapController is either unconnected or has no load
WARNING: [Synth 8-7129] Port WB_pc[52] in module TrapController is either unconnected or has no load
WARNING: [Synth 8-7129] Port WB_pc[51] in module TrapController is either unconnected or has no load
WARNING: [Synth 8-7129] Port WB_pc[50] in module TrapController is either unconnected or has no load
WARNING: [Synth 8-7129] Port WB_pc[49] in module TrapController is either unconnected or has no load
WARNING: [Synth 8-7129] Port WB_pc[48] in module TrapController is either unconnected or has no load
WARNING: [Synth 8-7129] Port WB_pc[47] in module TrapController is either unconnected or has no load
WARNING: [Synth 8-7129] Port WB_pc[46] in module TrapController is either unconnected or has no load
WARNING: [Synth 8-7129] Port WB_pc[45] in module TrapController is either unconnected or has no load
WARNING: [Synth 8-7129] Port WB_pc[44] in module TrapController is either unconnected or has no load
WARNING: [Synth 8-7129] Port WB_pc[43] in module TrapController is either unconnected or has no load
WARNING: [Synth 8-7129] Port WB_pc[42] in module TrapController is either unconnected or has no load
WARNING: [Synth 8-7129] Port WB_pc[41] in module TrapController is either unconnected or has no load
WARNING: [Synth 8-7129] Port WB_pc[40] in module TrapController is either unconnected or has no load
WARNING: [Synth 8-7129] Port WB_pc[39] in module TrapController is either unconnected or has no load
WARNING: [Synth 8-7129] Port WB_pc[38] in module TrapController is either unconnected or has no load
WARNING: [Synth 8-7129] Port WB_pc[37] in module TrapController is either unconnected or has no load
WARNING: [Synth 8-7129] Port WB_pc[36] in module TrapController is either unconnected or has no load
WARNING: [Synth 8-7129] Port WB_pc[35] in module TrapController is either unconnected or has no load
WARNING: [Synth 8-7129] Port WB_pc[34] in module TrapController is either unconnected or has no load
WARNING: [Synth 8-7129] Port WB_pc[33] in module TrapController is either unconnected or has no load
WARNING: [Synth 8-7129] Port WB_pc[32] in module TrapController is either unconnected or has no load
WARNING: [Synth 8-7129] Port WB_pc[31] in module TrapController is either unconnected or has no load
WARNING: [Synth 8-7129] Port WB_pc[30] in module TrapController is either unconnected or has no load
WARNING: [Synth 8-7129] Port WB_pc[29] in module TrapController is either unconnected or has no load
WARNING: [Synth 8-7129] Port WB_pc[28] in module TrapController is either unconnected or has no load
INFO: [Common 17-14] Message 'Synth 8-7129' appears 100 times and further instances of the messages will be disabled. Use the Tcl command set_msg_config to change the current settings.
---------------------------------------------------------------------------------
Finished RTL Elaboration : Time (s): cpu = 00:00:03 ; elapsed = 00:00:03 . Memory (MB): peak = 2341.922 ; gain = 585.531 ; free physical = 18488 ; free virtual = 32968
---------------------------------------------------------------------------------
---------------------------------------------------------------------------------
Start Handling Custom Attributes
---------------------------------------------------------------------------------
---------------------------------------------------------------------------------
Finished Handling Custom Attributes : Time (s): cpu = 00:00:03 ; elapsed = 00:00:03 . Memory (MB): peak = 2359.734 ; gain = 603.344 ; free physical = 18488 ; free virtual = 32968
---------------------------------------------------------------------------------
---------------------------------------------------------------------------------
Finished RTL Optimization Phase 1 : Time (s): cpu = 00:00:03 ; elapsed = 00:00:03 . Memory (MB): peak = 2359.734 ; gain = 603.344 ; free physical = 18488 ; free virtual = 32968
---------------------------------------------------------------------------------
Netlist sorting complete. Time (s): cpu = 00:00:00.03 ; elapsed = 00:00:00.03 . Memory (MB): peak = 2359.734 ; gain = 0.000 ; free physical = 18488 ; free virtual = 32968
INFO: [Project 1-570] Preparing netlist for logic optimization

Processing XDC Constraints
Initializing timing engine
Parsing XDC File [/home/khwl/Desktop/RV-IM100/RV64s/RV64I_5SP/RV64I59F_5SP_FPGA.srcs/constrs_1/imports/RV64I59F_5SP/RV32I46F_5SP_Debug_XDC.xdc]
Finished Parsing XDC File [/home/khwl/Desktop/RV-IM100/RV64s/RV64I_5SP/RV64I59F_5SP_FPGA.srcs/constrs_1/imports/RV64I59F_5SP/RV32I46F_5SP_Debug_XDC.xdc]
Completed Processing XDC Constraints

Netlist sorting complete. Time (s): cpu = 00:00:00 ; elapsed = 00:00:00 . Memory (MB): peak = 2468.473 ; gain = 0.000 ; free physical = 18476 ; free virtual = 32955
INFO: [Project 1-111] Unisim Transformation Summary:
No Unisim elements were transformed.

Constraint Validation Runtime : Time (s): cpu = 00:00:00.06 ; elapsed = 00:00:00.02 . Memory (MB): peak = 2468.508 ; gain = 0.000 ; free physical = 18475 ; free virtual = 32954
---------------------------------------------------------------------------------
Finished Constraint Validation : Time (s): cpu = 00:00:07 ; elapsed = 00:00:07 . Memory (MB): peak = 2468.508 ; gain = 712.117 ; free physical = 18505 ; free virtual = 32984
---------------------------------------------------------------------------------
---------------------------------------------------------------------------------
Start Loading Part and Timing Information
---------------------------------------------------------------------------------
Loading part: xc7a200tsbg484-1
---------------------------------------------------------------------------------
Finished Loading Part and Timing Information : Time (s): cpu = 00:00:07 ; elapsed = 00:00:07 . Memory (MB): peak = 2476.477 ; gain = 720.086 ; free physical = 18505 ; free virtual = 32984
---------------------------------------------------------------------------------
---------------------------------------------------------------------------------
Start Applying 'set_property' XDC Constraints
---------------------------------------------------------------------------------
---------------------------------------------------------------------------------
Finished applying 'set_property' XDC Constraints : Time (s): cpu = 00:00:07 ; elapsed = 00:00:07 . Memory (MB): peak = 2476.477 ; gain = 720.086 ; free physical = 18505 ; free virtual = 32984
---------------------------------------------------------------------------------
INFO: [Synth 8-802] inferred FSM for state register 'trap_handle_state_reg' in module 'TrapController'
---------------------------------------------------------------------------------------------------
                   State |                     New Encoding |                Previous Encoding 
---------------------------------------------------------------------------------------------------
                    IDLE |                      00000000001 |                             0000
               READ_MEPC |                      00000000010 |                             0100
             RETURN_MRET |                      00000000100 |                             0110
             MEM_STANDBY |                      00000001000 |                             0111
              WB_STANDBY |                      00000010000 |                             1000
            RTRE_STANDBY |                      00000100000 |                             1001
        ECALL_MEPC_WRITE |                      00001000000 |                             1010
              WRITE_MEPC |                      00010000000 |                             0001
            WRITE_MCAUSE |                      00100000000 |                             0010
              READ_MTVEC |                      01000000000 |                             0011
              GOTO_MTVEC |                      10000000000 |                             0101
---------------------------------------------------------------------------------------------------
INFO: [Synth 8-3354] encoded FSM with state register 'trap_handle_state_reg' using encoding 'one-hot' in module 'TrapController'
---------------------------------------------------------------------------------
Finished RTL Optimization Phase 2 : Time (s): cpu = 00:00:07 ; elapsed = 00:00:07 . Memory (MB): peak = 2476.477 ; gain = 720.086 ; free physical = 18503 ; free virtual = 32984
---------------------------------------------------------------------------------
---------------------------------------------------------------------------------
Start RTL Component Statistics 
---------------------------------------------------------------------------------
Detailed RTL Component Info : 
+---Adders : 
	   2 Input   64 Bit       Adders := 8     
	   3 Input   64 Bit       Adders := 1     
	   2 Input   32 Bit       Adders := 1     
	   3 Input   32 Bit       Adders := 1     
+---XORs : 
	   2 Input     64 Bit         XORs := 1     
+---Registers : 
	               64 Bit    Registers := 33    
	               32 Bit    Registers := 4     
	               20 Bit    Registers := 3     
	                7 Bit    Registers := 5     
	                6 Bit    Registers := 1     
	                5 Bit    Registers := 8     
	                3 Bit    Registers := 7     
	                2 Bit    Registers := 2     
	                1 Bit    Registers := 20    
+---RAMs : 
	               2K Bit	(32 X 64 bit)          RAMs := 1     
+---Muxes : 
	   2 Input   64 Bit        Muxes := 51    
	   4 Input   64 Bit        Muxes := 5     
	   3 Input   64 Bit        Muxes := 3     
	  11 Input   64 Bit        Muxes := 2     
	   2 Input   32 Bit        Muxes := 6     
	   2 Input   20 Bit        Muxes := 5     
	   4 Input   16 Bit        Muxes := 1     
	   2 Input   12 Bit        Muxes := 2     
	  17 Input   11 Bit        Muxes := 1     
	   3 Input   10 Bit        Muxes := 2     
	   2 Input   10 Bit        Muxes := 1     
	  11 Input   10 Bit        Muxes := 1     
	   4 Input    8 Bit        Muxes := 1     
	   2 Input    8 Bit        Muxes := 4     
	   3 Input    8 Bit        Muxes := 1     
	   8 Input    8 Bit        Muxes := 1     
	   5 Input    8 Bit        Muxes := 1     
	   2 Input    7 Bit        Muxes := 5     
	   2 Input    6 Bit        Muxes := 2     
	   7 Input    5 Bit        Muxes := 2     
	   2 Input    5 Bit        Muxes := 7     
	   2 Input    4 Bit        Muxes := 1     
	   3 Input    4 Bit        Muxes := 1     
	   2 Input    3 Bit        Muxes := 13    
	   5 Input    3 Bit        Muxes := 2     
	   3 Input    3 Bit        Muxes := 2     
	   8 Input    2 Bit        Muxes := 1     
	   2 Input    2 Bit        Muxes := 10    
	   3 Input    2 Bit        Muxes := 2     
	   2 Input    1 Bit        Muxes := 33    
	   7 Input    1 Bit        Muxes := 1     
	   3 Input    1 Bit        Muxes := 15    
	  11 Input    1 Bit        Muxes := 6     
---------------------------------------------------------------------------------
Finished RTL Component Statistics 
---------------------------------------------------------------------------------
---------------------------------------------------------------------------------
Start Part Resource Summary
---------------------------------------------------------------------------------
Part Resources:
DSPs: 740 (col length:100)
BRAMs: 730 (col length: RAMB18 100 RAMB36 50)
---------------------------------------------------------------------------------
Finished Part Resource Summary
---------------------------------------------------------------------------------
---------------------------------------------------------------------------------
Start Cross Boundary and Area Optimization
---------------------------------------------------------------------------------
---------------------------------------------------------------------------------
Finished Cross Boundary and Area Optimization : Time (s): cpu = 00:00:39 ; elapsed = 00:00:39 . Memory (MB): peak = 2551.016 ; gain = 794.625 ; free physical = 18565 ; free virtual = 33046
---------------------------------------------------------------------------------
---------------------------------------------------------------------------------
Start ROM, RAM, DSP, Shift Register and Retiming Reporting
---------------------------------------------------------------------------------

Distributed RAM: Preliminary Mapping Report (see note below)
+--------------+---------------+-----------+----------------------+--------------+
|Module Name   | RTL Object    | Inference | Size (Depth x Width) | Primitives   | 
+--------------+---------------+-----------+----------------------+--------------+
|register_file | registers_reg | Implied   | 32 x 64              | RAM32M x 22  | 
+--------------+---------------+-----------+----------------------+--------------+

Note: The table above is a preliminary report that shows the Distributed RAMs at the current stage of the synthesis flow. Some Distributed RAMs may be reimplemented as non Distributed RAM primitives later in the synthesis flow. Multiple instantiated RAMs are reported only once.
---------------------------------------------------------------------------------
Finished ROM, RAM, DSP, Shift Register and Retiming Reporting
---------------------------------------------------------------------------------
---------------------------------------------------------------------------------
Start Applying XDC Timing Constraints
---------------------------------------------------------------------------------
---------------------------------------------------------------------------------
Finished Applying XDC Timing Constraints : Time (s): cpu = 00:00:41 ; elapsed = 00:00:41 . Memory (MB): peak = 2562.016 ; gain = 805.625 ; free physical = 18549 ; free virtual = 33030
---------------------------------------------------------------------------------
---------------------------------------------------------------------------------
Start Timing Optimization
---------------------------------------------------------------------------------
---------------------------------------------------------------------------------
Finished Timing Optimization : Time (s): cpu = 00:00:53 ; elapsed = 00:00:54 . Memory (MB): peak = 2763.188 ; gain = 1006.797 ; free physical = 18356 ; free virtual = 32837
---------------------------------------------------------------------------------
---------------------------------------------------------------------------------
Start ROM, RAM, DSP, Shift Register and Retiming Reporting
---------------------------------------------------------------------------------

Distributed RAM: Final Mapping Report
+--------------+---------------+-----------+----------------------+--------------+
|Module Name   | RTL Object    | Inference | Size (Depth x Width) | Primitives   | 
+--------------+---------------+-----------+----------------------+--------------+
|register_file | registers_reg | Implied   | 32 x 64              | RAM32M x 22  | 
+--------------+---------------+-----------+----------------------+--------------+

---------------------------------------------------------------------------------
Finished ROM, RAM, DSP, Shift Register and Retiming Reporting
---------------------------------------------------------------------------------
---------------------------------------------------------------------------------
Start Technology Mapping
---------------------------------------------------------------------------------
---------------------------------------------------------------------------------
Finished Technology Mapping : Time (s): cpu = 00:00:56 ; elapsed = 00:00:57 . Memory (MB): peak = 2771.195 ; gain = 1014.805 ; free physical = 18341 ; free virtual = 32822
---------------------------------------------------------------------------------
---------------------------------------------------------------------------------
Start IO Insertion
---------------------------------------------------------------------------------
---------------------------------------------------------------------------------
Start Flattening Before IO Insertion
---------------------------------------------------------------------------------
---------------------------------------------------------------------------------
Finished Flattening Before IO Insertion
---------------------------------------------------------------------------------
---------------------------------------------------------------------------------
Start Final Netlist Cleanup
---------------------------------------------------------------------------------
---------------------------------------------------------------------------------
Finished Final Netlist Cleanup
---------------------------------------------------------------------------------
---------------------------------------------------------------------------------
Finished IO Insertion : Time (s): cpu = 00:00:58 ; elapsed = 00:00:58 . Memory (MB): peak = 2812.008 ; gain = 1055.617 ; free physical = 18319 ; free virtual = 32800
---------------------------------------------------------------------------------
---------------------------------------------------------------------------------
Start Renaming Generated Instances
---------------------------------------------------------------------------------
---------------------------------------------------------------------------------
Finished Renaming Generated Instances : Time (s): cpu = 00:00:58 ; elapsed = 00:00:58 . Memory (MB): peak = 2812.008 ; gain = 1055.617 ; free physical = 18319 ; free virtual = 32800
---------------------------------------------------------------------------------
---------------------------------------------------------------------------------
Start Rebuilding User Hierarchy
---------------------------------------------------------------------------------
---------------------------------------------------------------------------------
Finished Rebuilding User Hierarchy : Time (s): cpu = 00:00:58 ; elapsed = 00:00:58 . Memory (MB): peak = 2812.008 ; gain = 1055.617 ; free physical = 18319 ; free virtual = 32800
---------------------------------------------------------------------------------
---------------------------------------------------------------------------------
Start Renaming Generated Ports
---------------------------------------------------------------------------------
---------------------------------------------------------------------------------
Finished Renaming Generated Ports : Time (s): cpu = 00:00:58 ; elapsed = 00:00:58 . Memory (MB): peak = 2812.008 ; gain = 1055.617 ; free physical = 18319 ; free virtual = 32800
---------------------------------------------------------------------------------
---------------------------------------------------------------------------------
Start Handling Custom Attributes
---------------------------------------------------------------------------------
---------------------------------------------------------------------------------
Finished Handling Custom Attributes : Time (s): cpu = 00:00:58 ; elapsed = 00:00:58 . Memory (MB): peak = 2812.008 ; gain = 1055.617 ; free physical = 18319 ; free virtual = 32800
---------------------------------------------------------------------------------
---------------------------------------------------------------------------------
Start Renaming Generated Nets
---------------------------------------------------------------------------------
---------------------------------------------------------------------------------
Finished Renaming Generated Nets : Time (s): cpu = 00:00:58 ; elapsed = 00:00:58 . Memory (MB): peak = 2812.008 ; gain = 1055.617 ; free physical = 18319 ; free virtual = 32800
---------------------------------------------------------------------------------
---------------------------------------------------------------------------------
Start Writing Synthesis Report
---------------------------------------------------------------------------------

Report BlackBoxes: 
+-+--------------+----------+
| |BlackBox name |Instances |
+-+--------------+----------+
+-+--------------+----------+

Report Cell Usage: 
+------+-------+------+
|      |Cell   |Count |
+------+-------+------+
|1     |CARRY4 |   190|
|2     |LUT1   |     6|
|3     |LUT2   |  1283|
|4     |LUT3   |   304|
|5     |LUT4   |   599|
|6     |LUT5   |   826|
|7     |LUT6   |  2644|
|8     |MUXF7  |    10|
|9     |RAM32M |    22|
|10    |FDCE   |  2314|
|11    |FDPE   |    20|
+------+-------+------+
---------------------------------------------------------------------------------
Finished Writing Synthesis Report : Time (s): cpu = 00:00:58 ; elapsed = 00:00:58 . Memory (MB): peak = 2812.008 ; gain = 1055.617 ; free physical = 18319 ; free virtual = 32800
---------------------------------------------------------------------------------
Synthesis finished with 0 errors, 0 critical warnings and 293 warnings.
Synthesis Optimization Runtime : Time (s): cpu = 00:00:57 ; elapsed = 00:00:57 . Memory (MB): peak = 2812.008 ; gain = 946.844 ; free physical = 18319 ; free virtual = 32800
Synthesis Optimization Complete : Time (s): cpu = 00:00:58 ; elapsed = 00:00:58 . Memory (MB): peak = 2812.016 ; gain = 1055.617 ; free physical = 18318 ; free virtual = 32800
INFO: [Project 1-571] Translating synthesized netlist
Netlist sorting complete. Time (s): cpu = 00:00:00.02 ; elapsed = 00:00:00.03 . Memory (MB): peak = 2812.016 ; gain = 0.000 ; free physical = 18490 ; free virtual = 32971
INFO: [Netlist 29-17] Analyzing 222 Unisim elements for replacement
INFO: [Netlist 29-28] Unisim Transformation completed in 0 CPU seconds
INFO: [Project 1-570] Preparing netlist for logic optimization
INFO: [Opt 31-138] Pushed 0 inverter(s) to 0 load pin(s).
Netlist sorting complete. Time (s): cpu = 00:00:00 ; elapsed = 00:00:00.01 . Memory (MB): peak = 2812.016 ; gain = 0.000 ; free physical = 18474 ; free virtual = 32955
INFO: [Project 1-111] Unisim Transformation Summary:
  A total of 22 instances were transformed.
  RAM32M => RAM32M (RAMD32(x6), RAMS32(x2)): 22 instances

Synth Design complete | Checksum: e0e14852
INFO: [Common 17-83] Releasing license: Synthesis
67 Infos, 107 Warnings, 0 Critical Warnings and 0 Errors encountered.
synth_design completed successfully
synth_design: Time (s): cpu = 00:01:03 ; elapsed = 00:01:02 . Memory (MB): peak = 2812.043 ; gain = 1203.832 ; free physical = 18477 ; free virtual = 32958
INFO: [Common 17-2834] synth_design peak Physical Memory [PSS] (MB): overall = 2136.258; main = 1962.557; forked = 281.647
INFO: [Common 17-2834] synth_design peak Virtual Memory [VSS] (MB): overall = 3753.238; main = 2812.012; forked = 998.055
Write ShapeDB Complete: Time (s): cpu = 00:00:00.01 ; elapsed = 00:00:00 . Memory (MB): peak = 2836.020 ; gain = 0.000 ; free physical = 18476 ; free virtual = 32957
INFO: [Common 17-1381] The checkpoint '/home/khwl/Desktop/RV-IM100/RV64s/RV64I_5SP/RV64I59F_5SP_FPGA.runs/synth_1/RV64I59F5SP.dcp' has been generated.
INFO: [Vivado 12-24828] Executing command : report_utilization -file RV64I59F5SP_utilization_synth.rpt -pb RV64I59F5SP_utilization_synth.pb
INFO: [Common 17-206] Exiting Vivado at Tue Feb 24 01:23:39 2026...
