
*** Running vivado
    with args -log RV32IM72F7SPSoCTOP.vdi -applog -m64 -product Vivado -messageDb vivado.pb -mode batch -source RV32IM72F7SPSoCTOP.tcl -notrace

/tools/Xilinx/2025.2/Vivado/bin/setupEnv.sh: line 236: [: too many arguments

****** Vivado v2025.2 (64-bit)
  **** SW Build 6299465 on Fri Nov 14 12:34:56 MST 2025
  **** IP Build 6300035 on Fri Nov 14 10:48:45 MST 2025
  **** SharedData Build 6298862 on Thu Nov 13 04:50:51 MST 2025
  **** Start of session at: Sat Mar  7 13:49:50 2026
    ** Copyright 1986-2022 Xilinx, Inc. All Rights Reserved.
    ** Copyright 2022-2025 Advanced Micro Devices, Inc. All Rights Reserved.

source RV32IM72F7SPSoCTOP.tcl -notrace
Command: link_design -top RV32IM72F7SPSoCTOP -part xc7a200tsbg484-1
Design is defaulting to srcset: sources_1
Design is defaulting to constrset: constrs_1
INFO: [Device 21-403] Loading part xc7a200tsbg484-1
INFO: [Project 1-5699] Read binary netlist with skipMacroContent - 1
INFO: [Project 1-454] Reading design checkpoint '/home/khwl/Desktop/RV-IM100/RV32s/SoCs/RV32IM_7SP/RV64IM72F_7SP_FPGA.gen/sources_1/ip/clk_wiz_0_1/clk_wiz_0.dcp' for cell 'clk_gen'
Netlist sorting complete. Time (s): cpu = 00:00:00.04 ; elapsed = 00:00:00.04 . Memory (MB): peak = 1793.133 ; gain = 0.000 ; free physical = 933 ; free virtual = 9916
INFO: [Netlist 29-17] Analyzing 3143 Unisim elements for replacement
INFO: [Netlist 29-28] Unisim Transformation completed in 0 CPU seconds
INFO: [Project 1-479] Netlist was created with Vivado 2025.2
INFO: [Project 1-570] Preparing netlist for logic optimization
Parsing XDC File [/home/khwl/Desktop/RV-IM100/RV32s/SoCs/RV32IM_7SP/RV64IM72F_7SP_FPGA.gen/sources_1/ip/clk_wiz_0_1/clk_wiz_0_board.xdc] for cell 'clk_gen/inst'
Finished Parsing XDC File [/home/khwl/Desktop/RV-IM100/RV32s/SoCs/RV32IM_7SP/RV64IM72F_7SP_FPGA.gen/sources_1/ip/clk_wiz_0_1/clk_wiz_0_board.xdc] for cell 'clk_gen/inst'
Parsing XDC File [/home/khwl/Desktop/RV-IM100/RV32s/SoCs/RV32IM_7SP/RV64IM72F_7SP_FPGA.gen/sources_1/ip/clk_wiz_0_1/clk_wiz_0.xdc] for cell 'clk_gen/inst'
INFO: [Timing 38-35] Done setting XDC timing constraints. [/home/khwl/Desktop/RV-IM100/RV32s/SoCs/RV32IM_7SP/RV64IM72F_7SP_FPGA.gen/sources_1/ip/clk_wiz_0_1/clk_wiz_0.xdc:54]
INFO: [Timing 38-2] Deriving generated clocks [/home/khwl/Desktop/RV-IM100/RV32s/SoCs/RV32IM_7SP/RV64IM72F_7SP_FPGA.gen/sources_1/ip/clk_wiz_0_1/clk_wiz_0.xdc:54]
Finished Parsing XDC File [/home/khwl/Desktop/RV-IM100/RV32s/SoCs/RV32IM_7SP/RV64IM72F_7SP_FPGA.gen/sources_1/ip/clk_wiz_0_1/clk_wiz_0.xdc] for cell 'clk_gen/inst'
Parsing XDC File [/home/khwl/Desktop/RV-IM100/RV32s/SoCs/RV32IM_7SP/RV64IM72F_7SP_FPGA.srcs/constrs_1/imports/FPGA_SoC/RV32I46F_5SP_Debug_XDC.xdc]
Finished Parsing XDC File [/home/khwl/Desktop/RV-IM100/RV32s/SoCs/RV32IM_7SP/RV64IM72F_7SP_FPGA.srcs/constrs_1/imports/FPGA_SoC/RV32I46F_5SP_Debug_XDC.xdc]
INFO: [Opt 31-138] Pushed 0 inverter(s) to 0 load pin(s).
Netlist sorting complete. Time (s): cpu = 00:00:00.01 ; elapsed = 00:00:00 . Memory (MB): peak = 2495.453 ; gain = 0.000 ; free physical = 203 ; free virtual = 9328
INFO: [Project 1-111] Unisim Transformation Summary:
  A total of 1038 instances were transformed.
  RAM256X1S => RAM256X1S (MUXF7(x2), MUXF8, RAMS64E(x4)): 1024 instances
  RAM32M => RAM32M (RAMD32(x6), RAMS32(x2)): 10 instances
  RAM32X1D => RAM32X1D (RAMD32(x2)): 4 instances

11 Infos, 0 Warnings, 0 Critical Warnings and 0 Errors encountered.
link_design completed successfully
link_design: Time (s): cpu = 00:00:08 ; elapsed = 00:00:08 . Memory (MB): peak = 2495.488 ; gain = 878.230 ; free physical = 207 ; free virtual = 9332
Command: opt_design -directive Explore
INFO: [Vivado_Tcl 4-136] Directive used for opt_design is: Explore
Attempting to get a license for feature 'Implementation' and/or device 'xc7a200t'
INFO: [Common 17-349] Got license for feature 'Implementation' and/or device 'xc7a200t'
Running DRC as a precondition to command opt_design

Starting DRC Task
INFO: [DRC 23-27] Running DRC with 8 threads
INFO: [Project 1-461] DRC finished with 0 Errors
INFO: [Project 1-462] Please refer to the DRC report (report_drc) for more information.

Time (s): cpu = 00:00:00.78 ; elapsed = 00:00:00.31 . Memory (MB): peak = 2519.062 ; gain = 23.574 ; free physical = 168 ; free virtual = 9301

Starting Logic Optimization Task

Phase 1 Initialization

Phase 1.1 Core Generation And Design Setup
Phase 1.1 Core Generation And Design Setup | Checksum: 1ac04554e

Time (s): cpu = 00:00:00.01 ; elapsed = 00:00:00.01 . Memory (MB): peak = 2814.875 ; gain = 0.000 ; free physical = 180 ; free virtual = 9013

Phase 1.2 Setup Constraints And Sort Netlist
Phase 1.2 Setup Constraints And Sort Netlist | Checksum: 1ac04554e

Time (s): cpu = 00:00:00.02 ; elapsed = 00:00:00.01 . Memory (MB): peak = 2814.875 ; gain = 0.000 ; free physical = 185 ; free virtual = 9012
Phase 1 Initialization | Checksum: 1ac04554e

Time (s): cpu = 00:00:00.02 ; elapsed = 00:00:00.01 . Memory (MB): peak = 2814.875 ; gain = 0.000 ; free physical = 187 ; free virtual = 9014

Phase 2 Timer Update And Timing Data Collection

Phase 2.1 Detect if minReqCache needed
Phase 2.1 Detect if minReqCache needed | Checksum: 1ac04554e

Time (s): cpu = 00:00:00.03 ; elapsed = 00:00:00.03 . Memory (MB): peak = 2814.875 ; gain = 0.000 ; free physical = 184 ; free virtual = 9011

Phase 2.2 Timer Update
INFO: [Timing 38-35] Done setting XDC timing constraints.
Phase 2.2 Timer Update | Checksum: 1ac04554e

Time (s): cpu = 00:00:01 ; elapsed = 00:00:00.43 . Memory (MB): peak = 2890.688 ; gain = 75.812 ; free physical = 156 ; free virtual = 8991

Phase 2.3 Timing Data Collection
Phase 2.3 Timing Data Collection | Checksum: 1ac04554e

Time (s): cpu = 00:00:02 ; elapsed = 00:00:00.44 . Memory (MB): peak = 2890.688 ; gain = 75.812 ; free physical = 154 ; free virtual = 8989
Phase 2 Timer Update And Timing Data Collection | Checksum: 1ac04554e

Time (s): cpu = 00:00:02 ; elapsed = 00:00:00.44 . Memory (MB): peak = 2890.688 ; gain = 75.812 ; free physical = 154 ; free virtual = 8989

Phase 3 Retarget
INFO: [Opt 31-1851] Number of loadless carry chains removed were: 0
INFO: [Opt 31-1834] Total Chains To Be Transformed Were: 0 AND Number of Transformed insts Created are: 0
INFO: [Opt 31-1566] Pulled 31 inverters resulting in an inversion of 972 pins
INFO: [Opt 31-138] Pushed 1 inverter(s) to 1 load pin(s).
INFO: [Opt 31-49] Retargeted 0 cell(s).
Phase 3 Retarget | Checksum: 19d807c96

Time (s): cpu = 00:00:02 ; elapsed = 00:00:00.56 . Memory (MB): peak = 2890.688 ; gain = 75.812 ; free physical = 150 ; free virtual = 8988
Retarget | Checksum: 19d807c96
INFO: [Opt 31-389] Phase Retarget created 4 cells and removed 67 cells
INFO: [Opt 31-1021] In phase Retarget, 1 netlist objects are constrained preventing optimization. Please run opt_design with -debug_log to get more detail. 

Phase 4 Constant propagation
INFO: [Opt 31-138] Pushed 0 inverter(s) to 0 load pin(s).
Phase 4 Constant propagation | Checksum: 15fb1d52e

Time (s): cpu = 00:00:02 ; elapsed = 00:00:00.6 . Memory (MB): peak = 2890.688 ; gain = 75.812 ; free physical = 150 ; free virtual = 8988
Constant propagation | Checksum: 15fb1d52e
INFO: [Opt 31-389] Phase Constant propagation created 0 cells and removed 0 cells

Phase 5 Sweep
INFO: [Constraints 18-11670] Building netlist checker database with flags, 0x8
Done building netlist checker database: Time (s): cpu = 00:00:00 ; elapsed = 00:00:00.01 . Memory (MB): peak = 2890.688 ; gain = 0.000 ; free physical = 150 ; free virtual = 8989
INFO: [Constraints 18-11670] Building netlist checker database with flags, 0x8
Done building netlist checker database: Time (s): cpu = 00:00:00 ; elapsed = 00:00:00 . Memory (MB): peak = 2890.688 ; gain = 0.000 ; free physical = 150 ; free virtual = 8989
Phase 5 Sweep | Checksum: 1b299a31c

Time (s): cpu = 00:00:02 ; elapsed = 00:00:00.68 . Memory (MB): peak = 2890.688 ; gain = 75.812 ; free physical = 150 ; free virtual = 8990
Sweep | Checksum: 1b299a31c
INFO: [Opt 31-389] Phase Sweep created 7 cells and removed 0 cells

Phase 6 BUFG optimization
Phase 6 BUFG optimization | Checksum: 1b299a31c

Time (s): cpu = 00:00:02 ; elapsed = 00:00:00.76 . Memory (MB): peak = 2922.703 ; gain = 107.828 ; free physical = 150 ; free virtual = 8991
BUFG optimization | Checksum: 1b299a31c
INFO: [Opt 31-662] Phase BUFG optimization created 0 cells of which 0 are BUFGs and removed 0 cells.

Phase 7 Shift Register Optimization
INFO: [Opt 31-1064] SRL Remap converted 0 SRLs to 0 registers and converted 0 registers of register chains to 0 SRLs
Phase 7 Shift Register Optimization | Checksum: 1b299a31c

Time (s): cpu = 00:00:02 ; elapsed = 00:00:00.76 . Memory (MB): peak = 2922.703 ; gain = 107.828 ; free physical = 149 ; free virtual = 8991
Shift Register Optimization | Checksum: 1b299a31c
INFO: [Opt 31-389] Phase Shift Register Optimization created 0 cells and removed 0 cells
INFO: [Opt 31-1555] control_set_opt supports Versal devices only, and device 7a200t is unsupported

Phase 8 Post Processing Netlist
Phase 8 Post Processing Netlist | Checksum: 18ccf77e4

Time (s): cpu = 00:00:02 ; elapsed = 00:00:00.79 . Memory (MB): peak = 2922.703 ; gain = 107.828 ; free physical = 148 ; free virtual = 8990
Post Processing Netlist | Checksum: 18ccf77e4
INFO: [Opt 31-389] Phase Post Processing Netlist created 0 cells and removed 0 cells

Phase 9 Finalization

Phase 9.1 Finalizing Design Cores and Updating Shapes
Phase 9.1 Finalizing Design Cores and Updating Shapes | Checksum: 2014c7057

Time (s): cpu = 00:00:02 ; elapsed = 00:00:00.86 . Memory (MB): peak = 2922.703 ; gain = 107.828 ; free physical = 147 ; free virtual = 8991

Phase 9.2 Verifying Netlist Connectivity

Starting Connectivity Check Task

Time (s): cpu = 00:00:00.01 ; elapsed = 00:00:00.01 . Memory (MB): peak = 2922.703 ; gain = 0.000 ; free physical = 147 ; free virtual = 8991
Phase 9.2 Verifying Netlist Connectivity | Checksum: 2014c7057

Time (s): cpu = 00:00:02 ; elapsed = 00:00:00.87 . Memory (MB): peak = 2922.703 ; gain = 107.828 ; free physical = 147 ; free virtual = 8991
Phase 9 Finalization | Checksum: 2014c7057

Time (s): cpu = 00:00:02 ; elapsed = 00:00:00.88 . Memory (MB): peak = 2922.703 ; gain = 107.828 ; free physical = 147 ; free virtual = 8991
Opt_design Change Summary
=========================


-------------------------------------------------------------------------------------------------------------------------
|  Phase                        |  #Cells created  |  #Cells Removed  |  #Constrained objects preventing optimizations  |
-------------------------------------------------------------------------------------------------------------------------
|  Retarget                     |               4  |              67  |                                              1  |
|  Constant propagation         |               0  |               0  |                                              0  |
|  Sweep                        |               7  |               0  |                                              0  |
|  BUFG optimization            |               0  |               0  |                                              0  |
|  Shift Register Optimization  |               0  |               0  |                                              0  |
|  Post Processing Netlist      |               0  |               0  |                                              0  |
-------------------------------------------------------------------------------------------------------------------------


Ending Logic Optimization Task | Checksum: 2014c7057

Time (s): cpu = 00:00:02 ; elapsed = 00:00:00.88 . Memory (MB): peak = 2922.703 ; gain = 107.828 ; free physical = 147 ; free virtual = 8991
Netlist sorting complete. Time (s): cpu = 00:00:00 ; elapsed = 00:00:00.01 . Memory (MB): peak = 2922.703 ; gain = 0.000 ; free physical = 183 ; free virtual = 8985
INFO: [Common 17-83] Releasing license: Implementation
35 Infos, 0 Warnings, 0 Critical Warnings and 0 Errors encountered.
opt_design completed successfully
INFO: [Vivado 12-24828] Executing command : report_drc -file RV32IM72F7SPSoCTOP_drc_opted.rpt -pb RV32IM72F7SPSoCTOP_drc_opted.pb -rpx RV32IM72F7SPSoCTOP_drc_opted.rpx
Command: report_drc -file RV32IM72F7SPSoCTOP_drc_opted.rpt -pb RV32IM72F7SPSoCTOP_drc_opted.pb -rpx RV32IM72F7SPSoCTOP_drc_opted.rpx
INFO: [IP_Flow 19-1839] IP Catalog is up to date.
INFO: [DRC 23-27] Running DRC with 8 threads
INFO: [Vivado_Tcl 2-168] The results of DRC are in file /home/khwl/Desktop/RV-IM100/RV32s/SoCs/RV32IM_7SP/RV64IM72F_7SP_FPGA.runs/impl_1/RV32IM72F7SPSoCTOP_drc_opted.rpt.
report_drc completed successfully
INFO: [Timing 38-480] Writing timing data to binary archive.
Wrote PlaceDB: Time (s): cpu = 00:00:00 ; elapsed = 00:00:00 . Memory (MB): peak = 2922.703 ; gain = 0.000 ; free physical = 196 ; free virtual = 9000
Wrote PulsedLatchDB: Time (s): cpu = 00:00:00 ; elapsed = 00:00:00 . Memory (MB): peak = 2922.703 ; gain = 0.000 ; free physical = 196 ; free virtual = 9000
Writing XDEF routing.
Writing XDEF routing logical nets.
Writing XDEF routing special nets.
Wrote RouteStorage: Time (s): cpu = 00:00:00.07 ; elapsed = 00:00:00.01 . Memory (MB): peak = 2922.703 ; gain = 0.000 ; free physical = 194 ; free virtual = 8999
Wrote PlaceStorage: Time (s): cpu = 00:00:00 ; elapsed = 00:00:00 . Memory (MB): peak = 2922.703 ; gain = 0.000 ; free physical = 194 ; free virtual = 8999
Wrote Netlist Cache: Time (s): cpu = 00:00:00 ; elapsed = 00:00:00 . Memory (MB): peak = 2922.703 ; gain = 0.000 ; free physical = 194 ; free virtual = 8999
Wrote Device Cache: Time (s): cpu = 00:00:00.02 ; elapsed = 00:00:00.01 . Memory (MB): peak = 2922.703 ; gain = 0.000 ; free physical = 193 ; free virtual = 8999
Write Physdb Complete: Time (s): cpu = 00:00:00.09 ; elapsed = 00:00:00.02 . Memory (MB): peak = 2922.703 ; gain = 0.000 ; free physical = 193 ; free virtual = 9000
Write ShapeDB Complete: Time (s): cpu = 00:00:00.11 ; elapsed = 00:00:00.02 . Memory (MB): peak = 2922.703 ; gain = 0.000 ; free physical = 192 ; free virtual = 8999
INFO: [Common 17-1381] The checkpoint '/home/khwl/Desktop/RV-IM100/RV32s/SoCs/RV32IM_7SP/RV64IM72F_7SP_FPGA.runs/impl_1/RV32IM72F7SPSoCTOP_opt.dcp' has been generated.
Command: place_design -directive Explore
Attempting to get a license for feature 'Implementation' and/or device 'xc7a200t'
INFO: [Common 17-349] Got license for feature 'Implementation' and/or device 'xc7a200t'
INFO: [Common 17-83] Releasing license: Implementation
INFO: [DRC 23-27] Running DRC with 8 threads
INFO: [Vivado_Tcl 4-198] DRC finished with 0 Errors
INFO: [Vivado_Tcl 4-199] Please refer to the DRC report (report_drc) for more information.
INFO: [Timing 38-35] Done setting XDC timing constraints.
INFO: [Vivado_Tcl 4-2302] The placer was invoked with the 'Explore' directive.
Running DRC as a precondition to command place_design
INFO: [DRC 23-27] Running DRC with 8 threads
INFO: [Vivado_Tcl 4-198] DRC finished with 0 Errors, 21 Warnings
INFO: [Vivado_Tcl 4-199] Please refer to the DRC report (report_drc) for more information.
INFO: [Place 30-611] Multithreading enabled for place_design using a maximum of 8 CPUs

Starting Placer Task

Phase 1 Placer Initialization

Phase 1.1 Placer Initialization Netlist Sorting
Netlist sorting complete. Time (s): cpu = 00:00:00.01 ; elapsed = 00:00:00 . Memory (MB): peak = 2922.703 ; gain = 0.000 ; free physical = 179 ; free virtual = 9006
Phase 1.1 Placer Initialization Netlist Sorting | Checksum: 18a51ab2d

Time (s): cpu = 00:00:00.01 ; elapsed = 00:00:00 . Memory (MB): peak = 2922.703 ; gain = 0.000 ; free physical = 179 ; free virtual = 9006
Netlist sorting complete. Time (s): cpu = 00:00:00 ; elapsed = 00:00:00 . Memory (MB): peak = 2922.703 ; gain = 0.000 ; free physical = 172 ; free virtual = 8998

Phase 1.2 IO Placement/ Clock Placement/ Build Placer Device
Phase 1.2 IO Placement/ Clock Placement/ Build Placer Device | Checksum: 155277176

Time (s): cpu = 00:00:00.69 ; elapsed = 00:00:00.37 . Memory (MB): peak = 2978.730 ; gain = 56.027 ; free physical = 165 ; free virtual = 9002

Phase 1.3 Build Placer Netlist Model
Phase 1.3 Build Placer Netlist Model | Checksum: 1df18b0fb

Time (s): cpu = 00:00:05 ; elapsed = 00:00:03 . Memory (MB): peak = 3017.773 ; gain = 95.070 ; free physical = 203 ; free virtual = 9033

Phase 1.4 Constrain Clocks/Macros
Phase 1.4 Constrain Clocks/Macros | Checksum: 1df18b0fb

Time (s): cpu = 00:00:05 ; elapsed = 00:00:03 . Memory (MB): peak = 3017.773 ; gain = 95.070 ; free physical = 203 ; free virtual = 9034
Phase 1 Placer Initialization | Checksum: 1df18b0fb

Time (s): cpu = 00:00:05 ; elapsed = 00:00:03 . Memory (MB): peak = 3017.773 ; gain = 95.070 ; free physical = 203 ; free virtual = 9035

Phase 2 Global Placement

Phase 2.1 Floorplanning
Phase 2.1 Floorplanning | Checksum: 1fbf58d0f

Time (s): cpu = 00:00:08 ; elapsed = 00:00:03 . Memory (MB): peak = 3017.773 ; gain = 95.070 ; free physical = 175 ; free virtual = 9019

Phase 2.2 Update Timing before SLR Path Opt
Phase 2.2 Update Timing before SLR Path Opt | Checksum: 1b7004d32

Time (s): cpu = 00:00:10 ; elapsed = 00:00:04 . Memory (MB): peak = 3017.773 ; gain = 95.070 ; free physical = 161 ; free virtual = 9017

Phase 2.3 Post-Processing in Floorplanning
Phase 2.3 Post-Processing in Floorplanning | Checksum: 1b7004d32

Time (s): cpu = 00:00:10 ; elapsed = 00:00:04 . Memory (MB): peak = 3017.773 ; gain = 95.070 ; free physical = 161 ; free virtual = 9018

Phase 2.4 Global Place Phase1
Phase 2.4 Global Place Phase1 | Checksum: 20dfb06a6

Time (s): cpu = 00:00:27 ; elapsed = 00:00:10 . Memory (MB): peak = 3017.773 ; gain = 95.070 ; free physical = 205 ; free virtual = 9031

Phase 2.5 Global Place Phase2

Phase 2.5.1 UpdateTiming Before Physical Synthesis
Phase 2.5.1 UpdateTiming Before Physical Synthesis | Checksum: 2fd1f0456

Time (s): cpu = 00:00:29 ; elapsed = 00:00:10 . Memory (MB): peak = 3017.773 ; gain = 95.070 ; free physical = 204 ; free virtual = 9030

Phase 2.5.2 Physical Synthesis In Placer
INFO: [Physopt 32-1035] Found 0 LUTNM shape to break, 646 LUT instances to create LUTNM shape
INFO: [Physopt 32-1044] Break lutnm for timing: one critical 0, two critical 0, total 0, new lutff created 0
INFO: [Physopt 32-1138] End 1 Pass. Optimized 280 nets or LUTs. Breaked 0 LUT, combined 280 existing LUTs and moved 0 existing LUT
INFO: [Physopt 32-65] No nets found for high-fanout optimization.
INFO: [Physopt 32-232] Optimized 0 net. Created 0 new instance.
INFO: [Physopt 32-775] End 1 Pass. Optimized 0 net or cell. Created 0 new cell, deleted 0 existing cell and moved 0 existing cell
INFO: [Physopt 32-456] No candidate cells for DSP register optimization found in the design.
INFO: [Physopt 32-775] End 2 Pass. Optimized 0 net or cell. Created 0 new cell, deleted 0 existing cell and moved 0 existing cell
INFO: [Physopt 32-1123] No candidate cells found for Shift Register to Pipeline optimization
INFO: [Physopt 32-775] End 2 Pass. Optimized 0 net or cell. Created 0 new cell, deleted 0 existing cell and moved 0 existing cell
INFO: [Physopt 32-1401] No candidate cells found for Shift Register optimization.
INFO: [Physopt 32-677] No candidate cells for Shift Register optimization found in the design
INFO: [Physopt 32-775] End 1 Pass. Optimized 0 net or cell. Created 0 new cell, deleted 0 existing cell and moved 0 existing cell
INFO: [Physopt 32-526] No candidate cells for BRAM register optimization found in the design
INFO: [Physopt 32-775] End 1 Pass. Optimized 0 net or cell. Created 0 new cell, deleted 0 existing cell and moved 0 existing cell
INFO: [Physopt 32-846] No candidate cells for URAM register optimization found in the design
INFO: [Physopt 32-775] End 1 Pass. Optimized 0 net or cell. Created 0 new cell, deleted 0 existing cell and moved 0 existing cell
INFO: [Physopt 32-846] No candidate cells for URAM register optimization found in the design
INFO: [Physopt 32-775] End 1 Pass. Optimized 0 net or cell. Created 0 new cell, deleted 0 existing cell and moved 0 existing cell
INFO: [Physopt 32-949] No candidate nets found for dynamic/static region interface net replication
INFO: [Physopt 32-775] End 1 Pass. Optimized 0 net or cell. Created 0 new cell, deleted 0 existing cell and moved 0 existing cell
Netlist sorting complete. Time (s): cpu = 00:00:00.01 ; elapsed = 00:00:00.01 . Memory (MB): peak = 3017.773 ; gain = 0.000 ; free physical = 201 ; free virtual = 9030

Summary of Physical Synthesis Optimizations
============================================


-----------------------------------------------------------------------------------------------------------------------------------------------------------
|  Optimization                                     |  Added Cells  |  Removed Cells  |  Optimized Cells/Nets  |  Dont Touch  |  Iterations  |  Elapsed   |
-----------------------------------------------------------------------------------------------------------------------------------------------------------
|  LUT Combining                                    |            0  |            280  |                   280  |           0  |           1  |  00:00:00  |
|  Retime                                           |            0  |              0  |                     0  |           0  |           1  |  00:00:00  |
|  Very High Fanout                                 |            0  |              0  |                     0  |           0  |           1  |  00:00:00  |
|  DSP Register                                     |            0  |              0  |                     0  |           0  |           1  |  00:00:00  |
|  Shift Register to Pipeline                       |            0  |              0  |                     0  |           0  |           1  |  00:00:00  |
|  Shift Register                                   |            0  |              0  |                     0  |           0  |           1  |  00:00:00  |
|  BRAM Register                                    |            0  |              0  |                     0  |           0  |           1  |  00:00:00  |
|  URAM Register                                    |            0  |              0  |                     0  |           0  |           1  |  00:00:00  |
|  Dynamic/Static Region Interface Net Replication  |            0  |              0  |                     0  |           0  |           1  |  00:00:00  |
|  Total                                            |            0  |            280  |                   280  |           0  |           9  |  00:00:00  |
-----------------------------------------------------------------------------------------------------------------------------------------------------------


Phase 2.5.2 Physical Synthesis In Placer | Checksum: 22b5005f1

Time (s): cpu = 00:00:31 ; elapsed = 00:00:12 . Memory (MB): peak = 3017.773 ; gain = 95.070 ; free physical = 199 ; free virtual = 9028
Phase 2.5 Global Place Phase2 | Checksum: 26fb50fd5

Time (s): cpu = 00:00:35 ; elapsed = 00:00:13 . Memory (MB): peak = 3017.773 ; gain = 95.070 ; free physical = 198 ; free virtual = 9028
Phase 2 Global Placement | Checksum: 26fb50fd5

Time (s): cpu = 00:00:35 ; elapsed = 00:00:13 . Memory (MB): peak = 3017.773 ; gain = 95.070 ; free physical = 198 ; free virtual = 9028

Phase 3 Detail Placement

Phase 3.1 Commit Multi Column Macros
Phase 3.1 Commit Multi Column Macros | Checksum: 2a6f22e99

Time (s): cpu = 00:00:37 ; elapsed = 00:00:14 . Memory (MB): peak = 3017.773 ; gain = 95.070 ; free physical = 198 ; free virtual = 9028

Phase 3.2 Commit Most Macros & LUTRAMs
Phase 3.2 Commit Most Macros & LUTRAMs | Checksum: 277327c9a

Time (s): cpu = 00:00:43 ; elapsed = 00:00:17 . Memory (MB): peak = 3017.773 ; gain = 95.070 ; free physical = 200 ; free virtual = 9031

Phase 3.3 Area Swap Optimization
Phase 3.3 Area Swap Optimization | Checksum: 2bd8dd045

Time (s): cpu = 00:00:43 ; elapsed = 00:00:17 . Memory (MB): peak = 3017.773 ; gain = 95.070 ; free physical = 200 ; free virtual = 9031

Phase 3.4 Pipeline Register Optimization
Phase 3.4 Pipeline Register Optimization | Checksum: 1d2150aa1

Time (s): cpu = 00:00:43 ; elapsed = 00:00:17 . Memory (MB): peak = 3017.773 ; gain = 95.070 ; free physical = 200 ; free virtual = 9031

Phase 3.5 Fast Optimization
Phase 3.5 Fast Optimization | Checksum: 27fe45c0b

Time (s): cpu = 00:00:49 ; elapsed = 00:00:19 . Memory (MB): peak = 3017.773 ; gain = 95.070 ; free physical = 196 ; free virtual = 9026

Phase 3.6 Small Shape Detail Placement
Phase 3.6 Small Shape Detail Placement | Checksum: 2eea2d8dd

Time (s): cpu = 00:00:52 ; elapsed = 00:00:22 . Memory (MB): peak = 3017.773 ; gain = 95.070 ; free physical = 192 ; free virtual = 9023

Phase 3.7 Re-assign LUT pins
Phase 3.7 Re-assign LUT pins | Checksum: 2347d904c

Time (s): cpu = 00:00:52 ; elapsed = 00:00:22 . Memory (MB): peak = 3017.773 ; gain = 95.070 ; free physical = 190 ; free virtual = 9021

Phase 3.8 Pipeline Register Optimization
Phase 3.8 Pipeline Register Optimization | Checksum: 21df19ed4

Time (s): cpu = 00:00:52 ; elapsed = 00:00:22 . Memory (MB): peak = 3017.773 ; gain = 95.070 ; free physical = 190 ; free virtual = 9021
Phase 3 Detail Placement | Checksum: 21df19ed4

Time (s): cpu = 00:00:52 ; elapsed = 00:00:22 . Memory (MB): peak = 3017.773 ; gain = 95.070 ; free physical = 190 ; free virtual = 9021

Phase 4 Post Placement Optimization and Clean-Up

Phase 4.1 Post Commit Optimization
INFO: [Timing 38-35] Done setting XDC timing constraints.

Phase 4.1.1 Post Placement Optimization
Post Placement Optimization Initialization | Checksum: 21924ec2c

Phase 4.1.1.1 BUFG Insertion

Starting Physical Synthesis Task

Phase 1 Physical Synthesis Initialization
INFO: [Physopt 32-721] Multithreading enabled for phys_opt_design using a maximum of 8 CPUs
INFO: [Physopt 32-619] Estimated Timing Summary | WNS=-0.672 | TNS=-2.723 |
Phase 1 Physical Synthesis Initialization | Checksum: 1ab679058

Time (s): cpu = 00:00:00.62 ; elapsed = 00:00:00.21 . Memory (MB): peak = 3017.773 ; gain = 0.000 ; free physical = 190 ; free virtual = 9020
INFO: [Place 46-33] Processed net rv32im72f_7sp/exception_detector/E[0], BUFG insertion was skipped due to placement/routing conflicts.
INFO: [Place 46-56] BUFG insertion identified 1 candidate nets. Inserted BUFG: 0, Replicated BUFG Driver: 0, Skipped due to Placement/Routing Conflicts: 1, Skipped due to Timing Degradation: 0, Skipped due to netlist editing failed: 0.
Ending Physical Synthesis Task | Checksum: 1d9109c8f

Time (s): cpu = 00:00:00.73 ; elapsed = 00:00:00.28 . Memory (MB): peak = 3017.773 ; gain = 0.000 ; free physical = 190 ; free virtual = 9020
Phase 4.1.1.1 BUFG Insertion | Checksum: 21924ec2c

Time (s): cpu = 00:00:58 ; elapsed = 00:00:24 . Memory (MB): peak = 3017.773 ; gain = 95.070 ; free physical = 190 ; free virtual = 9020

Phase 4.1.1.2 Post Placement Timing Optimization
INFO: [Place 30-746] Post Placement Timing Summary WNS=0.523. For the most accurate timing information please run report_timing.
Phase 4.1.1.2 Post Placement Timing Optimization | Checksum: 18cf36954

Time (s): cpu = 00:01:17 ; elapsed = 00:00:39 . Memory (MB): peak = 3017.773 ; gain = 95.070 ; free physical = 188 ; free virtual = 9019

Time (s): cpu = 00:01:17 ; elapsed = 00:00:39 . Memory (MB): peak = 3017.773 ; gain = 95.070 ; free physical = 188 ; free virtual = 9019
Phase 4.1 Post Commit Optimization | Checksum: 18cf36954

Time (s): cpu = 00:01:17 ; elapsed = 00:00:39 . Memory (MB): peak = 3017.773 ; gain = 95.070 ; free physical = 188 ; free virtual = 9019

Phase 4.2 Post Placement Cleanup
Phase 4.2 Post Placement Cleanup | Checksum: 18cf36954

Time (s): cpu = 00:01:17 ; elapsed = 00:00:39 . Memory (MB): peak = 3017.773 ; gain = 95.070 ; free physical = 188 ; free virtual = 9019

Phase 4.3 Placer Reporting

Phase 4.3.1 Print Estimated Congestion
INFO: [Place 30-612] Post-Placement Estimated Congestion 
 ____________________________________________________
|           | Global Congestion | Short Congestion  |
| Direction | Region Size       | Region Size       |
|___________|___________________|___________________|
|      North|                1x1|                4x4|
|___________|___________________|___________________|
|      South|                1x1|                2x2|
|___________|___________________|___________________|
|       East|                1x1|                2x2|
|___________|___________________|___________________|
|       West|                1x1|                1x1|
|___________|___________________|___________________|

Phase 4.3.1 Print Estimated Congestion | Checksum: 18cf36954

Time (s): cpu = 00:01:17 ; elapsed = 00:00:39 . Memory (MB): peak = 3017.773 ; gain = 95.070 ; free physical = 188 ; free virtual = 9019
Phase 4.3 Placer Reporting | Checksum: 18cf36954

Time (s): cpu = 00:01:17 ; elapsed = 00:00:39 . Memory (MB): peak = 3017.773 ; gain = 95.070 ; free physical = 188 ; free virtual = 9019

Phase 4.4 Final Placement Cleanup
Netlist sorting complete. Time (s): cpu = 00:00:00 ; elapsed = 00:00:00.01 . Memory (MB): peak = 3017.773 ; gain = 0.000 ; free physical = 188 ; free virtual = 9019

Time (s): cpu = 00:01:17 ; elapsed = 00:00:39 . Memory (MB): peak = 3017.773 ; gain = 95.070 ; free physical = 188 ; free virtual = 9019
Phase 4 Post Placement Optimization and Clean-Up | Checksum: 21f76dcd4

Time (s): cpu = 00:01:17 ; elapsed = 00:00:39 . Memory (MB): peak = 3017.773 ; gain = 95.070 ; free physical = 188 ; free virtual = 9019
Ending Placer Task | Checksum: 2088ca4b4

Time (s): cpu = 00:01:17 ; elapsed = 00:00:39 . Memory (MB): peak = 3017.773 ; gain = 95.070 ; free physical = 188 ; free virtual = 9019
80 Infos, 0 Warnings, 0 Critical Warnings and 0 Errors encountered.
place_design completed successfully
place_design: Time (s): cpu = 00:01:19 ; elapsed = 00:00:40 . Memory (MB): peak = 3017.773 ; gain = 95.070 ; free physical = 188 ; free virtual = 9019
INFO: [Vivado 12-24838] Running report commands "report_control_sets, report_io, report_utilization" in parallel.
Running report generation with 3 threads.
INFO: [Vivado 12-24828] Executing command : report_control_sets -verbose -file RV32IM72F7SPSoCTOP_control_sets_placed.rpt
report_control_sets: Time (s): cpu = 00:00:00.13 ; elapsed = 00:00:00.11 . Memory (MB): peak = 3017.773 ; gain = 0.000 ; free physical = 178 ; free virtual = 9009
INFO: [Vivado 12-24828] Executing command : report_io -file RV32IM72F7SPSoCTOP_io_placed.rpt
report_io: Time (s): cpu = 00:00:00.17 ; elapsed = 00:00:00.18 . Memory (MB): peak = 3017.773 ; gain = 0.000 ; free physical = 174 ; free virtual = 9005
INFO: [Vivado 12-24828] Executing command : report_utilization -file RV32IM72F7SPSoCTOP_utilization_placed.rpt -pb RV32IM72F7SPSoCTOP_utilization_placed.pb
INFO: [Timing 38-480] Writing timing data to binary archive.
Wrote PlaceDB: Time (s): cpu = 00:00:00 ; elapsed = 00:00:00 . Memory (MB): peak = 3017.773 ; gain = 0.000 ; free physical = 188 ; free virtual = 9019
Wrote PulsedLatchDB: Time (s): cpu = 00:00:00 ; elapsed = 00:00:00 . Memory (MB): peak = 3017.773 ; gain = 0.000 ; free physical = 188 ; free virtual = 9019
Writing XDEF routing.
Writing XDEF routing logical nets.
Writing XDEF routing special nets.
Wrote RouteStorage: Time (s): cpu = 00:00:00.07 ; elapsed = 00:00:00.02 . Memory (MB): peak = 3017.773 ; gain = 0.000 ; free physical = 187 ; free virtual = 9019
Write ShapeDB Complete: Time (s): cpu = 00:00:00.11 ; elapsed = 00:00:00.02 . Memory (MB): peak = 3017.773 ; gain = 0.000 ; free physical = 185 ; free virtual = 9018
Wrote PlaceStorage: Time (s): cpu = 00:00:00.68 ; elapsed = 00:00:00.31 . Memory (MB): peak = 3017.773 ; gain = 0.000 ; free physical = 175 ; free virtual = 9020
Wrote Netlist Cache: Time (s): cpu = 00:00:00.01 ; elapsed = 00:00:00.01 . Memory (MB): peak = 3017.773 ; gain = 0.000 ; free physical = 173 ; free virtual = 9020
Wrote Device Cache: Time (s): cpu = 00:00:00 ; elapsed = 00:00:00 . Memory (MB): peak = 3017.773 ; gain = 0.000 ; free physical = 171 ; free virtual = 9019
Write Physdb Complete: Time (s): cpu = 00:00:00.77 ; elapsed = 00:00:00.35 . Memory (MB): peak = 3017.773 ; gain = 0.000 ; free physical = 171 ; free virtual = 9019
INFO: [Common 17-1381] The checkpoint '/home/khwl/Desktop/RV-IM100/RV32s/SoCs/RV32IM_7SP/RV64IM72F_7SP_FPGA.runs/impl_1/RV32IM72F7SPSoCTOP_placed.dcp' has been generated.
Command: phys_opt_design -directive Explore
Attempting to get a license for feature 'Implementation' and/or device 'xc7a200t'
INFO: [Common 17-349] Got license for feature 'Implementation' and/or device 'xc7a200t'
INFO: [Vivado_Tcl 4-137] Directive used for phys_opt_design is: Explore

Starting Initial Update Timing Task

Time (s): cpu = 00:00:05 ; elapsed = 00:00:01 . Memory (MB): peak = 3017.773 ; gain = 0.000 ; free physical = 187 ; free virtual = 9023
INFO: [Vivado_Tcl 4-2279] Estimated Timing Summary | WNS= 0.523 | TNS= 0.000 | 
INFO: [Vivado_Tcl 4-383] Design worst setup slack (WNS) is greater than or equal to 0.000 ns. All physical synthesis setup optimizations will be skipped.
INFO: [Vivado_Tcl 4-232] No setup violation found. The netlist was not modified.
INFO: [Common 17-83] Releasing license: Implementation
92 Infos, 0 Warnings, 0 Critical Warnings and 0 Errors encountered.
phys_opt_design completed successfully
INFO: [Timing 38-480] Writing timing data to binary archive.
Wrote PlaceDB: Time (s): cpu = 00:00:00 ; elapsed = 00:00:00 . Memory (MB): peak = 3017.773 ; gain = 0.000 ; free physical = 187 ; free virtual = 9023
Wrote PulsedLatchDB: Time (s): cpu = 00:00:00 ; elapsed = 00:00:00 . Memory (MB): peak = 3017.773 ; gain = 0.000 ; free physical = 187 ; free virtual = 9023
Writing XDEF routing.
Writing XDEF routing logical nets.
Writing XDEF routing special nets.
Wrote RouteStorage: Time (s): cpu = 00:00:00.07 ; elapsed = 00:00:00.02 . Memory (MB): peak = 3017.773 ; gain = 0.000 ; free physical = 187 ; free virtual = 9023
Write ShapeDB Complete: Time (s): cpu = 00:00:00.11 ; elapsed = 00:00:00.02 . Memory (MB): peak = 3017.773 ; gain = 0.000 ; free physical = 186 ; free virtual = 9022
Wrote PlaceStorage: Time (s): cpu = 00:00:00.69 ; elapsed = 00:00:00.31 . Memory (MB): peak = 3017.773 ; gain = 0.000 ; free physical = 170 ; free virtual = 9021
Wrote Netlist Cache: Time (s): cpu = 00:00:00 ; elapsed = 00:00:00.01 . Memory (MB): peak = 3017.773 ; gain = 0.000 ; free physical = 166 ; free virtual = 9018
Wrote Device Cache: Time (s): cpu = 00:00:00.01 ; elapsed = 00:00:00 . Memory (MB): peak = 3017.773 ; gain = 0.000 ; free physical = 166 ; free virtual = 9018
Write Physdb Complete: Time (s): cpu = 00:00:00.77 ; elapsed = 00:00:00.35 . Memory (MB): peak = 3017.773 ; gain = 0.000 ; free physical = 166 ; free virtual = 9018
INFO: [Common 17-1381] The checkpoint '/home/khwl/Desktop/RV-IM100/RV32s/SoCs/RV32IM_7SP/RV64IM72F_7SP_FPGA.runs/impl_1/RV32IM72F7SPSoCTOP_physopt.dcp' has been generated.
Command: route_design -directive Explore -tns_cleanup
Attempting to get a license for feature 'Implementation' and/or device 'xc7a200t'
INFO: [Common 17-349] Got license for feature 'Implementation' and/or device 'xc7a200t'


Starting Routing Task
INFO: [Route 35-270] Using Router directive 'Explore'.
INFO: [Route 35-254] Multithreading enabled for route_design using a maximum of 8 CPUs

Phase 1 Build RT Design
Checksum: PlaceDB: a4545f6c ConstDB: 0 ShapeSum: cc1d59e4 RouteDB: 981aeb64
Post Restoration Checksum: NetGraph: fc106d13 | NumContArr: cb318b2c | Constraints: c2a8fa9d | Timing: c2a8fa9d
Phase 1 Build RT Design | Checksum: 34c93ed79

Time (s): cpu = 00:00:41 ; elapsed = 00:00:31 . Memory (MB): peak = 3030.758 ; gain = 12.984 ; free physical = 225 ; free virtual = 8971

Phase 2 Router Initialization

Phase 2.1 Fix Topology Constraints
Phase 2.1 Fix Topology Constraints | Checksum: 34c93ed79

Time (s): cpu = 00:00:41 ; elapsed = 00:00:31 . Memory (MB): peak = 3030.758 ; gain = 12.984 ; free physical = 237 ; free virtual = 8971

Phase 2.2 Pre Route Cleanup
Phase 2.2 Pre Route Cleanup | Checksum: 34c93ed79

Time (s): cpu = 00:00:41 ; elapsed = 00:00:31 . Memory (MB): peak = 3030.758 ; gain = 12.984 ; free physical = 237 ; free virtual = 8971
 Number of Nodes with overlaps = 0

Phase 2.3 Update Timing
Phase 2.3 Update Timing | Checksum: 20b4de025

Time (s): cpu = 00:00:51 ; elapsed = 00:00:33 . Memory (MB): peak = 3099.516 ; gain = 81.742 ; free physical = 217 ; free virtual = 8898
INFO: [Route 35-416] Intermediate Timing Summary | WNS=0.706  | TNS=0.000  | WHS=-0.248 | THS=-2000.426|


Phase 2.4 Soft Constraint Pins - Fast Budgeting
Phase 2.4 Soft Constraint Pins - Fast Budgeting | Checksum: 217023ba4

Time (s): cpu = 00:00:53 ; elapsed = 00:00:33 . Memory (MB): peak = 3099.516 ; gain = 81.742 ; free physical = 214 ; free virtual = 8895

Router Utilization Summary
  Global Vertical Routing Utilization    = 0 %
  Global Horizontal Routing Utilization  = 0 %
  Routable Net Status*
  *Does not include unroutable nets such as driverless and loadless.
  Run report_route_status for detailed report.
  Number of Failed Nets               = 8231
    (Failed Nets is the sum of unrouted and partially routed nets)
  Number of Unrouted Nets             = 8231
  Number of Partially Routed Nets     = 0
  Number of Node Overlaps             = 0

Phase 2 Router Initialization | Checksum: 1b4684f35

Time (s): cpu = 00:00:54 ; elapsed = 00:00:33 . Memory (MB): peak = 3114.297 ; gain = 96.523 ; free physical = 198 ; free virtual = 8879

Phase 3 Global Routing
Phase 3 Global Routing | Checksum: 1b4684f35

Time (s): cpu = 00:00:54 ; elapsed = 00:00:33 . Memory (MB): peak = 3114.297 ; gain = 96.523 ; free physical = 198 ; free virtual = 8879

Phase 4 Initial Routing

Phase 4.1 Initial Net Routing Pass
Phase 4.1 Initial Net Routing Pass | Checksum: 27b7cd10f

Time (s): cpu = 00:01:08 ; elapsed = 00:00:38 . Memory (MB): peak = 3323.297 ; gain = 305.523 ; free physical = 200 ; free virtual = 8626
Phase 4 Initial Routing | Checksum: 27b7cd10f

Time (s): cpu = 00:01:08 ; elapsed = 00:00:38 . Memory (MB): peak = 3323.297 ; gain = 305.523 ; free physical = 200 ; free virtual = 8626

Phase 5 Rip-up And Reroute

Phase 5.1 Global Iteration 0
 Number of Nodes with overlaps = 1917
 Number of Nodes with overlaps = 351
 Number of Nodes with overlaps = 117
 Number of Nodes with overlaps = 29
 Number of Nodes with overlaps = 8
 Number of Nodes with overlaps = 3
 Number of Nodes with overlaps = 0
INFO: [Route 35-416] Intermediate Timing Summary | WNS=-1.226 | TNS=-2223.250| WHS=N/A    | THS=N/A    |

Phase 5.1 Global Iteration 0 | Checksum: 1c5b3c8ce

Time (s): cpu = 00:01:24 ; elapsed = 00:00:47 . Memory (MB): peak = 3323.297 ; gain = 305.523 ; free physical = 198 ; free virtual = 8624

Phase 5.2 Global Iteration 1
 Number of Nodes with overlaps = 852
 Number of Nodes with overlaps = 562
 Number of Nodes with overlaps = 284
 Number of Nodes with overlaps = 154
 Number of Nodes with overlaps = 101
 Number of Nodes with overlaps = 60
 Number of Nodes with overlaps = 28
 Number of Nodes with overlaps = 18
 Number of Nodes with overlaps = 18
 Number of Nodes with overlaps = 8
 Number of Nodes with overlaps = 6
 Number of Nodes with overlaps = 2
 Number of Nodes with overlaps = 0
INFO: [Route 35-416] Intermediate Timing Summary | WNS=-0.222 | TNS=-5.184 | WHS=N/A    | THS=N/A    |

Phase 5.2 Global Iteration 1 | Checksum: 214f4cdac

Time (s): cpu = 00:01:48 ; elapsed = 00:00:59 . Memory (MB): peak = 3323.297 ; gain = 305.523 ; free physical = 204 ; free virtual = 8631

Phase 5.3 Global Iteration 2
 Number of Nodes with overlaps = 1416
 Number of Nodes with overlaps = 812
 Number of Nodes with overlaps = 506
 Number of Nodes with overlaps = 295
 Number of Nodes with overlaps = 126
 Number of Nodes with overlaps = 102
 Number of Nodes with overlaps = 43
 Number of Nodes with overlaps = 23
 Number of Nodes with overlaps = 13
 Number of Nodes with overlaps = 7
 Number of Nodes with overlaps = 8
 Number of Nodes with overlaps = 4
 Number of Nodes with overlaps = 1
 Number of Nodes with overlaps = 0
INFO: [Route 35-416] Intermediate Timing Summary | WNS=-0.241 | TNS=-1.879 | WHS=N/A    | THS=N/A    |

Phase 5.3 Global Iteration 2 | Checksum: 24bbf447d

Time (s): cpu = 00:02:21 ; elapsed = 00:01:12 . Memory (MB): peak = 3323.297 ; gain = 305.523 ; free physical = 202 ; free virtual = 8618
Phase 5 Rip-up And Reroute | Checksum: 24bbf447d

Time (s): cpu = 00:02:21 ; elapsed = 00:01:12 . Memory (MB): peak = 3323.297 ; gain = 305.523 ; free physical = 202 ; free virtual = 8618

Phase 6 Delay and Skew Optimization

Phase 6.1 TNS Cleanup

Phase 6.1.1 Delay CleanUp

Phase 6.1.1.1 Update Timing
Phase 6.1.1.1 Update Timing | Checksum: 26aec4624

Time (s): cpu = 00:02:22 ; elapsed = 00:01:12 . Memory (MB): peak = 3323.297 ; gain = 305.523 ; free physical = 202 ; free virtual = 8618
INFO: [Route 35-416] Intermediate Timing Summary | WNS=-0.215 | TNS=-4.733 | WHS=N/A    | THS=N/A    |

 Number of Nodes with overlaps = 0

Phase 6.1.1.2 Update Timing
Phase 6.1.1.2 Update Timing | Checksum: 22554601f

Time (s): cpu = 00:02:23 ; elapsed = 00:01:12 . Memory (MB): peak = 3323.297 ; gain = 305.523 ; free physical = 202 ; free virtual = 8617
INFO: [Route 35-416] Intermediate Timing Summary | WNS=-0.180 | TNS=-2.836 | WHS=N/A    | THS=N/A    |

Phase 6.1.1 Delay CleanUp | Checksum: 23b2091c6

Time (s): cpu = 00:02:23 ; elapsed = 00:01:13 . Memory (MB): peak = 3323.297 ; gain = 305.523 ; free physical = 201 ; free virtual = 8616
Phase 6.1 TNS Cleanup | Checksum: 23b2091c6

Time (s): cpu = 00:02:23 ; elapsed = 00:01:13 . Memory (MB): peak = 3323.297 ; gain = 305.523 ; free physical = 201 ; free virtual = 8616

Phase 6.2 Clock Skew Optimization
Phase 6.2 Clock Skew Optimization | Checksum: 23b2091c6

Time (s): cpu = 00:02:23 ; elapsed = 00:01:13 . Memory (MB): peak = 3323.297 ; gain = 305.523 ; free physical = 201 ; free virtual = 8616
Phase 6 Delay and Skew Optimization | Checksum: 23b2091c6

Time (s): cpu = 00:02:24 ; elapsed = 00:01:13 . Memory (MB): peak = 3323.297 ; gain = 305.523 ; free physical = 201 ; free virtual = 8616

Phase 7 Post Hold Fix

Phase 7.1 Hold Fix Iter
INFO: [Route 35-416] Intermediate Timing Summary | WNS=-0.180 | TNS=-2.836 | WHS=0.052  | THS=0.000  |

Phase 7.1 Hold Fix Iter | Checksum: 1811bf541

Time (s): cpu = 00:02:25 ; elapsed = 00:01:13 . Memory (MB): peak = 3323.297 ; gain = 305.523 ; free physical = 201 ; free virtual = 8616
Phase 7 Post Hold Fix | Checksum: 1811bf541

Time (s): cpu = 00:02:25 ; elapsed = 00:01:13 . Memory (MB): peak = 3323.297 ; gain = 305.523 ; free physical = 201 ; free virtual = 8616

Phase 8 Timing Verification

Phase 8.1 Update Timing
Phase 8.1 Update Timing | Checksum: 23fb46c99

Time (s): cpu = 00:02:26 ; elapsed = 00:01:13 . Memory (MB): peak = 3323.297 ; gain = 305.523 ; free physical = 201 ; free virtual = 8616
INFO: [Route 35-416] Intermediate Timing Summary | WNS=-0.180 | TNS=-2.836 | WHS=0.052  | THS=0.000  |

Phase 8 Timing Verification | Checksum: 23fb46c99

Time (s): cpu = 00:02:26 ; elapsed = 00:01:13 . Memory (MB): peak = 3323.297 ; gain = 305.523 ; free physical = 201 ; free virtual = 8616

Phase 9 Route finalize

Router Utilization Summary
  Global Vertical Routing Utilization    = 1.80154 %
  Global Horizontal Routing Utilization  = 1.96305 %
  Routable Net Status*
  *Does not include unroutable nets such as driverless and loadless.
  Run report_route_status for detailed report.
  Number of Failed Nets               = 0
    (Failed Nets is the sum of unrouted and partially routed nets)
  Number of Unrouted Nets             = 0
  Number of Partially Routed Nets     = 0
  Number of Node Overlaps             = 0


--GLOBAL Congestion:
Utilization threshold used for congestion level computation: 0.85
Congestion Report
North Dir 1x1 Area, Max Cong = 73.8739%, No Congested Regions.
South Dir 1x1 Area, Max Cong = 69.3694%, No Congested Regions.
East Dir 1x1 Area, Max Cong = 76.4706%, No Congested Regions.
West Dir 1x1 Area, Max Cong = 80.8824%, No Congested Regions.

------------------------------
Reporting congestion hotspots
------------------------------
Direction: North
----------------
Congested clusters found at Level 0
Effective congestion level: 0 Aspect Ratio: 1 Sparse Ratio: 0
Direction: South
----------------
Congested clusters found at Level 0
Effective congestion level: 0 Aspect Ratio: 1 Sparse Ratio: 0
Direction: East
----------------
Congested clusters found at Level 0
Effective congestion level: 0 Aspect Ratio: 1 Sparse Ratio: 0
Direction: West
----------------
Congested clusters found at Level 0
Effective congestion level: 0 Aspect Ratio: 1 Sparse Ratio: 0

Phase 9 Route finalize | Checksum: 23fb46c99

Time (s): cpu = 00:02:27 ; elapsed = 00:01:13 . Memory (MB): peak = 3323.297 ; gain = 305.523 ; free physical = 201 ; free virtual = 8616

Phase 10 Verifying routed nets

 Verification completed successfully
Phase 10 Verifying routed nets | Checksum: 23fb46c99

Time (s): cpu = 00:02:27 ; elapsed = 00:01:13 . Memory (MB): peak = 3323.297 ; gain = 305.523 ; free physical = 201 ; free virtual = 8617

Phase 11 Depositing Routes
Phase 11 Depositing Routes | Checksum: 2220d6680

Time (s): cpu = 00:02:27 ; elapsed = 00:01:14 . Memory (MB): peak = 3323.297 ; gain = 305.523 ; free physical = 201 ; free virtual = 8617

Phase 12 Incr Placement Change
Netlist sorting complete. Time (s): cpu = 00:00:00.01 ; elapsed = 00:00:00 . Memory (MB): peak = 3323.297 ; gain = 0.000 ; free physical = 201 ; free virtual = 8617
INFO: [Place 30-746] Post Placement Timing Summary WNS=0.413. For the most accurate timing information please run report_timing.
Ending IncrPlace Task | Checksum: 167182eb3

Time (s): cpu = 00:00:26 ; elapsed = 00:00:15 . Memory (MB): peak = 3323.297 ; gain = 0.000 ; free physical = 201 ; free virtual = 8617
Phase 12 Incr Placement Change | Checksum: 167182eb3

Time (s): cpu = 00:02:53 ; elapsed = 00:01:28 . Memory (MB): peak = 3323.297 ; gain = 305.523 ; free physical = 201 ; free virtual = 8617

Phase 13 Build RT Design
Checksum: PlaceDB: 856703ba ConstDB: 0 ShapeSum: 3caf5401 RouteDB: a501d6f8
Post Restoration Checksum: NetGraph: 7609632e | NumContArr: cef615f1 | Constraints: c2a8fa9d | Timing: c2a8fa9d
Phase 13 Build RT Design | Checksum: 2ca516e59

Time (s): cpu = 00:03:00 ; elapsed = 00:01:30 . Memory (MB): peak = 3323.297 ; gain = 305.523 ; free physical = 201 ; free virtual = 8617

Phase 14 Router Initialization

Phase 14.1 Fix Topology Constraints
Phase 14.1 Fix Topology Constraints | Checksum: 2ca516e59

Time (s): cpu = 00:03:00 ; elapsed = 00:01:30 . Memory (MB): peak = 3323.297 ; gain = 305.523 ; free physical = 201 ; free virtual = 8617

Phase 14.2 Pre Route Cleanup
Phase 14.2 Pre Route Cleanup | Checksum: 29f857f4b

Time (s): cpu = 00:03:00 ; elapsed = 00:01:30 . Memory (MB): peak = 3323.297 ; gain = 305.523 ; free physical = 201 ; free virtual = 8617
 Number of Nodes with overlaps = 0

Phase 14.3 Update Timing
Phase 14.3 Update Timing | Checksum: 21715a67a

Time (s): cpu = 00:03:11 ; elapsed = 00:01:32 . Memory (MB): peak = 3323.297 ; gain = 305.523 ; free physical = 202 ; free virtual = 8618
INFO: [Route 35-416] Intermediate Timing Summary | WNS=0.344  | TNS=0.000  | WHS=-0.248 | THS=-2000.328|


Phase 14.4 Soft Constraint Pins - Fast Budgeting
Phase 14.4 Soft Constraint Pins - Fast Budgeting | Checksum: 1fe5b5eb4

Time (s): cpu = 00:03:12 ; elapsed = 00:01:32 . Memory (MB): peak = 3323.297 ; gain = 305.523 ; free physical = 202 ; free virtual = 8618

Router Utilization Summary
  Global Vertical Routing Utilization    = 1.78229 %
  Global Horizontal Routing Utilization  = 1.94088 %
  Routable Net Status*
  *Does not include unroutable nets such as driverless and loadless.
  Run report_route_status for detailed report.
  Number of Failed Nets               = 322
    (Failed Nets is the sum of unrouted and partially routed nets)
  Number of Unrouted Nets             = 150
  Number of Partially Routed Nets     = 172
  Number of Node Overlaps             = 0

Phase 14 Router Initialization | Checksum: 1fe5b5eb4

Time (s): cpu = 00:03:13 ; elapsed = 00:01:33 . Memory (MB): peak = 3323.297 ; gain = 305.523 ; free physical = 202 ; free virtual = 8618

Phase 15 Global Routing
Phase 15 Global Routing | Checksum: 1fe5b5eb4

Time (s): cpu = 00:03:13 ; elapsed = 00:01:33 . Memory (MB): peak = 3323.297 ; gain = 305.523 ; free physical = 202 ; free virtual = 8618

Phase 16 Initial Routing

Phase 16.1 Initial Net Routing Pass
Phase 16.1 Initial Net Routing Pass | Checksum: 1dc78f66a

Time (s): cpu = 00:03:14 ; elapsed = 00:01:33 . Memory (MB): peak = 3323.297 ; gain = 305.523 ; free physical = 202 ; free virtual = 8618
Phase 16 Initial Routing | Checksum: 1dc78f66a

Time (s): cpu = 00:03:14 ; elapsed = 00:01:33 . Memory (MB): peak = 3323.297 ; gain = 305.523 ; free physical = 202 ; free virtual = 8618
INFO: [Route 35-580] Design has 61 pins with tight setup and hold constraints.

The top 5 pins with tight setup and hold constraints:

+====================+====================+=====================================================================+
| Launch Setup Clock | Launch Hold Clock  | Pin                                                                 |
+====================+====================+=====================================================================+
| clk_out1_clk_wiz_0 | clk_out1_clk_wiz_0 | rv32im72f_7sp/data_memory/memory_reg_2304_2559_17_17/RAMS64E_A/ADR0 |
| clk_out1_clk_wiz_0 | clk_out1_clk_wiz_0 | rv32im72f_7sp/data_memory/memory_reg_2304_2559_17_17/RAMS64E_B/ADR0 |
| clk_out1_clk_wiz_0 | clk_out1_clk_wiz_0 | rv32im72f_7sp/data_memory/memory_reg_5632_5887_17_17/RAMS64E_C/ADR2 |
| clk_out1_clk_wiz_0 | clk_out1_clk_wiz_0 | rv32im72f_7sp/data_memory/memory_reg_2304_2559_17_17/RAMS64E_C/ADR0 |
| clk_out1_clk_wiz_0 | clk_out1_clk_wiz_0 | rv32im72f_7sp/data_memory/memory_reg_5632_5887_17_17/RAMS64E_D/ADR2 |
+--------------------+--------------------+---------------------------------------------------------------------+

File with complete list of pins: tight_setup_hold_pins.txt


Phase 17 Rip-up And Reroute

Phase 17.1 Global Iteration 0
 Number of Nodes with overlaps = 909
 Number of Nodes with overlaps = 818
 Number of Nodes with overlaps = 631
 Number of Nodes with overlaps = 404
 Number of Nodes with overlaps = 326
 Number of Nodes with overlaps = 156
 Number of Nodes with overlaps = 75
 Number of Nodes with overlaps = 42
 Number of Nodes with overlaps = 25
 Number of Nodes with overlaps = 5
 Number of Nodes with overlaps = 2
 Number of Nodes with overlaps = 0
INFO: [Route 35-416] Intermediate Timing Summary | WNS=-0.080 | TNS=-0.373 | WHS=N/A    | THS=N/A    |

Phase 17.1 Global Iteration 0 | Checksum: 289d11e96

Time (s): cpu = 00:03:44 ; elapsed = 00:01:45 . Memory (MB): peak = 3323.297 ; gain = 305.523 ; free physical = 214 ; free virtual = 8630

Phase 17.2 Global Iteration 1
 Number of Nodes with overlaps = 653
 Number of Nodes with overlaps = 377
 Number of Nodes with overlaps = 240
 Number of Nodes with overlaps = 154
 Number of Nodes with overlaps = 115
 Number of Nodes with overlaps = 79
 Number of Nodes with overlaps = 41
 Number of Nodes with overlaps = 22
 Number of Nodes with overlaps = 10
 Number of Nodes with overlaps = 10
 Number of Nodes with overlaps = 7
 Number of Nodes with overlaps = 6
 Number of Nodes with overlaps = 4
 Number of Nodes with overlaps = 2
 Number of Nodes with overlaps = 1
 Number of Nodes with overlaps = 1
 Number of Nodes with overlaps = 0
INFO: [Route 35-416] Intermediate Timing Summary | WNS=0.074  | TNS=0.000  | WHS=N/A    | THS=N/A    |

Phase 17.2 Global Iteration 1 | Checksum: 2022c2313

Time (s): cpu = 00:04:03 ; elapsed = 00:01:53 . Memory (MB): peak = 3323.297 ; gain = 305.523 ; free physical = 217 ; free virtual = 8633
Phase 17 Rip-up And Reroute | Checksum: 2022c2313

Time (s): cpu = 00:04:03 ; elapsed = 00:01:53 . Memory (MB): peak = 3323.297 ; gain = 305.523 ; free physical = 217 ; free virtual = 8633

Phase 18 Delay and Skew Optimization

Phase 18.1 TNS Cleanup

Phase 18.1.1 Delay CleanUp
Phase 18.1.1 Delay CleanUp | Checksum: 2022c2313

Time (s): cpu = 00:04:03 ; elapsed = 00:01:53 . Memory (MB): peak = 3323.297 ; gain = 305.523 ; free physical = 217 ; free virtual = 8633
Phase 18.1 TNS Cleanup | Checksum: 2022c2313

Time (s): cpu = 00:04:03 ; elapsed = 00:01:53 . Memory (MB): peak = 3323.297 ; gain = 305.523 ; free physical = 217 ; free virtual = 8633

Phase 18.2 Clock Skew Optimization
Phase 18.2 Clock Skew Optimization | Checksum: 2022c2313

Time (s): cpu = 00:04:03 ; elapsed = 00:01:53 . Memory (MB): peak = 3323.297 ; gain = 305.523 ; free physical = 217 ; free virtual = 8633
Phase 18 Delay and Skew Optimization | Checksum: 2022c2313

Time (s): cpu = 00:04:03 ; elapsed = 00:01:53 . Memory (MB): peak = 3323.297 ; gain = 305.523 ; free physical = 217 ; free virtual = 8633

Phase 19 Post Hold Fix

Phase 19.1 Hold Fix Iter
INFO: [Route 35-416] Intermediate Timing Summary | WNS=0.090  | TNS=0.000  | WHS=0.052  | THS=0.000  |

Phase 19.1 Hold Fix Iter | Checksum: 272dcf0cd

Time (s): cpu = 00:04:05 ; elapsed = 00:01:53 . Memory (MB): peak = 3323.297 ; gain = 305.523 ; free physical = 217 ; free virtual = 8633
Phase 19 Post Hold Fix | Checksum: 272dcf0cd

Time (s): cpu = 00:04:05 ; elapsed = 00:01:53 . Memory (MB): peak = 3323.297 ; gain = 305.523 ; free physical = 217 ; free virtual = 8633

Phase 20 Timing Verification

Phase 20.1 Update Timing
Phase 20.1 Update Timing | Checksum: 272dcf0cd

Time (s): cpu = 00:04:06 ; elapsed = 00:01:54 . Memory (MB): peak = 3323.297 ; gain = 305.523 ; free physical = 217 ; free virtual = 8633
INFO: [Route 35-416] Intermediate Timing Summary | WNS=0.090  | TNS=0.000  | WHS=0.052  | THS=0.000  |

Phase 20 Timing Verification | Checksum: 272dcf0cd

Time (s): cpu = 00:04:06 ; elapsed = 00:01:54 . Memory (MB): peak = 3323.297 ; gain = 305.523 ; free physical = 217 ; free virtual = 8633

Phase 21 Route finalize

Router Utilization Summary
  Global Vertical Routing Utilization    = 1.85144 %
  Global Horizontal Routing Utilization  = 2.01348 %
  Routable Net Status*
  *Does not include unroutable nets such as driverless and loadless.
  Run report_route_status for detailed report.
  Number of Failed Nets               = 0
    (Failed Nets is the sum of unrouted and partially routed nets)
  Number of Unrouted Nets             = 0
  Number of Partially Routed Nets     = 0
  Number of Node Overlaps             = 0

Phase 21 Route finalize | Checksum: 272dcf0cd

Time (s): cpu = 00:04:06 ; elapsed = 00:01:54 . Memory (MB): peak = 3323.297 ; gain = 305.523 ; free physical = 217 ; free virtual = 8633

Phase 22 Verifying routed nets

 Verification completed successfully
Phase 22 Verifying routed nets | Checksum: 272dcf0cd

Time (s): cpu = 00:04:06 ; elapsed = 00:01:54 . Memory (MB): peak = 3323.297 ; gain = 305.523 ; free physical = 217 ; free virtual = 8633

Phase 23 Depositing Routes
Phase 23 Depositing Routes | Checksum: 27717ca30

Time (s): cpu = 00:04:07 ; elapsed = 00:01:54 . Memory (MB): peak = 3323.297 ; gain = 305.523 ; free physical = 217 ; free virtual = 8633

Phase 24 Post Process Routing
Phase 24 Post Process Routing | Checksum: 27717ca30

Time (s): cpu = 00:04:07 ; elapsed = 00:01:54 . Memory (MB): peak = 3323.297 ; gain = 305.523 ; free physical = 217 ; free virtual = 8633

Phase 25 Post Router Timing
INFO: [Route 35-20] Post Routing Timing Summary | WNS=0.104  | TNS=0.000  | WHS=0.053  | THS=0.000  |

Phase 25 Post Router Timing | Checksum: 2afebeba3

Time (s): cpu = 00:04:24 ; elapsed = 00:02:04 . Memory (MB): peak = 3323.297 ; gain = 305.523 ; free physical = 231 ; free virtual = 8642
INFO: [Route 35-61] The design met the timing requirement.
Total Elapsed time in route_design: 124.3 secs

Phase 26 Post-Route Event Processing
Phase 26 Post-Route Event Processing | Checksum: 11467029c

Time (s): cpu = 00:04:24 ; elapsed = 00:02:04 . Memory (MB): peak = 3323.297 ; gain = 305.523 ; free physical = 230 ; free virtual = 8641
INFO: [Route 35-16] Router Completed Successfully
Ending Routing Task | Checksum: 11467029c

Time (s): cpu = 00:04:24 ; elapsed = 00:02:04 . Memory (MB): peak = 3323.297 ; gain = 305.523 ; free physical = 230 ; free virtual = 8641

Routing Is Done.
INFO: [Common 17-83] Releasing license: Implementation
116 Infos, 0 Warnings, 0 Critical Warnings and 0 Errors encountered.
route_design completed successfully
route_design: Time (s): cpu = 00:04:25 ; elapsed = 00:02:05 . Memory (MB): peak = 3323.297 ; gain = 305.523 ; free physical = 191 ; free virtual = 8609
INFO: [Vivado 12-24828] Executing command : report_drc -file RV32IM72F7SPSoCTOP_drc_routed.rpt -pb RV32IM72F7SPSoCTOP_drc_routed.pb -rpx RV32IM72F7SPSoCTOP_drc_routed.rpx
Command: report_drc -file RV32IM72F7SPSoCTOP_drc_routed.rpt -pb RV32IM72F7SPSoCTOP_drc_routed.pb -rpx RV32IM72F7SPSoCTOP_drc_routed.rpx
INFO: [IP_Flow 19-1839] IP Catalog is up to date.
INFO: [DRC 23-27] Running DRC with 8 threads
INFO: [Vivado_Tcl 2-168] The results of DRC are in file /home/khwl/Desktop/RV-IM100/RV32s/SoCs/RV32IM_7SP/RV64IM72F_7SP_FPGA.runs/impl_1/RV32IM72F7SPSoCTOP_drc_routed.rpt.
report_drc completed successfully
INFO: [Vivado 12-24828] Executing command : report_methodology -file RV32IM72F7SPSoCTOP_methodology_drc_routed.rpt -pb RV32IM72F7SPSoCTOP_methodology_drc_routed.pb -rpx RV32IM72F7SPSoCTOP_methodology_drc_routed.rpx
Command: report_methodology -file RV32IM72F7SPSoCTOP_methodology_drc_routed.rpt -pb RV32IM72F7SPSoCTOP_methodology_drc_routed.pb -rpx RV32IM72F7SPSoCTOP_methodology_drc_routed.rpx
INFO: [Timing 38-35] Done setting XDC timing constraints.
INFO: [DRC 23-133] Running Methodology with 8 threads
INFO: [Vivado_Tcl 2-1520] The results of Report Methodology are in file /home/khwl/Desktop/RV-IM100/RV32s/SoCs/RV32IM_7SP/RV64IM72F_7SP_FPGA.runs/impl_1/RV32IM72F7SPSoCTOP_methodology_drc_routed.rpt.
report_methodology completed successfully
INFO: [Vivado 12-24828] Executing command : report_timing_summary -max_paths 10 -routable_nets -report_unconstrained -file RV32IM72F7SPSoCTOP_timing_summary_routed.rpt -pb RV32IM72F7SPSoCTOP_timing_summary_routed.pb -rpx RV32IM72F7SPSoCTOP_timing_summary_routed.rpx
INFO: [Timing 38-35] Done setting XDC timing constraints.
INFO: [Timing 38-91] UpdateTimingParams: Speed grade: -1, Delay Type: min_max.
INFO: [Timing 38-191] Multithreading enabled for timing update using a maximum of 8 CPUs
INFO: [Vivado 12-24838] Running report commands "report_bus_skew, report_incremental_reuse, report_route_status" in parallel.
Running report generation with 3 threads.
INFO: [Vivado 12-24828] Executing command : report_incremental_reuse -file RV32IM72F7SPSoCTOP_incremental_reuse_routed.rpt
INFO: [Vivado_Tcl 4-1062] Incremental flow is disabled. No incremental reuse Info to report.
INFO: [Vivado 12-24828] Executing command : report_route_status -file RV32IM72F7SPSoCTOP_route_status.rpt -pb RV32IM72F7SPSoCTOP_route_status.pb
INFO: [Vivado 12-24828] Executing command : report_bus_skew -warn_on_violation -file RV32IM72F7SPSoCTOP_bus_skew_routed.rpt -pb RV32IM72F7SPSoCTOP_bus_skew_routed.pb -rpx RV32IM72F7SPSoCTOP_bus_skew_routed.rpx
INFO: [Timing 38-91] UpdateTimingParams: Speed grade: -1, Delay Type: min_max.
INFO: [Timing 38-191] Multithreading enabled for timing update using a maximum of 8 CPUs
INFO: [Vivado 12-24828] Executing command : report_power -file RV32IM72F7SPSoCTOP_power_routed.rpt -pb RV32IM72F7SPSoCTOP_power_summary_routed.pb -rpx RV32IM72F7SPSoCTOP_power_routed.rpx
Command: report_power -file RV32IM72F7SPSoCTOP_power_routed.rpt -pb RV32IM72F7SPSoCTOP_power_summary_routed.pb -rpx RV32IM72F7SPSoCTOP_power_routed.rpx
Running Vector-less Activity Propagation...

Finished Running Vector-less Activity Propagation
136 Infos, 0 Warnings, 0 Critical Warnings and 0 Errors encountered.
report_power completed successfully
INFO: [Vivado 12-24828] Executing command : report_clock_utilization -file RV32IM72F7SPSoCTOP_clock_utilization_routed.rpt
generate_parallel_reports: Time (s): cpu = 00:00:25 ; elapsed = 00:00:07 . Memory (MB): peak = 3363.344 ; gain = 40.047 ; free physical = 177 ; free virtual = 8602
INFO: [Timing 38-480] Writing timing data to binary archive.
Wrote PlaceDB: Time (s): cpu = 00:00:00 ; elapsed = 00:00:00 . Memory (MB): peak = 3363.344 ; gain = 0.000 ; free physical = 177 ; free virtual = 8602
Wrote PulsedLatchDB: Time (s): cpu = 00:00:00 ; elapsed = 00:00:00 . Memory (MB): peak = 3363.344 ; gain = 0.000 ; free physical = 177 ; free virtual = 8602
Writing XDEF routing.
Writing XDEF routing logical nets.
Write ShapeDB Complete: Time (s): cpu = 00:00:00.13 ; elapsed = 00:00:00.03 . Memory (MB): peak = 3363.344 ; gain = 0.000 ; free physical = 175 ; free virtual = 8602
Writing XDEF routing special nets.
Wrote RouteStorage: Time (s): cpu = 00:00:00.36 ; elapsed = 00:00:00.08 . Memory (MB): peak = 3363.344 ; gain = 0.000 ; free physical = 171 ; free virtual = 8604
Wrote PlaceStorage: Time (s): cpu = 00:00:00.54 ; elapsed = 00:00:00.31 . Memory (MB): peak = 3363.344 ; gain = 0.000 ; free physical = 149 ; free virtual = 8592
Wrote Netlist Cache: Time (s): cpu = 00:00:00.01 ; elapsed = 00:00:00.01 . Memory (MB): peak = 3363.344 ; gain = 0.000 ; free physical = 147 ; free virtual = 8591
Wrote Device Cache: Time (s): cpu = 00:00:00 ; elapsed = 00:00:00 . Memory (MB): peak = 3363.344 ; gain = 0.000 ; free physical = 147 ; free virtual = 8591
Write Physdb Complete: Time (s): cpu = 00:00:00.91 ; elapsed = 00:00:00.4 . Memory (MB): peak = 3363.344 ; gain = 0.000 ; free physical = 147 ; free virtual = 8591
INFO: [Common 17-1381] The checkpoint '/home/khwl/Desktop/RV-IM100/RV32s/SoCs/RV32IM_7SP/RV64IM72F_7SP_FPGA.runs/impl_1/RV32IM72F7SPSoCTOP_routed.dcp' has been generated.
Command: phys_opt_design -directive Explore
Attempting to get a license for feature 'Implementation' and/or device 'xc7a200t'
INFO: [Common 17-349] Got license for feature 'Implementation' and/or device 'xc7a200t'
INFO: [Vivado_Tcl 4-241] Physical synthesis in post route mode 
INFO: [Vivado_Tcl 4-137] Directive used for phys_opt_design is: Explore
INFO: [Vivado_Tcl 4-2279] Estimated Timing Summary | WNS= 0.104 | TNS= 0.000 | 
INFO: [Vivado_Tcl 4-383] Design worst setup slack (WNS) is greater than or equal to 0.000 ns. All physical synthesis setup optimizations will be skipped.
INFO: [Vivado_Tcl 4-232] No setup violation found. The netlist was not modified.
INFO: [Common 17-83] Releasing license: Implementation
146 Infos, 0 Warnings, 0 Critical Warnings and 0 Errors encountered.
phys_opt_design completed successfully
INFO: [Vivado 12-24828] Executing command : report_timing_summary -max_paths 10 -report_unconstrained -warn_on_violation -file RV32IM72F7SPSoCTOP_timing_summary_postroute_physopted.rpt -pb RV32IM72F7SPSoCTOP_timing_summary_postroute_physopted.pb -rpx RV32IM72F7SPSoCTOP_timing_summary_postroute_physopted.rpx
INFO: [Timing 38-91] UpdateTimingParams: Speed grade: -1, Delay Type: min_max.
INFO: [Timing 38-191] Multithreading enabled for timing update using a maximum of 8 CPUs
INFO: [Vivado 12-24828] Executing command : report_bus_skew -warn_on_violation -file RV32IM72F7SPSoCTOP_bus_skew_postroute_physopted.rpt -pb RV32IM72F7SPSoCTOP_bus_skew_postroute_physopted.pb -rpx RV32IM72F7SPSoCTOP_bus_skew_postroute_physopted.rpx
INFO: [Timing 38-91] UpdateTimingParams: Speed grade: -1, Delay Type: min_max.
INFO: [Timing 38-191] Multithreading enabled for timing update using a maximum of 8 CPUs
INFO: [Timing 38-480] Writing timing data to binary archive.
Wrote PlaceDB: Time (s): cpu = 00:00:00 ; elapsed = 00:00:00 . Memory (MB): peak = 3363.344 ; gain = 0.000 ; free physical = 216 ; free virtual = 8602
Wrote PulsedLatchDB: Time (s): cpu = 00:00:00 ; elapsed = 00:00:00 . Memory (MB): peak = 3363.344 ; gain = 0.000 ; free physical = 216 ; free virtual = 8602
Writing XDEF routing.
Writing XDEF routing logical nets.
Write ShapeDB Complete: Time (s): cpu = 00:00:00.15 ; elapsed = 00:00:00.03 . Memory (MB): peak = 3363.344 ; gain = 0.000 ; free physical = 213 ; free virtual = 8601
Writing XDEF routing special nets.
Wrote RouteStorage: Time (s): cpu = 00:00:00.39 ; elapsed = 00:00:00.08 . Memory (MB): peak = 3363.344 ; gain = 0.000 ; free physical = 208 ; free virtual = 8601
Wrote PlaceStorage: Time (s): cpu = 00:00:00.55 ; elapsed = 00:00:00.32 . Memory (MB): peak = 3363.344 ; gain = 0.000 ; free physical = 195 ; free virtual = 8600
Wrote Netlist Cache: Time (s): cpu = 00:00:00.01 ; elapsed = 00:00:00.01 . Memory (MB): peak = 3363.344 ; gain = 0.000 ; free physical = 195 ; free virtual = 8601
Wrote Device Cache: Time (s): cpu = 00:00:00 ; elapsed = 00:00:00 . Memory (MB): peak = 3363.344 ; gain = 0.000 ; free physical = 195 ; free virtual = 8601
Write Physdb Complete: Time (s): cpu = 00:00:00.96 ; elapsed = 00:00:00.41 . Memory (MB): peak = 3363.344 ; gain = 0.000 ; free physical = 194 ; free virtual = 8600
INFO: [Common 17-1381] The checkpoint '/home/khwl/Desktop/RV-IM100/RV32s/SoCs/RV32IM_7SP/RV64IM72F_7SP_FPGA.runs/impl_1/RV32IM72F7SPSoCTOP_postroute_physopt.dcp' has been generated.
INFO: [Common 17-206] Exiting Vivado at Sat Mar  7 13:53:01 2026...

*** Running vivado
    with args -log RV32IM72F7SPSoCTOP.vdi -applog -m64 -product Vivado -messageDb vivado.pb -mode batch -source RV32IM72F7SPSoCTOP.tcl -notrace

/tools/Xilinx/2025.2/Vivado/bin/setupEnv.sh: line 236: [: too many arguments

****** Vivado v2025.2 (64-bit)
  **** SW Build 6299465 on Fri Nov 14 12:34:56 MST 2025
  **** IP Build 6300035 on Fri Nov 14 10:48:45 MST 2025
  **** SharedData Build 6298862 on Thu Nov 13 04:50:51 MST 2025
  **** Start of session at: Sat Mar  7 13:56:10 2026
    ** Copyright 1986-2022 Xilinx, Inc. All Rights Reserved.
    ** Copyright 2022-2025 Advanced Micro Devices, Inc. All Rights Reserved.

source RV32IM72F7SPSoCTOP.tcl -notrace
Command: open_checkpoint RV32IM72F7SPSoCTOP_postroute_physopt.dcp
INFO: [Device 21-403] Loading part xc7a200tsbg484-1
Netlist sorting complete. Time (s): cpu = 00:00:00.03 ; elapsed = 00:00:00.03 . Memory (MB): peak = 1781.168 ; gain = 0.000 ; free physical = 1477 ; free virtual = 9874
INFO: [Netlist 29-17] Analyzing 3139 Unisim elements for replacement
INFO: [Netlist 29-28] Unisim Transformation completed in 0 CPU seconds
INFO: [Project 1-479] Netlist was created with Vivado 2025.2
INFO: [Project 1-570] Preparing netlist for logic optimization
Read ShapeDB Complete: Time (s): cpu = 00:00:00.02 ; elapsed = 00:00:00.03 . Memory (MB): peak = 1877.824 ; gain = 3.000 ; free physical = 1347 ; free virtual = 9744
INFO: [Timing 38-478] Restoring timing data from binary archive.
INFO: [Timing 38-479] Binary timing data restore complete.
INFO: [Project 1-856] Restoring constraints from binary archive.
INFO: [Project 1-853] Binary constraint restore complete.
INFO: [Designutils 20-5722] Start Reading Physical Databases.
Reading placement.
Read Netlist Cache: Time (s): cpu = 00:00:00.01 ; elapsed = 00:00:00.01 . Memory (MB): peak = 2483.457 ; gain = 0.000 ; free physical = 817 ; free virtual = 9213
Reading placer database...
Read Device Cache: Time (s): cpu = 00:00:00 ; elapsed = 00:00:00 . Memory (MB): peak = 2483.457 ; gain = 0.000 ; free physical = 817 ; free virtual = 9213
Read PlaceDB: Time (s): cpu = 00:00:00 ; elapsed = 00:00:00 . Memory (MB): peak = 2483.457 ; gain = 0.000 ; free physical = 817 ; free virtual = 9213
Read placeStorage: Time (s): cpu = 00:00:00.22 ; elapsed = 00:00:00.22 . Memory (MB): peak = 2483.457 ; gain = 0.000 ; free physical = 818 ; free virtual = 9214
Read PulsedLatchDB: Time (s): cpu = 00:00:00 ; elapsed = 00:00:00 . Memory (MB): peak = 2483.457 ; gain = 0.000 ; free physical = 818 ; free virtual = 9214
Reading routing.
Read RouteStorage: Time (s): cpu = 00:00:00.16 ; elapsed = 00:00:00.06 . Memory (MB): peak = 2483.457 ; gain = 0.000 ; free physical = 810 ; free virtual = 9206
Read Physdb Files: Time (s): cpu = 00:00:00.39 ; elapsed = 00:00:00.29 . Memory (MB): peak = 2483.457 ; gain = 0.000 ; free physical = 810 ; free virtual = 9206
Restored from archive | CPU: 0.430000 secs | Memory: 14.028175 MB |
Finished XDEF File Restore: Time (s): cpu = 00:00:00.42 ; elapsed = 00:00:00.32 . Memory (MB): peak = 2483.457 ; gain = 8.906 ; free physical = 810 ; free virtual = 9206
Netlist sorting complete. Time (s): cpu = 00:00:00.01 ; elapsed = 00:00:00 . Memory (MB): peak = 2485.457 ; gain = 0.000 ; free physical = 803 ; free virtual = 9199
INFO: [Project 1-111] Unisim Transformation Summary:
  A total of 1038 instances were transformed.
  RAM256X1S => RAM256X1S (MUXF7(x2), MUXF8, RAMS64E(x4)): 1024 instances
  RAM32M => RAM32M (RAMD32(x6), RAMS32(x2)): 10 instances
  RAM32X1D => RAM32X1D (RAMD32(x2)): 4 instances

INFO: [Project 1-604] Checkpoint was created with Vivado v2025.2 (64-bit) build 6299465
open_checkpoint: Time (s): cpu = 00:00:12 ; elapsed = 00:00:09 . Memory (MB): peak = 2493.492 ; gain = 940.320 ; free physical = 803 ; free virtual = 9199
Command: write_bitstream -force RV32IM72F7SPSoCTOP.bit
Attempting to get a license for feature 'Implementation' and/or device 'xc7a200t'
INFO: [Common 17-349] Got license for feature 'Implementation' and/or device 'xc7a200t'
Running DRC as a precondition to command write_bitstream
INFO: [IP_Flow 19-234] Refreshing IP repositories
INFO: [IP_Flow 19-1704] No user IP repositories specified
INFO: [IP_Flow 19-2313] Loaded Vivado IP repository '/tools/Xilinx/2025.2/data/ip'.
INFO: [DRC 23-27] Running DRC with 8 threads
INFO: [Vivado 12-3199] DRC finished with 0 Errors
INFO: [Vivado 12-3200] Please refer to the DRC report (report_drc) for more information.
Integrating Hard IP ELF/MEM with the PDI.
INFO: [Designutils 20-2272] Running write_bitstream with 8 threads.
Loading data files...
Loading site data...
Loading route data...
Processing options...
Creating bitmap...
Creating bitstream...
Bitstream compression saved 62753440 bits.
Writing bitstream ./RV32IM72F7SPSoCTOP.bit...
INFO: [Vivado 12-1842] Bitgen Completed Successfully.
INFO: [Common 17-83] Releasing license: Implementation
22 Infos, 0 Warnings, 0 Critical Warnings and 0 Errors encountered.
write_bitstream completed successfully
write_bitstream: Time (s): cpu = 00:00:18 ; elapsed = 00:00:26 . Memory (MB): peak = 3051.738 ; gain = 558.246 ; free physical = 216 ; free virtual = 8619
INFO: [Common 17-206] Exiting Vivado at Sat Mar  7 13:56:47 2026...
