Copyright 1986-2022 Xilinx, Inc. All Rights Reserved. Copyright 2022-2025 Advanced Micro Devices, Inc. All Rights Reserved.
---------------------------------------------------------------------------------------------------------------------------------------------
| Tool Version : Vivado v.2025.2 (lin64) Build 6299465 Fri Nov 14 12:34:56 MST 2025
| Date         : Sat Mar  7 13:50:44 2026
| Host         : khwl-main-pc running 64-bit Ubuntu 24.04.4 LTS
| Command      : report_control_sets -verbose -file RV32IM72F7SPSoCTOP_control_sets_placed.rpt
| Design       : RV32IM72F7SPSoCTOP
| Device       : xc7a200t
---------------------------------------------------------------------------------------------------------------------------------------------

Control Set Information

Table of Contents
-----------------
1. Summary
2. Histogram
3. Flip-Flop Distribution
4. Detailed Control Set Information

1. Summary
----------

+----------------------------------------------------------+-------+
|                          Status                          | Count |
+----------------------------------------------------------+-------+
| Total control sets                                       |    64 |
|    Minimum number of control sets                        |    64 |
|    Addition due to synthesis replication                 |     0 |
|    Addition due to physical synthesis replication        |     0 |
| Unused register locations in slices containing registers |    99 |
+----------------------------------------------------------+-------+
* Control sets can be merged at opt_design using control_set_merge or merge_equivalent_drivers
** Run report_qor_suggestions for automated merging and remapping suggestions


2. Histogram
------------

+--------------------+-------+
|       Fanout       | Count |
+--------------------+-------+
| Total control sets |    64 |
| >= 0 to < 4        |     3 |
| >= 4 to < 6        |     3 |
| >= 6 to < 8        |     0 |
| >= 8 to < 10       |     2 |
| >= 10 to < 12      |     0 |
| >= 12 to < 14      |     0 |
| >= 14 to < 16      |     0 |
| >= 16              |    56 |
+--------------------+-------+
* Control sets can be remapped at either synth_design or opt_design


3. Flip-Flop Distribution
-------------------------

+--------------+-----------------------+------------------------+-----------------+--------------+
| Clock Enable | Synchronous Set/Reset | Asynchronous Set/Reset | Total Registers | Total Slices |
+--------------+-----------------------+------------------------+-----------------+--------------+
| No           | No                    | No                     |               2 |            1 |
| No           | No                    | Yes                    |              48 |           20 |
| No           | Yes                   | No                     |               0 |            0 |
| Yes          | No                    | No                     |              32 |           20 |
| Yes          | No                    | Yes                    |             940 |          338 |
| Yes          | Yes                   | No                     |            1639 |          691 |
+--------------+-----------------------+------------------------+-----------------+--------------+


4. Detailed Control Set Information
-----------------------------------

+------------------------+---------------------------------------------------------------+--------------------------------------------------------+------------------+----------------+--------------+
|      Clock Signal      |                         Enable Signal                         |                    Set/Reset Signal                    | Slice Load Count | Bel Load Count | Bels / Slice |
+------------------------+---------------------------------------------------------------+--------------------------------------------------------+------------------+----------------+--------------+
|  clk_gen/inst/clk_out1 | uart_tx/tx_i_1_n_0                                            | internal_reset                                         |                1 |              1 |         1.00 |
|  clk_gen/inst/clk_out1 |                                                               |                                                        |                1 |              2 |         2.00 |
|  clk_gen/inst/clk_out1 |                                                               | reset                                                  |                1 |              3 |         3.00 |
|  clk_gen/inst/clk_out1 | rv32im72f_7sp/alu/divider_word/FSM_onehot_state[3]_i_1_n_0    | internal_reset                                         |                1 |              4 |         4.00 |
|  clk_gen/inst/clk_out1 | uart_tx/bit_counter[3]_i_1_n_0                                | internal_reset                                         |                1 |              4 |         4.00 |
|  clk_gen/inst/clk_out1 | rv32im72f_7sp/alu/multiplier_word/FSM_onehot_stage[3]_i_1_n_0 | internal_reset                                         |                1 |              4 |         4.00 |
|  clk_gen/inst/clk_out1 | mmio_interface/E[0]                                           | internal_reset                                         |                4 |              9 |         2.25 |
|  clk_gen/inst/clk_out1 | uart_tx/shift_reg[8]_i_1_n_0                                  | internal_reset                                         |                3 |              9 |         3.00 |
|  clk_gen/inst/clk_out1 | rv32im72f_7sp/mem_wb_register/WB_raw_imm_reg[4]_1[0]          | internal_reset                                         |               13 |             32 |         2.46 |
|  clk_gen/inst/clk_out1 | rv32im72f_7sp/mem_wb_register/WB_raw_imm_reg[7]_0[0]          | internal_reset                                         |               10 |             32 |         3.20 |
|  clk_gen/inst/clk_out1 | cpu_clk_enable                                                |                                                        |               20 |             32 |         1.60 |
|  clk_gen/inst/clk_out1 | rv32im72f_7sp/mem_wb_register/WB_raw_imm_reg[4]_0[0]          | internal_reset                                         |               14 |             32 |         2.29 |
|  clk_gen/inst/clk_out1 | rv32im72f_7sp/id_ex_register/RDEN                             | internal_reset                                         |               10 |             32 |         3.20 |
|  clk_gen/inst/clk_out1 | rv32im72f_7sp/exception_detector/csr_processing_reg[0]        | internal_reset                                         |               16 |             32 |         2.00 |
|  clk_gen/inst/clk_out1 | rv32im72f_7sp/exception_detector/E[0]                         | internal_reset                                         |               24 |             32 |         1.33 |
|  clk_gen/inst/clk_out1 | rv32im72f_7sp/id_ex_register/cpu_clk_enable_reg[0]            | internal_reset                                         |               15 |             34 |         2.27 |
|  clk_gen/inst/clk_out1 | rv32im72f_7sp/alu/divider_word/quotient_sign4_out             | internal_reset                                         |               11 |             34 |         3.09 |
|  clk_gen/inst/clk_out1 | rv32im72f_7sp/alu/multiplier_word/cpu_clk_enable_reg          | internal_reset                                         |               12 |             37 |         3.08 |
|  clk_gen/inst/clk_out1 |                                                               | internal_reset                                         |               19 |             45 |         2.37 |
|  clk_gen/inst/clk_out1 | rv32im72f_7sp/alu/multiplier_word/prod_low[31]_i_1_n_0        | internal_reset                                         |               28 |             64 |         2.29 |
|  clk_gen/inst/clk_out1 | rv32im72f_7sp/alu/divider_word/quotient_reg[31]_i_1_n_0       | internal_reset                                         |               19 |             64 |         3.37 |
|  clk_gen/inst/clk_out1 | rv32im72f_7sp/csr_file/minstret[0]                            | internal_reset                                         |               17 |             64 |         3.76 |
|  clk_gen/inst/clk_out1 | rv32im72f_7sp/alu/multiplier_word/result_sign_s11_out         | internal_reset                                         |               24 |             65 |         2.71 |
|  clk_gen/inst/clk_out1 | rv32im72f_7sp/alu/divider_word/bit_counter[5]_i_1_n_0         | internal_reset                                         |               26 |             70 |         2.69 |
|  clk_gen/inst/clk_out1 | rv32im72f_7sp/mem_wb_register/p_0_in2_out                     |                                                        |               11 |             88 |         8.00 |
|  clk_gen/inst/clk_out1 | rv32im72f_7sp/id_ex_register/E[0]                             | rv32im72f_7sp/if_io_register/IO_pc[31]_i_1_n_0         |               26 |             96 |         3.69 |
|  clk_gen/inst/clk_out1 | rv32im72f_7sp/id_ex_register/E[0]                             | rv32im72f_7sp/trap_controller/SR[0]                    |               39 |             97 |         2.49 |
|  clk_gen/inst/clk_out1 | rv32im72f_7sp/ex_mem_register/MEM_alu_result_reg[13]_2        |                                                        |               32 |            128 |         4.00 |
|  clk_gen/inst/clk_out1 | rv32im72f_7sp/ex_mem_register/MEM_alu_result_reg[13]_3        |                                                        |               32 |            128 |         4.00 |
|  clk_gen/inst/clk_out1 | rv32im72f_7sp/ex_mem_register/MEM_alu_result_reg[13]_4        |                                                        |               32 |            128 |         4.00 |
|  clk_gen/inst/clk_out1 | rv32im72f_7sp/ex_mem_register/MEM_alu_result_reg[12]_5        |                                                        |               32 |            128 |         4.00 |
|  clk_gen/inst/clk_out1 | rv32im72f_7sp/ex_mem_register/MEM_alu_result_reg[13]_5        |                                                        |               32 |            128 |         4.00 |
|  clk_gen/inst/clk_out1 | rv32im72f_7sp/ex_mem_register/MEM_alu_result_reg[14]_0        |                                                        |               32 |            128 |         4.00 |
|  clk_gen/inst/clk_out1 | rv32im72f_7sp/ex_mem_register/MEM_alu_result_reg[14]_1        |                                                        |               32 |            128 |         4.00 |
|  clk_gen/inst/clk_out1 | rv32im72f_7sp/ex_mem_register/MEM_alu_result_reg[14]_2        |                                                        |               32 |            128 |         4.00 |
|  clk_gen/inst/clk_out1 | rv32im72f_7sp/ex_mem_register/MEM_alu_result_reg[14]_3        |                                                        |               32 |            128 |         4.00 |
|  clk_gen/inst/clk_out1 | rv32im72f_7sp/ex_mem_register/MEM_alu_result_reg[13]_0        |                                                        |               32 |            128 |         4.00 |
|  clk_gen/inst/clk_out1 | rv32im72f_7sp/ex_mem_register/MEM_alu_result_reg[10]_0        |                                                        |               32 |            128 |         4.00 |
|  clk_gen/inst/clk_out1 | rv32im72f_7sp/ex_mem_register/MEM_alu_result_reg[10]_1        |                                                        |               32 |            128 |         4.00 |
|  clk_gen/inst/clk_out1 | rv32im72f_7sp/ex_mem_register/MEM_alu_result_reg[10]_2        |                                                        |               32 |            128 |         4.00 |
|  clk_gen/inst/clk_out1 | rv32im72f_7sp/ex_mem_register/MEM_alu_result_reg[10]_3        |                                                        |               32 |            128 |         4.00 |
|  clk_gen/inst/clk_out1 | rv32im72f_7sp/ex_mem_register/MEM_alu_result_reg[10]_4        |                                                        |               32 |            128 |         4.00 |
|  clk_gen/inst/clk_out1 | rv32im72f_7sp/ex_mem_register/MEM_alu_result_reg[10]_5        |                                                        |               32 |            128 |         4.00 |
|  clk_gen/inst/clk_out1 | rv32im72f_7sp/ex_mem_register/MEM_alu_result_reg[11]_0        |                                                        |               32 |            128 |         4.00 |
|  clk_gen/inst/clk_out1 | rv32im72f_7sp/ex_mem_register/MEM_alu_result_reg[11]_1        |                                                        |               32 |            128 |         4.00 |
|  clk_gen/inst/clk_out1 | rv32im72f_7sp/ex_mem_register/MEM_alu_result_reg[11]_2        |                                                        |               32 |            128 |         4.00 |
|  clk_gen/inst/clk_out1 | rv32im72f_7sp/ex_mem_register/MEM_alu_result_reg[11]_3        |                                                        |               32 |            128 |         4.00 |
|  clk_gen/inst/clk_out1 | rv32im72f_7sp/ex_mem_register/MEM_alu_result_reg[11]_4        |                                                        |               32 |            128 |         4.00 |
|  clk_gen/inst/clk_out1 | rv32im72f_7sp/ex_mem_register/MEM_alu_result_reg[11]_5        |                                                        |               32 |            128 |         4.00 |
|  clk_gen/inst/clk_out1 | rv32im72f_7sp/ex_mem_register/MEM_alu_result_reg[11]_6        |                                                        |               32 |            128 |         4.00 |
|  clk_gen/inst/clk_out1 | rv32im72f_7sp/ex_mem_register/MEM_alu_result_reg[11]_7        |                                                        |               32 |            128 |         4.00 |
|  clk_gen/inst/clk_out1 | rv32im72f_7sp/ex_mem_register/MEM_alu_result_reg[12]_0        |                                                        |               32 |            128 |         4.00 |
|  clk_gen/inst/clk_out1 | rv32im72f_7sp/ex_mem_register/MEM_alu_result_reg[12]_1        |                                                        |               32 |            128 |         4.00 |
|  clk_gen/inst/clk_out1 | rv32im72f_7sp/ex_mem_register/MEM_alu_result_reg[12]_2        |                                                        |               32 |            128 |         4.00 |
|  clk_gen/inst/clk_out1 | rv32im72f_7sp/ex_mem_register/MEM_alu_result_reg[12]_3        |                                                        |               32 |            128 |         4.00 |
|  clk_gen/inst/clk_out1 | rv32im72f_7sp/ex_mem_register/MEM_alu_result_reg[12]_4        |                                                        |               32 |            128 |         4.00 |
|  clk_gen/inst/clk_out1 | rv32im72f_7sp/ex_mem_register/MEM_alu_result_reg[12]_6        |                                                        |               32 |            128 |         4.00 |
|  clk_gen/inst/clk_out1 | rv32im72f_7sp/ex_mem_register/MEM_alu_result_reg[12]_7        |                                                        |               32 |            128 |         4.00 |
|  clk_gen/inst/clk_out1 | rv32im72f_7sp/ex_mem_register/MEM_alu_result_reg[13]_1        |                                                        |               32 |            128 |         4.00 |
|  clk_gen/inst/clk_out1 | rv32im72f_7sp/exception_detector/E[0]                         | rv32im72f_7sp/mem_wb_register/WB_pc_plus_4[31]_i_1_n_0 |               91 |            228 |         2.51 |
|  clk_gen/inst/clk_out1 | rv32im72f_7sp/id_ex_register/E[0]                             | rv32im72f_7sp/id_ex_register/EX_pc[31]_i_1_n_0         |              101 |            278 |         2.75 |
|  clk_gen/inst/clk_out1 | cpu_clk_enable                                                | internal_reset                                         |               88 |            285 |         3.24 |
|  clk_gen/inst/clk_out1 | rv32im72f_7sp/exception_detector/E[0]                         | rv32im72f_7sp/id_ex_register/cpu_clk_enable_reg_2      |              223 |            457 |         2.05 |
|  clk_gen/inst/clk_out1 | rv32im72f_7sp/exception_detector/E[0]                         | rv32im72f_7sp/trap_controller/cpu_clk_enable_reg_0     |              211 |            483 |         2.29 |
+------------------------+---------------------------------------------------------------+--------------------------------------------------------+------------------+----------------+--------------+


