
*** Running vivado
    with args -log clk_wiz_0.vds -m64 -product Vivado -mode batch -messageDb vivado.pb -notrace -source clk_wiz_0.tcl


****** Vivado v2025.2 (64-bit)
  **** SW Build 6299465 on Fri Nov 14 12:34:56 MST 2025
  **** IP Build 6300035 on Fri Nov 14 10:48:45 MST 2025
  **** SharedData Build 6298862 on Thu Nov 13 04:50:51 MST 2025
  **** Start of session at: Thu Mar 12 16:13:58 2026
    ** Copyright 1986-2022 Xilinx, Inc. All Rights Reserved.
    ** Copyright 2022-2025 Advanced Micro Devices, Inc. All Rights Reserved.

source clk_wiz_0.tcl -notrace
Command: synth_design -top clk_wiz_0 -part xc7a200tsbg484-1 -incremental_mode off -mode out_of_context
Starting synth_design
Attempting to get a license for feature 'Synthesis' and/or device 'xc7a200t'
INFO: [Common 17-349] Got license for feature 'Synthesis' and/or device 'xc7a200t'
INFO: [Device 21-403] Loading part xc7a200tsbg484-1
INFO: [Synth 8-7079] Multithreading enabled for synth_design using a maximum of 7 processes.
INFO: [Synth 8-7078] Launching helper process for spawning children vivado processes
INFO: [Synth 8-7075] Helper process launched with PID 1039218
---------------------------------------------------------------------------------
Starting RTL Elaboration : Time (s): cpu = 00:00:03 ; elapsed = 00:00:03 . Memory (MB): peak = 2241.766 ; gain = 481.594 ; free physical = 1936 ; free virtual = 6488
---------------------------------------------------------------------------------
INFO: [Synth 8-6157] synthesizing module 'clk_wiz_0' [/home/khwl/Desktop/RV-IM100/RV32s/SoCs/RV32IM_8SP/RV64IM72F_8SP_100MHz.gen/sources_1/ip/clk_wiz_0_1/clk_wiz_0.v:65]
INFO: [Synth 8-6157] synthesizing module 'clk_wiz_0_clk_wiz' [/home/khwl/Desktop/RV-IM100/RV32s/SoCs/RV32IM_8SP/RV64IM72F_8SP_100MHz.gen/sources_1/ip/clk_wiz_0_1/clk_wiz_0_clk_wiz.v:65]
INFO: [Synth 8-6157] synthesizing module 'IBUF' [/tools/Xilinx/2025.2/Vivado/scripts/rt/data/unisim_comp.v:82804]
INFO: [Synth 8-6155] done synthesizing module 'IBUF' (0#1) [/tools/Xilinx/2025.2/Vivado/scripts/rt/data/unisim_comp.v:82804]
INFO: [Synth 8-6157] synthesizing module 'PLLE2_ADV' [/tools/Xilinx/2025.2/Vivado/scripts/rt/data/unisim_comp.v:133907]
	Parameter BANDWIDTH bound to: OPTIMIZED - type: string 
	Parameter CLKFBOUT_MULT bound to: 35 - type: integer 
	Parameter CLKFBOUT_PHASE bound to: 0.000000e+00 - type: double 
	Parameter CLKIN1_PERIOD bound to: 1.000000e+01 - type: double 
	Parameter CLKOUT0_DIVIDE bound to: 7 - type: integer 
	Parameter CLKOUT0_DUTY_CYCLE bound to: 5.000000e-01 - type: double 
	Parameter CLKOUT0_PHASE bound to: 0.000000e+00 - type: double 
	Parameter COMPENSATION bound to: ZHOLD - type: string 
	Parameter DIVCLK_DIVIDE bound to: 4 - type: integer 
	Parameter STARTUP_WAIT bound to: FALSE - type: string 
INFO: [Synth 8-6155] done synthesizing module 'PLLE2_ADV' (0#1) [/tools/Xilinx/2025.2/Vivado/scripts/rt/data/unisim_comp.v:133907]
INFO: [Synth 8-6157] synthesizing module 'BUFG' [/tools/Xilinx/2025.2/Vivado/scripts/rt/data/unisim_comp.v:2678]
INFO: [Synth 8-6155] done synthesizing module 'BUFG' (0#1) [/tools/Xilinx/2025.2/Vivado/scripts/rt/data/unisim_comp.v:2678]
INFO: [Synth 8-6155] done synthesizing module 'clk_wiz_0_clk_wiz' (0#1) [/home/khwl/Desktop/RV-IM100/RV32s/SoCs/RV32IM_8SP/RV64IM72F_8SP_100MHz.gen/sources_1/ip/clk_wiz_0_1/clk_wiz_0_clk_wiz.v:65]
INFO: [Synth 8-6155] done synthesizing module 'clk_wiz_0' (0#1) [/home/khwl/Desktop/RV-IM100/RV32s/SoCs/RV32IM_8SP/RV64IM72F_8SP_100MHz.gen/sources_1/ip/clk_wiz_0_1/clk_wiz_0.v:65]
---------------------------------------------------------------------------------
Finished RTL Elaboration : Time (s): cpu = 00:00:04 ; elapsed = 00:00:04 . Memory (MB): peak = 2327.734 ; gain = 567.562 ; free physical = 1800 ; free virtual = 6357
---------------------------------------------------------------------------------
---------------------------------------------------------------------------------
Start Handling Custom Attributes
---------------------------------------------------------------------------------
---------------------------------------------------------------------------------
Finished Handling Custom Attributes : Time (s): cpu = 00:00:04 ; elapsed = 00:00:04 . Memory (MB): peak = 2342.578 ; gain = 582.406 ; free physical = 1795 ; free virtual = 6352
---------------------------------------------------------------------------------
---------------------------------------------------------------------------------
Finished RTL Optimization Phase 1 : Time (s): cpu = 00:00:04 ; elapsed = 00:00:04 . Memory (MB): peak = 2342.578 ; gain = 582.406 ; free physical = 1795 ; free virtual = 6352
---------------------------------------------------------------------------------
Netlist sorting complete. Time (s): cpu = 00:00:00 ; elapsed = 00:00:00 . Memory (MB): peak = 2348.516 ; gain = 0.000 ; free physical = 1795 ; free virtual = 6352
INFO: [Netlist 29-17] Analyzing 1 Unisim elements for replacement
INFO: [Netlist 29-28] Unisim Transformation completed in 0 CPU seconds
INFO: [Project 1-570] Preparing netlist for logic optimization

Processing XDC Constraints
Initializing timing engine
Parsing XDC File [/home/khwl/Desktop/RV-IM100/RV32s/SoCs/RV32IM_8SP/RV64IM72F_8SP_100MHz.gen/sources_1/ip/clk_wiz_0_1/clk_wiz_0_ooc.xdc] for cell 'inst'
Finished Parsing XDC File [/home/khwl/Desktop/RV-IM100/RV32s/SoCs/RV32IM_8SP/RV64IM72F_8SP_100MHz.gen/sources_1/ip/clk_wiz_0_1/clk_wiz_0_ooc.xdc] for cell 'inst'
Parsing XDC File [/home/khwl/Desktop/RV-IM100/RV32s/SoCs/RV32IM_8SP/RV64IM72F_8SP_100MHz.gen/sources_1/ip/clk_wiz_0_1/clk_wiz_0_board.xdc] for cell 'inst'
Finished Parsing XDC File [/home/khwl/Desktop/RV-IM100/RV32s/SoCs/RV32IM_8SP/RV64IM72F_8SP_100MHz.gen/sources_1/ip/clk_wiz_0_1/clk_wiz_0_board.xdc] for cell 'inst'
Parsing XDC File [/home/khwl/Desktop/RV-IM100/RV32s/SoCs/RV32IM_8SP/RV64IM72F_8SP_100MHz.gen/sources_1/ip/clk_wiz_0_1/clk_wiz_0.xdc] for cell 'inst'
Finished Parsing XDC File [/home/khwl/Desktop/RV-IM100/RV32s/SoCs/RV32IM_8SP/RV64IM72F_8SP_100MHz.gen/sources_1/ip/clk_wiz_0_1/clk_wiz_0.xdc] for cell 'inst'
INFO: [Project 1-236] Implementation specific constraints were found while reading constraint file [/home/khwl/Desktop/RV-IM100/RV32s/SoCs/RV32IM_8SP/RV64IM72F_8SP_100MHz.gen/sources_1/ip/clk_wiz_0_1/clk_wiz_0.xdc]. These constraints will be ignored for synthesis but will be used in implementation. Impacted constraints are listed in the file [.Xil/clk_wiz_0_propImpl.xdc].
Resolution: To avoid this warning, move constraints listed in [.Xil/clk_wiz_0_propImpl.xdc] to another XDC file and exclude this new file from synthesis with the used_in_synthesis property (File Properties dialog in GUI) and re-run elaboration/synthesis.
INFO: [Timing 38-2] Deriving generated clocks
Parsing XDC File [/home/khwl/Desktop/RV-IM100/RV32s/SoCs/RV32IM_8SP/RV64IM72F_8SP_100MHz.runs/clk_wiz_0_synth_1/dont_touch.xdc]
Finished Parsing XDC File [/home/khwl/Desktop/RV-IM100/RV32s/SoCs/RV32IM_8SP/RV64IM72F_8SP_100MHz.runs/clk_wiz_0_synth_1/dont_touch.xdc]
Completed Processing XDC Constraints

Netlist sorting complete. Time (s): cpu = 00:00:00 ; elapsed = 00:00:00 . Memory (MB): peak = 2391.504 ; gain = 0.000 ; free physical = 1794 ; free virtual = 6351
INFO: [Project 1-111] Unisim Transformation Summary:
No Unisim elements were transformed.

Constraint Validation Runtime : Time (s): cpu = 00:00:00.01 ; elapsed = 00:00:00.01 . Memory (MB): peak = 2391.539 ; gain = 0.000 ; free physical = 1794 ; free virtual = 6351
INFO: [Designutils 20-5008] Incremental synthesis strategy off
---------------------------------------------------------------------------------
Finished Constraint Validation : Time (s): cpu = 00:00:08 ; elapsed = 00:00:08 . Memory (MB): peak = 2391.539 ; gain = 631.367 ; free physical = 1768 ; free virtual = 6328
---------------------------------------------------------------------------------
---------------------------------------------------------------------------------
Start Loading Part and Timing Information
---------------------------------------------------------------------------------
Loading part: xc7a200tsbg484-1
---------------------------------------------------------------------------------
Finished Loading Part and Timing Information : Time (s): cpu = 00:00:08 ; elapsed = 00:00:08 . Memory (MB): peak = 2399.508 ; gain = 639.336 ; free physical = 1768 ; free virtual = 6328
---------------------------------------------------------------------------------
---------------------------------------------------------------------------------
Start Applying 'set_property' XDC Constraints
---------------------------------------------------------------------------------
---------------------------------------------------------------------------------
Finished applying 'set_property' XDC Constraints : Time (s): cpu = 00:00:08 ; elapsed = 00:00:08 . Memory (MB): peak = 2399.508 ; gain = 639.336 ; free physical = 1768 ; free virtual = 6328
---------------------------------------------------------------------------------
---------------------------------------------------------------------------------
Finished RTL Optimization Phase 2 : Time (s): cpu = 00:00:08 ; elapsed = 00:00:09 . Memory (MB): peak = 2399.508 ; gain = 639.336 ; free physical = 1766 ; free virtual = 6327
---------------------------------------------------------------------------------
---------------------------------------------------------------------------------
Start RTL Component Statistics 
---------------------------------------------------------------------------------
Detailed RTL Component Info : 
---------------------------------------------------------------------------------
Finished RTL Component Statistics 
---------------------------------------------------------------------------------
---------------------------------------------------------------------------------
Start Part Resource Summary
---------------------------------------------------------------------------------
Part Resources:
DSPs: 740 (col length:100)
BRAMs: 730 (col length: RAMB18 100 RAMB36 50)
---------------------------------------------------------------------------------
Finished Part Resource Summary
---------------------------------------------------------------------------------
---------------------------------------------------------------------------------
Start Cross Boundary and Area Optimization
---------------------------------------------------------------------------------
---------------------------------------------------------------------------------
Finished Cross Boundary and Area Optimization : Time (s): cpu = 00:00:09 ; elapsed = 00:00:09 . Memory (MB): peak = 2399.508 ; gain = 639.336 ; free physical = 1765 ; free virtual = 6326
---------------------------------------------------------------------------------
---------------------------------------------------------------------------------
Start Applying XDC Timing Constraints
---------------------------------------------------------------------------------
---------------------------------------------------------------------------------
Finished Applying XDC Timing Constraints : Time (s): cpu = 00:00:12 ; elapsed = 00:00:13 . Memory (MB): peak = 2489.508 ; gain = 729.336 ; free physical = 1669 ; free virtual = 6229
---------------------------------------------------------------------------------
---------------------------------------------------------------------------------
Start Timing Optimization
---------------------------------------------------------------------------------
---------------------------------------------------------------------------------
Finished Timing Optimization : Time (s): cpu = 00:00:12 ; elapsed = 00:00:13 . Memory (MB): peak = 2489.508 ; gain = 729.336 ; free physical = 1669 ; free virtual = 6229
---------------------------------------------------------------------------------
---------------------------------------------------------------------------------
Start Technology Mapping
---------------------------------------------------------------------------------
---------------------------------------------------------------------------------
Finished Technology Mapping : Time (s): cpu = 00:00:12 ; elapsed = 00:00:13 . Memory (MB): peak = 2498.523 ; gain = 738.352 ; free physical = 1661 ; free virtual = 6221
---------------------------------------------------------------------------------
---------------------------------------------------------------------------------
Start IO Insertion
---------------------------------------------------------------------------------
---------------------------------------------------------------------------------
Start Flattening Before IO Insertion
---------------------------------------------------------------------------------
---------------------------------------------------------------------------------
Finished Flattening Before IO Insertion
---------------------------------------------------------------------------------
---------------------------------------------------------------------------------
Start Final Netlist Cleanup
---------------------------------------------------------------------------------
---------------------------------------------------------------------------------
Finished Final Netlist Cleanup
---------------------------------------------------------------------------------
---------------------------------------------------------------------------------
Finished IO Insertion : Time (s): cpu = 00:00:15 ; elapsed = 00:00:15 . Memory (MB): peak = 2685.336 ; gain = 925.164 ; free physical = 1491 ; free virtual = 6052
---------------------------------------------------------------------------------
---------------------------------------------------------------------------------
Start Renaming Generated Instances
---------------------------------------------------------------------------------
---------------------------------------------------------------------------------
Finished Renaming Generated Instances : Time (s): cpu = 00:00:15 ; elapsed = 00:00:15 . Memory (MB): peak = 2685.336 ; gain = 925.164 ; free physical = 1491 ; free virtual = 6052
---------------------------------------------------------------------------------
---------------------------------------------------------------------------------
Start Rebuilding User Hierarchy
---------------------------------------------------------------------------------
---------------------------------------------------------------------------------
Finished Rebuilding User Hierarchy : Time (s): cpu = 00:00:15 ; elapsed = 00:00:15 . Memory (MB): peak = 2685.336 ; gain = 925.164 ; free physical = 1491 ; free virtual = 6052
---------------------------------------------------------------------------------
---------------------------------------------------------------------------------
Start Renaming Generated Ports
---------------------------------------------------------------------------------
---------------------------------------------------------------------------------
Finished Renaming Generated Ports : Time (s): cpu = 00:00:15 ; elapsed = 00:00:15 . Memory (MB): peak = 2685.336 ; gain = 925.164 ; free physical = 1491 ; free virtual = 6052
---------------------------------------------------------------------------------
---------------------------------------------------------------------------------
Start Handling Custom Attributes
---------------------------------------------------------------------------------
---------------------------------------------------------------------------------
Finished Handling Custom Attributes : Time (s): cpu = 00:00:15 ; elapsed = 00:00:15 . Memory (MB): peak = 2685.336 ; gain = 925.164 ; free physical = 1491 ; free virtual = 6052
---------------------------------------------------------------------------------
---------------------------------------------------------------------------------
Start Renaming Generated Nets
---------------------------------------------------------------------------------
---------------------------------------------------------------------------------
Finished Renaming Generated Nets : Time (s): cpu = 00:00:15 ; elapsed = 00:00:15 . Memory (MB): peak = 2685.336 ; gain = 925.164 ; free physical = 1491 ; free virtual = 6052
---------------------------------------------------------------------------------
---------------------------------------------------------------------------------
Start Writing Synthesis Report
---------------------------------------------------------------------------------

Report BlackBoxes: 
+-+--------------+----------+
| |BlackBox name |Instances |
+-+--------------+----------+
+-+--------------+----------+

Report Cell Usage: 
+------+----------+------+
|      |Cell      |Count |
+------+----------+------+
|1     |BUFG      |     2|
|2     |PLLE2_ADV |     1|
|3     |IBUF      |     1|
+------+----------+------+
---------------------------------------------------------------------------------
Finished Writing Synthesis Report : Time (s): cpu = 00:00:15 ; elapsed = 00:00:15 . Memory (MB): peak = 2685.336 ; gain = 925.164 ; free physical = 1491 ; free virtual = 6052
---------------------------------------------------------------------------------
Synthesis finished with 0 errors, 0 critical warnings and 0 warnings.
Synthesis Optimization Runtime : Time (s): cpu = 00:00:13 ; elapsed = 00:00:13 . Memory (MB): peak = 2685.336 ; gain = 876.203 ; free physical = 1491 ; free virtual = 6052
Synthesis Optimization Complete : Time (s): cpu = 00:00:15 ; elapsed = 00:00:15 . Memory (MB): peak = 2685.344 ; gain = 925.164 ; free physical = 1491 ; free virtual = 6052
INFO: [Project 1-571] Translating synthesized netlist
Netlist sorting complete. Time (s): cpu = 00:00:00 ; elapsed = 00:00:00 . Memory (MB): peak = 2685.344 ; gain = 0.000 ; free physical = 1491 ; free virtual = 6052
INFO: [Netlist 29-17] Analyzing 1 Unisim elements for replacement
INFO: [Netlist 29-28] Unisim Transformation completed in 0 CPU seconds
INFO: [Project 1-570] Preparing netlist for logic optimization
INFO: [Opt 31-138] Pushed 0 inverter(s) to 0 load pin(s).
Netlist sorting complete. Time (s): cpu = 00:00:00 ; elapsed = 00:00:00 . Memory (MB): peak = 2685.344 ; gain = 0.000 ; free physical = 1653 ; free virtual = 6214
INFO: [Project 1-111] Unisim Transformation Summary:
No Unisim elements were transformed.

Synth Design complete | Checksum: a1d89eaf
INFO: [Common 17-83] Releasing license: Synthesis
29 Infos, 0 Warnings, 0 Critical Warnings and 0 Errors encountered.
synth_design completed successfully
synth_design: Time (s): cpu = 00:00:19 ; elapsed = 00:00:18 . Memory (MB): peak = 2685.371 ; gain = 1114.160 ; free physical = 1654 ; free virtual = 6215
INFO: [Common 17-2834] synth_design peak Physical Memory [PSS] (MB): overall = 1807.432; main = 1807.432; forked = 279.805
INFO: [Common 17-2834] synth_design peak Virtual Memory [VSS] (MB): overall = 3397.594; main = 2685.340; forked = 998.082
Write ShapeDB Complete: Time (s): cpu = 00:00:00 ; elapsed = 00:00:00 . Memory (MB): peak = 2709.348 ; gain = 0.000 ; free physical = 1654 ; free virtual = 6215
INFO: [Common 17-1381] The checkpoint '/home/khwl/Desktop/RV-IM100/RV32s/SoCs/RV32IM_8SP/RV64IM72F_8SP_100MHz.runs/clk_wiz_0_synth_1/clk_wiz_0.dcp' has been generated.
INFO: [Vivado 12-24828] Executing command : report_utilization -file clk_wiz_0_utilization_synth.rpt -pb clk_wiz_0_utilization_synth.pb
INFO: [Common 17-206] Exiting Vivado at Thu Mar 12 16:14:19 2026...
