#
# An unexpected error has occurred (11) Segmentation fault
#
Stack:
/lib/x86_64-linux-gnu/libc.so.6(+0x45330) [0x79c8cfe45330]
/tools/Xilinx/2025.2/Vivado/lib/lnx64.o/libxv_netlist.so(HDLHInstTerm::getInstanceLH() const+0x9) [0x79c8a3f232e9]
/tools/Xilinx/2025.2/Vivado/lib/lnx64.o/libxv_physynth.so(HAPSRouteMgr::route(HAPLPlaceApi&, bool, HSTPtrHashMap<HDLHInstTerm const, std::pair<int, int> > const&)+0x3b24) [0x79c8c4698304]
/tools/Xilinx/2025.2/Vivado/lib/lnx64.o/libxv_physynth.so(HAPSPathLenReduct::optimizeSingleNet(HAPSTimingPath&, HDLHNet*, HDLHElement const*&, bool*, bool*, HDLHNet const*)+0x33e5) [0x79c8c48f6a15]
/tools/Xilinx/2025.2/Vivado/lib/lnx64.o/libxv_physynth.so(HAPSPathLenReduct::optimizeSingleNet(HAPSTimingPath&, HAPSNet*, HDLHElement const*&, bool*)+0xac) [0x79c8c48f919c]
/tools/Xilinx/2025.2/Vivado/lib/lnx64.o/libxv_physynth.so(HAPSOptBase::optimizeSingleNetIter(HAPSTimingPath&, HAPSNet*, HDLHElement const*&, bool*)+0x49e) [0x79c8c4d229fe]
/tools/Xilinx/2025.2/Vivado/lib/lnx64.o/libxv_physynth.so(HAPSFlow::performOptsOnOneNet(HAPSTimingPath&, HDLHNet*, HDLHElement const*&, std::__cxx11::basic_string<char, std::char_traits<char>, std::allocator<char> > const&)+0x76e) [0x79c8c4883f9e]
/tools/Xilinx/2025.2/Vivado/lib/lnx64.o/libxv_physynth.so(HAPSFlow::callPathBasedOpts(int)+0x1ed0) [0x79c8c4888490]
/tools/Xilinx/2025.2/Vivado/lib/lnx64.o/libxv_physynth.so(HAPSFlow::optimize()+0x3168) [0x79c8c48a3788]
/tools/Xilinx/2025.2/Vivado/lib/lnx64.o/libxv_vivadotasks.so(PhysOptDesignTclTask::phys_opt_design::executeClient()+0x1a88) [0x79c8c84de328]
/tools/Xilinx/2025.2/Vivado/lib/lnx64.o/libxv_vivadotasks.so(PhysOptDesignTclTask::phys_opt_design::execute_()+0x6f9) [0x79c8c84dee99]
/tools/Xilinx/2025.2/Vivado/lib/lnx64.o/libxv_vivadotasks.so(PhysOptDesignTclTask::phys_opt_design::execute()+0xd2) [0x79c8c84e0262]
/tools/Xilinx/2025.2/Vivado/lib/lnx64.o/libxv_common.so(+0x81e9c4) [0x79c8db61e9c4]
/tools/Xilinx/2025.2/Vivado/lib/lnx64.o/libtcl8.6.so(TclNRRunCallbacks+0x47) [0x79c8d8ad9497]
/tools/Xilinx/2025.2/Vivado/lib/lnx64.o/libxv_commontasks.so(+0x468ac4) [0x79c8cd268ac4]
/tools/Xilinx/2025.2/Vivado/lib/lnx64.o/libtcl8.6.so(TclNRRunCallbacks+0x47) [0x79c8d8ad9497]
/tools/Xilinx/2025.2/Vivado/lib/lnx64.o/libtcl8.6.so(+0x45309) [0x79c8d8adb309]
/tools/Xilinx/2025.2/Vivado/lib/lnx64.o/libtcl8.6.so(TclSubstTokens+0x4a9) [0x79c8d8ba3d59]
/tools/Xilinx/2025.2/Vivado/lib/lnx64.o/libtcl8.6.so(+0x45153) [0x79c8d8adb153]
/tools/Xilinx/2025.2/Vivado/lib/lnx64.o/libtcl8.6.so(Tcl_FSEvalFileEx+0x1f8) [0x79c8d8b90ae8]
/tools/Xilinx/2025.2/Vivado/lib/lnx64.o/libxv_commontasks.so(+0x48349d) [0x79c8cd28349d]
/tools/Xilinx/2025.2/Vivado/lib/lnx64.o/libxv_common.so(+0x81e9c4) [0x79c8db61e9c4]
/tools/Xilinx/2025.2/Vivado/lib/lnx64.o/libtcl8.6.so(TclNRRunCallbacks+0x47) [0x79c8d8ad9497]
/tools/Xilinx/2025.2/Vivado/lib/lnx64.o/libxv_commontasks.so(+0x45b5f8) [0x79c8cd25b5f8]
/tools/Xilinx/2025.2/Vivado/lib/lnx64.o/libxv_commontasks.so(+0x45caed) [0x79c8cd25caed]
/tools/Xilinx/2025.2/Vivado/lib/lnx64.o/libxv_common.so(+0x81e9c4) [0x79c8db61e9c4]
/tools/Xilinx/2025.2/Vivado/lib/lnx64.o/libtcl8.6.so(TclNRRunCallbacks+0x47) [0x79c8d8ad9497]
/tools/Xilinx/2025.2/Vivado/lib/lnx64.o/libxv_commonmain.so(+0x12dfb) [0x79c8dc15bdfb]
/tools/Xilinx/2025.2/Vivado/lib/lnx64.o/libtcl8.6.so(Tcl_MainEx+0x1a8) [0x79c8d8b98038]
/tools/Xilinx/2025.2/Vivado/lib/lnx64.o/libxv_common.so(+0xada064) [0x79c8db8da064]
/lib/x86_64-linux-gnu/libc.so.6(+0x9caa4) [0x79c8cfe9caa4]
/lib/x86_64-linux-gnu/libc.so.6(+0x129c6c) [0x79c8cff29c6c]
