Copyright 1986-2022 Xilinx, Inc. All Rights Reserved. Copyright 2022-2025 Advanced Micro Devices, Inc. All Rights Reserved.
---------------------------------------------------------------------------------------------------------------------------------------------
| Tool Version : Vivado v.2025.2 (lin64) Build 6299465 Fri Nov 14 12:34:56 MST 2025
| Date         : Wed Mar  4 22:18:35 2026
| Host         : khwl-ThinkPad-X1-Carbon-Gen-13 running 64-bit Ubuntu 24.04.3 LTS
| Command      : report_control_sets -verbose -file RV64I59F5SPSoCTOP_control_sets_placed.rpt
| Design       : RV64I59F5SPSoCTOP
| Device       : xc7a200t
---------------------------------------------------------------------------------------------------------------------------------------------

Control Set Information

Table of Contents
-----------------
1. Summary
2. Histogram
3. Flip-Flop Distribution
4. Detailed Control Set Information

1. Summary
----------

+----------------------------------------------------------+-------+
|                          Status                          | Count |
+----------------------------------------------------------+-------+
| Total control sets                                       |    48 |
|    Minimum number of control sets                        |    48 |
|    Addition due to synthesis replication                 |     0 |
|    Addition due to physical synthesis replication        |     0 |
| Unused register locations in slices containing registers |    37 |
+----------------------------------------------------------+-------+
* Control sets can be merged at opt_design using control_set_merge or merge_equivalent_drivers
** Run report_qor_suggestions for automated merging and remapping suggestions


2. Histogram
------------

+--------------------+-------+
|       Fanout       | Count |
+--------------------+-------+
| Total control sets |    48 |
| >= 0 to < 4        |     2 |
| >= 4 to < 6        |     1 |
| >= 6 to < 8        |     0 |
| >= 8 to < 10       |     3 |
| >= 10 to < 12      |     0 |
| >= 12 to < 14      |     0 |
| >= 14 to < 16      |     0 |
| >= 16              |    42 |
+--------------------+-------+
* Control sets can be remapped at either synth_design or opt_design


3. Flip-Flop Distribution
-------------------------

+--------------+-----------------------+------------------------+-----------------+--------------+
| Clock Enable | Synchronous Set/Reset | Asynchronous Set/Reset | Total Registers | Total Slices |
+--------------+-----------------------+------------------------+-----------------+--------------+
| No           | No                    | No                     |               0 |            0 |
| No           | No                    | Yes                    |              35 |           18 |
| No           | Yes                   | No                     |               0 |            0 |
| Yes          | No                    | No                     |               0 |            0 |
| Yes          | No                    | Yes                    |            2800 |         1256 |
| Yes          | Yes                   | No                     |               0 |            0 |
+--------------+-----------------------+------------------------+-----------------+--------------+


4. Detailed Control Set Information
-----------------------------------

+------------------------+--------------------------------------------------------------+------------------+------------------+----------------+--------------+
|      Clock Signal      |                         Enable Signal                        | Set/Reset Signal | Slice Load Count | Bel Load Count | Bels / Slice |
+------------------------+--------------------------------------------------------------+------------------+------------------+----------------+--------------+
|  clk_gen/inst/clk_out1 | uart_tx/tx_i_1_n_0                                           | internal_reset   |                1 |              1 |         1.00 |
|  clk_gen/inst/clk_out1 |                                                              | reset            |                1 |              3 |         3.00 |
|  clk_gen/inst/clk_out1 | uart_tx/bit_counter[3]_i_1_n_0                               | internal_reset   |                1 |              4 |         4.00 |
|  clk_gen/inst/clk_out1 | rv64i59f_5sp/mem_wb_register/cpu_clk_enable_reg[0]           | internal_reset   |                2 |              8 |         4.00 |
|  clk_gen/inst/clk_out1 | mmio_interface/mmio_uart_tx_start_reg_0[0]                   | internal_reset   |                4 |              9 |         2.25 |
|  clk_gen/inst/clk_out1 | uart_tx/shift_reg[8]_i_1_n_0                                 | internal_reset   |                4 |              9 |         2.25 |
|  clk_gen/inst/clk_out1 |                                                              | internal_reset   |               17 |             32 |         1.88 |
|  clk_gen/inst/clk_out1 | rv64i59f_5sp/csr_file/minstret[0]                            | internal_reset   |               17 |             64 |         3.76 |
|  clk_gen/inst/clk_out1 | rv64i59f_5sp/exception_detector/trapped_reg_0[0]             | internal_reset   |               39 |             64 |         1.64 |
|  clk_gen/inst/clk_out1 | rv64i59f_5sp/exception_detector/cpu_clk_enable_reg_0[0]      | internal_reset   |               39 |             64 |         1.64 |
|  clk_gen/inst/clk_out1 | rv64i59f_5sp/exception_detector/WB_raw_imm_reg[3][0]         | internal_reset   |               37 |             64 |         1.73 |
|  clk_gen/inst/clk_out1 | rv64i59f_5sp/exception_detector/WB_csr_write_enable_reg[0]   | internal_reset   |               39 |             64 |         1.64 |
|  clk_gen/inst/clk_out1 | rv64i59f_5sp/mem_wb_register/p_0_in2_out                     |                  |               22 |            176 |         8.00 |
|  clk_gen/inst/clk_out1 | rv64i59f_5sp/ex_mem_register/MEM_alu_result_reg[15]_2        |                  |               64 |            256 |         4.00 |
|  clk_gen/inst/clk_out1 | rv64i59f_5sp/ex_mem_register/MEM_alu_result_reg[14]_rep_1    |                  |               64 |            256 |         4.00 |
|  clk_gen/inst/clk_out1 | rv64i59f_5sp/ex_mem_register/MEM_alu_result_reg[14]_rep_2    |                  |               64 |            256 |         4.00 |
|  clk_gen/inst/clk_out1 | rv64i59f_5sp/ex_mem_register/MEM_alu_result_reg[14]_rep_3    |                  |               64 |            256 |         4.00 |
|  clk_gen/inst/clk_out1 | rv64i59f_5sp/ex_mem_register/MEM_alu_result_reg[14]_rep_4    |                  |               64 |            256 |         4.00 |
|  clk_gen/inst/clk_out1 | rv64i59f_5sp/ex_mem_register/MEM_alu_result_reg[14]_rep_5    |                  |               64 |            256 |         4.00 |
|  clk_gen/inst/clk_out1 | rv64i59f_5sp/ex_mem_register/MEM_alu_result_reg[14]_rep_6    |                  |               64 |            256 |         4.00 |
|  clk_gen/inst/clk_out1 | rv64i59f_5sp/ex_mem_register/MEM_alu_result_reg[15]_0        |                  |               64 |            256 |         4.00 |
|  clk_gen/inst/clk_out1 | rv64i59f_5sp/ex_mem_register/MEM_alu_result_reg[15]_1        |                  |               64 |            256 |         4.00 |
|  clk_gen/inst/clk_out1 | rv64i59f_5sp/ex_mem_register/MEM_alu_result_reg[12]_0        |                  |               64 |            256 |         4.00 |
|  clk_gen/inst/clk_out1 | rv64i59f_5sp/ex_mem_register/MEM_alu_result_reg[15]_3        |                  |               64 |            256 |         4.00 |
|  clk_gen/inst/clk_out1 | rv64i59f_5sp/ex_mem_register/MEM_alu_result_reg[11]_rep_5    |                  |               64 |            256 |         4.00 |
|  clk_gen/inst/clk_out1 | rv64i59f_5sp/ex_mem_register/MEM_alu_result_reg[11]_rep_4    |                  |               64 |            256 |         4.00 |
|  clk_gen/inst/clk_out1 | rv64i59f_5sp/ex_mem_register/MEM_alu_result_reg[11]_rep_3    |                  |               64 |            256 |         4.00 |
|  clk_gen/inst/clk_out1 | rv64i59f_5sp/ex_mem_register/MEM_alu_result_reg[11]_rep_2    |                  |               64 |            256 |         4.00 |
|  clk_gen/inst/clk_out1 | rv64i59f_5sp/ex_mem_register/MEM_alu_result_reg[11]_rep_1    |                  |               64 |            256 |         4.00 |
|  clk_gen/inst/clk_out1 | rv64i59f_5sp/ex_mem_register/MEM_alu_result_reg[13]_rep__1_7 |                  |               64 |            256 |         4.00 |
|  clk_gen/inst/clk_out1 | rv64i59f_5sp/ex_mem_register/MEM_alu_result_reg[11]_rep_6    |                  |               64 |            256 |         4.00 |
|  clk_gen/inst/clk_out1 | rv64i59f_5sp/ex_mem_register/MEM_alu_result_reg[12]_1        |                  |               64 |            256 |         4.00 |
|  clk_gen/inst/clk_out1 | rv64i59f_5sp/ex_mem_register/MEM_alu_result_reg[12]_2        |                  |               64 |            256 |         4.00 |
|  clk_gen/inst/clk_out1 | rv64i59f_5sp/ex_mem_register/MEM_alu_result_reg[12]_3        |                  |               64 |            256 |         4.00 |
|  clk_gen/inst/clk_out1 | rv64i59f_5sp/ex_mem_register/MEM_alu_result_reg[12]_4        |                  |               64 |            256 |         4.00 |
|  clk_gen/inst/clk_out1 | rv64i59f_5sp/ex_mem_register/MEM_alu_result_reg[12]_5        |                  |               64 |            256 |         4.00 |
|  clk_gen/inst/clk_out1 | rv64i59f_5sp/ex_mem_register/MEM_alu_result_reg[12]_6        |                  |               64 |            256 |         4.00 |
|  clk_gen/inst/clk_out1 | rv64i59f_5sp/ex_mem_register/MEM_alu_result_reg[12]_7        |                  |               64 |            256 |         4.00 |
|  clk_gen/inst/clk_out1 | rv64i59f_5sp/ex_mem_register/MEM_alu_result_reg[13]_rep__1_1 |                  |               64 |            256 |         4.00 |
|  clk_gen/inst/clk_out1 | rv64i59f_5sp/ex_mem_register/MEM_alu_result_reg[13]_rep__1_2 |                  |               64 |            256 |         4.00 |
|  clk_gen/inst/clk_out1 | rv64i59f_5sp/ex_mem_register/MEM_alu_result_reg[13]_rep__1_3 |                  |               64 |            256 |         4.00 |
|  clk_gen/inst/clk_out1 | rv64i59f_5sp/ex_mem_register/MEM_alu_result_reg[13]_rep__1_4 |                  |               64 |            256 |         4.00 |
|  clk_gen/inst/clk_out1 | rv64i59f_5sp/ex_mem_register/MEM_alu_result_reg[13]_rep__1_5 |                  |               64 |            256 |         4.00 |
|  clk_gen/inst/clk_out1 | rv64i59f_5sp/ex_mem_register/MEM_alu_result_reg[13]_rep__1_6 |                  |               64 |            256 |         4.00 |
|  clk_gen/inst/clk_out1 | rv64i59f_5sp/ex_mem_register/MEM_alu_result_reg[13]_rep__1_8 |                  |               64 |            256 |         4.00 |
|  clk_gen/inst/clk_out1 | rv64i59f_5sp/exception_detector/cpu_clk_enable_reg           | internal_reset   |              170 |            630 |         3.71 |
|  clk_gen/inst/clk_out1 | cpu_clk_enable                                               | internal_reset   |              232 |            684 |         2.95 |
|  clk_gen/inst/clk_out1 | rv64i59f_5sp/exception_detector/E[0]                         | internal_reset   |              671 |           1135 |         1.69 |
+------------------------+--------------------------------------------------------------+------------------+------------------+----------------+--------------+


