Copyright 1986-2022 Xilinx, Inc. All Rights Reserved. Copyright 2022-2025 Advanced Micro Devices, Inc. All Rights Reserved.
---------------------------------------------------------------------------------------------------------------------------------------------
| Tool Version : Vivado v.2025.2 (lin64) Build 6299465 Fri Nov 14 12:34:56 MST 2025
| Date         : Mon Feb  2 01:14:14 2026
| Host         : khwl-main-pc running 64-bit Ubuntu 24.04.3 LTS
| Command      : report_control_sets -verbose -file RV64IM72F5SPSoCTOP_control_sets_placed.rpt
| Design       : RV64IM72F5SPSoCTOP
| Device       : xc7a200t
---------------------------------------------------------------------------------------------------------------------------------------------

Control Set Information

Table of Contents
-----------------
1. Summary
2. Histogram
3. Flip-Flop Distribution
4. Detailed Control Set Information

1. Summary
----------

+----------------------------------------------------------+-------+
|                          Status                          | Count |
+----------------------------------------------------------+-------+
| Total control sets                                       |    73 |
|    Minimum number of control sets                        |    73 |
|    Addition due to synthesis replication                 |     0 |
|    Addition due to physical synthesis replication        |     0 |
| Unused register locations in slices containing registers |   126 |
+----------------------------------------------------------+-------+
* Control sets can be merged at opt_design using control_set_merge or merge_equivalent_drivers
** Run report_qor_suggestions for automated merging and remapping suggestions


2. Histogram
------------

+--------------------+-------+
|       Fanout       | Count |
+--------------------+-------+
| Total control sets |    73 |
| >= 0 to < 4        |     4 |
| >= 4 to < 6        |     5 |
| >= 6 to < 8        |     0 |
| >= 8 to < 10       |     2 |
| >= 10 to < 12      |     0 |
| >= 12 to < 14      |     0 |
| >= 14 to < 16      |     0 |
| >= 16              |    62 |
+--------------------+-------+
* Control sets can be remapped at either synth_design or opt_design


3. Flip-Flop Distribution
-------------------------

+--------------+-----------------------+------------------------+-----------------+--------------+
| Clock Enable | Synchronous Set/Reset | Asynchronous Set/Reset | Total Registers | Total Slices |
+--------------+-----------------------+------------------------+-----------------+--------------+
| No           | No                    | No                     |               2 |            1 |
| No           | No                    | Yes                    |              50 |           27 |
| No           | Yes                   | No                     |               0 |            0 |
| Yes          | No                    | No                     |               0 |            0 |
| Yes          | No                    | Yes                    |            2124 |          772 |
| Yes          | Yes                   | No                     |            2514 |         1055 |
+--------------+-----------------------+------------------------+-----------------+--------------+


4. Detailed Control Set Information
-----------------------------------

+----------------+--------------------------------------------------------+----------------------------------------------------+------------------+----------------+--------------+
|  Clock Signal  |                      Enable Signal                     |                  Set/Reset Signal                  | Slice Load Count | Bel Load Count | Bels / Slice |
+----------------+--------------------------------------------------------+----------------------------------------------------+------------------+----------------+--------------+
|  clk_IBUF_BUFG |                                                        | reset                                              |                1 |              1 |         1.00 |
|  clk_50mhz     | tx_i_1_n_0                                             | internal_reset                                     |                1 |              1 |         1.00 |
|  clk_50mhz     |                                                        |                                                    |                1 |              2 |         2.00 |
|  clk_50mhz     |                                                        | reset                                              |                2 |              3 |         1.50 |
|  clk_50mhz     | FSM_onehot_stage[3]_i_1__0_n_0                         | internal_reset                                     |                1 |              4 |         4.00 |
|  clk_50mhz     | FSM_onehot_stage[3]_i_1_n_0                            | internal_reset                                     |                1 |              4 |         4.00 |
|  clk_50mhz     | FSM_onehot_state[3]_i_1__0_n_0                         | internal_reset                                     |                1 |              4 |         4.00 |
|  clk_50mhz     | FSM_onehot_state[3]_i_1_n_0                            | internal_reset                                     |                1 |              4 |         4.00 |
|  clk_50mhz     | bit_counter[3]_i_1__1_n_0                              | internal_reset                                     |                2 |              4 |         2.00 |
|  clk_50mhz     | shift_reg[8]_i_1_n_0                                   | internal_reset                                     |                3 |              9 |         3.00 |
|  clk_50mhz     | baud_counter[8]_i_1_n_0                                | internal_reset                                     |                5 |              9 |         1.80 |
|  clk_50mhz     | rv64im72f_6sp/alu/divider_word/quotient_sign4_out      | internal_reset                                     |               14 |             34 |         2.43 |
|  clk_50mhz     | rv64im72f_6sp/alu/divider_word/div_by_zero_flag        | internal_reset                                     |               22 |             34 |         1.55 |
|  clk_50mhz     | rv64im72f_6sp/alu/multiplier_word/result_sign_s22_out  | internal_reset                                     |               17 |             37 |         2.18 |
|  clk_50mhz     |                                                        | internal_reset                                     |               24 |             46 |         1.92 |
|  clk_50mhz     | rv64im72f_6sp/csr_file/minstret[0]                     | internal_reset                                     |               17 |             64 |         3.76 |
|  clk_50mhz     | cpu_clk_enable                                         | rom_read_data[63]_i_1_n_0                          |               51 |             64 |         1.25 |
|  clk_50mhz     | csr_read_out[63]_i_1_n_0                               | internal_reset                                     |               35 |             64 |         1.83 |
|  clk_50mhz     | mcause[63]_i_1_n_0                                     | internal_reset                                     |               34 |             64 |         1.88 |
|  clk_50mhz     | mepc[63]_i_1_n_0                                       | internal_reset                                     |               27 |             64 |         2.37 |
|  clk_50mhz     | rv64im72f_6sp/instruction_pc0                          | internal_reset                                     |               19 |             64 |         3.37 |
|  clk_50mhz     | mtvec[63]_i_1_n_0                                      | internal_reset                                     |               23 |             64 |         2.78 |
|  clk_50mhz     | prod_low[31]_i_1__0_n_0                                | internal_reset                                     |               19 |             64 |         3.37 |
|  clk_50mhz     | quotient_reg[31]_i_1_n_0                               | internal_reset                                     |               19 |             64 |         3.37 |
|  clk_50mhz     | rv64im72f_6sp/alu/multiplier_word/result_sign_s11_out  | internal_reset                                     |               20 |             65 |         3.25 |
|  clk_50mhz     | rv64im72f_6sp/alu/divider_dword/quotient_sign4_out     | internal_reset                                     |               26 |             66 |         2.54 |
|  clk_50mhz     | rv64im72f_6sp/alu/divider_dword/div_by_zero_flag       | internal_reset                                     |               37 |             68 |         1.84 |
|  clk_50mhz     | bit_counter[5]_i_1_n_0                                 | internal_reset                                     |               27 |             70 |         2.59 |
|  clk_50mhz     | quotient_reg[63]_i_1_n_0                               | internal_reset                                     |               41 |            128 |         3.12 |
|  clk_50mhz     | rv64im72f_6sp/alu/multiplier_dword/result_sign_s11_out | internal_reset                                     |               47 |            129 |         2.74 |
|  clk_50mhz     | bit_counter[6]_i_1_n_0                                 | internal_reset                                     |               54 |            135 |         2.50 |
|  clk_50mhz     | rv64im72f_6sp/alu/multiplier_dword/result_sign_s22_out | internal_reset                                     |               51 |            145 |         2.84 |
|  clk_50mhz     | IO_pc[63]_i_2_n_0                                      | IO_pc[63]_i_1_n_0                                  |               37 |            160 |         4.32 |
|  clk_50mhz     | ID_pc[63]_i_2_n_0                                      | ID_pc[63]_i_1_n_0                                  |               59 |            161 |         2.73 |
|  clk_50mhz     | rv64im72f_6sp/register_file/p_0_in2_out                |                                                    |               22 |            176 |         8.00 |
|  clk_50mhz     | prod_high[35]_i_1_n_0                                  | internal_reset                                     |               55 |            184 |         3.35 |
|  clk_50mhz     | memory_reg_6144_6399_0_0_i_1_n_0                       |                                                    |               64 |            256 |         4.00 |
|  clk_50mhz     | memory_reg_7936_8191_0_0_i_1_n_0                       |                                                    |               64 |            256 |         4.00 |
|  clk_50mhz     | memory_reg_768_1023_0_0_i_1_n_0                        |                                                    |               64 |            256 |         4.00 |
|  clk_50mhz     | memory_reg_7680_7935_0_0_i_1_n_0                       |                                                    |               64 |            256 |         4.00 |
|  clk_50mhz     | memory_reg_7424_7679_0_0_i_1_n_0                       |                                                    |               64 |            256 |         4.00 |
|  clk_50mhz     | memory_reg_7168_7423_0_0_i_1_n_0                       |                                                    |               64 |            256 |         4.00 |
|  clk_50mhz     | memory_reg_6912_7167_0_0_i_1_n_0                       |                                                    |               64 |            256 |         4.00 |
|  clk_50mhz     | memory_reg_6656_6911_0_0_i_1_n_0                       |                                                    |               64 |            256 |         4.00 |
|  clk_50mhz     | memory_reg_6400_6655_0_0_i_1_n_0                       |                                                    |               64 |            256 |         4.00 |
|  clk_50mhz     | memory_reg_5632_5887_0_0_i_1_n_0                       |                                                    |               64 |            256 |         4.00 |
|  clk_50mhz     | memory_reg_0_255_0_0_i_2_n_0                           |                                                    |               64 |            256 |         4.00 |
|  clk_50mhz     | memory_reg_1024_1279_0_0_i_1_n_0                       |                                                    |               64 |            256 |         4.00 |
|  clk_50mhz     | memory_reg_1280_1535_0_0_i_1_n_0                       |                                                    |               64 |            256 |         4.00 |
|  clk_50mhz     | memory_reg_1536_1791_0_0_i_1_n_0                       |                                                    |               64 |            256 |         4.00 |
|  clk_50mhz     | memory_reg_1792_2047_0_0_i_1_n_0                       |                                                    |               64 |            256 |         4.00 |
|  clk_50mhz     | memory_reg_2048_2303_0_0_i_1_n_0                       |                                                    |               64 |            256 |         4.00 |
|  clk_50mhz     | memory_reg_2304_2559_0_0_i_1_n_0                       |                                                    |               64 |            256 |         4.00 |
|  clk_50mhz     | memory_reg_2560_2815_0_0_i_1_n_0                       |                                                    |               64 |            256 |         4.00 |
|  clk_50mhz     | memory_reg_256_511_0_0_i_1_n_0                         |                                                    |               64 |            256 |         4.00 |
|  clk_50mhz     | memory_reg_2816_3071_0_0_i_1_n_0                       |                                                    |               64 |            256 |         4.00 |
|  clk_50mhz     | memory_reg_3072_3327_0_0_i_1_n_0                       |                                                    |               64 |            256 |         4.00 |
|  clk_50mhz     | memory_reg_3328_3583_0_0_i_1_n_0                       |                                                    |               64 |            256 |         4.00 |
|  clk_50mhz     | memory_reg_3584_3839_0_0_i_1_n_0                       |                                                    |               64 |            256 |         4.00 |
|  clk_50mhz     | memory_reg_3840_4095_0_0_i_1_n_0                       |                                                    |               64 |            256 |         4.00 |
|  clk_50mhz     | memory_reg_4096_4351_0_0_i_1_n_0                       |                                                    |               64 |            256 |         4.00 |
|  clk_50mhz     | memory_reg_4352_4607_0_0_i_1_n_0                       |                                                    |               64 |            256 |         4.00 |
|  clk_50mhz     | memory_reg_4608_4863_0_0_i_1_n_0                       |                                                    |               64 |            256 |         4.00 |
|  clk_50mhz     | memory_reg_4864_5119_0_0_i_1_n_0                       |                                                    |               64 |            256 |         4.00 |
|  clk_50mhz     | memory_reg_5120_5375_0_0_i_1_n_0                       |                                                    |               64 |            256 |         4.00 |
|  clk_50mhz     | memory_reg_512_767_0_0_i_1_n_0                         |                                                    |               64 |            256 |         4.00 |
|  clk_50mhz     | memory_reg_5376_5631_0_0_i_1_n_0                       |                                                    |               64 |            256 |         4.00 |
|  clk_50mhz     | memory_reg_5888_6143_0_0_i_1_n_0                       |                                                    |               64 |            256 |         4.00 |
|  clk_50mhz     | EX2_pc[63]_i_2_n_0                                     | WB_pc_plus_4[63]_i_1_n_0                           |              140 |            388 |         2.77 |
|  clk_50mhz     | ID_pc[63]_i_2_n_0                                      | EX_pc[63]_i_1_n_0                                  |              184 |            470 |         2.55 |
|  clk_50mhz     | cpu_clk_enable                                         | internal_reset                                     |              153 |            478 |         3.12 |
|  clk_50mhz     | EX2_pc[63]_i_2_n_0                                     | rv64im72f_6sp/ex_mem_register/MEM_memory_read0_out |              230 |            496 |         2.16 |
|  clk_50mhz     | EX2_pc[63]_i_2_n_0                                     | EX2_pc[63]_i_1_n_0                                 |              354 |            775 |         2.19 |
+----------------+--------------------------------------------------------+----------------------------------------------------+------------------+----------------+--------------+


