
*** Running vivado
    with args -log RV64IM72F5SPSoCTOP.vds -m64 -product Vivado -mode batch -messageDb vivado.pb -notrace -source RV64IM72F5SPSoCTOP.tcl


****** Vivado v2025.2 (64-bit)
  **** SW Build 6299465 on Fri Nov 14 12:34:56 MST 2025
  **** IP Build 6300035 on Fri Nov 14 10:48:45 MST 2025
  **** SharedData Build 6298862 on Thu Nov 13 04:50:51 MST 2025
  **** Start of session at: Thu Feb 26 22:47:45 2026
    ** Copyright 1986-2022 Xilinx, Inc. All Rights Reserved.
    ** Copyright 2022-2025 Advanced Micro Devices, Inc. All Rights Reserved.

source RV64IM72F5SPSoCTOP.tcl -notrace
Command: read_checkpoint -auto_incremental -incremental /home/khwl/Desktop/RV-IM100/RV64s/SoCs/RV64IM_7SP/RV64IM72F_7SP_FPGA.srcs/utils_1/imports/synth_1/RV64IM72F5SPSoCTOP.dcp
INFO: [Vivado 12-5825] Read reference checkpoint from /home/khwl/Desktop/RV-IM100/RV64s/SoCs/RV64IM_7SP/RV64IM72F_7SP_FPGA.srcs/utils_1/imports/synth_1/RV64IM72F5SPSoCTOP.dcp for incremental synthesis
INFO: [Vivado 12-7989] Please ensure there are no constraint changes
Command: synth_design -top RV64IM72F5SPSoCTOP -part xc7a200tsbg484-1 -directive PerformanceOptimized -fsm_extraction one_hot -keep_equivalent_registers -resource_sharing off -no_lc -shreg_min_size 5
Starting synth_design
Attempting to get a license for feature 'Synthesis' and/or device 'xc7a200t'
INFO: [Common 17-349] Got license for feature 'Synthesis' and/or device 'xc7a200t'
INFO: [Device 21-403] Loading part xc7a200tsbg484-1
INFO: [Designutils 20-5440] No compile time benefit to using incremental synthesis; A full resynthesis will be run
INFO: [Designutils 20-4379] Flow is switching to default flow due to incremental criteria not met. If you would like to alter this behaviour and have the flow terminate instead, please set the following parameter config_implementation {autoIncr.Synth.RejectBehavior Terminate}
INFO: [Synth 8-7079] Multithreading enabled for synth_design using a maximum of 7 processes.
INFO: [Synth 8-7078] Launching helper process for spawning children vivado processes
INFO: [Synth 8-7075] Helper process launched with PID 990405
---------------------------------------------------------------------------------
Starting RTL Elaboration : Time (s): cpu = 00:00:02 ; elapsed = 00:00:02 . Memory (MB): peak = 2249.605 ; gain = 483.156 ; free physical = 16207 ; free virtual = 31348
---------------------------------------------------------------------------------
INFO: [Synth 8-11241] undeclared symbol 'instruction_pc', assumed default net type 'wire' [/home/khwl/Desktop/RV-IM100/RV64s/SoCs/RV64IM_7SP/RV64IM72F_7SP_FPGA.srcs/sources_1/imports/FPGA_SoC/modules/RV64IM72F_6SP.v:699]
INFO: [Synth 8-11241] undeclared symbol 'instruction_pc_plus_4', assumed default net type 'wire' [/home/khwl/Desktop/RV-IM100/RV64s/SoCs/RV64IM_7SP/RV64IM72F_7SP_FPGA.srcs/sources_1/imports/FPGA_SoC/modules/RV64IM72F_6SP.v:700]
WARNING: [Synth 8-8895] 'instruction_pc' is already implicitly declared on line 699 [/home/khwl/Desktop/RV-IM100/RV64s/SoCs/RV64IM_7SP/RV64IM72F_7SP_FPGA.srcs/sources_1/imports/FPGA_SoC/modules/RV64IM72F_6SP.v:950]
WARNING: [Synth 8-8895] 'instruction_pc_plus_4' is already implicitly declared on line 700 [/home/khwl/Desktop/RV-IM100/RV64s/SoCs/RV64IM_7SP/RV64IM72F_7SP_FPGA.srcs/sources_1/imports/FPGA_SoC/modules/RV64IM72F_6SP.v:951]
WARNING: [Synth 8-6901] identifier 'IO_instruction' is used before its declaration [/home/khwl/Desktop/RV-IM100/RV64s/SoCs/RV64IM_7SP/RV64IM72F_7SP_FPGA.srcs/sources_1/imports/FPGA_SoC/modules/RV64IM72F_6SP.v:34]
WARNING: [Synth 8-6901] identifier 'IO_instruction' is used before its declaration [/home/khwl/Desktop/RV-IM100/RV64s/SoCs/RV64IM_7SP/RV64IM72F_7SP_FPGA.srcs/sources_1/imports/FPGA_SoC/modules/RV64IM72F_6SP.v:34]
WARNING: [Synth 8-6901] identifier 'IO_instruction' is used before its declaration [/home/khwl/Desktop/RV-IM100/RV64s/SoCs/RV64IM_7SP/RV64IM72F_7SP_FPGA.srcs/sources_1/imports/FPGA_SoC/modules/RV64IM72F_6SP.v:34]
WARNING: [Synth 8-6901] identifier 'IO_instruction' is used before its declaration [/home/khwl/Desktop/RV-IM100/RV64s/SoCs/RV64IM_7SP/RV64IM72F_7SP_FPGA.srcs/sources_1/imports/FPGA_SoC/modules/RV64IM72F_6SP.v:34]
WARNING: [Synth 8-6901] identifier 'IO_instruction' is used before its declaration [/home/khwl/Desktop/RV-IM100/RV64s/SoCs/RV64IM_7SP/RV64IM72F_7SP_FPGA.srcs/sources_1/imports/FPGA_SoC/modules/RV64IM72F_6SP.v:34]
WARNING: [Synth 8-6901] identifier 'IO_instruction' is used before its declaration [/home/khwl/Desktop/RV-IM100/RV64s/SoCs/RV64IM_7SP/RV64IM72F_7SP_FPGA.srcs/sources_1/imports/FPGA_SoC/modules/RV64IM72F_6SP.v:35]
INFO: [Synth 8-6157] synthesizing module 'RV64IM72F5SPSoCTOP' [/home/khwl/Desktop/RV-IM100/RV64s/SoCs/RV64IM_7SP/RV64IM72F_7SP_FPGA.srcs/sources_1/imports/FPGA_SoC/modules/72F6SP_SoC_TOP.v:1]
INFO: [Synth 8-6157] synthesizing module 'clk_wiz_0' [/home/khwl/Desktop/RV-IM100/RV64s/SoCs/RV64IM_7SP/RV64IM72F_7SP_FPGA.runs/synth_1/.Xil/Vivado-990361-khwl-ThinkPad-X1-Carbon-Gen-13/realtime/clk_wiz_0_stub.v:6]
INFO: [Synth 8-6155] done synthesizing module 'clk_wiz_0' (0#1) [/home/khwl/Desktop/RV-IM100/RV64s/SoCs/RV64IM_7SP/RV64IM72F_7SP_FPGA.runs/synth_1/.Xil/Vivado-990361-khwl-ThinkPad-X1-Carbon-Gen-13/realtime/clk_wiz_0_stub.v:6]
INFO: [Synth 8-6157] synthesizing module 'UnifiedUARTController' [/home/khwl/Desktop/RV-IM100/RV64s/SoCs/RV64IM_7SP/RV64IM72F_7SP_FPGA.srcs/sources_1/imports/FPGA_SoC/modules/Unified_UART_Controller.v:1]
INFO: [Synth 8-6155] done synthesizing module 'UnifiedUARTController' (0#1) [/home/khwl/Desktop/RV-IM100/RV64s/SoCs/RV64IM_7SP/RV64IM72F_7SP_FPGA.srcs/sources_1/imports/FPGA_SoC/modules/Unified_UART_Controller.v:1]
INFO: [Synth 8-6157] synthesizing module 'UARTTX' [/home/khwl/Desktop/RV-IM100/RV64s/SoCs/RV64IM_7SP/RV64IM72F_7SP_FPGA.srcs/sources_1/imports/FPGA_SoC/modules/UART_TX.v:1]
INFO: [Synth 8-6155] done synthesizing module 'UARTTX' (0#1) [/home/khwl/Desktop/RV-IM100/RV64s/SoCs/RV64IM_7SP/RV64IM72F_7SP_FPGA.srcs/sources_1/imports/FPGA_SoC/modules/UART_TX.v:1]
INFO: [Synth 8-6157] synthesizing module 'MMIOInterface' [/home/khwl/Desktop/RV-IM100/RV64s/SoCs/RV64IM_7SP/RV64IM72F_7SP_FPGA.srcs/sources_1/imports/FPGA_SoC/modules/MMIO_Interface.v:1]
	Parameter XLEN bound to: 64 - type: integer 
INFO: [Synth 8-6155] done synthesizing module 'MMIOInterface' (0#1) [/home/khwl/Desktop/RV-IM100/RV64s/SoCs/RV64IM_7SP/RV64IM72F_7SP_FPGA.srcs/sources_1/imports/FPGA_SoC/modules/MMIO_Interface.v:1]
INFO: [Synth 8-6157] synthesizing module 'RV64IM72F6SP' [/home/khwl/Desktop/RV-IM100/RV64s/SoCs/RV64IM_7SP/RV64IM72F_7SP_FPGA.srcs/sources_1/imports/FPGA_SoC/modules/RV64IM72F_6SP.v:5]
	Parameter XLEN bound to: 64 - type: integer 
INFO: [Synth 8-6157] synthesizing module 'ALU' [/home/khwl/Desktop/RV-IM100/RV64s/SoCs/RV64IM_7SP/RV64IM72F_7SP_FPGA.srcs/sources_1/imports/FPGA_SoC/modules/ALU.v:3]
INFO: [Synth 8-6157] synthesizing module 'ALU_WORD' [/home/khwl/Desktop/RV-IM100/RV64s/SoCs/RV64IM_7SP/RV64IM72F_7SP_FPGA.srcs/sources_1/imports/FPGA_SoC/modules/ALU_WORD.v:3]
INFO: [Synth 8-6155] done synthesizing module 'ALU_WORD' (0#1) [/home/khwl/Desktop/RV-IM100/RV64s/SoCs/RV64IM_7SP/RV64IM72F_7SP_FPGA.srcs/sources_1/imports/FPGA_SoC/modules/ALU_WORD.v:3]
INFO: [Synth 8-6157] synthesizing module 'ALU_DWORD' [/home/khwl/Desktop/RV-IM100/RV64s/SoCs/RV64IM_7SP/RV64IM72F_7SP_FPGA.srcs/sources_1/imports/FPGA_SoC/modules/ALU_DWORD.v:3]
INFO: [Synth 8-6155] done synthesizing module 'ALU_DWORD' (0#1) [/home/khwl/Desktop/RV-IM100/RV64s/SoCs/RV64IM_7SP/RV64IM72F_7SP_FPGA.srcs/sources_1/imports/FPGA_SoC/modules/ALU_DWORD.v:3]
INFO: [Synth 8-6157] synthesizing module 'Multiplier_WORD' [/home/khwl/Desktop/RV-IM100/RV64s/SoCs/RV64IM_7SP/RV64IM72F_7SP_FPGA.srcs/sources_1/imports/FPGA_SoC/modules/Multiplier_WORD.v:6]
INFO: [Synth 8-226] default block is never used [/home/khwl/Desktop/RV-IM100/RV64s/SoCs/RV64IM_7SP/RV64IM72F_7SP_FPGA.srcs/sources_1/imports/FPGA_SoC/modules/Multiplier_WORD.v:58]
INFO: [Synth 8-6155] done synthesizing module 'Multiplier_WORD' (0#1) [/home/khwl/Desktop/RV-IM100/RV64s/SoCs/RV64IM_7SP/RV64IM72F_7SP_FPGA.srcs/sources_1/imports/FPGA_SoC/modules/Multiplier_WORD.v:6]
INFO: [Synth 8-6157] synthesizing module 'Multiplier_DWORD' [/home/khwl/Desktop/RV-IM100/RV64s/SoCs/RV64IM_7SP/RV64IM72F_7SP_FPGA.srcs/sources_1/imports/FPGA_SoC/modules/Multiplier_DWORD.v:7]
INFO: [Synth 8-226] default block is never used [/home/khwl/Desktop/RV-IM100/RV64s/SoCs/RV64IM_7SP/RV64IM72F_7SP_FPGA.srcs/sources_1/imports/FPGA_SoC/modules/Multiplier_DWORD.v:73]
INFO: [Synth 8-6155] done synthesizing module 'Multiplier_DWORD' (0#1) [/home/khwl/Desktop/RV-IM100/RV64s/SoCs/RV64IM_7SP/RV64IM72F_7SP_FPGA.srcs/sources_1/imports/FPGA_SoC/modules/Multiplier_DWORD.v:7]
INFO: [Synth 8-6157] synthesizing module 'Divider_WORD' [/home/khwl/Desktop/RV-IM100/RV64s/SoCs/RV64IM_7SP/RV64IM72F_7SP_FPGA.srcs/sources_1/imports/FPGA_SoC/modules/Divider_WORD.v:3]
INFO: [Synth 8-6155] done synthesizing module 'Divider_WORD' (0#1) [/home/khwl/Desktop/RV-IM100/RV64s/SoCs/RV64IM_7SP/RV64IM72F_7SP_FPGA.srcs/sources_1/imports/FPGA_SoC/modules/Divider_WORD.v:3]
INFO: [Synth 8-6157] synthesizing module 'Divider_DWORD' [/home/khwl/Desktop/RV-IM100/RV64s/SoCs/RV64IM_7SP/RV64IM72F_7SP_FPGA.srcs/sources_1/imports/FPGA_SoC/modules/Divider_DWORD.v:3]
	Parameter XLEN bound to: 64 - type: integer 
INFO: [Synth 8-226] default block is never used [/home/khwl/Desktop/RV-IM100/RV64s/SoCs/RV64IM_7SP/RV64IM72F_7SP_FPGA.srcs/sources_1/imports/FPGA_SoC/modules/Divider_DWORD.v:72]
INFO: [Synth 8-6155] done synthesizing module 'Divider_DWORD' (0#1) [/home/khwl/Desktop/RV-IM100/RV64s/SoCs/RV64IM_7SP/RV64IM72F_7SP_FPGA.srcs/sources_1/imports/FPGA_SoC/modules/Divider_DWORD.v:3]
INFO: [Synth 8-6155] done synthesizing module 'ALU' (0#1) [/home/khwl/Desktop/RV-IM100/RV64s/SoCs/RV64IM_7SP/RV64IM72F_7SP_FPGA.srcs/sources_1/imports/FPGA_SoC/modules/ALU.v:3]
INFO: [Synth 8-6157] synthesizing module 'ALUController' [/home/khwl/Desktop/RV-IM100/RV64s/SoCs/RV64IM_7SP/RV64IM72F_7SP_FPGA.srcs/sources_1/imports/FPGA_SoC/modules/ALU_Controller.v:9]
INFO: [Synth 8-226] default block is never used [/home/khwl/Desktop/RV-IM100/RV64s/SoCs/RV64IM_7SP/RV64IM72F_7SP_FPGA.srcs/sources_1/imports/FPGA_SoC/modules/ALU_Controller.v:116]
INFO: [Synth 8-226] default block is never used [/home/khwl/Desktop/RV-IM100/RV64s/SoCs/RV64IM_7SP/RV64IM72F_7SP_FPGA.srcs/sources_1/imports/FPGA_SoC/modules/ALU_Controller.v:138]
INFO: [Synth 8-226] default block is never used [/home/khwl/Desktop/RV-IM100/RV64s/SoCs/RV64IM_7SP/RV64IM72F_7SP_FPGA.srcs/sources_1/imports/FPGA_SoC/modules/ALU_Controller.v:152]
INFO: [Synth 8-6155] done synthesizing module 'ALUController' (0#1) [/home/khwl/Desktop/RV-IM100/RV64s/SoCs/RV64IM_7SP/RV64IM72F_7SP_FPGA.srcs/sources_1/imports/FPGA_SoC/modules/ALU_Controller.v:9]
INFO: [Synth 8-6157] synthesizing module 'BranchLogic' [/home/khwl/Desktop/RV-IM100/RV64s/SoCs/RV64IM_7SP/RV64IM72F_7SP_FPGA.srcs/sources_1/imports/FPGA_SoC/modules/Branch_Logic.v:3]
INFO: [Synth 8-6155] done synthesizing module 'BranchLogic' (0#1) [/home/khwl/Desktop/RV-IM100/RV64s/SoCs/RV64IM_7SP/RV64IM72F_7SP_FPGA.srcs/sources_1/imports/FPGA_SoC/modules/Branch_Logic.v:3]
INFO: [Synth 8-6157] synthesizing module 'BranchPredictor' [/home/khwl/Desktop/RV-IM100/RV64s/SoCs/RV64IM_7SP/RV64IM72F_7SP_FPGA.srcs/sources_1/imports/FPGA_SoC/modules/Branch_Predictor.v:3]
	Parameter XLEN bound to: 64 - type: integer 
INFO: [Synth 8-6155] done synthesizing module 'BranchPredictor' (0#1) [/home/khwl/Desktop/RV-IM100/RV64s/SoCs/RV64IM_7SP/RV64IM72F_7SP_FPGA.srcs/sources_1/imports/FPGA_SoC/modules/Branch_Predictor.v:3]
INFO: [Synth 8-6157] synthesizing module 'ByteEnableLogic' [/home/khwl/Desktop/RV-IM100/RV64s/SoCs/RV64IM_7SP/RV64IM72F_7SP_FPGA.srcs/sources_1/imports/FPGA_SoC/modules/Byte_Enable_Logic.v:4]
INFO: [Synth 8-6155] done synthesizing module 'ByteEnableLogic' (0#1) [/home/khwl/Desktop/RV-IM100/RV64s/SoCs/RV64IM_7SP/RV64IM72F_7SP_FPGA.srcs/sources_1/imports/FPGA_SoC/modules/Byte_Enable_Logic.v:4]
INFO: [Synth 8-6157] synthesizing module 'ControlUnit' [/home/khwl/Desktop/RV-IM100/RV64s/SoCs/RV64IM_7SP/RV64IM72F_7SP_FPGA.srcs/sources_1/imports/FPGA_SoC/modules/Control_Unit.v:7]
INFO: [Synth 8-6155] done synthesizing module 'ControlUnit' (0#1) [/home/khwl/Desktop/RV-IM100/RV64s/SoCs/RV64IM_7SP/RV64IM72F_7SP_FPGA.srcs/sources_1/imports/FPGA_SoC/modules/Control_Unit.v:7]
INFO: [Synth 8-6157] synthesizing module 'CSRFile' [/home/khwl/Desktop/RV-IM100/RV64s/SoCs/RV64IM_7SP/RV64IM72F_7SP_FPGA.srcs/sources_1/imports/FPGA_SoC/modules/CSR_File.v:3]
	Parameter XLEN bound to: 64 - type: integer 
INFO: [Synth 8-6155] done synthesizing module 'CSRFile' (0#1) [/home/khwl/Desktop/RV-IM100/RV64s/SoCs/RV64IM_7SP/RV64IM72F_7SP_FPGA.srcs/sources_1/imports/FPGA_SoC/modules/CSR_File.v:3]
INFO: [Synth 8-6157] synthesizing module 'DataMemory' [/home/khwl/Desktop/RV-IM100/RV64s/SoCs/RV64IM_7SP/RV64IM72F_7SP_FPGA.srcs/sources_1/imports/FPGA_SoC/modules/Data_Memory.v:1]
INFO: [Synth 8-6155] done synthesizing module 'DataMemory' (0#1) [/home/khwl/Desktop/RV-IM100/RV64s/SoCs/RV64IM_7SP/RV64IM72F_7SP_FPGA.srcs/sources_1/imports/FPGA_SoC/modules/Data_Memory.v:1]
INFO: [Synth 8-6157] synthesizing module 'ExceptionDetector' [/home/khwl/Desktop/RV-IM100/RV64s/SoCs/RV64IM_7SP/RV64IM72F_7SP_FPGA.srcs/sources_1/imports/FPGA_SoC/modules/Exception_Detector.v:6]
INFO: [Synth 8-6155] done synthesizing module 'ExceptionDetector' (0#1) [/home/khwl/Desktop/RV-IM100/RV64s/SoCs/RV64IM_7SP/RV64IM72F_7SP_FPGA.srcs/sources_1/imports/FPGA_SoC/modules/Exception_Detector.v:6]
INFO: [Synth 8-6157] synthesizing module 'ForwardUnit' [/home/khwl/Desktop/RV-IM100/RV64s/SoCs/RV64IM_7SP/RV64IM72F_7SP_FPGA.srcs/sources_1/imports/FPGA_SoC/modules/Forward_Unit.v:3]
INFO: [Synth 8-6155] done synthesizing module 'ForwardUnit' (0#1) [/home/khwl/Desktop/RV-IM100/RV64s/SoCs/RV64IM_7SP/RV64IM72F_7SP_FPGA.srcs/sources_1/imports/FPGA_SoC/modules/Forward_Unit.v:3]
INFO: [Synth 8-6157] synthesizing module 'HazardUnit' [/home/khwl/Desktop/RV-IM100/RV64s/SoCs/RV64IM_7SP/RV64IM72F_7SP_FPGA.srcs/sources_1/imports/FPGA_SoC/modules/Hazard_Unit.v:5]
INFO: [Synth 8-6155] done synthesizing module 'HazardUnit' (0#1) [/home/khwl/Desktop/RV-IM100/RV64s/SoCs/RV64IM_7SP/RV64IM72F_7SP_FPGA.srcs/sources_1/imports/FPGA_SoC/modules/Hazard_Unit.v:5]
INFO: [Synth 8-6157] synthesizing module 'ImmediateGenerator' [/home/khwl/Desktop/RV-IM100/RV64s/SoCs/RV64IM_7SP/RV64IM72F_7SP_FPGA.srcs/sources_1/imports/FPGA_SoC/modules/Immediate_Generator.v:3]
INFO: [Synth 8-6155] done synthesizing module 'ImmediateGenerator' (0#1) [/home/khwl/Desktop/RV-IM100/RV64s/SoCs/RV64IM_7SP/RV64IM72F_7SP_FPGA.srcs/sources_1/imports/FPGA_SoC/modules/Immediate_Generator.v:3]
INFO: [Synth 8-6157] synthesizing module 'InstructionDecoder' [/home/khwl/Desktop/RV-IM100/RV64s/SoCs/RV64IM_7SP/RV64IM72F_7SP_FPGA.srcs/sources_1/imports/FPGA_SoC/modules/Instruction_Decoder.v:5]
INFO: [Synth 8-6155] done synthesizing module 'InstructionDecoder' (0#1) [/home/khwl/Desktop/RV-IM100/RV64s/SoCs/RV64IM_7SP/RV64IM72F_7SP_FPGA.srcs/sources_1/imports/FPGA_SoC/modules/Instruction_Decoder.v:5]
INFO: [Synth 8-6157] synthesizing module 'InstructionMemory' [/home/khwl/Desktop/RV-IM100/RV64s/SoCs/RV64IM_7SP/RV64IM72F_7SP_FPGA.srcs/sources_1/imports/FPGA_SoC/modules/Instruction_Memory.v:10]
INFO: [Synth 8-3876] $readmem data file './dhrystone_RV64IM_49MHz.mem' is read successfully [/home/khwl/Desktop/RV-IM100/RV64s/SoCs/RV64IM_7SP/RV64IM72F_7SP_FPGA.srcs/sources_1/imports/FPGA_SoC/modules/Instruction_Memory.v:44]
INFO: [Synth 8-6155] done synthesizing module 'InstructionMemory' (0#1) [/home/khwl/Desktop/RV-IM100/RV64s/SoCs/RV64IM_7SP/RV64IM72F_7SP_FPGA.srcs/sources_1/imports/FPGA_SoC/modules/Instruction_Memory.v:10]
INFO: [Synth 8-6157] synthesizing module 'ProgramCounter' [/home/khwl/Desktop/RV-IM100/RV64s/SoCs/RV64IM_7SP/RV64IM72F_7SP_FPGA.srcs/sources_1/imports/FPGA_SoC/modules/Program_Counter.v:1]
INFO: [Synth 8-6155] done synthesizing module 'ProgramCounter' (0#1) [/home/khwl/Desktop/RV-IM100/RV64s/SoCs/RV64IM_7SP/RV64IM72F_7SP_FPGA.srcs/sources_1/imports/FPGA_SoC/modules/Program_Counter.v:1]
INFO: [Synth 8-6157] synthesizing module 'PCPlus4' [/home/khwl/Desktop/RV-IM100/RV64s/SoCs/RV64IM_7SP/RV64IM72F_7SP_FPGA.srcs/sources_1/imports/FPGA_SoC/modules/PC_Plus_4.v:1]
INFO: [Synth 8-6155] done synthesizing module 'PCPlus4' (0#1) [/home/khwl/Desktop/RV-IM100/RV64s/SoCs/RV64IM_7SP/RV64IM72F_7SP_FPGA.srcs/sources_1/imports/FPGA_SoC/modules/PC_Plus_4.v:1]
INFO: [Synth 8-6157] synthesizing module 'PCController' [/home/khwl/Desktop/RV-IM100/RV64s/SoCs/RV64IM_7SP/RV64IM72F_7SP_FPGA.srcs/sources_1/imports/FPGA_SoC/modules/PC_Controller.v:1]
INFO: [Synth 8-6155] done synthesizing module 'PCController' (0#1) [/home/khwl/Desktop/RV-IM100/RV64s/SoCs/RV64IM_7SP/RV64IM72F_7SP_FPGA.srcs/sources_1/imports/FPGA_SoC/modules/PC_Controller.v:1]
INFO: [Synth 8-6157] synthesizing module 'RegisterFile' [/home/khwl/Desktop/RV-IM100/RV64s/SoCs/RV64IM_7SP/RV64IM72F_7SP_FPGA.srcs/sources_1/imports/FPGA_SoC/modules/Register_File.v:1]
INFO: [Synth 8-6155] done synthesizing module 'RegisterFile' (0#1) [/home/khwl/Desktop/RV-IM100/RV64s/SoCs/RV64IM_7SP/RV64IM72F_7SP_FPGA.srcs/sources_1/imports/FPGA_SoC/modules/Register_File.v:1]
INFO: [Synth 8-6157] synthesizing module 'TrapController' [/home/khwl/Desktop/RV-IM100/RV64s/SoCs/RV64IM_7SP/RV64IM72F_7SP_FPGA.srcs/sources_1/imports/FPGA_SoC/modules/Trap_Controller.v:3]
	Parameter XLEN bound to: 64 - type: integer 
INFO: [Synth 8-6155] done synthesizing module 'TrapController' (0#1) [/home/khwl/Desktop/RV-IM100/RV64s/SoCs/RV64IM_7SP/RV64IM72F_7SP_FPGA.srcs/sources_1/imports/FPGA_SoC/modules/Trap_Controller.v:3]
WARNING: [Synth 8-7071] port 'ic_clean' of module 'TrapController' is unconnected for instance 'trap_controller' [/home/khwl/Desktop/RV-IM100/RV64s/SoCs/RV64IM_7SP/RV64IM72F_7SP_FPGA.srcs/sources_1/imports/FPGA_SoC/modules/RV64IM72F_6SP.v:666]
WARNING: [Synth 8-7023] instance 'trap_controller' of module 'TrapController' has 21 connections declared, but only 20 given [/home/khwl/Desktop/RV-IM100/RV64s/SoCs/RV64IM_7SP/RV64IM72F_7SP_FPGA.srcs/sources_1/imports/FPGA_SoC/modules/RV64IM72F_6SP.v:666]
INFO: [Synth 8-6157] synthesizing module 'IF_IO_Register' [/home/khwl/Desktop/RV-IM100/RV64s/SoCs/RV64IM_7SP/RV64IM72F_7SP_FPGA.srcs/sources_1/imports/FPGA_SoC/modules/IF_IO_Register.v:3]
	Parameter XLEN bound to: 64 - type: integer 
INFO: [Synth 8-6155] done synthesizing module 'IF_IO_Register' (0#1) [/home/khwl/Desktop/RV-IM100/RV64s/SoCs/RV64IM_7SP/RV64IM72F_7SP_FPGA.srcs/sources_1/imports/FPGA_SoC/modules/IF_IO_Register.v:3]
WARNING: [Synth 8-7071] port 'EX2_jump' of module 'IF_IO_Register' is unconnected for instance 'if_io_register' [/home/khwl/Desktop/RV-IM100/RV64s/SoCs/RV64IM_7SP/RV64IM72F_7SP_FPGA.srcs/sources_1/imports/FPGA_SoC/modules/RV64IM72F_6SP.v:690]
WARNING: [Synth 8-7023] instance 'if_io_register' of module 'IF_IO_Register' has 16 connections declared, but only 15 given [/home/khwl/Desktop/RV-IM100/RV64s/SoCs/RV64IM_7SP/RV64IM72F_7SP_FPGA.srcs/sources_1/imports/FPGA_SoC/modules/RV64IM72F_6SP.v:690]
INFO: [Synth 8-6157] synthesizing module 'IO_ID_Register' [/home/khwl/Desktop/RV-IM100/RV64s/SoCs/RV64IM_7SP/RV64IM72F_7SP_FPGA.srcs/sources_1/imports/FPGA_SoC/modules/IO_ID_Register.v:1]
	Parameter XLEN bound to: 64 - type: integer 
INFO: [Synth 8-6155] done synthesizing module 'IO_ID_Register' (0#1) [/home/khwl/Desktop/RV-IM100/RV64s/SoCs/RV64IM_7SP/RV64IM72F_7SP_FPGA.srcs/sources_1/imports/FPGA_SoC/modules/IO_ID_Register.v:1]
INFO: [Synth 8-6157] synthesizing module 'ID_EX_Register' [/home/khwl/Desktop/RV-IM100/RV64s/SoCs/RV64IM_7SP/RV64IM72F_7SP_FPGA.srcs/sources_1/imports/FPGA_SoC/modules/ID_EX_Register.v:1]
	Parameter XLEN bound to: 64 - type: integer 
INFO: [Synth 8-6155] done synthesizing module 'ID_EX_Register' (0#1) [/home/khwl/Desktop/RV-IM100/RV64s/SoCs/RV64IM_7SP/RV64IM72F_7SP_FPGA.srcs/sources_1/imports/FPGA_SoC/modules/ID_EX_Register.v:1]
INFO: [Synth 8-6157] synthesizing module 'EX_EX2_Register' [/home/khwl/Desktop/RV-IM100/RV64s/SoCs/RV64IM_7SP/RV64IM72F_7SP_FPGA.srcs/sources_1/imports/FPGA_SoC/modules/EX_EX2_Register.v:1]
	Parameter XLEN bound to: 64 - type: integer 
INFO: [Synth 8-6155] done synthesizing module 'EX_EX2_Register' (0#1) [/home/khwl/Desktop/RV-IM100/RV64s/SoCs/RV64IM_7SP/RV64IM72F_7SP_FPGA.srcs/sources_1/imports/FPGA_SoC/modules/EX_EX2_Register.v:1]
INFO: [Synth 8-6157] synthesizing module 'EX_MEM_Register' [/home/khwl/Desktop/RV-IM100/RV64s/SoCs/RV64IM_7SP/RV64IM72F_7SP_FPGA.srcs/sources_1/imports/FPGA_SoC/modules/EX_MEM_Register.v:1]
	Parameter XLEN bound to: 64 - type: integer 
INFO: [Synth 8-6155] done synthesizing module 'EX_MEM_Register' (0#1) [/home/khwl/Desktop/RV-IM100/RV64s/SoCs/RV64IM_7SP/RV64IM72F_7SP_FPGA.srcs/sources_1/imports/FPGA_SoC/modules/EX_MEM_Register.v:1]
INFO: [Synth 8-6157] synthesizing module 'MEM_WB_Register' [/home/khwl/Desktop/RV-IM100/RV64s/SoCs/RV64IM_7SP/RV64IM72F_7SP_FPGA.srcs/sources_1/imports/FPGA_SoC/modules/MEM_WB_Register.v:1]
	Parameter XLEN bound to: 64 - type: integer 
INFO: [Synth 8-6155] done synthesizing module 'MEM_WB_Register' (0#1) [/home/khwl/Desktop/RV-IM100/RV64s/SoCs/RV64IM_7SP/RV64IM72F_7SP_FPGA.srcs/sources_1/imports/FPGA_SoC/modules/MEM_WB_Register.v:1]
INFO: [Synth 8-6155] done synthesizing module 'RV64IM72F6SP' (0#1) [/home/khwl/Desktop/RV-IM100/RV64s/SoCs/RV64IM_7SP/RV64IM72F_7SP_FPGA.srcs/sources_1/imports/FPGA_SoC/modules/RV64IM72F_6SP.v:5]
INFO: [Synth 8-6155] done synthesizing module 'RV64IM72F5SPSoCTOP' (0#1) [/home/khwl/Desktop/RV-IM100/RV64s/SoCs/RV64IM_7SP/RV64IM72F_7SP_FPGA.srcs/sources_1/imports/FPGA_SoC/modules/72F6SP_SoC_TOP.v:1]
WARNING: [Synth 8-6014] Unused sequential element branch_prediction_reg was removed.  [/home/khwl/Desktop/RV-IM100/RV64s/SoCs/RV64IM_7SP/RV64IM72F_7SP_FPGA.srcs/sources_1/imports/FPGA_SoC/modules/Branch_Predictor.v:35]
WARNING: [Synth 8-6014] Unused sequential element new_word_reg was removed.  [/home/khwl/Desktop/RV-IM100/RV64s/SoCs/RV64IM_7SP/RV64IM72F_7SP_FPGA.srcs/sources_1/imports/FPGA_SoC/modules/Data_Memory.v:46]
WARNING: [Synth 8-7129] Port EX2_jump in module IF_IO_Register is either unconnected or has no load
WARNING: [Synth 8-7129] Port ID_pc[63] in module TrapController is either unconnected or has no load
WARNING: [Synth 8-7129] Port ID_pc[62] in module TrapController is either unconnected or has no load
WARNING: [Synth 8-7129] Port ID_pc[61] in module TrapController is either unconnected or has no load
WARNING: [Synth 8-7129] Port ID_pc[60] in module TrapController is either unconnected or has no load
WARNING: [Synth 8-7129] Port ID_pc[59] in module TrapController is either unconnected or has no load
WARNING: [Synth 8-7129] Port ID_pc[58] in module TrapController is either unconnected or has no load
WARNING: [Synth 8-7129] Port ID_pc[57] in module TrapController is either unconnected or has no load
WARNING: [Synth 8-7129] Port ID_pc[56] in module TrapController is either unconnected or has no load
WARNING: [Synth 8-7129] Port ID_pc[55] in module TrapController is either unconnected or has no load
WARNING: [Synth 8-7129] Port ID_pc[54] in module TrapController is either unconnected or has no load
WARNING: [Synth 8-7129] Port ID_pc[53] in module TrapController is either unconnected or has no load
WARNING: [Synth 8-7129] Port ID_pc[52] in module TrapController is either unconnected or has no load
WARNING: [Synth 8-7129] Port ID_pc[51] in module TrapController is either unconnected or has no load
WARNING: [Synth 8-7129] Port ID_pc[50] in module TrapController is either unconnected or has no load
WARNING: [Synth 8-7129] Port ID_pc[49] in module TrapController is either unconnected or has no load
WARNING: [Synth 8-7129] Port ID_pc[48] in module TrapController is either unconnected or has no load
WARNING: [Synth 8-7129] Port ID_pc[47] in module TrapController is either unconnected or has no load
WARNING: [Synth 8-7129] Port ID_pc[46] in module TrapController is either unconnected or has no load
WARNING: [Synth 8-7129] Port ID_pc[45] in module TrapController is either unconnected or has no load
WARNING: [Synth 8-7129] Port ID_pc[44] in module TrapController is either unconnected or has no load
WARNING: [Synth 8-7129] Port ID_pc[43] in module TrapController is either unconnected or has no load
WARNING: [Synth 8-7129] Port ID_pc[42] in module TrapController is either unconnected or has no load
WARNING: [Synth 8-7129] Port ID_pc[41] in module TrapController is either unconnected or has no load
WARNING: [Synth 8-7129] Port ID_pc[40] in module TrapController is either unconnected or has no load
WARNING: [Synth 8-7129] Port ID_pc[39] in module TrapController is either unconnected or has no load
WARNING: [Synth 8-7129] Port ID_pc[38] in module TrapController is either unconnected or has no load
WARNING: [Synth 8-7129] Port ID_pc[37] in module TrapController is either unconnected or has no load
WARNING: [Synth 8-7129] Port ID_pc[36] in module TrapController is either unconnected or has no load
WARNING: [Synth 8-7129] Port ID_pc[35] in module TrapController is either unconnected or has no load
WARNING: [Synth 8-7129] Port ID_pc[34] in module TrapController is either unconnected or has no load
WARNING: [Synth 8-7129] Port ID_pc[33] in module TrapController is either unconnected or has no load
WARNING: [Synth 8-7129] Port ID_pc[32] in module TrapController is either unconnected or has no load
WARNING: [Synth 8-7129] Port ID_pc[31] in module TrapController is either unconnected or has no load
WARNING: [Synth 8-7129] Port ID_pc[30] in module TrapController is either unconnected or has no load
WARNING: [Synth 8-7129] Port ID_pc[29] in module TrapController is either unconnected or has no load
WARNING: [Synth 8-7129] Port ID_pc[28] in module TrapController is either unconnected or has no load
WARNING: [Synth 8-7129] Port ID_pc[27] in module TrapController is either unconnected or has no load
WARNING: [Synth 8-7129] Port ID_pc[26] in module TrapController is either unconnected or has no load
WARNING: [Synth 8-7129] Port ID_pc[25] in module TrapController is either unconnected or has no load
WARNING: [Synth 8-7129] Port ID_pc[24] in module TrapController is either unconnected or has no load
WARNING: [Synth 8-7129] Port ID_pc[23] in module TrapController is either unconnected or has no load
WARNING: [Synth 8-7129] Port ID_pc[22] in module TrapController is either unconnected or has no load
WARNING: [Synth 8-7129] Port ID_pc[21] in module TrapController is either unconnected or has no load
WARNING: [Synth 8-7129] Port ID_pc[20] in module TrapController is either unconnected or has no load
WARNING: [Synth 8-7129] Port ID_pc[19] in module TrapController is either unconnected or has no load
WARNING: [Synth 8-7129] Port ID_pc[18] in module TrapController is either unconnected or has no load
WARNING: [Synth 8-7129] Port ID_pc[17] in module TrapController is either unconnected or has no load
WARNING: [Synth 8-7129] Port ID_pc[16] in module TrapController is either unconnected or has no load
WARNING: [Synth 8-7129] Port ID_pc[15] in module TrapController is either unconnected or has no load
WARNING: [Synth 8-7129] Port ID_pc[14] in module TrapController is either unconnected or has no load
WARNING: [Synth 8-7129] Port ID_pc[13] in module TrapController is either unconnected or has no load
WARNING: [Synth 8-7129] Port ID_pc[12] in module TrapController is either unconnected or has no load
WARNING: [Synth 8-7129] Port ID_pc[11] in module TrapController is either unconnected or has no load
WARNING: [Synth 8-7129] Port ID_pc[10] in module TrapController is either unconnected or has no load
WARNING: [Synth 8-7129] Port ID_pc[9] in module TrapController is either unconnected or has no load
WARNING: [Synth 8-7129] Port ID_pc[8] in module TrapController is either unconnected or has no load
WARNING: [Synth 8-7129] Port ID_pc[7] in module TrapController is either unconnected or has no load
WARNING: [Synth 8-7129] Port ID_pc[6] in module TrapController is either unconnected or has no load
WARNING: [Synth 8-7129] Port ID_pc[5] in module TrapController is either unconnected or has no load
WARNING: [Synth 8-7129] Port ID_pc[4] in module TrapController is either unconnected or has no load
WARNING: [Synth 8-7129] Port ID_pc[3] in module TrapController is either unconnected or has no load
WARNING: [Synth 8-7129] Port ID_pc[2] in module TrapController is either unconnected or has no load
WARNING: [Synth 8-7129] Port ID_pc[1] in module TrapController is either unconnected or has no load
WARNING: [Synth 8-7129] Port ID_pc[0] in module TrapController is either unconnected or has no load
WARNING: [Synth 8-7129] Port MEM_pc[63] in module TrapController is either unconnected or has no load
WARNING: [Synth 8-7129] Port MEM_pc[62] in module TrapController is either unconnected or has no load
WARNING: [Synth 8-7129] Port MEM_pc[61] in module TrapController is either unconnected or has no load
WARNING: [Synth 8-7129] Port MEM_pc[60] in module TrapController is either unconnected or has no load
WARNING: [Synth 8-7129] Port MEM_pc[59] in module TrapController is either unconnected or has no load
WARNING: [Synth 8-7129] Port MEM_pc[58] in module TrapController is either unconnected or has no load
WARNING: [Synth 8-7129] Port MEM_pc[57] in module TrapController is either unconnected or has no load
WARNING: [Synth 8-7129] Port MEM_pc[56] in module TrapController is either unconnected or has no load
WARNING: [Synth 8-7129] Port MEM_pc[55] in module TrapController is either unconnected or has no load
WARNING: [Synth 8-7129] Port MEM_pc[54] in module TrapController is either unconnected or has no load
WARNING: [Synth 8-7129] Port MEM_pc[53] in module TrapController is either unconnected or has no load
WARNING: [Synth 8-7129] Port MEM_pc[52] in module TrapController is either unconnected or has no load
WARNING: [Synth 8-7129] Port MEM_pc[51] in module TrapController is either unconnected or has no load
WARNING: [Synth 8-7129] Port MEM_pc[50] in module TrapController is either unconnected or has no load
WARNING: [Synth 8-7129] Port MEM_pc[49] in module TrapController is either unconnected or has no load
WARNING: [Synth 8-7129] Port MEM_pc[48] in module TrapController is either unconnected or has no load
WARNING: [Synth 8-7129] Port MEM_pc[47] in module TrapController is either unconnected or has no load
WARNING: [Synth 8-7129] Port MEM_pc[46] in module TrapController is either unconnected or has no load
WARNING: [Synth 8-7129] Port MEM_pc[45] in module TrapController is either unconnected or has no load
WARNING: [Synth 8-7129] Port MEM_pc[44] in module TrapController is either unconnected or has no load
WARNING: [Synth 8-7129] Port MEM_pc[43] in module TrapController is either unconnected or has no load
WARNING: [Synth 8-7129] Port MEM_pc[42] in module TrapController is either unconnected or has no load
WARNING: [Synth 8-7129] Port MEM_pc[41] in module TrapController is either unconnected or has no load
WARNING: [Synth 8-7129] Port MEM_pc[40] in module TrapController is either unconnected or has no load
WARNING: [Synth 8-7129] Port MEM_pc[39] in module TrapController is either unconnected or has no load
WARNING: [Synth 8-7129] Port MEM_pc[38] in module TrapController is either unconnected or has no load
WARNING: [Synth 8-7129] Port MEM_pc[37] in module TrapController is either unconnected or has no load
WARNING: [Synth 8-7129] Port MEM_pc[36] in module TrapController is either unconnected or has no load
WARNING: [Synth 8-7129] Port MEM_pc[35] in module TrapController is either unconnected or has no load
WARNING: [Synth 8-7129] Port MEM_pc[34] in module TrapController is either unconnected or has no load
WARNING: [Synth 8-7129] Port MEM_pc[33] in module TrapController is either unconnected or has no load
WARNING: [Synth 8-7129] Port MEM_pc[32] in module TrapController is either unconnected or has no load
WARNING: [Synth 8-7129] Port MEM_pc[31] in module TrapController is either unconnected or has no load
WARNING: [Synth 8-7129] Port MEM_pc[30] in module TrapController is either unconnected or has no load
WARNING: [Synth 8-7129] Port MEM_pc[29] in module TrapController is either unconnected or has no load
INFO: [Common 17-14] Message 'Synth 8-7129' appears 100 times and further instances of the messages will be disabled. Use the Tcl command set_msg_config to change the current settings.
---------------------------------------------------------------------------------
Finished RTL Elaboration : Time (s): cpu = 00:00:03 ; elapsed = 00:00:03 . Memory (MB): peak = 2376.543 ; gain = 610.094 ; free physical = 16067 ; free virtual = 31208
---------------------------------------------------------------------------------
---------------------------------------------------------------------------------
Start Handling Custom Attributes
---------------------------------------------------------------------------------
---------------------------------------------------------------------------------
Finished Handling Custom Attributes : Time (s): cpu = 00:00:03 ; elapsed = 00:00:03 . Memory (MB): peak = 2379.512 ; gain = 613.062 ; free physical = 16067 ; free virtual = 31208
---------------------------------------------------------------------------------
---------------------------------------------------------------------------------
Finished RTL Optimization Phase 1 : Time (s): cpu = 00:00:03 ; elapsed = 00:00:03 . Memory (MB): peak = 2379.512 ; gain = 613.062 ; free physical = 16067 ; free virtual = 31208
---------------------------------------------------------------------------------
Netlist sorting complete. Time (s): cpu = 00:00:00.04 ; elapsed = 00:00:00.04 . Memory (MB): peak = 2383.512 ; gain = 0.000 ; free physical = 16067 ; free virtual = 31208
INFO: [Project 1-570] Preparing netlist for logic optimization

Processing XDC Constraints
Initializing timing engine
Parsing XDC File [/home/khwl/Desktop/RV-IM100/RV64s/SoCs/RV64IM_7SP/RV64IM72F_7SP_FPGA.gen/sources_1/ip/clk_wiz_0/clk_wiz_0/clk_wiz_0_in_context.xdc] for cell 'clk_gen'
Finished Parsing XDC File [/home/khwl/Desktop/RV-IM100/RV64s/SoCs/RV64IM_7SP/RV64IM72F_7SP_FPGA.gen/sources_1/ip/clk_wiz_0/clk_wiz_0/clk_wiz_0_in_context.xdc] for cell 'clk_gen'
Parsing XDC File [/home/khwl/Desktop/RV-IM100/RV64s/SoCs/RV64IM_7SP/RV64IM72F_7SP_FPGA.srcs/constrs_1/imports/FPGA_SoC/RV32I46F_5SP_Debug_XDC.xdc]
Finished Parsing XDC File [/home/khwl/Desktop/RV-IM100/RV64s/SoCs/RV64IM_7SP/RV64IM72F_7SP_FPGA.srcs/constrs_1/imports/FPGA_SoC/RV32I46F_5SP_Debug_XDC.xdc]
INFO: [Project 1-236] Implementation specific constraints were found while reading constraint file [/home/khwl/Desktop/RV-IM100/RV64s/SoCs/RV64IM_7SP/RV64IM72F_7SP_FPGA.srcs/constrs_1/imports/FPGA_SoC/RV32I46F_5SP_Debug_XDC.xdc]. These constraints will be ignored for synthesis but will be used in implementation. Impacted constraints are listed in the file [.Xil/RV64IM72F5SPSoCTOP_propImpl.xdc].
Resolution: To avoid this warning, move constraints listed in [.Xil/RV64IM72F5SPSoCTOP_propImpl.xdc] to another XDC file and exclude this new file from synthesis with the used_in_synthesis property (File Properties dialog in GUI) and re-run elaboration/synthesis.
Completed Processing XDC Constraints

Netlist sorting complete. Time (s): cpu = 00:00:00 ; elapsed = 00:00:00 . Memory (MB): peak = 2495.977 ; gain = 0.000 ; free physical = 16059 ; free virtual = 31200
INFO: [Project 1-111] Unisim Transformation Summary:
No Unisim elements were transformed.

Constraint Validation Runtime : Time (s): cpu = 00:00:00.01 ; elapsed = 00:00:00.01 . Memory (MB): peak = 2496.012 ; gain = 0.000 ; free physical = 16059 ; free virtual = 31200
INFO: [Designutils 20-5440] No compile time benefit to using incremental synthesis; A full resynthesis will be run
INFO: [Designutils 20-4379] Flow is switching to default flow due to incremental criteria not met. If you would like to alter this behaviour and have the flow terminate instead, please set the following parameter config_implementation {autoIncr.Synth.RejectBehavior Terminate}
---------------------------------------------------------------------------------
Finished Constraint Validation : Time (s): cpu = 00:00:07 ; elapsed = 00:00:07 . Memory (MB): peak = 2496.012 ; gain = 729.562 ; free physical = 16066 ; free virtual = 31209
---------------------------------------------------------------------------------
---------------------------------------------------------------------------------
Start Loading Part and Timing Information
---------------------------------------------------------------------------------
Loading part: xc7a200tsbg484-1
---------------------------------------------------------------------------------
Finished Loading Part and Timing Information : Time (s): cpu = 00:00:07 ; elapsed = 00:00:07 . Memory (MB): peak = 2503.980 ; gain = 737.531 ; free physical = 16065 ; free virtual = 31208
---------------------------------------------------------------------------------
---------------------------------------------------------------------------------
Start Applying 'set_property' XDC Constraints
---------------------------------------------------------------------------------
---------------------------------------------------------------------------------
Finished applying 'set_property' XDC Constraints : Time (s): cpu = 00:00:07 ; elapsed = 00:00:07 . Memory (MB): peak = 2503.980 ; gain = 737.531 ; free physical = 16065 ; free virtual = 31208
---------------------------------------------------------------------------------
INFO: [Synth 8-802] inferred FSM for state register 'stage_reg' in module 'Multiplier_WORD'
INFO: [Synth 8-802] inferred FSM for state register 'stage_reg' in module 'Multiplier_DWORD'
INFO: [Synth 8-802] inferred FSM for state register 'state_reg' in module 'Divider_WORD'
INFO: [Synth 8-802] inferred FSM for state register 'state_reg' in module 'Divider_DWORD'
INFO: [Synth 8-802] inferred FSM for state register 'trap_handle_state_reg' in module 'TrapController'
---------------------------------------------------------------------------------------------------
                   State |                     New Encoding |                Previous Encoding 
---------------------------------------------------------------------------------------------------
                  iSTATE |                             0001 |                               00
                 iSTATE0 |                             0010 |                               01
                 iSTATE1 |                             0100 |                               10
                 iSTATE2 |                             1000 |                               11
---------------------------------------------------------------------------------------------------
INFO: [Synth 8-3354] encoded FSM with state register 'stage_reg' using encoding 'one-hot' in module 'Multiplier_WORD'
---------------------------------------------------------------------------------------------------
                   State |                     New Encoding |                Previous Encoding 
---------------------------------------------------------------------------------------------------
                  iSTATE |                             0001 |                               00
                 iSTATE0 |                             0010 |                               01
                 iSTATE1 |                             0100 |                               10
                 iSTATE2 |                             1000 |                               11
---------------------------------------------------------------------------------------------------
INFO: [Synth 8-3354] encoded FSM with state register 'stage_reg' using encoding 'one-hot' in module 'Multiplier_DWORD'
---------------------------------------------------------------------------------------------------
                   State |                     New Encoding |                Previous Encoding 
---------------------------------------------------------------------------------------------------
                    IDLE |                             0001 |                              000
              INITIALIZE |                             0010 |                              001
               CALCULATE |                             0100 |                              010
                FINALIZE |                             1000 |                              011
---------------------------------------------------------------------------------------------------
INFO: [Synth 8-3354] encoded FSM with state register 'state_reg' using encoding 'one-hot' in module 'Divider_WORD'
---------------------------------------------------------------------------------------------------
                   State |                     New Encoding |                Previous Encoding 
---------------------------------------------------------------------------------------------------
                    IDLE |                             0001 |                               00
              INITIALIZE |                             0010 |                               01
               CALCULATE |                             0100 |                               10
                FINALIZE |                             1000 |                               11
---------------------------------------------------------------------------------------------------
INFO: [Synth 8-3354] encoded FSM with state register 'state_reg' using encoding 'one-hot' in module 'Divider_DWORD'
---------------------------------------------------------------------------------------------------
                   State |                     New Encoding |                Previous Encoding 
---------------------------------------------------------------------------------------------------
                    IDLE |                      00000000001 |                             0000
               READ_MEPC |                      00000000010 |                             0100
             RETURN_MRET |                      00000000100 |                             0110
             MEM_STANDBY |                      00000001000 |                             0111
              WB_STANDBY |                      00000010000 |                             1000
            RTRE_STANDBY |                      00000100000 |                             1001
        ECALL_MEPC_WRITE |                      00001000000 |                             1010
              WRITE_MEPC |                      00010000000 |                             0001
            WRITE_MCAUSE |                      00100000000 |                             0010
              READ_MTVEC |                      01000000000 |                             0011
              GOTO_MTVEC |                      10000000000 |                             0101
---------------------------------------------------------------------------------------------------
INFO: [Synth 8-3354] encoded FSM with state register 'trap_handle_state_reg' using encoding 'one-hot' in module 'TrapController'
---------------------------------------------------------------------------------
Finished RTL Optimization Phase 2 : Time (s): cpu = 00:00:08 ; elapsed = 00:00:08 . Memory (MB): peak = 2503.980 ; gain = 737.531 ; free physical = 16072 ; free virtual = 31215
---------------------------------------------------------------------------------
---------------------------------------------------------------------------------
Start RTL Component Statistics 
---------------------------------------------------------------------------------
Detailed RTL Component Info : 
+---Adders : 
	   4 Input  128 Bit       Adders := 1     
	   3 Input   65 Bit       Adders := 1     
	   2 Input   64 Bit       Adders := 10    
	   3 Input   64 Bit       Adders := 1     
	   3 Input   33 Bit       Adders := 1     
	   2 Input   32 Bit       Adders := 2     
	   3 Input   32 Bit       Adders := 1     
	   2 Input   19 Bit       Adders := 1     
	   2 Input    9 Bit       Adders := 1     
	   2 Input    7 Bit       Adders := 1     
	   2 Input    6 Bit       Adders := 1     
	   2 Input    4 Bit       Adders := 1     
+---XORs : 
	   2 Input     64 Bit         XORs := 1     
	   2 Input      1 Bit         XORs := 4     
+---Registers : 
	              128 Bit    Registers := 1     
	               64 Bit    Registers := 58    
	               32 Bit    Registers := 15    
	               20 Bit    Registers := 5     
	               16 Bit    Registers := 1     
	               10 Bit    Registers := 1     
	                8 Bit    Registers := 1     
	                7 Bit    Registers := 7     
	                6 Bit    Registers := 2     
	                5 Bit    Registers := 11    
	                4 Bit    Registers := 1     
	                3 Bit    Registers := 11    
	                2 Bit    Registers := 2     
	                1 Bit    Registers := 54    
+---Multipliers : 
	              32x32  Multipliers := 5     
+---RAMs : 
	             512K Bit	(8192 X 64 bit)          RAMs := 1     
	               2K Bit	(32 X 64 bit)          RAMs := 1     
+---ROMs : 
	                    ROMs := 1     
+---Muxes : 
	   2 Input  128 Bit        Muxes := 2     
	   4 Input  128 Bit        Muxes := 1     
	   2 Input   64 Bit        Muxes := 41    
	   4 Input   64 Bit        Muxes := 4     
	   3 Input   64 Bit        Muxes := 5     
	  11 Input   64 Bit        Muxes := 2     
	   5 Input   64 Bit        Muxes := 2     
	   2 Input   32 Bit        Muxes := 14    
	   3 Input   32 Bit        Muxes := 2     
	   2 Input   20 Bit        Muxes := 2     
	   2 Input   19 Bit        Muxes := 2     
	   4 Input   16 Bit        Muxes := 1     
	   2 Input   12 Bit        Muxes := 2     
	  17 Input   11 Bit        Muxes := 1     
	   3 Input   10 Bit        Muxes := 2     
	   2 Input   10 Bit        Muxes := 2     
	  11 Input   10 Bit        Muxes := 1     
	   2 Input    9 Bit        Muxes := 2     
	   4 Input    8 Bit        Muxes := 1     
	   2 Input    8 Bit        Muxes := 5     
	   3 Input    8 Bit        Muxes := 1     
	   8 Input    8 Bit        Muxes := 1     
	   5 Input    8 Bit        Muxes := 1     
	   4 Input    7 Bit        Muxes := 1     
	   2 Input    7 Bit        Muxes := 1     
	   4 Input    6 Bit        Muxes := 1     
	   2 Input    6 Bit        Muxes := 1     
	   7 Input    5 Bit        Muxes := 2     
	   2 Input    5 Bit        Muxes := 1     
	   8 Input    5 Bit        Muxes := 1     
	   4 Input    4 Bit        Muxes := 2     
	   2 Input    4 Bit        Muxes := 4     
	   3 Input    4 Bit        Muxes := 1     
	   2 Input    3 Bit        Muxes := 5     
	   5 Input    3 Bit        Muxes := 5     
	   3 Input    3 Bit        Muxes := 3     
	   8 Input    2 Bit        Muxes := 1     
	   2 Input    2 Bit        Muxes := 6     
	   3 Input    2 Bit        Muxes := 2     
	   4 Input    1 Bit        Muxes := 18    
	   2 Input    1 Bit        Muxes := 56    
	   3 Input    1 Bit        Muxes := 17    
	  11 Input    1 Bit        Muxes := 6     
---------------------------------------------------------------------------------
Finished RTL Component Statistics 
---------------------------------------------------------------------------------
---------------------------------------------------------------------------------
Start Part Resource Summary
---------------------------------------------------------------------------------
Part Resources:
DSPs: 740 (col length:100)
BRAMs: 730 (col length: RAMB18 100 RAMB36 50)
---------------------------------------------------------------------------------
Finished Part Resource Summary
---------------------------------------------------------------------------------
---------------------------------------------------------------------------------
Start Cross Boundary and Area Optimization
---------------------------------------------------------------------------------
DSP Report: Generating DSP mult_AHBL, operation Mode is: A*B.
DSP Report: operator mult_AHBL is absorbed into DSP mult_AHBL.
DSP Report: operator mult_AHBL is absorbed into DSP mult_AHBL.
DSP Report: Generating DSP mult_AHBL, operation Mode is: (PCIN>>17)+A*B.
DSP Report: operator mult_AHBL is absorbed into DSP mult_AHBL.
DSP Report: operator mult_AHBL is absorbed into DSP mult_AHBL.
DSP Report: Generating DSP mult_AHBL, operation Mode is: A*B.
DSP Report: operator mult_AHBL is absorbed into DSP mult_AHBL.
DSP Report: operator mult_AHBL is absorbed into DSP mult_AHBL.
DSP Report: Generating DSP mult_AHBL, operation Mode is: (PCIN>>17)+A*B.
DSP Report: operator mult_AHBL is absorbed into DSP mult_AHBL.
DSP Report: operator mult_AHBL is absorbed into DSP mult_AHBL.
DSP Report: Generating DSP mult_ALBH, operation Mode is: A*B.
DSP Report: operator mult_ALBH is absorbed into DSP mult_ALBH.
DSP Report: operator mult_ALBH is absorbed into DSP mult_ALBH.
DSP Report: Generating DSP mult_ALBH, operation Mode is: (PCIN>>17)+A*B.
DSP Report: operator mult_ALBH is absorbed into DSP mult_ALBH.
DSP Report: operator mult_ALBH is absorbed into DSP mult_ALBH.
DSP Report: Generating DSP mult_ALBH, operation Mode is: A*B.
DSP Report: operator mult_ALBH is absorbed into DSP mult_ALBH.
DSP Report: operator mult_ALBH is absorbed into DSP mult_ALBH.
DSP Report: Generating DSP mult_ALBH, operation Mode is: (PCIN>>17)+A*B.
DSP Report: operator mult_ALBH is absorbed into DSP mult_ALBH.
DSP Report: operator mult_ALBH is absorbed into DSP mult_ALBH.
DSP Report: Generating DSP mult_ALBL, operation Mode is: A*B.
DSP Report: operator mult_ALBL is absorbed into DSP mult_ALBL.
DSP Report: operator mult_ALBL is absorbed into DSP mult_ALBL.
DSP Report: Generating DSP mult_ALBL, operation Mode is: (PCIN>>17)+A*B.
DSP Report: operator mult_ALBL is absorbed into DSP mult_ALBL.
DSP Report: operator mult_ALBL is absorbed into DSP mult_ALBL.
DSP Report: Generating DSP mult_ALBL, operation Mode is: A*B.
DSP Report: operator mult_ALBL is absorbed into DSP mult_ALBL.
DSP Report: operator mult_ALBL is absorbed into DSP mult_ALBL.
DSP Report: Generating DSP mult_ALBL, operation Mode is: (PCIN>>17)+A*B.
DSP Report: operator mult_ALBL is absorbed into DSP mult_ALBL.
DSP Report: operator mult_ALBL is absorbed into DSP mult_ALBL.
DSP Report: Generating DSP mult_AHBH, operation Mode is: A*B.
DSP Report: operator mult_AHBH is absorbed into DSP mult_AHBH.
DSP Report: operator mult_AHBH is absorbed into DSP mult_AHBH.
DSP Report: Generating DSP mult_AHBH, operation Mode is: (PCIN>>17)+A*B.
DSP Report: operator mult_AHBH is absorbed into DSP mult_AHBH.
DSP Report: operator mult_AHBH is absorbed into DSP mult_AHBH.
DSP Report: Generating DSP mult_AHBH, operation Mode is: A*B.
DSP Report: operator mult_AHBH is absorbed into DSP mult_AHBH.
DSP Report: operator mult_AHBH is absorbed into DSP mult_AHBH.
DSP Report: Generating DSP mult_AHBH, operation Mode is: (PCIN>>17)+A*B.
DSP Report: operator mult_AHBH is absorbed into DSP mult_AHBH.
DSP Report: operator mult_AHBH is absorbed into DSP mult_AHBH.
DSP Report: Generating DSP multiplier_word/mult_result, operation Mode is: A*B.
DSP Report: operator multiplier_word/mult_result is absorbed into DSP multiplier_word/mult_result.
DSP Report: operator multiplier_word/mult_result is absorbed into DSP multiplier_word/mult_result.
DSP Report: Generating DSP multiplier_word/mult_result, operation Mode is: (PCIN>>17)+A*B.
DSP Report: operator multiplier_word/mult_result is absorbed into DSP multiplier_word/mult_result.
DSP Report: operator multiplier_word/mult_result is absorbed into DSP multiplier_word/mult_result.
DSP Report: Generating DSP multiplier_word/mult_result, operation Mode is: A*B.
DSP Report: operator multiplier_word/mult_result is absorbed into DSP multiplier_word/mult_result.
DSP Report: operator multiplier_word/mult_result is absorbed into DSP multiplier_word/mult_result.
DSP Report: Generating DSP multiplier_word/mult_result, operation Mode is: (PCIN>>17)+A*B.
DSP Report: operator multiplier_word/mult_result is absorbed into DSP multiplier_word/mult_result.
DSP Report: operator multiplier_word/mult_result is absorbed into DSP multiplier_word/mult_result.
WARNING: [Synth 8-3332] Sequential element (prod_AHBL_s2_reg[47]) is unused and will be removed from module Multiplier_DWORD.
WARNING: [Synth 8-3332] Sequential element (prod_AHBL_s2_reg[46]) is unused and will be removed from module Multiplier_DWORD.
WARNING: [Synth 8-3332] Sequential element (prod_AHBL_s2_reg[45]) is unused and will be removed from module Multiplier_DWORD.
WARNING: [Synth 8-3332] Sequential element (prod_AHBL_s2_reg[44]) is unused and will be removed from module Multiplier_DWORD.
WARNING: [Synth 8-3332] Sequential element (prod_AHBL_s2_reg[43]) is unused and will be removed from module Multiplier_DWORD.
WARNING: [Synth 8-3332] Sequential element (prod_AHBL_s2_reg[42]) is unused and will be removed from module Multiplier_DWORD.
WARNING: [Synth 8-3332] Sequential element (prod_AHBL_s2_reg[41]) is unused and will be removed from module Multiplier_DWORD.
WARNING: [Synth 8-3332] Sequential element (prod_AHBL_s2_reg[40]) is unused and will be removed from module Multiplier_DWORD.
WARNING: [Synth 8-3332] Sequential element (prod_AHBL_s2_reg[39]) is unused and will be removed from module Multiplier_DWORD.
WARNING: [Synth 8-3332] Sequential element (prod_AHBL_s2_reg[38]) is unused and will be removed from module Multiplier_DWORD.
WARNING: [Synth 8-3332] Sequential element (prod_AHBL_s2_reg[37]) is unused and will be removed from module Multiplier_DWORD.
WARNING: [Synth 8-3332] Sequential element (prod_AHBL_s2_reg[36]) is unused and will be removed from module Multiplier_DWORD.
WARNING: [Synth 8-3332] Sequential element (prod_AHBL_s2_reg[35]) is unused and will be removed from module Multiplier_DWORD.
WARNING: [Synth 8-3332] Sequential element (prod_AHBL_s2_reg[34]) is unused and will be removed from module Multiplier_DWORD.
WARNING: [Synth 8-3332] Sequential element (prod_AHBL_s2_reg[33]) is unused and will be removed from module Multiplier_DWORD.
WARNING: [Synth 8-3332] Sequential element (prod_AHBL_s2_reg[32]) is unused and will be removed from module Multiplier_DWORD.
WARNING: [Synth 8-3332] Sequential element (prod_AHBL_s2_reg[31]) is unused and will be removed from module Multiplier_DWORD.
WARNING: [Synth 8-3332] Sequential element (prod_AHBL_s2_reg[30]) is unused and will be removed from module Multiplier_DWORD.
WARNING: [Synth 8-3332] Sequential element (prod_AHBL_s2_reg[29]) is unused and will be removed from module Multiplier_DWORD.
WARNING: [Synth 8-3332] Sequential element (prod_AHBL_s2_reg[28]) is unused and will be removed from module Multiplier_DWORD.
WARNING: [Synth 8-3332] Sequential element (prod_AHBL_s2_reg[27]) is unused and will be removed from module Multiplier_DWORD.
WARNING: [Synth 8-3332] Sequential element (prod_AHBL_s2_reg[26]) is unused and will be removed from module Multiplier_DWORD.
WARNING: [Synth 8-3332] Sequential element (prod_AHBL_s2_reg[25]) is unused and will be removed from module Multiplier_DWORD.
WARNING: [Synth 8-3332] Sequential element (prod_AHBL_s2_reg[24]) is unused and will be removed from module Multiplier_DWORD.
WARNING: [Synth 8-3332] Sequential element (prod_AHBL_s2_reg[23]) is unused and will be removed from module Multiplier_DWORD.
WARNING: [Synth 8-3332] Sequential element (prod_AHBL_s2_reg[22]) is unused and will be removed from module Multiplier_DWORD.
WARNING: [Synth 8-3332] Sequential element (prod_AHBL_s2_reg[21]) is unused and will be removed from module Multiplier_DWORD.
WARNING: [Synth 8-3332] Sequential element (prod_AHBL_s2_reg[20]) is unused and will be removed from module Multiplier_DWORD.
WARNING: [Synth 8-3332] Sequential element (prod_AHBL_s2_reg[19]) is unused and will be removed from module Multiplier_DWORD.
WARNING: [Synth 8-3332] Sequential element (prod_AHBL_s2_reg[18]) is unused and will be removed from module Multiplier_DWORD.
WARNING: [Synth 8-3332] Sequential element (prod_AHBL_s2_reg[17]) is unused and will be removed from module Multiplier_DWORD.
WARNING: [Synth 8-3332] Sequential element (prod_AHBL_s2_reg[47]__0) is unused and will be removed from module Multiplier_DWORD.
WARNING: [Synth 8-3332] Sequential element (prod_AHBL_s2_reg[46]__0) is unused and will be removed from module Multiplier_DWORD.
WARNING: [Synth 8-3332] Sequential element (prod_AHBL_s2_reg[45]__0) is unused and will be removed from module Multiplier_DWORD.
WARNING: [Synth 8-3332] Sequential element (prod_AHBL_s2_reg[44]__0) is unused and will be removed from module Multiplier_DWORD.
WARNING: [Synth 8-3332] Sequential element (prod_AHBL_s2_reg[43]__0) is unused and will be removed from module Multiplier_DWORD.
WARNING: [Synth 8-3332] Sequential element (prod_AHBL_s2_reg[42]__0) is unused and will be removed from module Multiplier_DWORD.
WARNING: [Synth 8-3332] Sequential element (prod_AHBL_s2_reg[41]__0) is unused and will be removed from module Multiplier_DWORD.
WARNING: [Synth 8-3332] Sequential element (prod_AHBL_s2_reg[40]__0) is unused and will be removed from module Multiplier_DWORD.
WARNING: [Synth 8-3332] Sequential element (prod_AHBL_s2_reg[39]__0) is unused and will be removed from module Multiplier_DWORD.
WARNING: [Synth 8-3332] Sequential element (prod_AHBL_s2_reg[38]__0) is unused and will be removed from module Multiplier_DWORD.
WARNING: [Synth 8-3332] Sequential element (prod_AHBL_s2_reg[37]__0) is unused and will be removed from module Multiplier_DWORD.
WARNING: [Synth 8-3332] Sequential element (prod_AHBL_s2_reg[36]__0) is unused and will be removed from module Multiplier_DWORD.
WARNING: [Synth 8-3332] Sequential element (prod_AHBL_s2_reg[35]__0) is unused and will be removed from module Multiplier_DWORD.
WARNING: [Synth 8-3332] Sequential element (prod_AHBL_s2_reg[34]__0) is unused and will be removed from module Multiplier_DWORD.
WARNING: [Synth 8-3332] Sequential element (prod_AHBL_s2_reg[33]__0) is unused and will be removed from module Multiplier_DWORD.
WARNING: [Synth 8-3332] Sequential element (prod_AHBL_s2_reg[32]__0) is unused and will be removed from module Multiplier_DWORD.
WARNING: [Synth 8-3332] Sequential element (prod_AHBL_s2_reg[31]__0) is unused and will be removed from module Multiplier_DWORD.
WARNING: [Synth 8-3332] Sequential element (prod_AHBL_s2_reg[30]__0) is unused and will be removed from module Multiplier_DWORD.
WARNING: [Synth 8-3332] Sequential element (prod_AHBL_s2_reg[47]__1) is unused and will be removed from module Multiplier_DWORD.
WARNING: [Synth 8-3332] Sequential element (prod_AHBL_s2_reg[46]__1) is unused and will be removed from module Multiplier_DWORD.
WARNING: [Synth 8-3332] Sequential element (prod_AHBL_s2_reg[45]__1) is unused and will be removed from module Multiplier_DWORD.
WARNING: [Synth 8-3332] Sequential element (prod_AHBL_s2_reg[44]__1) is unused and will be removed from module Multiplier_DWORD.
WARNING: [Synth 8-3332] Sequential element (prod_AHBL_s2_reg[43]__1) is unused and will be removed from module Multiplier_DWORD.
WARNING: [Synth 8-3332] Sequential element (prod_AHBL_s2_reg[42]__1) is unused and will be removed from module Multiplier_DWORD.
WARNING: [Synth 8-3332] Sequential element (prod_AHBL_s2_reg[41]__1) is unused and will be removed from module Multiplier_DWORD.
WARNING: [Synth 8-3332] Sequential element (prod_AHBL_s2_reg[40]__1) is unused and will be removed from module Multiplier_DWORD.
WARNING: [Synth 8-3332] Sequential element (prod_AHBL_s2_reg[39]__1) is unused and will be removed from module Multiplier_DWORD.
WARNING: [Synth 8-3332] Sequential element (prod_AHBL_s2_reg[38]__1) is unused and will be removed from module Multiplier_DWORD.
WARNING: [Synth 8-3332] Sequential element (prod_AHBL_s2_reg[37]__1) is unused and will be removed from module Multiplier_DWORD.
WARNING: [Synth 8-3332] Sequential element (prod_AHBL_s2_reg[36]__1) is unused and will be removed from module Multiplier_DWORD.
WARNING: [Synth 8-3332] Sequential element (prod_AHBL_s2_reg[35]__1) is unused and will be removed from module Multiplier_DWORD.
WARNING: [Synth 8-3332] Sequential element (prod_AHBL_s2_reg[34]__1) is unused and will be removed from module Multiplier_DWORD.
WARNING: [Synth 8-3332] Sequential element (prod_AHBL_s2_reg[33]__1) is unused and will be removed from module Multiplier_DWORD.
WARNING: [Synth 8-3332] Sequential element (prod_AHBL_s2_reg[32]__1) is unused and will be removed from module Multiplier_DWORD.
WARNING: [Synth 8-3332] Sequential element (prod_AHBL_s2_reg[31]__1) is unused and will be removed from module Multiplier_DWORD.
WARNING: [Synth 8-3332] Sequential element (prod_AHBL_s2_reg[30]__1) is unused and will be removed from module Multiplier_DWORD.
WARNING: [Synth 8-3332] Sequential element (prod_AHBL_s2_reg[29]__1) is unused and will be removed from module Multiplier_DWORD.
WARNING: [Synth 8-3332] Sequential element (prod_AHBL_s2_reg[28]__1) is unused and will be removed from module Multiplier_DWORD.
WARNING: [Synth 8-3332] Sequential element (prod_AHBL_s2_reg[27]__1) is unused and will be removed from module Multiplier_DWORD.
WARNING: [Synth 8-3332] Sequential element (prod_AHBL_s2_reg[26]__1) is unused and will be removed from module Multiplier_DWORD.
WARNING: [Synth 8-3332] Sequential element (prod_AHBL_s2_reg[25]__1) is unused and will be removed from module Multiplier_DWORD.
WARNING: [Synth 8-3332] Sequential element (prod_AHBL_s2_reg[24]__1) is unused and will be removed from module Multiplier_DWORD.
WARNING: [Synth 8-3332] Sequential element (prod_AHBL_s2_reg[23]__1) is unused and will be removed from module Multiplier_DWORD.
WARNING: [Synth 8-3332] Sequential element (prod_AHBL_s2_reg[22]__1) is unused and will be removed from module Multiplier_DWORD.
WARNING: [Synth 8-3332] Sequential element (prod_AHBL_s2_reg[21]__1) is unused and will be removed from module Multiplier_DWORD.
WARNING: [Synth 8-3332] Sequential element (prod_AHBL_s2_reg[20]__1) is unused and will be removed from module Multiplier_DWORD.
WARNING: [Synth 8-3332] Sequential element (prod_AHBL_s2_reg[19]__1) is unused and will be removed from module Multiplier_DWORD.
WARNING: [Synth 8-3332] Sequential element (prod_AHBL_s2_reg[18]__1) is unused and will be removed from module Multiplier_DWORD.
WARNING: [Synth 8-3332] Sequential element (prod_AHBL_s2_reg[17]__1) is unused and will be removed from module Multiplier_DWORD.
WARNING: [Synth 8-3332] Sequential element (prod_AHBL_s2_reg[47]__2) is unused and will be removed from module Multiplier_DWORD.
WARNING: [Synth 8-3332] Sequential element (prod_ALBH_s2_reg[47]) is unused and will be removed from module Multiplier_DWORD.
WARNING: [Synth 8-3332] Sequential element (prod_ALBH_s2_reg[46]) is unused and will be removed from module Multiplier_DWORD.
WARNING: [Synth 8-3332] Sequential element (prod_ALBH_s2_reg[45]) is unused and will be removed from module Multiplier_DWORD.
WARNING: [Synth 8-3332] Sequential element (prod_ALBH_s2_reg[44]) is unused and will be removed from module Multiplier_DWORD.
WARNING: [Synth 8-3332] Sequential element (prod_ALBH_s2_reg[43]) is unused and will be removed from module Multiplier_DWORD.
WARNING: [Synth 8-3332] Sequential element (prod_ALBH_s2_reg[42]) is unused and will be removed from module Multiplier_DWORD.
WARNING: [Synth 8-3332] Sequential element (prod_ALBH_s2_reg[41]) is unused and will be removed from module Multiplier_DWORD.
WARNING: [Synth 8-3332] Sequential element (prod_ALBH_s2_reg[40]) is unused and will be removed from module Multiplier_DWORD.
WARNING: [Synth 8-3332] Sequential element (prod_ALBH_s2_reg[39]) is unused and will be removed from module Multiplier_DWORD.
WARNING: [Synth 8-3332] Sequential element (prod_ALBH_s2_reg[38]) is unused and will be removed from module Multiplier_DWORD.
WARNING: [Synth 8-3332] Sequential element (prod_ALBH_s2_reg[37]) is unused and will be removed from module Multiplier_DWORD.
WARNING: [Synth 8-3332] Sequential element (prod_ALBH_s2_reg[36]) is unused and will be removed from module Multiplier_DWORD.
WARNING: [Synth 8-3332] Sequential element (prod_ALBH_s2_reg[35]) is unused and will be removed from module Multiplier_DWORD.
WARNING: [Synth 8-3332] Sequential element (prod_ALBH_s2_reg[34]) is unused and will be removed from module Multiplier_DWORD.
WARNING: [Synth 8-3332] Sequential element (prod_ALBH_s2_reg[33]) is unused and will be removed from module Multiplier_DWORD.
WARNING: [Synth 8-3332] Sequential element (prod_ALBH_s2_reg[32]) is unused and will be removed from module Multiplier_DWORD.
WARNING: [Synth 8-3332] Sequential element (prod_ALBH_s2_reg[31]) is unused and will be removed from module Multiplier_DWORD.
WARNING: [Synth 8-3332] Sequential element (prod_ALBH_s2_reg[30]) is unused and will be removed from module Multiplier_DWORD.
WARNING: [Synth 8-3332] Sequential element (prod_ALBH_s2_reg[29]) is unused and will be removed from module Multiplier_DWORD.
INFO: [Common 17-14] Message 'Synth 8-3332' appears 100 times and further instances of the messages will be disabled. Use the Tcl command set_msg_config to change the current settings.
---------------------------------------------------------------------------------
Finished Cross Boundary and Area Optimization : Time (s): cpu = 00:02:12 ; elapsed = 00:02:12 . Memory (MB): peak = 2808.168 ; gain = 1041.719 ; free physical = 15850 ; free virtual = 31006
---------------------------------------------------------------------------------
 Sort Area is ALU mult_AHBH_0 : 0 0 : 3101 5879 : Used 1 time 100
 Sort Area is ALU mult_AHBH_0 : 0 1 : 2778 5879 : Used 1 time 100
 Sort Area is ALU mult_AHBL_a : 0 0 : 3101 5879 : Used 1 time 100
 Sort Area is ALU mult_AHBL_a : 0 1 : 2778 5879 : Used 1 time 100
 Sort Area is ALU mult_ALBH_8 : 0 0 : 3101 5879 : Used 1 time 100
 Sort Area is ALU mult_ALBH_8 : 0 1 : 2778 5879 : Used 1 time 100
 Sort Area is ALU mult_ALBL_6 : 0 0 : 3101 5879 : Used 1 time 100
 Sort Area is ALU mult_ALBL_6 : 0 1 : 2778 5879 : Used 1 time 100
 Sort Area is ALU multiplier_word/mult_result_c : 0 0 : 3101 5879 : Used 1 time 100
 Sort Area is ALU multiplier_word/mult_result_c : 0 1 : 2778 5879 : Used 1 time 100
 Sort Area is ALU mult_AHBH_3 : 0 0 : 2759 5418 : Used 1 time 100
 Sort Area is ALU mult_AHBH_3 : 0 1 : 2659 5418 : Used 1 time 100
 Sort Area is ALU mult_AHBL_b : 0 0 : 2759 5418 : Used 1 time 100
 Sort Area is ALU mult_AHBL_b : 0 1 : 2659 5418 : Used 1 time 100
 Sort Area is ALU mult_ALBH_9 : 0 0 : 2759 5418 : Used 1 time 100
 Sort Area is ALU mult_ALBH_9 : 0 1 : 2659 5418 : Used 1 time 100
 Sort Area is ALU mult_ALBL_7 : 0 0 : 2759 5418 : Used 1 time 100
 Sort Area is ALU mult_ALBL_7 : 0 1 : 2659 5418 : Used 1 time 100
 Sort Area is ALU multiplier_word/mult_result_d : 0 0 : 2759 5418 : Used 1 time 100
 Sort Area is ALU multiplier_word/mult_result_d : 0 1 : 2659 5418 : Used 1 time 100
---------------------------------------------------------------------------------
Start ROM, RAM, DSP, Shift Register and Retiming Reporting
---------------------------------------------------------------------------------

ROM: Preliminary Mapping Report
+------------------+------------+---------------+----------------+
|Module Name       | RTL Object | Depth x Width | Implemented As | 
+------------------+------------+---------------+----------------+
|InstructionMemory | data       | 8192x32       | LUT            | 
|InstructionMemory | data       | 8192x32       | LUT            | 
+------------------+------------+---------------+----------------+


Distributed RAM: Preliminary Mapping Report (see note below)
+-------------------------------+---------------+-----------+----------------------+-------------------+
|Module Name                    | RTL Object    | Inference | Size (Depth x Width) | Primitives        | 
+-------------------------------+---------------+-----------+----------------------+-------------------+
|rv64im72f_6spi_1/data_memory   | memory_reg    | Implied   | 8 K x 64             | RAM256X1S x 2048  | 
|rv64im72f_6spi_1/register_file | registers_reg | Implied   | 32 x 64              | RAM32M x 22       | 
+-------------------------------+---------------+-----------+----------------------+-------------------+

Note: The table above is a preliminary report that shows the Distributed RAMs at the current stage of the synthesis flow. Some Distributed RAMs may be reimplemented as non Distributed RAM primitives later in the synthesis flow. Multiple instantiated RAMs are reported only once.

DSP: Preliminary Mapping Report (see note below. The ' indicates corresponding REG is set)
+-----------------+----------------+--------+--------+--------+--------+--------+------+------+------+------+-------+------+------+
|Module Name      | DSP Mapping    | A Size | B Size | C Size | D Size | P Size | AREG | BREG | CREG | DREG | ADREG | MREG | PREG | 
+-----------------+----------------+--------+--------+--------+--------+--------+------+------+------+------+-------+------+------+
|Multiplier_DWORD | A*B            | 18     | 16     | -      | -      | 48     | 0    | 0    | -    | -    | -     | 0    | 0    | 
|Multiplier_DWORD | (PCIN>>17)+A*B | 16     | 16     | -      | -      | 48     | 0    | 0    | -    | -    | -     | 0    | 0    | 
|Multiplier_DWORD | A*B            | 18     | 18     | -      | -      | 48     | 0    | 0    | -    | -    | -     | 0    | 0    | 
|Multiplier_DWORD | (PCIN>>17)+A*B | 18     | 16     | -      | -      | 48     | 0    | 0    | -    | -    | -     | 0    | 0    | 
|Multiplier_DWORD | A*B            | 18     | 16     | -      | -      | 48     | 0    | 0    | -    | -    | -     | 0    | 0    | 
|Multiplier_DWORD | (PCIN>>17)+A*B | 16     | 16     | -      | -      | 48     | 0    | 0    | -    | -    | -     | 0    | 0    | 
|Multiplier_DWORD | A*B            | 18     | 18     | -      | -      | 48     | 0    | 0    | -    | -    | -     | 0    | 0    | 
|Multiplier_DWORD | (PCIN>>17)+A*B | 18     | 16     | -      | -      | 48     | 0    | 0    | -    | -    | -     | 0    | 0    | 
|Multiplier_DWORD | A*B            | 18     | 16     | -      | -      | 48     | 0    | 0    | -    | -    | -     | 0    | 0    | 
|Multiplier_DWORD | (PCIN>>17)+A*B | 16     | 16     | -      | -      | 48     | 0    | 0    | -    | -    | -     | 0    | 0    | 
|Multiplier_DWORD | A*B            | 18     | 18     | -      | -      | 48     | 0    | 0    | -    | -    | -     | 0    | 0    | 
|Multiplier_DWORD | (PCIN>>17)+A*B | 18     | 16     | -      | -      | 48     | 0    | 0    | -    | -    | -     | 0    | 0    | 
|Multiplier_DWORD | A*B            | 18     | 16     | -      | -      | 48     | 0    | 0    | -    | -    | -     | 0    | 0    | 
|Multiplier_DWORD | (PCIN>>17)+A*B | 16     | 16     | -      | -      | 48     | 0    | 0    | -    | -    | -     | 0    | 0    | 
|Multiplier_DWORD | A*B            | 18     | 18     | -      | -      | 48     | 0    | 0    | -    | -    | -     | 0    | 0    | 
|Multiplier_DWORD | (PCIN>>17)+A*B | 18     | 16     | -      | -      | 48     | 0    | 0    | -    | -    | -     | 0    | 0    | 
|ALU              | A*B            | 18     | 16     | -      | -      | 48     | 0    | 0    | -    | -    | -     | 0    | 0    | 
|ALU              | (PCIN>>17)+A*B | 16     | 16     | -      | -      | 48     | 0    | 0    | -    | -    | -     | 0    | 0    | 
|ALU              | A*B            | 18     | 18     | -      | -      | 48     | 0    | 0    | -    | -    | -     | 0    | 0    | 
|ALU              | (PCIN>>17)+A*B | 18     | 16     | -      | -      | 48     | 0    | 0    | -    | -    | -     | 0    | 0    | 
+-----------------+----------------+--------+--------+--------+--------+--------+------+------+------+------+-------+------+------+

Note: The table above is a preliminary report that shows the DSPs inferred at the current stage of the synthesis flow. Some DSP may be reimplemented as non DSP primitives later in the synthesis flow. Multiple instantiated DSPs are reported only once.
---------------------------------------------------------------------------------
Finished ROM, RAM, DSP, Shift Register and Retiming Reporting
---------------------------------------------------------------------------------
---------------------------------------------------------------------------------
Start Applying XDC Timing Constraints
---------------------------------------------------------------------------------
---------------------------------------------------------------------------------
Finished Applying XDC Timing Constraints : Time (s): cpu = 00:02:15 ; elapsed = 00:02:15 . Memory (MB): peak = 2808.168 ; gain = 1041.719 ; free physical = 15855 ; free virtual = 31013
---------------------------------------------------------------------------------
---------------------------------------------------------------------------------
Start Timing Optimization
---------------------------------------------------------------------------------
---------------------------------------------------------------------------------
Finished Timing Optimization : Time (s): cpu = 00:02:20 ; elapsed = 00:02:21 . Memory (MB): peak = 2808.168 ; gain = 1041.719 ; free physical = 15862 ; free virtual = 31020
---------------------------------------------------------------------------------
---------------------------------------------------------------------------------
Start ROM, RAM, DSP, Shift Register and Retiming Reporting
---------------------------------------------------------------------------------

Distributed RAM: Final Mapping Report
+-------------------------------+---------------+-----------+----------------------+-------------------+
|Module Name                    | RTL Object    | Inference | Size (Depth x Width) | Primitives        | 
+-------------------------------+---------------+-----------+----------------------+-------------------+
|rv64im72f_6spi_1/data_memory   | memory_reg    | Implied   | 8 K x 64             | RAM256X1S x 2048  | 
|rv64im72f_6spi_1/register_file | registers_reg | Implied   | 32 x 64              | RAM32M x 22       | 
+-------------------------------+---------------+-----------+----------------------+-------------------+

---------------------------------------------------------------------------------
Finished ROM, RAM, DSP, Shift Register and Retiming Reporting
---------------------------------------------------------------------------------
---------------------------------------------------------------------------------
Start Technology Mapping
---------------------------------------------------------------------------------
---------------------------------------------------------------------------------
Finished Technology Mapping : Time (s): cpu = 00:02:24 ; elapsed = 00:02:24 . Memory (MB): peak = 2910.168 ; gain = 1143.719 ; free physical = 15749 ; free virtual = 30907
---------------------------------------------------------------------------------
---------------------------------------------------------------------------------
Start IO Insertion
---------------------------------------------------------------------------------
---------------------------------------------------------------------------------
Start Flattening Before IO Insertion
---------------------------------------------------------------------------------
---------------------------------------------------------------------------------
Finished Flattening Before IO Insertion
---------------------------------------------------------------------------------
---------------------------------------------------------------------------------
Start Final Netlist Cleanup
---------------------------------------------------------------------------------
---------------------------------------------------------------------------------
Finished Final Netlist Cleanup
---------------------------------------------------------------------------------
---------------------------------------------------------------------------------
Finished IO Insertion : Time (s): cpu = 00:02:26 ; elapsed = 00:02:26 . Memory (MB): peak = 2910.168 ; gain = 1143.719 ; free physical = 15751 ; free virtual = 30907
---------------------------------------------------------------------------------
---------------------------------------------------------------------------------
Start Renaming Generated Instances
---------------------------------------------------------------------------------
---------------------------------------------------------------------------------
Finished Renaming Generated Instances : Time (s): cpu = 00:02:26 ; elapsed = 00:02:26 . Memory (MB): peak = 2910.168 ; gain = 1143.719 ; free physical = 15751 ; free virtual = 30907
---------------------------------------------------------------------------------
---------------------------------------------------------------------------------
Start Rebuilding User Hierarchy
---------------------------------------------------------------------------------
---------------------------------------------------------------------------------
Finished Rebuilding User Hierarchy : Time (s): cpu = 00:02:26 ; elapsed = 00:02:27 . Memory (MB): peak = 2910.168 ; gain = 1143.719 ; free physical = 15751 ; free virtual = 30907
---------------------------------------------------------------------------------
---------------------------------------------------------------------------------
Start Renaming Generated Ports
---------------------------------------------------------------------------------
---------------------------------------------------------------------------------
Finished Renaming Generated Ports : Time (s): cpu = 00:02:26 ; elapsed = 00:02:27 . Memory (MB): peak = 2910.168 ; gain = 1143.719 ; free physical = 15751 ; free virtual = 30907
---------------------------------------------------------------------------------
---------------------------------------------------------------------------------
Start Handling Custom Attributes
---------------------------------------------------------------------------------
---------------------------------------------------------------------------------
Finished Handling Custom Attributes : Time (s): cpu = 00:02:26 ; elapsed = 00:02:27 . Memory (MB): peak = 2910.168 ; gain = 1143.719 ; free physical = 15751 ; free virtual = 30907
---------------------------------------------------------------------------------
---------------------------------------------------------------------------------
Start Renaming Generated Nets
---------------------------------------------------------------------------------
---------------------------------------------------------------------------------
Finished Renaming Generated Nets : Time (s): cpu = 00:02:26 ; elapsed = 00:02:27 . Memory (MB): peak = 2910.168 ; gain = 1143.719 ; free physical = 15751 ; free virtual = 30907
---------------------------------------------------------------------------------
---------------------------------------------------------------------------------
Start Writing Synthesis Report
---------------------------------------------------------------------------------

DSP Final Report (the ' indicates corresponding REG is set)
+-----------------+-----------------+--------+--------+--------+--------+--------+------+------+------+------+-------+------+------+
|Module Name      | DSP Mapping     | A Size | B Size | C Size | D Size | P Size | AREG | BREG | CREG | DREG | ADREG | MREG | PREG | 
+-----------------+-----------------+--------+--------+--------+--------+--------+------+------+------+------+-------+------+------+
|Multiplier_DWORD | A*B             | 17     | 15     | -      | -      | 48     | 0    | 0    | -    | -    | -     | 0    | 0    | 
|Multiplier_DWORD | (PCIN>>17+A*B)' | 15     | 15     | -      | -      | 48     | 0    | 0    | -    | -    | -     | 0    | 1    | 
|Multiplier_DWORD | A*B             | 17     | 17     | -      | -      | 48     | 0    | 0    | -    | -    | -     | 0    | 0    | 
|Multiplier_DWORD | (PCIN>>17+A*B)' | 17     | 15     | -      | -      | 48     | 0    | 0    | -    | -    | -     | 0    | 1    | 
|Multiplier_DWORD | A*B             | 17     | 15     | -      | -      | 48     | 0    | 0    | -    | -    | -     | 0    | 0    | 
|Multiplier_DWORD | (PCIN>>17+A*B)' | 15     | 15     | -      | -      | 48     | 0    | 0    | -    | -    | -     | 0    | 1    | 
|Multiplier_DWORD | A*B             | 17     | 17     | -      | -      | 48     | 0    | 0    | -    | -    | -     | 0    | 0    | 
|Multiplier_DWORD | (PCIN>>17+A*B)' | 17     | 15     | -      | -      | 48     | 0    | 0    | -    | -    | -     | 0    | 1    | 
|Multiplier_DWORD | A*B             | 17     | 15     | -      | -      | 48     | 0    | 0    | -    | -    | -     | 0    | 0    | 
|Multiplier_DWORD | (PCIN>>17+A*B)' | 15     | 15     | -      | -      | 48     | 0    | 0    | -    | -    | -     | 0    | 1    | 
|Multiplier_DWORD | A*B             | 17     | 17     | -      | -      | 48     | 0    | 0    | -    | -    | -     | 0    | 0    | 
|Multiplier_DWORD | (PCIN>>17+A*B)' | 17     | 15     | -      | -      | 48     | 0    | 0    | -    | -    | -     | 0    | 1    | 
|Multiplier_DWORD | A*B             | 17     | 15     | -      | -      | 48     | 0    | 0    | -    | -    | -     | 0    | 0    | 
|Multiplier_DWORD | (PCIN>>17+A*B)' | 15     | 15     | -      | -      | 48     | 0    | 0    | -    | -    | -     | 0    | 1    | 
|Multiplier_DWORD | A*B             | 17     | 17     | -      | -      | 48     | 0    | 0    | -    | -    | -     | 0    | 0    | 
|Multiplier_DWORD | (PCIN>>17+A*B)' | 17     | 15     | -      | -      | 48     | 0    | 0    | -    | -    | -     | 0    | 1    | 
|ALU              | A*B             | 17     | 15     | -      | -      | 48     | 0    | 0    | -    | -    | -     | 0    | 0    | 
|ALU              | (PCIN>>17+A*B)' | 15     | 15     | -      | -      | 48     | 0    | 0    | -    | -    | -     | 0    | 1    | 
|ALU              | A*B             | 17     | 17     | -      | -      | 48     | 0    | 0    | -    | -    | -     | 0    | 0    | 
|ALU              | (PCIN>>17+A*B)' | 0      | 15     | -      | -      | 48     | 0    | 0    | -    | -    | -     | 0    | 1    | 
+-----------------+-----------------+--------+--------+--------+--------+--------+------+------+------+------+-------+------+------+


Report BlackBoxes: 
+------+--------------+----------+
|      |BlackBox name |Instances |
+------+--------------+----------+
|1     |clk_wiz_0     |         1|
+------+--------------+----------+

Report Cell Usage: 
+------+----------+------+
|      |Cell      |Count |
+------+----------+------+
|1     |clk_wiz   |     1|
|2     |CARRY4    |   545|
|3     |DSP48E1   |    20|
|5     |LUT1      |   676|
|6     |LUT2      |   791|
|7     |LUT3      |  1571|
|8     |LUT4      |  1056|
|9     |LUT5      |  1520|
|10    |LUT6      |  6461|
|11    |MUXF7     |  1758|
|12    |MUXF8     |   472|
|13    |RAM256X1S |  2048|
|14    |RAM32M    |    22|
|15    |FDCE      |  2144|
|16    |FDPE      |    25|
|17    |FDRE      |  2191|
|18    |FDSE      |    18|
|19    |IBUF      |     2|
|20    |OBUF      |     9|
+------+----------+------+
---------------------------------------------------------------------------------
Finished Writing Synthesis Report : Time (s): cpu = 00:02:26 ; elapsed = 00:02:27 . Memory (MB): peak = 2910.168 ; gain = 1143.719 ; free physical = 15751 ; free virtual = 30907
---------------------------------------------------------------------------------
Synthesis finished with 0 errors, 0 critical warnings and 405 warnings.
Synthesis Optimization Runtime : Time (s): cpu = 00:02:25 ; elapsed = 00:02:25 . Memory (MB): peak = 2910.168 ; gain = 1027.219 ; free physical = 15751 ; free virtual = 30907
Synthesis Optimization Complete : Time (s): cpu = 00:02:26 ; elapsed = 00:02:27 . Memory (MB): peak = 2910.176 ; gain = 1143.719 ; free physical = 15751 ; free virtual = 30907
INFO: [Project 1-571] Translating synthesized netlist
Netlist sorting complete. Time (s): cpu = 00:00:00.08 ; elapsed = 00:00:00.07 . Memory (MB): peak = 2910.176 ; gain = 0.000 ; free physical = 15923 ; free virtual = 31079
INFO: [Netlist 29-17] Analyzing 4865 Unisim elements for replacement
INFO: [Netlist 29-28] Unisim Transformation completed in 0 CPU seconds
INFO: [Project 1-570] Preparing netlist for logic optimization
INFO: [Opt 31-138] Pushed 0 inverter(s) to 0 load pin(s).
Netlist sorting complete. Time (s): cpu = 00:00:00 ; elapsed = 00:00:00 . Memory (MB): peak = 2966.195 ; gain = 0.000 ; free physical = 15923 ; free virtual = 31082
INFO: [Project 1-111] Unisim Transformation Summary:
  A total of 2070 instances were transformed.
  RAM256X1S => RAM256X1S (MUXF7(x2), MUXF8, RAMS64E(x4)): 2048 instances
  RAM32M => RAM32M (RAMD32(x6), RAMS32(x2)): 22 instances

Synth Design complete | Checksum: 6598f686
INFO: [Common 17-83] Releasing license: Synthesis
116 Infos, 214 Warnings, 0 Critical Warnings and 0 Errors encountered.
synth_design completed successfully
synth_design: Time (s): cpu = 00:02:33 ; elapsed = 00:02:32 . Memory (MB): peak = 2966.230 ; gain = 1342.961 ; free physical = 15923 ; free virtual = 31081
INFO: [Common 17-2834] synth_design peak Physical Memory [PSS] (MB): overall = 2186.729; main = 2065.011; forked = 279.734
INFO: [Common 17-2834] synth_design peak Virtual Memory [VSS] (MB): overall = 3806.250; main = 2966.199; forked = 998.078
Write ShapeDB Complete: Time (s): cpu = 00:00:00.1 ; elapsed = 00:00:00.03 . Memory (MB): peak = 2990.207 ; gain = 0.000 ; free physical = 15915 ; free virtual = 31081
INFO: [Common 17-1381] The checkpoint '/home/khwl/Desktop/RV-IM100/RV64s/SoCs/RV64IM_7SP/RV64IM72F_7SP_FPGA.runs/synth_1/RV64IM72F5SPSoCTOP.dcp' has been generated.
INFO: [Vivado 12-24828] Executing command : report_utilization -file RV64IM72F5SPSoCTOP_utilization_synth.rpt -pb RV64IM72F5SPSoCTOP_utilization_synth.pb
INFO: [Common 17-206] Exiting Vivado at Thu Feb 26 22:50:20 2026...
