Copyright 1986-2022 Xilinx, Inc. All Rights Reserved. Copyright 2022-2025 Advanced Micro Devices, Inc. All Rights Reserved.
---------------------------------------------------------------------------------------------------------------------------------------------
| Tool Version : Vivado v.2025.2 (lin64) Build 6299465 Fri Nov 14 12:34:56 MST 2025
| Date         : Mon Mar  9 17:58:05 2026
| Host         : khwl-ThinkPad-X1-Carbon-Gen-13 running 64-bit Ubuntu 24.04.4 LTS
| Command      : report_control_sets -verbose -file RV64IM72F5SPSoCTOP_control_sets_placed.rpt
| Design       : RV64IM72F5SPSoCTOP
| Device       : xc7a200t
---------------------------------------------------------------------------------------------------------------------------------------------

Control Set Information

Table of Contents
-----------------
1. Summary
2. Histogram
3. Flip-Flop Distribution
4. Detailed Control Set Information

1. Summary
----------

+----------------------------------------------------------+-------+
|                          Status                          | Count |
+----------------------------------------------------------+-------+
| Total control sets                                       |    31 |
|    Minimum number of control sets                        |    31 |
|    Addition due to synthesis replication                 |     0 |
|    Addition due to physical synthesis replication        |     0 |
| Unused register locations in slices containing registers |    90 |
+----------------------------------------------------------+-------+
* Control sets can be merged at opt_design using control_set_merge or merge_equivalent_drivers
** Run report_qor_suggestions for automated merging and remapping suggestions


2. Histogram
------------

+--------------------+-------+
|       Fanout       | Count |
+--------------------+-------+
| Total control sets |    31 |
| >= 0 to < 4        |     2 |
| >= 4 to < 6        |     4 |
| >= 6 to < 8        |     0 |
| >= 8 to < 10       |     1 |
| >= 10 to < 12      |     1 |
| >= 12 to < 14      |     0 |
| >= 14 to < 16      |     0 |
| >= 16              |    23 |
+--------------------+-------+
* Control sets can be remapped at either synth_design or opt_design


3. Flip-Flop Distribution
-------------------------

+--------------+-----------------------+------------------------+-----------------+--------------+
| Clock Enable | Synchronous Set/Reset | Asynchronous Set/Reset | Total Registers | Total Slices |
+--------------+-----------------------+------------------------+-----------------+--------------+
| No           | No                    | No                     |               5 |            4 |
| No           | No                    | Yes                    |              48 |           23 |
| No           | Yes                   | No                     |               0 |            0 |
| Yes          | No                    | No                     |               0 |            0 |
| Yes          | No                    | Yes                    |             941 |          368 |
| Yes          | Yes                   | No                     |            1196 |          454 |
+--------------+-----------------------+------------------------+-----------------+--------------+


4. Detailed Control Set Information
-----------------------------------

+------------------------+---------------------------------------------------------------+----------------------------------------------------------+------------------+----------------+--------------+
|      Clock Signal      |                         Enable Signal                         |                     Set/Reset Signal                     | Slice Load Count | Bel Load Count | Bels / Slice |
+------------------------+---------------------------------------------------------------+----------------------------------------------------------+------------------+----------------+--------------+
|  clk_gen/inst/clk_out1 | uart_tx/tx_i_1_n_0                                            | internal_reset                                           |                1 |              1 |         1.00 |
|  clk_gen/inst/clk_out1 |                                                               | reset                                                    |                1 |              3 |         3.00 |
|  clk_gen/inst/clk_out1 | rv32im72f_7sp/alu/multiplier_word/FSM_onehot_stage[3]_i_1_n_0 | internal_reset                                           |                1 |              4 |         4.00 |
|  clk_gen/inst/clk_out1 | uart_tx/bit_counter[3]_i_1_n_0                                | internal_reset                                           |                1 |              4 |         4.00 |
|  clk_gen/inst/clk_out1 | rv32im72f_7sp/alu/divider_word/FSM_onehot_state[3]_i_1_n_0    | internal_reset                                           |                2 |              4 |         2.00 |
|  clk_gen/inst/clk_out1 |                                                               |                                                          |                4 |              5 |         1.25 |
|  clk_gen/inst/clk_out1 | uart_tx/shift_reg[8]_i_1_n_0                                  | internal_reset                                           |                4 |              9 |         2.25 |
|  clk_gen/inst/clk_out1 | mmio_interface/E[0]                                           | internal_reset                                           |                4 |             10 |         2.50 |
|  clk_gen/inst/clk_out1 | rv32im72f_7sp/exception_detector/csr_processing_reg[0]        | internal_reset                                           |               17 |             32 |         1.88 |
|  clk_gen/inst/clk_out1 | rv32im72f_7sp/exception_detector/E[0]                         | internal_reset                                           |               23 |             32 |         1.39 |
|  clk_gen/inst/clk_out1 | rv32im72f_7sp/mem_wb_register/WB_raw_imm_reg[7]_0[0]          | internal_reset                                           |               13 |             32 |         2.46 |
|  clk_gen/inst/clk_out1 | rv32im72f_7sp/mem_wb_register/WB_raw_imm_reg[4]_1[0]          | internal_reset                                           |               11 |             32 |         2.91 |
|  clk_gen/inst/clk_out1 | rv32im72f_7sp/mem_wb_register/WB_raw_imm_reg[4]_0[0]          | internal_reset                                           |               14 |             32 |         2.29 |
|  clk_gen/inst/clk_out1 | rv32im72f_7sp/id_ex_register/instruction0                     | internal_reset                                           |               16 |             32 |         2.00 |
|  clk_gen/inst/clk_out1 | rv32im72f_7sp/alu/divider_word/quotient_sign4_out             | internal_reset                                           |               14 |             34 |         2.43 |
|  clk_gen/inst/clk_out1 | rv32im72f_7sp/id_ex_register/cpu_clk_enable_reg_0[0]          | internal_reset                                           |               20 |             34 |         1.70 |
|  clk_gen/inst/clk_out1 | rv32im72f_7sp/alu/multiplier_word/cpu_clk_enable_reg          | internal_reset                                           |               16 |             37 |         2.31 |
|  clk_gen/inst/clk_out1 |                                                               | internal_reset                                           |               22 |             45 |         2.05 |
|  clk_gen/inst/clk_out1 | rv32im72f_7sp/alu/multiplier_word/prod_low[31]_i_1_n_0        | internal_reset                                           |               18 |             64 |         3.56 |
|  clk_gen/inst/clk_out1 | rv32im72f_7sp/alu/divider_word/quotient_reg[31]_i_1_n_0       | internal_reset                                           |               20 |             64 |         3.20 |
|  clk_gen/inst/clk_out1 | rv32im72f_7sp/csr_file/minstret[0]                            | internal_reset                                           |               17 |             64 |         3.76 |
|  clk_gen/inst/clk_out1 | rv32im72f_7sp/alu/multiplier_word/result_sign_s11_out         | internal_reset                                           |               25 |             65 |         2.60 |
|  clk_gen/inst/clk_out1 | rv32im72f_7sp/alu/divider_word/bit_counter[5]_i_1_n_0         | internal_reset                                           |               30 |             70 |         2.33 |
|  clk_gen/inst/clk_out1 | rv32im72f_7sp/mem_wb_register/p_0_in2_out                     |                                                          |               11 |             88 |         8.00 |
|  clk_gen/inst/clk_out1 | rv32im72f_7sp/id_ex_register/cpu_clk_enable_reg[0]            | rv32im72f_7sp/id_ex_register/SR[0]                       |               37 |             96 |         2.59 |
|  clk_gen/inst/clk_out1 | rv32im72f_7sp/id_ex_register/E[0]                             | rv32im72f_7sp/exception_detector/cpu_clk_enable_reg_0[0] |               43 |             97 |         2.26 |
|  clk_gen/inst/clk_out1 | rv32im72f_7sp/exception_detector/E[0]                         | rv32im72f_7sp/mem_wb_register/WB_pc_plus_4[31]_i_1_n_0   |               77 |            228 |         2.96 |
|  clk_gen/inst/clk_out1 | rv32im72f_7sp/exception_detector/E[0]                         | rv32im72f_7sp/trap_controller/SR[0]                      |               79 |            231 |         2.92 |
|  clk_gen/inst/clk_out1 | rv32im72f_7sp/exception_detector/E[0]                         | rv32im72f_7sp/exception_detector/SR[0]                   |              109 |            266 |         2.44 |
|  clk_gen/inst/clk_out1 | rv32im72f_7sp/id_ex_register/E[0]                             | rv32im72f_7sp/id_ex_register/EX_pc[31]_i_1_n_0           |              109 |            278 |         2.55 |
|  clk_gen/inst/clk_out1 | cpu_clk_enable                                                | internal_reset                                           |              101 |            285 |         2.82 |
+------------------------+---------------------------------------------------------------+----------------------------------------------------------+------------------+----------------+--------------+


